#
# A fatal error has been detected by the Java Runtime Environment:
#
#  SIGSEGV (0xb) at pc=0x00007f97a01872da, pid=23818, tid=140289139320576
#
# JRE version: OpenJDK Runtime Environment (7.0_65-b32) (build 1.7.0_65-b32)
# Java VM: OpenJDK 64-Bit Server VM (24.65-b04 mixed mode linux-amd64 compressed oops)
# Derivative: IcedTea 2.5.3
# Distribution: Ubuntu 14.04 LTS, package 7u71-2.5.3-0ubuntu0.14.04.1
# Problematic frame:
# V  [libjvm.so+0x3c32da]  PhaseChaitin::gather_lrg_masks(bool) [clone .constprop.131]+0xda
#
# Failed to write core dump. Core dumps have been disabled. To enable core dumping, try "ulimit -c unlimited" before starting Java again
#
# If you would like to submit a bug report, please include
# instructions on how to reproduce the bug and visit:
#   http://icedtea.classpath.org/bugzilla
#

---------------  T H R E A D  ---------------

Current thread (0x00007f9798130800):  JavaThread "C2 CompilerThread1" daemon [_thread_in_native, id=23834, stack(0x00007f979c40a000,0x00007f979c50b000)]

siginfo:si_signo=SIGSEGV: si_errno=0, si_code=2 (SEGV_ACCERR), si_addr=0x00007f9772375170

Registers:
RAX=0x00007f97700f3ad0, RBX=0x000000000000000c, RCX=0x0000000000000040, RDX=0x00000000008a05a8
RSP=0x00007f979c5068a0, RBP=0x00007f979c506910, RSI=0x0000000000000005, RDI=0x00007f97745ead68
R8 =0x0000000000000000, R9 =0x0000000000000000, R10=0x0000000000100000, R11=0x00007f97703c1400
R12=0x00007f97745ead30, R13=0x00007f979c506c20, R14=0x00007f97744684e0, R15=0x0000000000000001
RIP=0x00007f97a01872da, EFLAGS=0x0000000000010293, CSGSFS=0x0000000000000033, ERR=0x0000000000000004
  TRAPNO=0x000000000000000e

Top of Stack: (sp=0x00007f979c5068a0)
0x00007f979c5068a0:   00007f979c506910 0000017b00019980
0x00007f979c5068b0:   ffffffff00000005 00007f977413a3a0
0x00007f979c5068c0:   00007f97a0b96520 00007f97a0b96c00
0x00007f979c5068d0:   00007f9700000002 00007f97745ead68
0x00007f979c5068e0:   0000000000000000 00007f979c506c20
0x00007f979c5068f0:   00007f97a0ba07c0 00007f979c506990
0x00007f979c506900:   00007f977404bf90 00007f979c506a60
0x00007f979c506910:   00007f979c506b50 00007f97a018b71f
0x00007f979c506920:   00007f979c506930 00007f979c506a00
0x00007f979c506930:   00007f979c506960 00000000000003d8
0x00007f979c506940:   00007f979c5069c0 0000000000000003
0x00007f979c506950:   00007f977404c378 00007f977404bfa0
0x00007f979c506960:   00007f9770025af0 00007f9770025af0
0x00007f979c506970:   00007f9770025b00 00007f9770025ed8
0x00007f979c506980:   00000000000003d8 000000027418ebb8
0x00007f979c506990:   00007f977404bf90 00007f97745d7380
0x00007f979c5069a0:   00007f97745f0d10 00007f97745f0d10
0x00007f979c5069b0:   0000000000041358 0000000000000b00
0x00007f979c5069c0:   00007f970000000b 00007f979c508f60
0x00007f979c5069d0:   00007f9774534b10 00007f97a0584d00
0x00007f979c5069e0:   00007f97745d7390 00007f97000003f0
0x00007f979c5069f0:   00007f979c506990 00007f977404bfa0
0x00007f979c506a00:   00007f9700000009 00007f979c508f60
0x00007f979c506a10:   00007f97745ee500 00007f9774600180
0x00007f979c506a20:   00007f97744c6050 00007f97744c6f40
0x00007f979c506a30:   00007f9774116670 00007f979c506b90
0x00007f979c506a40:   00007f979c506ce8 000000000000038d
0x00007f979c506a50:   00007f979c506990 00007f97a006e748
0x00007f979c506a60:   00007f97a0b588f0 00007f970000000c
0x00007f979c506a70:   00007f979c508f60 00007f979c506c20
0x00007f979c506a80:   00007f9700000b9c 00007f97a0613d29
0x00007f979c506a90:   00007f979c506b00 00007f979c506c20 

Instructions: (pc=0x00007f97a01872da)
0x00007f97a01872ba:   00 00 00 83 e0 03 66 83 f8 02 0f 84 96 06 00 00
0x00007f97a01872ca:   41 8b 56 28 49 8b 85 d0 00 00 00 41 0f b7 4e 2e
0x00007f97a01872da:   8b 04 90 49 8b 55 78 48 8b 52 20 85 c0 0f 84 13
0x00007f97a01872ea:   02 00 00 48 8d 34 40 83 e1 01 48 8d 04 b0 4c 8d 

Register to memory mapping:

RAX=0x00007f97700f3ad0 is an unknown value
RBX=0x000000000000000c is an unknown value
RCX=0x0000000000000040 is an unknown value
RDX=0x00000000008a05a8 is an unknown value
RSP=0x00007f979c5068a0 is pointing into the stack for thread: 0x00007f9798130800
RBP=0x00007f979c506910 is pointing into the stack for thread: 0x00007f9798130800
RSI=0x0000000000000005 is an unknown value
RDI=0x00007f97745ead68 is an unknown value
R8 =0x0000000000000000 is an unknown value
R9 =0x0000000000000000 is an unknown value
R10=0x0000000000100000 is an unknown value
R11=0x00007f97703c1400 is an unknown value
R12=0x00007f97745ead30 is an unknown value
R13=0x00007f979c506c20 is pointing into the stack for thread: 0x00007f9798130800
R14=0x00007f97744684e0 is an unknown value
R15=0x0000000000000001 is an unknown value


Stack: [0x00007f979c40a000,0x00007f979c50b000],  sp=0x00007f979c5068a0,  free space=1010k
Native frames: (J=compiled Java code, j=interpreted, Vv=VM code, C=native code)
V  [libjvm.so+0x3c32da]  PhaseChaitin::gather_lrg_masks(bool) [clone .constprop.131]+0xda
V  [libjvm.so+0x3c771f]  PhaseChaitin::Register_Allocate()+0x29f
V  [libjvm.so+0x43bc2a]  Compile::Code_Gen()+0x3fa
V  [libjvm.so+0x43fe30]  Compile::Compile(ciEnv*, C2Compiler*, ciMethod*, int, bool, bool)+0x1090
V  [libjvm.so+0x3adffa]  C2Compiler::compile_method(ciEnv*, ciMethod*, int)+0xca
V  [libjvm.so+0x445c97]  CompileBroker::invoke_compiler_on_method(CompileTask*)+0x327
V  [libjvm.so+0x446ddd]  CompileBroker::compiler_thread_loop()+0x3dd
V  [libjvm.so+0x8ffba0]  JavaThread::thread_main_inner()+0xf0
V  [libjvm.so+0x8ffe11]  JavaThread::run()+0x221
V  [libjvm.so+0x7c4ac2]  java_start(Thread*)+0xf2


Current CompileTask:
C2:   6033  344             com.android.dx.ssa.LocalVariableExtractor::processBlock (383 bytes)


---------------  P R O C E S S  ---------------

Java Threads: ( => current thread )
  0x00007f9798133000 JavaThread "Service Thread" daemon [_thread_blocked, id=23835, stack(0x00007f979c309000,0x00007f979c40a000)]
=>0x00007f9798130800 JavaThread "C2 CompilerThread1" daemon [_thread_in_native, id=23834, stack(0x00007f979c40a000,0x00007f979c50b000)]
  0x00007f979812d800 JavaThread "C2 CompilerThread0" daemon [_thread_in_vm, id=23833, stack(0x00007f979c50b000,0x00007f979c60c000)]
  0x00007f979812b800 JavaThread "Signal Dispatcher" daemon [_thread_blocked, id=23832, stack(0x00007f979c60c000,0x00007f979c70d000)]
  0x00007f97980fe800 JavaThread "Finalizer" daemon [_thread_blocked, id=23831, stack(0x00007f979cdef000,0x00007f979cef0000)]
  0x00007f97980fc800 JavaThread "Reference Handler" daemon [_thread_blocked, id=23830, stack(0x00007f979cef0000,0x00007f979cff1000)]
  0x00007f979800a800 JavaThread "main" [_thread_in_Java, id=23826, stack(0x00007f97a18d1000,0x00007f97a19d2000)]

Other Threads:
  0x00007f97980f8800 VMThread [stack: 0x00007f979cff1000,0x00007f979d0f2000] [id=23829]
  0x00007f979813d800 WatcherThread [stack: 0x00007f979c208000,0x00007f979c309000] [id=23836]

VM state:not at safepoint (normal execution)

VM Mutex/Monitor currently owned by a thread:  ([mutex/lock_event])
[0x00007f9798007010] CompiledIC_lock - owner thread: 0x00007f979812d800

Heap
 PSYoungGen      total 52736K, used 25046K [0x00000000eaa80000, 0x00000000ee180000, 0x0000000100000000)
  eden space 49152K, 43% used [0x00000000eaa80000,0x00000000ebf79680,0x00000000eda80000)
  from space 3584K, 99% used [0x00000000ede00000,0x00000000ee17c3a0,0x00000000ee180000)
  to   space 3584K, 0% used [0x00000000eda80000,0x00000000eda80000,0x00000000ede00000)
 ParOldGen       total 62464K, used 4854K [0x00000000c0000000, 0x00000000c3d00000, 0x00000000eaa80000)
  object space 62464K, 7% used [0x00000000c0000000,0x00000000c04bd998,0x00000000c3d00000)
 PSPermGen       total 21504K, used 5841K [0x00000000b5a00000, 0x00000000b6f00000, 0x00000000c0000000)
  object space 21504K, 27% used [0x00000000b5a00000,0x00000000b5fb4418,0x00000000b6f00000)

Card table byte_map: [0x00007f979e2c4000,0x00007f979e518000] byte_map_base: 0x00007f979dd17000

Polling page: 0x00007f97a19f2000

Code Cache  [0x00007f9795000000, 0x00007f9795270000, 0x00007f9798000000)
 total_blobs=574 nmethods=347 adapters=181 free_code_cache=47754Kb largest_free_block=48839424

Compilation events (10 events):
Event: 5.905 Thread 0x00007f9798130800 nmethod 343 0x00007f9795128810 code [0x00007f9795128940, 0x00007f9795128998]
Event: 5.905 Thread 0x00007f9798130800  344             com.android.dx.ssa.LocalVariableExtractor::processBlock (383 bytes)
Event: 6.017 Thread 0x00007f979812d800 nmethod 326 0x00007f9795164150 code [0x00007f9795164620, 0x00007f9795167c90]
Event: 6.017 Thread 0x00007f979812d800  345             com.android.dx.rop.code.ThrowingCstInsn::accept (8 bytes)
Event: 6.017 Thread 0x00007f979812d800 nmethod 345 0x00007f97951285d0 code [0x00007f9795128720, 0x00007f9795128798]
Event: 6.017 Thread 0x00007f979812d800  346             java.lang.Long::numberOfTrailingZeros (116 bytes)
Event: 6.020 Thread 0x00007f979812d800 nmethod 346 0x00007f979509ca90 code [0x00007f979509cbc0, 0x00007f979509cc78]
Event: 6.020 Thread 0x00007f979812d800  347             com.android.dx.ssa.Optimizer::getAdvice (4 bytes)
Event: 6.020 Thread 0x00007f979812d800 nmethod 347 0x00007f97951283d0 code [0x00007f9795128500, 0x00007f9795128558]
Event: 6.020 Thread 0x00007f979812d800  349             com.android.dx.cf.code.BasicBlocker::addWorkIfNecessary (32 bytes)

GC Heap History (4 events):
Event: 2.696 GC heap before
{Heap before GC invocations=1 (full 0):
 PSYoungGen      total 28160K, used 24576K [0x00000000eaa80000, 0x00000000ec980000, 0x0000000100000000)
  eden space 24576K, 100% used [0x00000000eaa80000,0x00000000ec280000,0x00000000ec280000)
  from space 3584K, 0% used [0x00000000ec600000,0x00000000ec600000,0x00000000ec980000)
  to   space 3584K, 0% used [0x00000000ec280000,0x00000000ec280000,0x00000000ec600000)
 ParOldGen       total 62464K, used 0K [0x00000000c0000000, 0x00000000c3d00000, 0x00000000eaa80000)
  object space 62464K, 0% used [0x00000000c0000000,0x00000000c0000000,0x00000000c3d00000)
 PSPermGen       total 21504K, used 5658K [0x00000000b5a00000, 0x00000000b6f00000, 0x00000000c0000000)
  object space 21504K, 26% used [0x00000000b5a00000,0x00000000b5f86ac0,0x00000000b6f00000)
Event: 2.736 GC heap after
Heap after GC invocations=1 (full 0):
 PSYoungGen      total 28160K, used 3569K [0x00000000eaa80000, 0x00000000ee180000, 0x0000000100000000)
  eden space 24576K, 0% used [0x00000000eaa80000,0x00000000eaa80000,0x00000000ec280000)
  from space 3584K, 99% used [0x00000000ec280000,0x00000000ec5fc560,0x00000000ec600000)
  to   space 3584K, 0% used [0x00000000ede00000,0x00000000ede00000,0x00000000ee180000)
 ParOldGen       total 62464K, used 1257K [0x00000000c0000000, 0x00000000c3d00000, 0x00000000eaa80000)
  object space 62464K, 2% used [0x00000000c0000000,0x00000000c013a7f0,0x00000000c3d00000)
 PSPermGen       total 21504K, used 5658K [0x00000000b5a00000, 0x00000000b6f00000, 0x00000000c0000000)
  object space 21504K, 26% used [0x00000000b5a00000,0x00000000b5f86ac0,0x00000000b6f00000)
}
Event: 4.620 GC heap before
{Heap before GC invocations=2 (full 0):
 PSYoungGen      total 28160K, used 28145K [0x00000000eaa80000, 0x00000000ee180000, 0x0000000100000000)
  eden space 24576K, 100% used [0x00000000eaa80000,0x00000000ec280000,0x00000000ec280000)
  from space 3584K, 99% used [0x00000000ec280000,0x00000000ec5fc560,0x00000000ec600000)
  to   space 3584K, 0% used [0x00000000ede00000,0x00000000ede00000,0x00000000ee180000)
 ParOldGen       total 62464K, used 1257K [0x00000000c0000000, 0x00000000c3d00000, 0x00000000eaa80000)
  object space 62464K, 2% used [0x00000000c0000000,0x00000000c013a7f0,0x00000000c3d00000)
 PSPermGen       total 21504K, used 5810K [0x00000000b5a00000, 0x00000000b6f00000, 0x00000000c0000000)
  object space 21504K, 27% used [0x00000000b5a00000,0x00000000b5facbc0,0x00000000b6f00000)
Event: 4.678 GC heap after
Heap after GC invocations=2 (full 0):
 PSYoungGen      total 52736K, used 3568K [0x00000000eaa80000, 0x00000000ee180000, 0x0000000100000000)
  eden space 49152K, 0% used [0x00000000eaa80000,0x00000000eaa80000,0x00000000eda80000)
  from space 3584K, 99% used [0x00000000ede00000,0x00000000ee17c3a0,0x00000000ee180000)
  to   space 3584K, 0% used [0x00000000eda80000,0x00000000eda80000,0x00000000ede00000)
 ParOldGen       total 62464K, used 4854K [0x00000000c0000000, 0x00000000c3d00000, 0x00000000eaa80000)
  object space 62464K, 7% used [0x00000000c0000000,0x00000000c04bd998,0x00000000c3d00000)
 PSPermGen       total 21504K, used 5810K [0x00000000b5a00000, 0x00000000b6f00000, 0x00000000c0000000)
  object space 21504K, 27% used [0x00000000b5a00000,0x00000000b5facbc0,0x00000000b6f00000)
}

Deoptimization events (10 events):
Event: 4.378 Thread 0x00007f979800a800 Uncommon trap: reason=bimorphic action=maybe_recompile pc=0x00007f97950cff54 method=com.android.dx.ssa.SCCP.simulatePhi(Lcom/android/dx/ssa/PhiInsn;)V @ 124
Event: 4.378 Thread 0x00007f979800a800 Uncommon trap: reason=bimorphic action=maybe_recompile pc=0x00007f97950cff54 method=com.android.dx.ssa.SCCP.simulatePhi(Lcom/android/dx/ssa/PhiInsn;)V @ 124
Event: 4.378 Thread 0x00007f979800a800 Uncommon trap: reason=bimorphic action=maybe_recompile pc=0x00007f97950cff54 method=com.android.dx.ssa.SCCP.simulatePhi(Lcom/android/dx/ssa/PhiInsn;)V @ 124
Event: 4.380 Thread 0x00007f979800a800 Uncommon trap: reason=bimorphic action=maybe_recompile pc=0x00007f97950cff54 method=com.android.dx.ssa.SCCP.simulatePhi(Lcom/android/dx/ssa/PhiInsn;)V @ 124
Event: 5.559 Thread 0x00007f979800a800 Uncommon trap: reason=class_check action=maybe_recompile pc=0x00007f979511a74c method=com.android.dx.cf.code.Ropper.processBlock(Lcom/android/dx/cf/code/ByteBlock;Lcom/android/dx/cf/code/Frame;[I)V @ 777
Event: 5.628 Thread 0x00007f979800a800 Uncommon trap: reason=bimorphic action=maybe_recompile pc=0x00007f97950d9a78 method=java.util.HashMap.put(Ljava/lang/Object;Ljava/lang/Object;)Ljava/lang/Object; @ 83
Event: 5.628 Thread 0x00007f979800a800 Uncommon trap: reason=bimorphic action=maybe_recompile pc=0x00007f97950d9a78 method=java.util.HashMap.put(Ljava/lang/Object;Ljava/lang/Object;)Ljava/lang/Object; @ 83
Event: 5.628 Thread 0x00007f979800a800 Uncommon trap: reason=bimorphic action=maybe_recompile pc=0x00007f97950d9a78 method=java.util.HashMap.put(Ljava/lang/Object;Ljava/lang/Object;)Ljava/lang/Object; @ 83
Event: 5.641 Thread 0x00007f979800a800 Uncommon trap: reason=bimorphic action=maybe_recompile pc=0x00007f97950d9a78 method=java.util.HashMap.put(Ljava/lang/Object;Ljava/lang/Object;)Ljava/lang/Object; @ 83
Event: 5.823 Thread 0x00007f979800a800 Uncommon trap: reason=bimorphic action=maybe_recompile pc=0x00007f979515c410 method=com.android.dx.ssa.SCCP.setLatticeValueTo(IILcom/android/dx/rop/cst/Constant;)Z @ 43

Internal exceptions (10 events):
Event: 3.027 Thread 0x00007f979800a800 Implicit null exception at 0x00007f97950b5358 to 0x00007f97950b66e1
Event: 3.555 Thread 0x00007f979800a800 Threw 0x00000000eb36d3e8 at /build/buildd/openjdk-7-7u71-2.5.3/build/openjdk/hotspot/src/share/vm/prims/jvm.cpp:1284
Event: 3.556 Thread 0x00007f979800a800 Threw 0x00000000eb3705a0 at /build/buildd/openjdk-7-7u71-2.5.3/build/openjdk/hotspot/src/share/vm/prims/jvm.cpp:1284
Event: 3.571 Thread 0x00007f979800a800 Threw 0x00000000eb398620 at /build/buildd/openjdk-7-7u71-2.5.3/build/openjdk/hotspot/src/share/vm/prims/jvm.cpp:1284
Event: 3.573 Thread 0x00007f979800a800 Threw 0x00000000eb39e950 at /build/buildd/openjdk-7-7u71-2.5.3/build/openjdk/hotspot/src/share/vm/prims/jvm.cpp:1284
Event: 3.574 Thread 0x00007f979800a800 Threw 0x00000000eb3a4b28 at /build/buildd/openjdk-7-7u71-2.5.3/build/openjdk/hotspot/src/share/vm/prims/jvm.cpp:1284
Event: 3.587 Thread 0x00007f979800a800 Implicit null exception at 0x00007f97950f2a23 to 0x00007f97950f314d
Event: 4.082 Thread 0x00007f979800a800 Threw 0x00000000ebb89860 at /build/buildd/openjdk-7-7u71-2.5.3/build/openjdk/hotspot/src/share/vm/prims/jvm.cpp:1284
Event: 4.980 Thread 0x00007f979800a800 Threw 0x00000000eaf575f8 at /build/buildd/openjdk-7-7u71-2.5.3/build/openjdk/hotspot/src/share/vm/prims/jvm.cpp:1284
Event: 5.607 Thread 0x00007f979800a800 Threw 0x00000000eb8a23f8 at /build/buildd/openjdk-7-7u71-2.5.3/build/openjdk/hotspot/src/share/vm/prims/jvm.cpp:1284

Events (10 events):
Event: 5.628 Thread 0x00007f979800a800 Uncommon trap: trap_request=0xffffffc6 fr.pc=0x00007f97950d9a78
Event: 5.628 Thread 0x00007f979800a800 DEOPT PACKING pc=0x00007f97950d9a78 sp=0x00007f97a19cfd80
Event: 5.631 Thread 0x00007f979800a800 DEOPT UNPACKING pc=0x00007f9795039045 sp=0x00007f97a19cfd48 mode 2
Event: 5.641 Thread 0x00007f979800a800 Uncommon trap: trap_request=0xffffffc6 fr.pc=0x00007f97950d9a78
Event: 5.641 Thread 0x00007f979800a800 DEOPT PACKING pc=0x00007f97950d9a78 sp=0x00007f97a19cfd80
Event: 5.641 Thread 0x00007f979800a800 DEOPT UNPACKING pc=0x00007f9795039045 sp=0x00007f97a19cfd48 mode 2
Event: 5.823 Thread 0x00007f979800a800 Uncommon trap: trap_request=0xffffffc6 fr.pc=0x00007f979515c410
Event: 5.823 Thread 0x00007f979800a800 DEOPT PACKING pc=0x00007f979515c410 sp=0x00007f97a19cfeb0
Event: 5.824 Thread 0x00007f979800a800 DEOPT UNPACKING pc=0x00007f9795039045 sp=0x00007f97a19cfde8 mode 2
Event: 6.017 Thread 0x00007f979812d800 flushing nmethod 0x00007f979509c910


Dynamic libraries:
00400000-00401000 r-xp 00000000 08:01 13246226                           /usr/lib/jvm/java-7-openjdk-amd64/jre/bin/java
00600000-00601000 r--p 00000000 08:01 13246226                           /usr/lib/jvm/java-7-openjdk-amd64/jre/bin/java
00601000-00602000 rw-p 00001000 08:01 13246226                           /usr/lib/jvm/java-7-openjdk-amd64/jre/bin/java
01f1c000-01f3d000 rw-p 00000000 00:00 0                                  [heap]
b5a00000-b6f00000 rw-p 00000000 00:00 0 
b6f00000-c0000000 rw-p 00000000 00:00 0 
c0000000-c3d00000 rw-p 00000000 00:00 0 
c3d00000-eaa80000 rw-p 00000000 00:00 0 
eaa80000-ee180000 rw-p 00000000 00:00 0 
ee180000-100000000 rw-p 00000000 00:00 0 
7f9768000000-7f9768021000 rw-p 00000000 00:00 0 
7f9768021000-7f976c000000 ---p 00000000 00:00 0 
7f976c000000-7f976c021000 rw-p 00000000 00:00 0 
7f976c021000-7f9770000000 ---p 00000000 00:00 0 
7f9770000000-7f9770b28000 rw-p 00000000 00:00 0 
7f9770b28000-7f9774000000 ---p 00000000 00:00 0 
7f9774000000-7f9774ca0000 rw-p 00000000 00:00 0 
7f9774ca0000-7f9778000000 ---p 00000000 00:00 0 
7f9778000000-7f9778021000 rw-p 00000000 00:00 0 
7f9778021000-7f977c000000 ---p 00000000 00:00 0 
7f977c000000-7f977c021000 rw-p 00000000 00:00 0 
7f977c021000-7f9780000000 ---p 00000000 00:00 0 
7f9780000000-7f9780021000 rw-p 00000000 00:00 0 
7f9780021000-7f9784000000 ---p 00000000 00:00 0 
7f9784000000-7f9784021000 rw-p 00000000 00:00 0 
7f9784021000-7f9788000000 ---p 00000000 00:00 0 
7f9788000000-7f9788021000 rw-p 00000000 00:00 0 
7f9788021000-7f978c000000 ---p 00000000 00:00 0 
7f978d24c000-7f978d289000 r-xp 00000000 08:01 6819835                    /lib/x86_64-linux-gnu/libpcre.so.3.13.1
7f978d289000-7f978d488000 ---p 0003d000 08:01 6819835                    /lib/x86_64-linux-gnu/libpcre.so.3.13.1
7f978d488000-7f978d489000 r--p 0003c000 08:01 6819835                    /lib/x86_64-linux-gnu/libpcre.so.3.13.1
7f978d489000-7f978d48a000 rw-p 0003d000 08:01 6819835                    /lib/x86_64-linux-gnu/libpcre.so.3.13.1
7f978d48a000-7f978d491000 r-xp 00000000 08:01 13115304                   /usr/lib/x86_64-linux-gnu/libffi.so.6.0.1
7f978d491000-7f978d690000 ---p 00007000 08:01 13115304                   /usr/lib/x86_64-linux-gnu/libffi.so.6.0.1
7f978d690000-7f978d691000 r--p 00006000 08:01 13115304                   /usr/lib/x86_64-linux-gnu/libffi.so.6.0.1
7f978d691000-7f978d692000 rw-p 00007000 08:01 13115304                   /usr/lib/x86_64-linux-gnu/libffi.so.6.0.1
7f978d692000-7f978d6a9000 r-xp 00000000 08:01 6820737                    /lib/x86_64-linux-gnu/libresolv-2.19.so
7f978d6a9000-7f978d8a9000 ---p 00017000 08:01 6820737                    /lib/x86_64-linux-gnu/libresolv-2.19.so
7f978d8a9000-7f978d8aa000 r--p 00017000 08:01 6820737                    /lib/x86_64-linux-gnu/libresolv-2.19.so
7f978d8aa000-7f978d8ab000 rw-p 00018000 08:01 6820737                    /lib/x86_64-linux-gnu/libresolv-2.19.so
7f978d8ab000-7f978d8ad000 rw-p 00000000 00:00 0 
7f978d8ad000-7f978d8cd000 r-xp 00000000 08:01 6819862                    /lib/x86_64-linux-gnu/libselinux.so.1
7f978d8cd000-7f978dacc000 ---p 00020000 08:01 6819862                    /lib/x86_64-linux-gnu/libselinux.so.1
7f978dacc000-7f978dacd000 r--p 0001f000 08:01 6819862                    /lib/x86_64-linux-gnu/libselinux.so.1
7f978dacd000-7f978dace000 rw-p 00020000 08:01 6819862                    /lib/x86_64-linux-gnu/libselinux.so.1
7f978dace000-7f9790000000 rw-p 00000000 00:00 0 
7f9790000000-7f9790021000 rw-p 00000000 00:00 0 
7f9790021000-7f9794000000 ---p 00000000 00:00 0 
7f9794106000-7f9794109000 r-xp 00000000 08:01 13107564                   /usr/lib/x86_64-linux-gnu/libgmodule-2.0.so.0.4002.0
7f9794109000-7f9794308000 ---p 00003000 08:01 13107564                   /usr/lib/x86_64-linux-gnu/libgmodule-2.0.so.0.4002.0
7f9794308000-7f9794309000 r--p 00002000 08:01 13107564                   /usr/lib/x86_64-linux-gnu/libgmodule-2.0.so.0.4002.0
7f9794309000-7f979430a000 rw-p 00003000 08:01 13107564                   /usr/lib/x86_64-linux-gnu/libgmodule-2.0.so.0.4002.0
7f979430a000-7f9794410000 r-xp 00000000 08:01 6819696                    /lib/x86_64-linux-gnu/libglib-2.0.so.0.4002.0
7f9794410000-7f979460f000 ---p 00106000 08:01 6819696                    /lib/x86_64-linux-gnu/libglib-2.0.so.0.4002.0
7f979460f000-7f9794610000 r--p 00105000 08:01 6819696                    /lib/x86_64-linux-gnu/libglib-2.0.so.0.4002.0
7f9794610000-7f9794611000 rw-p 00106000 08:01 6819696                    /lib/x86_64-linux-gnu/libglib-2.0.so.0.4002.0
7f9794611000-7f9794612000 rw-p 00000000 00:00 0 
7f9794612000-7f9794661000 r-xp 00000000 08:01 13107582                   /usr/lib/x86_64-linux-gnu/libgobject-2.0.so.0.4002.0
7f9794661000-7f9794861000 ---p 0004f000 08:01 13107582                   /usr/lib/x86_64-linux-gnu/libgobject-2.0.so.0.4002.0
7f9794861000-7f9794862000 r--p 0004f000 08:01 13107582                   /usr/lib/x86_64-linux-gnu/libgobject-2.0.so.0.4002.0
7f9794862000-7f9794863000 rw-p 00050000 08:01 13107582                   /usr/lib/x86_64-linux-gnu/libgobject-2.0.so.0.4002.0
7f9794863000-7f97949cf000 r-xp 00000000 08:01 13107586                   /usr/lib/x86_64-linux-gnu/libgio-2.0.so.0.4002.0
7f97949cf000-7f9794bce000 ---p 0016c000 08:01 13107586                   /usr/lib/x86_64-linux-gnu/libgio-2.0.so.0.4002.0
7f9794bce000-7f9794bd2000 r--p 0016b000 08:01 13107586                   /usr/lib/x86_64-linux-gnu/libgio-2.0.so.0.4002.0
7f9794bd2000-7f9794bd4000 rw-p 0016f000 08:01 13107586                   /usr/lib/x86_64-linux-gnu/libgio-2.0.so.0.4002.0
7f9794bd4000-7f9794bd6000 rw-p 00000000 00:00 0 
7f9794bd6000-7f9794bed000 r-xp 00000000 08:01 13246132                   /usr/lib/jvm/java-7-openjdk-amd64/jre/lib/amd64/libnet.so
7f9794bed000-7f9794dec000 ---p 00017000 08:01 13246132                   /usr/lib/jvm/java-7-openjdk-amd64/jre/lib/amd64/libnet.so
7f9794dec000-7f9794ded000 r--p 00016000 08:01 13246132                   /usr/lib/jvm/java-7-openjdk-amd64/jre/lib/amd64/libnet.so
7f9794ded000-7f9794dee000 rw-p 00017000 08:01 13246132                   /usr/lib/jvm/java-7-openjdk-amd64/jre/lib/amd64/libnet.so
7f9794dee000-7f9794dfe000 r-xp 00000000 08:01 13246147                   /usr/lib/jvm/java-7-openjdk-amd64/jre/lib/amd64/libnio.so
7f9794dfe000-7f9794ffe000 ---p 00010000 08:01 13246147                   /usr/lib/jvm/java-7-openjdk-amd64/jre/lib/amd64/libnio.so
7f9794ffe000-7f9794fff000 r--p 00010000 08:01 13246147                   /usr/lib/jvm/java-7-openjdk-amd64/jre/lib/amd64/libnio.so
7f9794fff000-7f9795000000 rw-p 00011000 08:01 13246147                   /usr/lib/jvm/java-7-openjdk-amd64/jre/lib/amd64/libnio.so
7f9795000000-7f9795270000 rwxp 00000000 00:00 0 
7f9795270000-7f97982eb000 rw-p 00000000 00:00 0 
7f97982eb000-7f979c000000 ---p 00000000 00:00 0 
7f979c08f000-7f979c1f0000 rw-p 00000000 00:00 0 
7f979c1f0000-7f979c1f9000 r--s 00073000 08:01 12323069                   /home/pcs20/AndroidstudioProjects/SlideInOut/app/build/intermediates/exploded-aar/com.android.support/appcompat-v7/21.0.3/classes.jar
7f979c1f9000-7f979c208000 r--s 000dd000 08:01 8783573                    /home/pcs20/Desktop/Android/adt-bundle-linux-x86_64-20140702/sdk/build-tools/21.1.2/lib/dx.jar
7f979c208000-7f979c209000 ---p 00000000 00:00 0 
7f979c209000-7f979c309000 rw-p 00000000 00:00 0                          [stack:23836]
7f979c309000-7f979c30c000 ---p 00000000 00:00 0 
7f979c30c000-7f979c40a000 rw-p 00000000 00:00 0                          [stack:23835]
7f979c40a000-7f979c40d000 ---p 00000000 00:00 0 
7f979c40d000-7f979c50b000 rw-p 00000000 00:00 0                          [stack:23834]
7f979c50b000-7f979c50e000 ---p 00000000 00:00 0 
7f979c50e000-7f979c60c000 rw-p 00000000 00:00 0                          [stack:23833]
7f979c60c000-7f979c60f000 ---p 00000000 00:00 0 
7f979c60f000-7f979c70d000 rw-p 00000000 00:00 0                          [stack:23832]
7f979c70d000-7f979cdef000 r--p 00000000 08:01 13114023                   /usr/lib/locale/locale-archive
7f979cdef000-7f979cdf2000 ---p 00000000 00:00 0 
7f979cdf2000-7f979cef0000 rw-p 00000000 00:00 0                          [stack:23831]
7f979cef0000-7f979cef3000 ---p 00000000 00:00 0 
7f979cef3000-7f979cff1000 rw-p 00000000 00:00 0                          [stack:23830]
7f979cff1000-7f979cff2000 ---p 00000000 00:00 0 
7f979cff2000-7f979da44000 rw-p 00000000 00:00 0                          [stack:23829]
7f979da44000-7f979dbf5000 r--s 01d25000 08:01 13246195                   /usr/lib/jvm/java-7-openjdk-amd64/jre/lib/rt.jar
7f979dbf5000-7f979df19000 rw-p 00000000 00:00 0 
7f979df19000-7f979df1a000 ---p 00000000 00:00 0 
7f979df1a000-7f979e01a000 rw-p 00000000 00:00 0                          [stack:23828]
7f979e01a000-7f979e01b000 ---p 00000000 00:00 0 
7f979e01b000-7f979e126000 rw-p 00000000 00:00 0                          [stack:23827]
7f979e126000-7f979e16e000 rw-p 00000000 00:00 0 
7f979e16e000-7f979e18d000 rw-p 00000000 00:00 0 
7f979e18d000-7f979e2c4000 rw-p 00000000 00:00 0 
7f979e2c4000-7f979e2cf000 rw-p 00000000 00:00 0 
7f979e2cf000-7f979e317000 rw-p 00000000 00:00 0 
7f979e317000-7f979e336000 rw-p 00000000 00:00 0 
7f979e336000-7f979e46c000 rw-p 00000000 00:00 0 
7f979e46c000-7f979e488000 rw-p 00000000 00:00 0 
7f979e488000-7f979e517000 rw-p 00000000 00:00 0 
7f979e517000-7f979e518000 rw-p 00000000 00:00 0 
7f979e518000-7f979e520000 r-xp 00000000 08:01 13246124                   /usr/lib/jvm/java-7-openjdk-amd64/jre/lib/amd64/libzip.so
7f979e520000-7f979e71f000 ---p 00008000 08:01 13246124                   /usr/lib/jvm/java-7-openjdk-amd64/jre/lib/amd64/libzip.so
7f979e71f000-7f979e720000 r--p 00007000 08:01 13246124                   /usr/lib/jvm/java-7-openjdk-amd64/jre/lib/amd64/libzip.so
7f979e720000-7f979e721000 rw-p 00008000 08:01 13246124                   /usr/lib/jvm/java-7-openjdk-amd64/jre/lib/amd64/libzip.so
7f979e721000-7f979e72c000 r-xp 00000000 08:01 6820751                    /lib/x86_64-linux-gnu/libnss_files-2.19.so
7f979e72c000-7f979e92b000 ---p 0000b000 08:01 6820751                    /lib/x86_64-linux-gnu/libnss_files-2.19.so
7f979e92b000-7f979e92c000 r--p 0000a000 08:01 6820751                    /lib/x86_64-linux-gnu/libnss_files-2.19.so
7f979e92c000-7f979e92d000 rw-p 0000b000 08:01 6820751                    /lib/x86_64-linux-gnu/libnss_files-2.19.so
7f979e92d000-7f979e938000 r-xp 00000000 08:01 6820769                    /lib/x86_64-linux-gnu/libnss_nis-2.19.so
7f979e938000-7f979eb37000 ---p 0000b000 08:01 6820769                    /lib/x86_64-linux-gnu/libnss_nis-2.19.so
7f979eb37000-7f979eb38000 r--p 0000a000 08:01 6820769                    /lib/x86_64-linux-gnu/libnss_nis-2.19.so
7f979eb38000-7f979eb39000 rw-p 0000b000 08:01 6820769                    /lib/x86_64-linux-gnu/libnss_nis-2.19.so
7f979eb39000-7f979eb50000 r-xp 00000000 08:01 6820738                    /lib/x86_64-linux-gnu/libnsl-2.19.so
7f979eb50000-7f979ed4f000 ---p 00017000 08:01 6820738                    /lib/x86_64-linux-gnu/libnsl-2.19.so
7f979ed4f000-7f979ed50000 r--p 00016000 08:01 6820738                    /lib/x86_64-linux-gnu/libnsl-2.19.so
7f979ed50000-7f979ed51000 rw-p 00017000 08:01 6820738                    /lib/x86_64-linux-gnu/libnsl-2.19.so
7f979ed51000-7f979ed53000 rw-p 00000000 00:00 0 
7f979ed53000-7f979ed5c000 r-xp 00000000 08:01 6820735                    /lib/x86_64-linux-gnu/libnss_compat-2.19.so
7f979ed5c000-7f979ef5b000 ---p 00009000 08:01 6820735                    /lib/x86_64-linux-gnu/libnss_compat-2.19.so
7f979ef5b000-7f979ef5c000 r--p 00008000 08:01 6820735                    /lib/x86_64-linux-gnu/libnss_compat-2.19.so
7f979ef5c000-7f979ef5d000 rw-p 00009000 08:01 6820735                    /lib/x86_64-linux-gnu/libnss_compat-2.19.so
7f979ef5d000-7f979ef88000 r-xp 00000000 08:01 13246131                   /usr/lib/jvm/java-7-openjdk-amd64/jre/lib/amd64/libjava.so
7f979ef88000-7f979f187000 ---p 0002b000 08:01 13246131                   /usr/lib/jvm/java-7-openjdk-amd64/jre/lib/amd64/libjava.so
7f979f187000-7f979f188000 r--p 0002a000 08:01 13246131                   /usr/lib/jvm/java-7-openjdk-amd64/jre/lib/amd64/libjava.so
7f979f188000-7f979f18a000 rw-p 0002b000 08:01 13246131                   /usr/lib/jvm/java-7-openjdk-amd64/jre/lib/amd64/libjava.so
7f979f18a000-7f979f19a000 r-xp 00000000 08:01 13246146                   /usr/lib/jvm/java-7-openjdk-amd64/jre/lib/amd64/libverify.so
7f979f19a000-7f979f399000 ---p 00010000 08:01 13246146                   /usr/lib/jvm/java-7-openjdk-amd64/jre/lib/amd64/libverify.so
7f979f399000-7f979f39b000 r--p 0000f000 08:01 13246146                   /usr/lib/jvm/java-7-openjdk-amd64/jre/lib/amd64/libverify.so
7f979f39b000-7f979f39c000 rw-p 00011000 08:01 13246146                   /usr/lib/jvm/java-7-openjdk-amd64/jre/lib/amd64/libverify.so
7f979f39c000-7f979f3a3000 r-xp 00000000 08:01 6820740                    /lib/x86_64-linux-gnu/librt-2.19.so
7f979f3a3000-7f979f5a2000 ---p 00007000 08:01 6820740                    /lib/x86_64-linux-gnu/librt-2.19.so
7f979f5a2000-7f979f5a3000 r--p 00006000 08:01 6820740                    /lib/x86_64-linux-gnu/librt-2.19.so
7f979f5a3000-7f979f5a4000 rw-p 00007000 08:01 6820740                    /lib/x86_64-linux-gnu/librt-2.19.so
7f979f5a4000-7f979f5ba000 r-xp 00000000 08:01 6820732                    /lib/x86_64-linux-gnu/libgcc_s.so.1
7f979f5ba000-7f979f7b9000 ---p 00016000 08:01 6820732                    /lib/x86_64-linux-gnu/libgcc_s.so.1
7f979f7b9000-7f979f7ba000 rw-p 00015000 08:01 6820732                    /lib/x86_64-linux-gnu/libgcc_s.so.1
7f979f7ba000-7f979f8bf000 r-xp 00000000 08:01 6820747                    /lib/x86_64-linux-gnu/libm-2.19.so
7f979f8bf000-7f979fabe000 ---p 00105000 08:01 6820747                    /lib/x86_64-linux-gnu/libm-2.19.so
7f979fabe000-7f979fabf000 r--p 00104000 08:01 6820747                    /lib/x86_64-linux-gnu/libm-2.19.so
7f979fabf000-7f979fac0000 rw-p 00105000 08:01 6820747                    /lib/x86_64-linux-gnu/libm-2.19.so
7f979fac0000-7f979fba6000 r-xp 00000000 08:01 13115932                   /usr/lib/x86_64-linux-gnu/libstdc++.so.6.0.19
7f979fba6000-7f979fda5000 ---p 000e6000 08:01 13115932                   /usr/lib/x86_64-linux-gnu/libstdc++.so.6.0.19
7f979fda5000-7f979fdad000 r--p 000e5000 08:01 13115932                   /usr/lib/x86_64-linux-gnu/libstdc++.so.6.0.19
7f979fdad000-7f979fdaf000 rw-p 000ed000 08:01 13115932                   /usr/lib/x86_64-linux-gnu/libstdc++.so.6.0.19
7f979fdaf000-7f979fdc4000 rw-p 00000000 00:00 0 
7f979fdc4000-7f97a08da000 r-xp 00000000 08:01 13246153                   /usr/lib/jvm/java-7-openjdk-amd64/jre/lib/amd64/server/libjvm.so
7f97a08da000-7f97a0ad9000 ---p 00b16000 08:01 13246153                   /usr/lib/jvm/java-7-openjdk-amd64/jre/lib/amd64/server/libjvm.so
7f97a0ad9000-7f97a0b73000 r--p 00b15000 08:01 13246153                   /usr/lib/jvm/java-7-openjdk-amd64/jre/lib/amd64/server/libjvm.so
7f97a0b73000-7f97a0b96000 rw-p 00baf000 08:01 13246153                   /usr/lib/jvm/java-7-openjdk-amd64/jre/lib/amd64/server/libjvm.so
7f97a0b96000-7f97a0bc4000 rw-p 00000000 00:00 0 
7f97a0bc4000-7f97a0bdc000 r-xp 00000000 08:01 6819895                    /lib/x86_64-linux-gnu/libz.so.1.2.8
7f97a0bdc000-7f97a0ddb000 ---p 00018000 08:01 6819895                    /lib/x86_64-linux-gnu/libz.so.1.2.8
7f97a0ddb000-7f97a0ddc000 r--p 00017000 08:01 6819895                    /lib/x86_64-linux-gnu/libz.so.1.2.8
7f97a0ddc000-7f97a0ddd000 rw-p 00018000 08:01 6819895                    /lib/x86_64-linux-gnu/libz.so.1.2.8
7f97a0ddd000-7f97a0df6000 r-xp 00000000 08:01 6820774                    /lib/x86_64-linux-gnu/libpthread-2.19.so
7f97a0df6000-7f97a0ff5000 ---p 00019000 08:01 6820774                    /lib/x86_64-linux-gnu/libpthread-2.19.so
7f97a0ff5000-7f97a0ff6000 r--p 00018000 08:01 6820774                    /lib/x86_64-linux-gnu/libpthread-2.19.so
7f97a0ff6000-7f97a0ff7000 rw-p 00019000 08:01 6820774                    /lib/x86_64-linux-gnu/libpthread-2.19.so
7f97a0ff7000-7f97a0ffb000 rw-p 00000000 00:00 0 
7f97a0ffb000-7f97a0ffe000 r-xp 00000000 08:01 6820773                    /lib/x86_64-linux-gnu/libdl-2.19.so
7f97a0ffe000-7f97a11fd000 ---p 00003000 08:01 6820773                    /lib/x86_64-linux-gnu/libdl-2.19.so
7f97a11fd000-7f97a11fe000 r--p 00002000 08:01 6820773                    /lib/x86_64-linux-gnu/libdl-2.19.so
7f97a11fe000-7f97a11ff000 rw-p 00003000 08:01 6820773                    /lib/x86_64-linux-gnu/libdl-2.19.so
7f97a11ff000-7f97a13ba000 r-xp 00000000 08:01 6820744                    /lib/x86_64-linux-gnu/libc-2.19.so
7f97a13ba000-7f97a15ba000 ---p 001bb000 08:01 6820744                    /lib/x86_64-linux-gnu/libc-2.19.so
7f97a15ba000-7f97a15be000 r--p 001bb000 08:01 6820744                    /lib/x86_64-linux-gnu/libc-2.19.so
7f97a15be000-7f97a15c0000 rw-p 001bf000 08:01 6820744                    /lib/x86_64-linux-gnu/libc-2.19.so
7f97a15c0000-7f97a15c5000 rw-p 00000000 00:00 0 
7f97a15c5000-7f97a15d2000 r-xp 00000000 08:01 13246129                   /usr/lib/jvm/java-7-openjdk-amd64/jre/lib/amd64/jli/libjli.so
7f97a15d2000-7f97a17d1000 ---p 0000d000 08:01 13246129                   /usr/lib/jvm/java-7-openjdk-amd64/jre/lib/amd64/jli/libjli.so
7f97a17d1000-7f97a17d2000 r--p 0000c000 08:01 13246129                   /usr/lib/jvm/java-7-openjdk-amd64/jre/lib/amd64/jli/libjli.so
7f97a17d2000-7f97a17d3000 rw-p 0000d000 08:01 13246129                   /usr/lib/jvm/java-7-openjdk-amd64/jre/lib/amd64/jli/libjli.so
7f97a17d3000-7f97a17f6000 r-xp 00000000 08:01 6820745                    /lib/x86_64-linux-gnu/ld-2.19.so
7f97a17f6000-7f97a17f7000 rw-p 00000000 00:00 0 
7f97a17f7000-7f97a17f9000 r--s 00012000 08:01 13246190                   /usr/lib/jvm/java-7-openjdk-amd64/jre/lib/ext/zipfs.jar
7f97a17f9000-7f97a181b000 rw-p 00000000 00:00 0 
7f97a181b000-7f97a18d1000 rw-p 00000000 00:00 0 
7f97a18d1000-7f97a18d4000 ---p 00000000 00:00 0 
7f97a18d4000-7f97a19d7000 rw-p 00000000 00:00 0                          [stack:23826]
7f97a19d7000-7f97a19d8000 r--s 00002000 08:01 13246194                   /usr/lib/jvm/java-7-openjdk-amd64/jre/lib/ext/dnsns.jar
7f97a19d8000-7f97a19dc000 r--s 0003c000 08:01 13246191                   /usr/lib/jvm/java-7-openjdk-amd64/jre/lib/ext/sunpkcs11.jar
7f97a19dc000-7f97a19de000 r--s 00006000 08:01 13500519                   /usr/share/java/java-atk-wrapper.jar
7f97a19de000-7f97a19e2000 r--s 00034000 08:01 13246193                   /usr/lib/jvm/java-7-openjdk-amd64/jre/lib/ext/sunjce_provider.jar
7f97a19e2000-7f97a19e6000 r--s 00085000 08:01 13246192                   /usr/lib/jvm/java-7-openjdk-amd64/jre/lib/ext/localedata.jar
7f97a19e6000-7f97a19e9000 r--s 0000f000 08:01 13246189                   /usr/lib/jvm/java-7-openjdk-amd64/jre/lib/ext/icedtea-sound.jar
7f97a19e9000-7f97a19f1000 rw-s 00000000 08:01 1573599                    /tmp/hsperfdata_pcs20/23818
7f97a19f1000-7f97a19f2000 rw-p 00000000 00:00 0 
7f97a19f2000-7f97a19f3000 r--p 00000000 00:00 0 
7f97a19f3000-7f97a19f5000 rw-p 00000000 00:00 0 
7f97a19f5000-7f97a19f6000 r--p 00022000 08:01 6820745                    /lib/x86_64-linux-gnu/ld-2.19.so
7f97a19f6000-7f97a19f7000 rw-p 00023000 08:01 6820745                    /lib/x86_64-linux-gnu/ld-2.19.so
7f97a19f7000-7f97a19f8000 rw-p 00000000 00:00 0 
7fff96e96000-7fff96eb7000 rw-p 00000000 00:00 0                          [stack]
7fff96f12000-7fff96f14000 r-xp 00000000 00:00 0                          [vdso]
ffffffffff600000-ffffffffff601000 r-xp 00000000 00:00 0                  [vsyscall]

VM Arguments:
jvm_args: -Xmx1024M 
java_command: /home/pcs20/Desktop/Android/adt-bundle-linux-x86_64-20140702/sdk/build-tools/21.1.2/lib/dx.jar --dex --output /home/pcs20/AndroidstudioProjects/SlideInOut/app/build/intermediates/pre-dexed/debug/classes-eb145dc909b82bb909d52b77fbe1a9c5cd8df7ab.jar /home/pcs20/AndroidstudioProjects/SlideInOut/app/build/intermediates/exploded-aar/com.android.support/appcompat-v7/21.0.3/classes.jar
Launcher Type: SUN_STANDARD

Environment Variables:
CLASSPATH=/home/pcs20/Desktop/Android/android-studio/bin/../lib/bootstrap.jar:/home/pcs20/Desktop/Android/android-studio/bin/../lib/extensions.jar:/home/pcs20/Desktop/Android/android-studio/bin/../lib/util.jar:/home/pcs20/Desktop/Android/android-studio/bin/../lib/jdom.jar:/home/pcs20/Desktop/Android/android-studio/bin/../lib/log4j.jar:/home/pcs20/Desktop/Android/android-studio/bin/../lib/trove4j.jar:/home/pcs20/Desktop/Android/android-studio/bin/../lib/jna.jar:/usr/lib/jvm/java-7-openjdk-amd64/lib/tools.jar
PATH=/usr/local/sbin:/usr/local/bin:/usr/sbin:/usr/bin:/sbin:/bin:/usr/games:/usr/local/games:/usr/lib/jvm/java-6-openjdk-amd64
LD_LIBRARY_PATH=/home/pcs20/Desktop/Android/android-studio/bin:
SHELL=/bin/bash
DISPLAY=:0

Signal Handlers:
SIGSEGV: [libjvm.so+0x9495e0], sa_mask[0]=0x7ffbfeff, sa_flags=0x10000004
SIGBUS: [libjvm.so+0x9495e0], sa_mask[0]=0x7ffbfeff, sa_flags=0x10000004
SIGFPE: [libjvm.so+0x7c3410], sa_mask[0]=0x7ffbfeff, sa_flags=0x10000004
SIGPIPE: [libjvm.so+0x7c3410], sa_mask[0]=0x7ffbfeff, sa_flags=0x10000004
SIGXFSZ: [libjvm.so+0x7c3410], sa_mask[0]=0x7ffbfeff, sa_flags=0x10000004
SIGILL: [libjvm.so+0x7c3410], sa_mask[0]=0x7ffbfeff, sa_flags=0x10000004
SIGUSR1: SIG_DFL, sa_mask[0]=0x00000000, sa_flags=0x00000000
SIGUSR2: [libjvm.so+0x7c32b0], sa_mask[0]=0x00000004, sa_flags=0x10000004
SIGHUP: [libjvm.so+0x7c3490], sa_mask[0]=0x7ffbfeff, sa_flags=0x10000004
SIGINT: [libjvm.so+0x7c3490], sa_mask[0]=0x7ffbfeff, sa_flags=0x10000004
SIGTERM: [libjvm.so+0x7c3490], sa_mask[0]=0x7ffbfeff, sa_flags=0x10000004
SIGQUIT: [libjvm.so+0x7c3490], sa_mask[0]=0x7ffbfeff, sa_flags=0x10000004
SIGTRAP: SIG_DFL, sa_mask[0]=0x00000000, sa_flags=0x00000000


---------------  S Y S T E M  ---------------

OS:Ubuntu 14.04 (trusty)
uname:Linux 3.13.0-32-generic #57-Ubuntu SMP Tue Jul 15 03:51:08 UTC 2014 x86_64
libc:glibc 2.19 NPTL 2.19 
rlimit: STACK 8192k, CORE 0k, NPROC 46765, NOFILE 4096, AS infinity
load average:1.46 1.17 1.12

/proc/meminfo:
MemTotal:        6007556 kB
MemFree:          409976 kB
Buffers:           31956 kB
Cached:          1499896 kB
SwapCached:       249760 kB
Active:          3676312 kB
Inactive:        1599936 kB
Active(anon):    3104580 kB
Inactive(anon):  1066808 kB
Active(file):     571732 kB
Inactive(file):   533128 kB
Unevictable:          64 kB
Mlocked:              64 kB
SwapTotal:       9764860 kB
SwapFree:        8241208 kB
Dirty:             10560 kB
Writeback:             0 kB
AnonPages:       3617412 kB
Mapped:           263452 kB
Shmem:            426992 kB
Slab:             175100 kB
SReclaimable:     130424 kB
SUnreclaim:        44676 kB
KernelStack:        6248 kB
PageTables:        57900 kB
NFS_Unstable:          0 kB
Bounce:                0 kB
WritebackTmp:          0 kB
CommitLimit:    12768636 kB
Committed_AS:   13532960 kB
VmallocTotal:   34359738367 kB
VmallocUsed:      356872 kB
VmallocChunk:   34359372764 kB
HardwareCorrupted:     0 kB
AnonHugePages:   1384448 kB
HugePages_Total:       0
HugePages_Free:        0
HugePages_Rsvd:        0
HugePages_Surp:        0
Hugepagesize:       2048 kB
DirectMap4k:       58704 kB
DirectMap2M:     6127616 kB


CPU:total 2 (2 cores per cpu, 1 threads per core) family 6 model 58 stepping 9, cmov, cx8, fxsr, mmx, sse, sse2, sse3, ssse3, sse4.1, sse4.2, popcnt, erms, tsc, tscinvbit, tscinv

/proc/cpuinfo:
processor	: 0
vendor_id	: GenuineIntel
cpu family	: 6
model		: 58
model name	: Intel(R) Pentium(R) CPU G2030 @ 3.00GHz
stepping	: 9
microcode	: 0xc
cpu MHz		: 3000.000
cache size	: 3072 KB
physical id	: 0
siblings	: 2
core id		: 0
cpu cores	: 2
apicid		: 0
initial apicid	: 0
fpu		: yes
fpu_exception	: yes
cpuid level	: 13
wp		: yes
flags		: fpu vme de pse tsc msr pae mce cx8 apic sep mtrr pge mca cmov pat pse36 clflush dts acpi mmx fxsr sse sse2 ss ht tm pbe syscall nx rdtscp lm constant_tsc arch_perfmon pebs bts rep_good nopl xtopology nonstop_tsc aperfmperf eagerfpu pni pclmulqdq dtes64 monitor ds_cpl vmx est tm2 ssse3 cx16 xtpr pdcm pcid sse4_1 sse4_2 popcnt tsc_deadline_timer xsave lahf_lm arat epb xsaveopt pln pts dtherm tpr_shadow vnmi flexpriority ept vpid fsgsbase smep erms
bogomips	: 5986.44
clflush size	: 64
cache_alignment	: 64
address sizes	: 36 bits physical, 48 bits virtual
power management:

processor	: 1
vendor_id	: GenuineIntel
cpu family	: 6
model		: 58
model name	: Intel(R) Pentium(R) CPU G2030 @ 3.00GHz
stepping	: 9
microcode	: 0xc
cpu MHz		: 3000.000
cache size	: 3072 KB
physical id	: 0
siblings	: 2
core id		: 1
cpu cores	: 2
apicid		: 2
initial apicid	: 2
fpu		: yes
fpu_exception	: yes
cpuid level	: 13
wp		: yes
flags		: fpu vme de pse tsc msr pae mce cx8 apic sep mtrr pge mca cmov pat pse36 clflush dts acpi mmx fxsr sse sse2 ss ht tm pbe syscall nx rdtscp lm constant_tsc arch_perfmon pebs bts rep_good nopl xtopology nonstop_tsc aperfmperf eagerfpu pni pclmulqdq dtes64 monitor ds_cpl vmx est tm2 ssse3 cx16 xtpr pdcm pcid sse4_1 sse4_2 popcnt tsc_deadline_timer xsave lahf_lm arat epb xsaveopt pln pts dtherm tpr_shadow vnmi flexpriority ept vpid fsgsbase smep erms
bogomips	: 5986.44
clflush size	: 64
cache_alignment	: 64
address sizes	: 36 bits physical, 48 bits virtual
power management:



Memory: 4k page, physical 6007556k(409976k free), swap 9764860k(8241208k free)

vm_info: OpenJDK 64-Bit Server VM (24.65-b04) for linux-amd64 JRE (1.7.0_65-b32), built on Oct 22 2014 04:37:44 by "buildd" with gcc 4.8.2

time: Wed Feb  4 17:06:24 2015
elapsed time: 6 seconds

