#
# A fatal error has been detected by the Java Runtime Environment:
#
#  SIGSEGV (0xb) at pc=0x00007f3e5e7a45b0, pid=16184, tid=139905616013056
#
# JRE version: OpenJDK Runtime Environment (7.0_65-b32) (build 1.7.0_65-b32)
# Java VM: OpenJDK 64-Bit Server VM (24.65-b04 mixed mode linux-amd64 compressed oops)
# Derivative: IcedTea 2.5.3
# Distribution: Ubuntu 14.04 LTS, package 7u71-2.5.3-0ubuntu0.14.04.1
# Problematic frame:
# V  [libjvm.so+0xd1b5b0]
#
# Failed to write core dump. Core dumps have been disabled. To enable core dumping, try "ulimit -c unlimited" before starting Java again
#
# If you would like to submit a bug report, please include
# instructions on how to reproduce the bug and visit:
#   http://icedtea.classpath.org/bugzilla
#

---------------  T H R E A D  ---------------

Current thread (0x00007f3e580a9800):  JavaThread "C2 CompilerThread1" daemon [_thread_in_native, id=16194, stack(0x00007f3e507b6000,0x00007f3e508b7000)]

siginfo:si_signo=SIGSEGV: si_errno=0, si_code=2 (SEGV_ACCERR), si_addr=0x00007f3e5e7a45b0

Registers:
RAX=0x00007f3e5e7a45b0, RBX=0x00007f3e508b20e0, RCX=0x0000000000000531, RDX=0x000000000000000e
RSP=0x00007f3e508b2008, RBP=0x00007f3e508b2080, RSI=0x00007f3e2c6435c0, RDI=0x00007f3e383dc4c8
R8 =0x00007f3e2cdc41d0, R9 =0x0000000000000038, R10=0x00007f3e2c1e6051, R11=0x0000000000000200
R12=0x00007f3e2cbef440, R13=0x000000000000000f, R14=0x00007f3e386ac5d8, R15=0x00007f3e508b24b0
RIP=0x00007f3e5e7a45b0, EFLAGS=0x0000000000010206, CSGSFS=0x0000000000000033, ERR=0x0000000000000015
  TRAPNO=0x000000000000000e

Top of Stack: (sp=0x00007f3e508b2008)
0x00007f3e508b2008:   00007f3e5e19e419 00007f3e508b2030
0x00007f3e508b2018:   000000000002a380 00007f3e508b2100
0x00007f3e508b2028:   00007f3e508b24d0 00007f3e508b2140
0x00007f3e508b2038:   00007f3e2c071460 00007f3e508b2120
0x00007f3e508b2048:   00007f3e00000056 00007f3e508b2080
0x00007f3e508b2058:   00007f3e5801cbb0 00007f3e508b2120
0x00007f3e508b2068:   00007f3e508b24b0 00007f3e508b2100
0x00007f3e508b2078:   000000000002a380 00007f3e508b2390
0x00007f3e508b2088:   00007f3e5e1a128a 0000000000000020
0x00007f3e508b2098:   0100003e5801cbb0 0000000100000001
0x00007f3e508b20a8:   00007f3e508b24d0 0000000000000000
0x00007f3e508b20b8:   00000000003d27a0 000000000102a1d8
0x00007f3e508b20c8:   0000000001022240 00007f3e508b20e0
0x00007f3e508b20d8:   00000000010221f0 00007f3e5e836450
0x00007f3e508b20e8:   00007f3e5801cbb0 00007f3e00000400
0x00007f3e508b20f8:   00007f3e2cdc31d0 00007f3e2cabef10
0x00007f3e508b2108:   00007f3e2cae92a0 00007f3e2cabef20
0x00007f3e508b2118:   00007f3e5801cbb0 00007f3e5801cbb0
0x00007f3e508b2128:   00007f3e00000200 00007f3e2cdc41d0
0x00007f3e508b2138:   000000000000005e 00007f3e5801cbb0
0x00007f3e508b2148:   0000000000000004 00007f3e2cf514a0
0x00007f3e508b2158:   0000000000000000 00007f3e508b21c0
0x00007f3e508b2168:   0000000000000200 0000025b00000000
0x00007f3e508b2178:   0000000000000040 0000000000000008
0x00007f3e508b2188:   0000007f000000ae 0000000000000001
0x00007f3e508b2198:   00007f3e508b21bf 00007f3e508b21b0
0x00007f3e508b21a8:   00007f3e5e3920c9 00007f3e0000007d
0x00007f3e508b21b8:   00007f3e5df675b9 0000000000000000
0x00007f3e508b21c8:   00007f3e38067030 00007f3e508b21e0
0x00007f3e508b21d8:   00007f3e5e3920c9 0000000000000000
0x00007f3e508b21e8:   00007f3e2c000020 0000000000040010
0x00007f3e508b21f8:   0000000000000000 0000000000000000 

Instructions: (pc=0x00007f3e5e7a45b0)
0x00007f3e5e7a4590:   b0 38 cd 5d 3e 7f 00 00 20 e4 86 5e 3e 7f 00 00
0x00007f3e5e7a45a0:   00 00 00 00 00 00 00 00 00 00 00 00 00 00 00 00
0x00007f3e5e7a45b0:   f0 74 cd 5d 3e 7f 00 00 e0 74 cd 5d 3e 7f 00 00
0x00007f3e5e7a45c0:   b0 d6 1a 5e 3e 7f 00 00 f0 d6 1a 5e 3e 7f 00 00 

Register to memory mapping:

RAX=0x00007f3e5e7a45b0: <offset 0xd1b5b0> in /usr/lib/jvm/java-7-openjdk-amd64/jre/lib/amd64/server/libjvm.so at 0x00007f3e5da89000
RBX=0x00007f3e508b20e0 is pointing into the stack for thread: 0x00007f3e580a9800
RCX=0x0000000000000531 is an unknown value
RDX=0x000000000000000e is an unknown value
RSP=0x00007f3e508b2008 is pointing into the stack for thread: 0x00007f3e580a9800
RBP=0x00007f3e508b2080 is pointing into the stack for thread: 0x00007f3e580a9800
RSI=0x00007f3e2c6435c0 is an unknown value
RDI=0x00007f3e383dc4c8 is an unknown value
R8 =0x00007f3e2cdc41d0 is an unknown value
R9 =0x0000000000000038 is an unknown value
R10=0x00007f3e2c1e6051 is an unknown value
R11=0x0000000000000200 is an unknown value
R12=0x00007f3e2cbef440 is an unknown value
R13=0x000000000000000f is an unknown value
R14=0x00007f3e386ac5d8 is an unknown value
R15=0x00007f3e508b24b0 is pointing into the stack for thread: 0x00007f3e580a9800


Stack: [0x00007f3e507b6000,0x00007f3e508b7000],  sp=0x00007f3e508b2008,  free space=1008k
Native frames: (J=compiled Java code, j=interpreted, Vv=VM code, C=native code)
V  [libjvm.so+0xd1b5b0]
V  [libjvm.so+0x71828a]
V  [libjvm.so+0x43e6d6]
V  [libjvm.so+0x43fde6]
V  [libjvm.so+0x3adffa]
V  [libjvm.so+0x445c97]
V  [libjvm.so+0x446ddd]
V  [libjvm.so+0x8ffba0]
V  [libjvm.so+0x8ffe11]
V  [libjvm.so+0x7c4ac2]


Current CompileTask:
C2:  11788  581             java.lang.Class::privateGetPublicMethods (247 bytes)


---------------  P R O C E S S  ---------------

Java Threads: ( => current thread )
  0x00000000008e8800 JavaThread "process reaper" daemon [_thread_blocked, id=16208, stack(0x00007f3e29faa000,0x00007f3e29fe3000)]
  0x0000000000853800 JavaThread "File lock request listener" [_thread_in_native, id=16206, stack(0x00007f3e2a09e000,0x00007f3e2a19f000)]
  0x0000000000657000 JavaThread "Stdin handler" [_thread_blocked, id=16205, stack(0x00007f3e2a209000,0x00007f3e2a30a000)]
  0x00007f3e18008000 JavaThread "Daemon worker" [_thread_in_vm, id=16202, stack(0x00007f3e2a30a000,0x00007f3e2a40b000)]
  0x00007f3e1800c000 JavaThread "Cancel handler" [_thread_blocked, id=16201, stack(0x00007f3e2a40b000,0x00007f3e2a50c000)]
  0x00007f3e18005800 JavaThread "Handler for socket connection from /127.0.0.1:45483 to /127.0.0.1:58188" [_thread_in_native, id=16200, stack(0x00007f3e2a50c000,0x00007f3e2a60d000)]
  0x00007f3e20004800 JavaThread "Daemon" [_thread_blocked, id=16199, stack(0x00007f3e2a60d000,0x00007f3e2a70e000)]
  0x00007f3e589a6800 JavaThread "Incoming local TCP Connector on port 45483" [_thread_in_native, id=16198, stack(0x00007f3e2a70e000,0x00007f3e2a80f000)]
  0x00007f3e580ac000 JavaThread "Service Thread" daemon [_thread_blocked, id=16195, stack(0x00007f3e506b5000,0x00007f3e507b6000)]
=>0x00007f3e580a9800 JavaThread "C2 CompilerThread1" daemon [_thread_in_native, id=16194, stack(0x00007f3e507b6000,0x00007f3e508b7000)]
  0x00007f3e580a6800 JavaThread "C2 CompilerThread0" daemon [_thread_in_native, id=16193, stack(0x00007f3e508b7000,0x00007f3e509b8000)]
  0x00007f3e580a4800 JavaThread "Signal Dispatcher" daemon [_thread_blocked, id=16192, stack(0x00007f3e509b8000,0x00007f3e50ab9000)]
  0x00007f3e58078000 JavaThread "Finalizer" daemon [_thread_blocked, id=16191, stack(0x00007f3e5119b000,0x00007f3e5129c000)]
  0x00007f3e58076000 JavaThread "Reference Handler" daemon [_thread_blocked, id=16190, stack(0x00007f3e5129c000,0x00007f3e5139d000)]
  0x00007f3e5800a800 JavaThread "main" [_thread_blocked, id=16186, stack(0x00007f3e5f596000,0x00007f3e5f697000)]

Other Threads:
  0x00007f3e58071800 VMThread [stack: 0x00007f3e5139d000,0x00007f3e5149e000] [id=16189]
  0x00007f3e580b6800 WatcherThread [stack: 0x00007f3e505b4000,0x00007f3e506b5000] [id=16196]

VM state:not at safepoint (normal execution)

VM Mutex/Monitor currently owned by a thread: None

Heap
 PSYoungGen      total 203264K, used 123383K [0x00000000eaa80000, 0x00000000f8780000, 0x0000000100000000)
  eden space 192512K, 58% used [0x00000000eaa80000,0x00000000f1884b88,0x00000000f6680000)
  from space 10752K, 99% used [0x00000000f7500000,0x00000000f7f792c0,0x00000000f7f80000)
  to   space 14848K, 0% used [0x00000000f6680000,0x00000000f6680000,0x00000000f7500000)
 ParOldGen       total 62464K, used 17477K [0x00000000c0000000, 0x00000000c3d00000, 0x00000000eaa80000)
  object space 62464K, 27% used [0x00000000c0000000,0x00000000c11117d0,0x00000000c3d00000)
 PSPermGen       total 35840K, used 35799K [0x00000000b0000000, 0x00000000b2300000, 0x00000000c0000000)
  object space 35840K, 99% used [0x00000000b0000000,0x00000000b22f5e88,0x00000000b2300000)

Card table byte_map: [0x00007f3e54d7f000,0x00007f3e55000000] byte_map_base: 0x00007f3e547ff000

Polling page: 0x00007f3e5f6b7000

Code Cache  [0x00007f3e55000000, 0x00007f3e55320000, 0x00007f3e58000000)
 total_blobs=1122 nmethods=535 adapters=541 free_code_cache=46101Kb largest_free_block=47080320

Compilation events (10 events):
Event: 9.812 Thread 0x00007f3e580a9800 nmethod 576 0x00007f3e552b5710 code [0x00007f3e552b5860, 0x00007f3e552b5978]
Event: 9.812 Thread 0x00007f3e580a9800  577             java.lang.Character::charCount (12 bytes)
Event: 9.812 Thread 0x00007f3e580a9800 nmethod 577 0x00007f3e552cd5d0 code [0x00007f3e552cd700, 0x00007f3e552cd758]
Event: 9.812 Thread 0x00007f3e580a9800  578             org.objectweb.asm.ByteVector::putShort (52 bytes)
Event: 9.815 Thread 0x00007f3e580a9800 nmethod 578 0x00007f3e552cd1d0 code [0x00007f3e552cd320, 0x00007f3e552cd488]
Event: 9.815 Thread 0x00007f3e580a9800  579             java.util.ComparableTimSort::binarySort (223 bytes)
Event: 9.835 Thread 0x00007f3e580a9800 nmethod 579 0x00007f3e550c3210 code [0x00007f3e550c33c0, 0x00007f3e550c3d68]
Event: 9.835 Thread 0x00007f3e580a9800  580             java.lang.reflect.Modifier::isStatic (13 bytes)
Event: 9.837 Thread 0x00007f3e580a9800 nmethod 580 0x00007f3e550c4990 code [0x00007f3e550c4ac0, 0x00007f3e550c4b18]
Event: 9.837 Thread 0x00007f3e580a9800  581             java.lang.Class::privateGetPublicMethods (247 bytes)

GC Heap History (10 events):
Event: 2.954 GC heap before
{Heap before GC invocations=4 (full 0):
 PSYoungGen      total 28160K, used 28128K [0x00000000eaa80000, 0x00000000ee180000, 0x0000000100000000)
  eden space 24576K, 100% used [0x00000000eaa80000,0x00000000ec280000,0x00000000ec280000)
  from space 3584K, 99% used [0x00000000ec280000,0x00000000ec5f8040,0x00000000ec600000)
  to   space 3584K, 0% used [0x00000000ede00000,0x00000000ede00000,0x00000000ee180000)
 ParOldGen       total 62464K, used 3969K [0x00000000c0000000, 0x00000000c3d00000, 0x00000000eaa80000)
  object space 62464K, 6% used [0x00000000c0000000,0x00000000c03e0578,0x00000000c3d00000)
 PSPermGen       total 21504K, used 18023K [0x00000000b0000000, 0x00000000b1500000, 0x00000000c0000000)
  object space 21504K, 83% used [0x00000000b0000000,0x00000000b1199ed8,0x00000000b1500000)
Event: 2.971 GC heap after
Heap after GC invocations=4 (full 0):
 PSYoungGen      total 52736K, used 3552K [0x00000000eaa80000, 0x00000000ee180000, 0x0000000100000000)
  eden space 49152K, 0% used [0x00000000eaa80000,0x00000000eaa80000,0x00000000eda80000)
  from space 3584K, 99% used [0x00000000ede00000,0x00000000ee178020,0x00000000ee180000)
  to   space 3584K, 0% used [0x00000000eda80000,0x00000000eda80000,0x00000000ede00000)
 ParOldGen       total 62464K, used 6533K [0x00000000c0000000, 0x00000000c3d00000, 0x00000000eaa80000)
  object space 62464K, 10% used [0x00000000c0000000,0x00000000c0661648,0x00000000c3d00000)
 PSPermGen       total 21504K, used 18023K [0x00000000b0000000, 0x00000000b1500000, 0x00000000c0000000)
  object space 21504K, 83% used [0x00000000b0000000,0x00000000b1199ed8,0x00000000b1500000)
}
Event: 3.793 GC heap before
{Heap before GC invocations=5 (full 0):
 PSYoungGen      total 52736K, used 52704K [0x00000000eaa80000, 0x00000000ee180000, 0x0000000100000000)
  eden space 49152K, 100% used [0x00000000eaa80000,0x00000000eda80000,0x00000000eda80000)
  from space 3584K, 99% used [0x00000000ede00000,0x00000000ee178020,0x00000000ee180000)
  to   space 3584K, 0% used [0x00000000eda80000,0x00000000eda80000,0x00000000ede00000)
 ParOldGen       total 62464K, used 6533K [0x00000000c0000000, 0x00000000c3d00000, 0x00000000eaa80000)
  object space 62464K, 10% used [0x00000000c0000000,0x00000000c0661648,0x00000000c3d00000)
 PSPermGen       total 21504K, used 21009K [0x00000000b0000000, 0x00000000b1500000, 0x00000000c0000000)
  object space 21504K, 97% used [0x00000000b0000000,0x00000000b1484478,0x00000000b1500000)
Event: 3.810 GC heap after
Heap after GC invocations=5 (full 0):
 PSYoungGen      total 52736K, used 3572K [0x00000000eaa80000, 0x00000000f1b80000, 0x0000000100000000)
  eden space 49152K, 0% used [0x00000000eaa80000,0x00000000eaa80000,0x00000000eda80000)
  from space 3584K, 99% used [0x00000000eda80000,0x00000000eddfd0b0,0x00000000ede00000)
  to   space 8704K, 0% used [0x00000000f1300000,0x00000000f1300000,0x00000000f1b80000)
 ParOldGen       total 62464K, used 9883K [0x00000000c0000000, 0x00000000c3d00000, 0x00000000eaa80000)
  object space 62464K, 15% used [0x00000000c0000000,0x00000000c09a6fe8,0x00000000c3d00000)
 PSPermGen       total 21504K, used 21009K [0x00000000b0000000, 0x00000000b1500000, 0x00000000c0000000)
  object space 21504K, 97% used [0x00000000b0000000,0x00000000b1484478,0x00000000b1500000)
}
Event: 3.976 GC heap before
{Heap before GC invocations=6 (full 0):
 PSYoungGen      total 52736K, used 52724K [0x00000000eaa80000, 0x00000000f1b80000, 0x0000000100000000)
  eden space 49152K, 100% used [0x00000000eaa80000,0x00000000eda80000,0x00000000eda80000)
  from space 3584K, 99% used [0x00000000eda80000,0x00000000eddfd0b0,0x00000000ede00000)
  to   space 8704K, 0% used [0x00000000f1300000,0x00000000f1300000,0x00000000f1b80000)
 ParOldGen       total 62464K, used 9883K [0x00000000c0000000, 0x00000000c3d00000, 0x00000000eaa80000)
  object space 62464K, 15% used [0x00000000c0000000,0x00000000c09a6fe8,0x00000000c3d00000)
 PSPermGen       total 21504K, used 21016K [0x00000000b0000000, 0x00000000b1500000, 0x00000000c0000000)
  object space 21504K, 97% used [0x00000000b0000000,0x00000000b14860b0,0x00000000b1500000)
Event: 3.990 GC heap after
Heap after GC invocations=6 (full 0):
 PSYoungGen      total 107008K, used 3856K [0x00000000eaa80000, 0x00000000f1b80000, 0x0000000100000000)
  eden space 98304K, 0% used [0x00000000eaa80000,0x00000000eaa80000,0x00000000f0a80000)
  from space 8704K, 44% used [0x00000000f1300000,0x00000000f16c40b0,0x00000000f1b80000)
  to   space 8704K, 0% used [0x00000000f0a80000,0x00000000f0a80000,0x00000000f1300000)
 ParOldGen       total 62464K, used 9883K [0x00000000c0000000, 0x00000000c3d00000, 0x00000000eaa80000)
  object space 62464K, 15% used [0x00000000c0000000,0x00000000c09a6fe8,0x00000000c3d00000)
 PSPermGen       total 21504K, used 21016K [0x00000000b0000000, 0x00000000b1500000, 0x00000000c0000000)
  object space 21504K, 97% used [0x00000000b0000000,0x00000000b14860b0,0x00000000b1500000)
}
Event: 5.141 GC heap before
{Heap before GC invocations=7 (full 0):
 PSYoungGen      total 107008K, used 102160K [0x00000000eaa80000, 0x00000000f1b80000, 0x0000000100000000)
  eden space 98304K, 100% used [0x00000000eaa80000,0x00000000f0a80000,0x00000000f0a80000)
  from space 8704K, 44% used [0x00000000f1300000,0x00000000f16c40b0,0x00000000f1b80000)
  to   space 8704K, 0% used [0x00000000f0a80000,0x00000000f0a80000,0x00000000f1300000)
 ParOldGen       total 62464K, used 9883K [0x00000000c0000000, 0x00000000c3d00000, 0x00000000eaa80000)
  object space 62464K, 15% used [0x00000000c0000000,0x00000000c09a6fe8,0x00000000c3d00000)
 PSPermGen       total 25088K, used 24622K [0x00000000b0000000, 0x00000000b1880000, 0x00000000c0000000)
  object space 25088K, 98% used [0x00000000b0000000,0x00000000b180bbb8,0x00000000b1880000)
Event: 5.163 GC heap after
Heap after GC invocations=7 (full 0):
 PSYoungGen      total 107008K, used 8683K [0x00000000eaa80000, 0x00000000f7f80000, 0x0000000100000000)
  eden space 98304K, 0% used [0x00000000eaa80000,0x00000000eaa80000,0x00000000f0a80000)
  from space 8704K, 99% used [0x00000000f0a80000,0x00000000f12fac58,0x00000000f1300000)
  to   space 10752K, 0% used [0x00000000f7500000,0x00000000f7500000,0x00000000f7f80000)
 ParOldGen       total 62464K, used 11708K [0x00000000c0000000, 0x00000000c3d00000, 0x00000000eaa80000)
  object space 62464K, 18% used [0x00000000c0000000,0x00000000c0b6f0d0,0x00000000c3d00000)
 PSPermGen       total 25088K, used 24622K [0x00000000b0000000, 0x00000000b1880000, 0x00000000c0000000)
  object space 25088K, 98% used [0x00000000b0000000,0x00000000b180bbb8,0x00000000b1880000)
}
Event: 7.591 GC heap before
{Heap before GC invocations=8 (full 0):
 PSYoungGen      total 107008K, used 106987K [0x00000000eaa80000, 0x00000000f7f80000, 0x0000000100000000)
  eden space 98304K, 100% used [0x00000000eaa80000,0x00000000f0a80000,0x00000000f0a80000)
  from space 8704K, 99% used [0x00000000f0a80000,0x00000000f12fac58,0x00000000f1300000)
  to   space 10752K, 0% used [0x00000000f7500000,0x00000000f7500000,0x00000000f7f80000)
 ParOldGen       total 62464K, used 11708K [0x00000000c0000000, 0x00000000c3d00000, 0x00000000eaa80000)
  object space 62464K, 18% used [0x00000000c0000000,0x00000000c0b6f0d0,0x00000000c3d00000)
 PSPermGen       total 31744K, used 31421K [0x00000000b0000000, 0x00000000b1f00000, 0x00000000c0000000)
  object space 31744K, 98% used [0x00000000b0000000,0x00000000b1eaf500,0x00000000b1f00000)
Event: 7.655 GC heap after
Heap after GC invocations=8 (full 0):
 PSYoungGen      total 203264K, used 10724K [0x00000000eaa80000, 0x00000000f8780000, 0x0000000100000000)
  eden space 192512K, 0% used [0x00000000eaa80000,0x00000000eaa80000,0x00000000f6680000)
  from space 10752K, 99% used [0x00000000f7500000,0x00000000f7f792c0,0x00000000f7f80000)
  to   space 14848K, 0% used [0x00000000f6680000,0x00000000f6680000,0x00000000f7500000)
 ParOldGen       total 62464K, used 17477K [0x00000000c0000000, 0x00000000c3d00000, 0x00000000eaa80000)
  object space 62464K, 27% used [0x00000000c0000000,0x00000000c11117d0,0x00000000c3d00000)
 PSPermGen       total 31744K, used 31421K [0x00000000b0000000, 0x00000000b1f00000, 0x00000000c0000000)
  object space 31744K, 98% used [0x00000000b0000000,0x00000000b1eaf500,0x00000000b1f00000)
}

Deoptimization events (10 events):
Event: 9.337 Thread 0x00007f3e18008000 Uncommon trap: reason=unreached action=reinterpret pc=0x00007f3e55297938 method=org.codehaus.groovy.runtime.metaclass.MetaMethodIndex.copyNonPrivateNonNewMetaMethods(Lorg/codehaus/groovy/runtime/metaclass/MetaMethodIndex$Entry;Lorg/codehaus/groovy/runtime
Event: 9.337 Thread 0x00007f3e18008000 Uncommon trap: reason=unreached action=reinterpret pc=0x00007f3e552d40a8 method=groovy.lang.MetaClassImpl$1MOPIter.methodNameAction(Ljava/lang/Class;Lorg/codehaus/groovy/runtime/metaclass/MetaMethodIndex$Entry;)V @ 259
Event: 9.341 Thread 0x00007f3e18008000 Uncommon trap: reason=null_check action=make_not_entrant pc=0x00007f3e553010b4 method=com.sun.beans.WeakCache.get(Ljava/lang/Object;)Ljava/lang/Object; @ 10
Event: 9.506 Thread 0x00007f3e18008000 Uncommon trap: reason=null_check action=make_not_entrant pc=0x00007f3e55272fd0 method=java.lang.Boolean.equals(Ljava/lang/Object;)Z @ 1
Event: 9.907 Thread 0x00007f3e18008000 Uncommon trap: reason=array_check action=maybe_recompile pc=0x00007f3e550c3af4 method=java.util.ComparableTimSort.binarySort([Ljava/lang/Object;III)V @ 193
Event: 9.908 Thread 0x00007f3e18008000 Uncommon trap: reason=array_check action=maybe_recompile pc=0x00007f3e550c3af4 method=java.util.ComparableTimSort.binarySort([Ljava/lang/Object;III)V @ 193
Event: 9.917 Thread 0x00007f3e18008000 Uncommon trap: reason=array_check action=maybe_recompile pc=0x00007f3e550c3a3c method=java.util.ComparableTimSort.binarySort([Ljava/lang/Object;III)V @ 215
Event: 9.917 Thread 0x00007f3e18008000 Uncommon trap: reason=array_check action=maybe_recompile pc=0x00007f3e550c3a3c method=java.util.ComparableTimSort.binarySort([Ljava/lang/Object;III)V @ 215
Event: 9.924 Thread 0x00007f3e18008000 Uncommon trap: reason=bimorphic action=maybe_recompile pc=0x00007f3e550ba710 method=java.util.regex.Pattern$Curly.match(Ljava/util/regex/Matcher;ILjava/lang/CharSequence;)Z @ 19
Event: 11.766 Thread 0x00007f3e18008000 Uncommon trap: reason=bimorphic action=maybe_recompile pc=0x00007f3e55216ab4 method=java.util.regex.Pattern$Branch.match(Ljava/util/regex/Matcher;ILjava/lang/CharSequence;)Z @ 32

Internal exceptions (10 events):
Event: 11.771 Thread 0x00007f3e18008000 Threw 0x00000000f15000f0 at /build/buildd/openjdk-7-7u71-2.5.3/build/openjdk/hotspot/src/share/vm/prims/jvm.cpp:1284
Event: 11.771 Thread 0x00007f3e18008000 Threw 0x00000000f150bd50 at /build/buildd/openjdk-7-7u71-2.5.3/build/openjdk/hotspot/src/share/vm/prims/jvm.cpp:1284
Event: 11.771 Thread 0x00007f3e18008000 Threw 0x00000000f150d708 at /build/buildd/openjdk-7-7u71-2.5.3/build/openjdk/hotspot/src/share/vm/prims/jvm.cpp:1284
Event: 11.771 Thread 0x00007f3e18008000 Threw 0x00000000f150e3e8 at /build/buildd/openjdk-7-7u71-2.5.3/build/openjdk/hotspot/src/share/vm/prims/jvm.cpp:1284
Event: 11.771 Thread 0x00007f3e18008000 Threw 0x00000000f1513dc8 at /build/buildd/openjdk-7-7u71-2.5.3/build/openjdk/hotspot/src/share/vm/prims/jvm.cpp:1284
Event: 11.771 Thread 0x00007f3e18008000 Threw 0x00000000f1514288 at /build/buildd/openjdk-7-7u71-2.5.3/build/openjdk/hotspot/src/share/vm/classfile/systemDictionary.cpp:185
Event: 11.774 Thread 0x00007f3e18008000 Threw 0x00000000f1533210 at /build/buildd/openjdk-7-7u71-2.5.3/build/openjdk/hotspot/src/share/vm/prims/jvm.cpp:1284
Event: 11.775 Thread 0x00007f3e18008000 Threw 0x00000000f153ae60 at /build/buildd/openjdk-7-7u71-2.5.3/build/openjdk/hotspot/src/share/vm/prims/jvm.cpp:1284
Event: 11.775 Thread 0x00007f3e18008000 Threw 0x00000000f153bdf0 at /build/buildd/openjdk-7-7u71-2.5.3/build/openjdk/hotspot/src/share/vm/prims/jvm.cpp:1284
Event: 11.775 Thread 0x00007f3e18008000 Threw 0x00000000f15448b0 at /build/buildd/openjdk-7-7u71-2.5.3/build/openjdk/hotspot/src/share/vm/prims/jvm.cpp:1284

Events (10 events):
Event: 11.771 loading class 0x00000000010aea90
Event: 11.771 loading class 0x00000000010aea90 done
Event: 11.771 loading class 0x00000000010aea90
Event: 11.771 loading class 0x00000000010aea90 done
Event: 11.771 loading class 0x00000000010aea90
Event: 11.771 loading class 0x00000000010aea90 done
Event: 11.774 loading class 0x0000000000e86ff0
Event: 11.774 loading class 0x0000000000e86ff0 done
Event: 11.775 loading class 0x00000000010548f0
Event: 11.775 loading class 0x00000000010548f0 done


Dynamic libraries:
00400000-00401000 r-xp 00000000 08:01 13246226                           /usr/lib/jvm/java-7-openjdk-amd64/jre/bin/java
00600000-00601000 r--p 00000000 08:01 13246226                           /usr/lib/jvm/java-7-openjdk-amd64/jre/bin/java
00601000-00602000 rw-p 00001000 08:01 13246226                           /usr/lib/jvm/java-7-openjdk-amd64/jre/bin/java
00646000-011f3000 rw-p 00000000 00:00 0                                  [heap]
b0000000-b2300000 rw-p 00000000 00:00 0 
b2300000-c0000000 rw-p 00000000 00:00 0 
c0000000-c3d00000 rw-p 00000000 00:00 0 
c3d00000-eaa80000 rw-p 00000000 00:00 0 
eaa80000-f8780000 rw-p 00000000 00:00 0 
f8780000-100000000 rw-p 00000000 00:00 0 
7f3e10000000-7f3e10021000 rw-p 00000000 00:00 0 
7f3e10021000-7f3e14000000 ---p 00000000 00:00 0 
7f3e18000000-7f3e18021000 rw-p 00000000 00:00 0 
7f3e18021000-7f3e1c000000 ---p 00000000 00:00 0 
7f3e1c000000-7f3e1c021000 rw-p 00000000 00:00 0 
7f3e1c021000-7f3e20000000 ---p 00000000 00:00 0 
7f3e20000000-7f3e2002e000 rw-p 00000000 00:00 0 
7f3e2002e000-7f3e24000000 ---p 00000000 00:00 0 
7f3e24000000-7f3e24021000 rw-p 00000000 00:00 0 
7f3e24021000-7f3e28000000 ---p 00000000 00:00 0 
7f3e29eab000-7f3e29eac000 rw-p 00000000 00:00 0 
7f3e29eac000-7f3e29eae000 r--s 0000d000 08:01 5245444                    /home/pcs20/Desktop/Android/android-studio/gradle/m2repository/commons-codec/commons-codec/1.4/commons-codec-1.4.jar
7f3e29eae000-7f3e29eb0000 r--s 0000d000 08:01 5245204                    /home/pcs20/Desktop/Android/android-studio/gradle/m2repository/commons-logging/commons-logging/1.1.1/commons-logging-1.1.1.jar
7f3e29eb0000-7f3e29eb5000 r--s 00028000 08:01 5245238                    /home/pcs20/Desktop/Android/android-studio/gradle/m2repository/org/apache/httpcomponents/httpcore/4.1/httpcore-4.1.jar
7f3e29eb5000-7f3e29eb7000 r--s 00004000 08:01 5245303                    /home/pcs20/Desktop/Android/android-studio/gradle/m2repository/org/ow2/asm/asm-tree/4.0/asm-tree-4.0.jar
7f3e29eb7000-7f3e29ec0000 r--s 000a7000 08:01 5245357                    /home/pcs20/Desktop/Android/android-studio/gradle/m2repository/com/android/tools/external/lombok/lombok-ast/0.2.2/lombok-ast-0.2.2.jar
7f3e29ec0000-7f3e29ec2000 r--s 0000a000 08:01 5245300                    /home/pcs20/Desktop/Android/android-studio/gradle/m2repository/org/ow2/asm/asm/4.0/asm-4.0.jar
7f3e29ec2000-7f3e29ec3000 r--s 0000a000 08:01 5245440                    /home/pcs20/Desktop/Android/android-studio/gradle/m2repository/net/sf/kxml/kxml2/2.3.0/kxml2-2.3.0.jar
7f3e29ec3000-7f3e29eee000 r--s 001f9000 08:01 5245328                    /home/pcs20/Desktop/Android/android-studio/gradle/m2repository/com/google/guava/guava/17.0/guava-17.0.jar
7f3e29eee000-7f3e29ef5000 r--s 00053000 08:01 5245255                    /home/pcs20/Desktop/Android/android-studio/gradle/m2repository/org/apache/commons/commons-compress/1.8.1/commons-compress-1.8.1.jar
7f3e29ef5000-7f3e29ef8000 r--s 00011000 08:01 5245362                    /home/pcs20/Desktop/Android/android-studio/gradle/m2repository/com/android/tools/layoutlib/layoutlib-api/24.0.0/layoutlib-api-24.0.0.jar
7f3e29ef8000-7f3e29efa000 r--s 00005000 08:01 5245231                    /home/pcs20/Desktop/Android/android-studio/gradle/m2repository/org/apache/httpcomponents/httpmime/4.1/httpmime-4.1.jar
7f3e29efa000-7f3e29f02000 r--s 0004e000 08:01 5245247                    /home/pcs20/Desktop/Android/android-studio/gradle/m2repository/org/apache/httpcomponents/httpclient/4.1.1/httpclient-4.1.1.jar
7f3e29f02000-7f3e29f03000 r--s 00005000 08:01 5245373                    /home/pcs20/Desktop/Android/android-studio/gradle/m2repository/com/android/tools/dvlib/24.0.0/dvlib-24.0.0.jar
7f3e29f03000-7f3e29f04000 r--s 00004000 08:01 5245292                    /home/pcs20/Desktop/Android/android-studio/gradle/m2repository/org/ow2/asm/asm-analysis/4.0/asm-analysis-4.0.jar
7f3e29f04000-7f3e29f07000 r--s 00029000 08:01 5245349                    /home/pcs20/Desktop/Android/android-studio/gradle/m2repository/com/android/tools/lint/lint-api/24.0.0/lint-api-24.0.0.jar
7f3e29f07000-7f3e29f17000 r--s 000d3000 08:01 5245422                    /home/pcs20/Desktop/Android/android-studio/gradle/m2repository/net/sf/proguard/proguard-base/5.1/proguard-base-5.1.jar
7f3e29f17000-7f3e29f25000 r--s 00081000 08:01 5245273                    /home/pcs20/Desktop/Android/android-studio/gradle/m2repository/org/bouncycastle/bcpkix-jdk15on/1.48/bcpkix-jdk15on-1.48.jar
7f3e29f25000-7f3e29f27000 r--s 00003000 08:01 5245393                    /home/pcs20/Desktop/Android/android-studio/gradle/m2repository/com/android/tools/build/builder-model/1.0.0/builder-model-1.0.0.jar
7f3e29f27000-7f3e29f2a000 r--s 00029000 08:01 5245410                    /home/pcs20/Desktop/Android/android-studio/gradle/m2repository/com/android/tools/build/manifest-merger/24.0.0/manifest-merger-24.0.0.jar
7f3e29f2a000-7f3e29f2f000 r--s 00042000 08:01 5245383                    /home/pcs20/Desktop/Android/android-studio/gradle/m2repository/com/android/tools/ddms/ddmlib/24.0.0/ddmlib-24.0.0.jar
7f3e29f2f000-7f3e29f30000 r--s 00000000 08:01 5245400                    /home/pcs20/Desktop/Android/android-studio/gradle/m2repository/com/android/tools/build/builder-test-api/1.0.0/builder-test-api-1.0.0.jar
7f3e29f30000-7f3e29f32000 r--s 00002000 08:01 5245318                    /home/pcs20/Desktop/Android/android-studio/gradle/m2repository/com/squareup/javawriter/2.5.0/javawriter-2.5.0.jar
7f3e29f32000-7f3e29f34000 r--s 00014000 08:01 5245376                    /home/pcs20/Desktop/Android/android-studio/gradle/m2repository/com/android/tools/common/24.0.0/common-24.0.0.jar
7f3e29f34000-7f3e29f3e000 r--s 000a8000 08:01 5245413                    /home/pcs20/Desktop/Android/android-studio/gradle/m2repository/com/android/tools/sdklib/24.0.0/sdklib-24.0.0.jar
7f3e29f3e000-7f3e29f71000 r--s 00203000 08:01 5245279                    /home/pcs20/Desktop/Android/android-studio/gradle/m2repository/org/bouncycastle/bcprov-jdk15on/1.48/bcprov-jdk15on-1.48.jar
7f3e29f71000-7f3e29f76000 r--s 00047000 08:01 5245366                    /home/pcs20/Desktop/Android/android-studio/gradle/m2repository/com/android/tools/sdk-common/24.0.0/sdk-common-24.0.0.jar
7f3e29f76000-7f3e29f7b000 r--s 0008c000 08:01 5245344                    /home/pcs20/Desktop/Android/android-studio/gradle/m2repository/com/android/tools/lint/lint-checks/24.0.0/lint-checks-24.0.0.jar
7f3e29f7b000-7f3e29f8a000 r--s 001a9000 08:01 5245217                    /home/pcs20/Desktop/Android/android-studio/gradle/m2repository/org/eclipse/jdt/core/compiler/ecj/4.2.2/ecj-4.2.2.jar
7f3e29f8a000-7f3e29f8b000 r--s 00002000 08:01 5245427                    /home/pcs20/Desktop/Android/android-studio/gradle/m2repository/net/sf/proguard/proguard-gradle/5.1/proguard-gradle-5.1.jar
7f3e29f8b000-7f3e29f8f000 r--s 00031000 08:01 5245390                    /home/pcs20/Desktop/Android/android-studio/gradle/m2repository/com/android/tools/build/builder/1.0.0/builder-1.0.0.jar
7f3e29f8f000-7f3e29f91000 r--s 00018000 08:01 5245339                    /home/pcs20/Desktop/Android/android-studio/gradle/m2repository/com/android/tools/lint/lint/24.0.0/lint-24.0.0.jar
7f3e29f91000-7f3e29fa1000 r--s 00138000 08:01 5245405                    /home/pcs20/Desktop/Android/android-studio/gradle/m2repository/com/android/tools/build/gradle/1.0.0/gradle-1.0.0.jar
7f3e29fa1000-7f3e29faa000 r--s 000b9000 08:01 13246115                   /usr/lib/jvm/java-7-openjdk-amd64/jre/lib/resources.jar
7f3e29faa000-7f3e29fad000 ---p 00000000 00:00 0 
7f3e29fad000-7f3e29fe3000 rw-p 00000000 00:00 0                          [stack:16208]
7f3e29fe3000-7f3e29fe4000 r--p 00000000 00:00 0 
7f3e29fe4000-7f3e2a09e000 r--s 00fb5000 08:01 8783926                    /home/pcs20/.gradle/caches/jars-1/cbnyl77yvewctq49r8f6ez78xz9q8ez/openapi.jar
7f3e2a09e000-7f3e2a0a1000 ---p 00000000 00:00 0 
7f3e2a0a1000-7f3e2a19f000 rw-p 00000000 00:00 0                          [stack:16206]
7f3e2a19f000-7f3e2a209000 r--s 0069e000 08:01 13246376                   /usr/lib/jvm/java-7-openjdk-amd64/lib/tools.jar
7f3e2a209000-7f3e2a20c000 ---p 00000000 00:00 0 
7f3e2a20c000-7f3e2a30a000 rw-p 00000000 00:00 0                          [stack:16205]
7f3e2a30a000-7f3e2a30d000 ---p 00000000 00:00 0 
7f3e2a30d000-7f3e2a40b000 rw-p 00000000 00:00 0                          [stack:16202]
7f3e2a40b000-7f3e2a40e000 ---p 00000000 00:00 0 
7f3e2a40e000-7f3e2a50c000 rw-p 00000000 00:00 0                          [stack:16201]
7f3e2a50c000-7f3e2a50f000 ---p 00000000 00:00 0 
7f3e2a50f000-7f3e2a60d000 rw-p 00000000 00:00 0                          [stack:16200]
7f3e2a60d000-7f3e2a610000 ---p 00000000 00:00 0 
7f3e2a610000-7f3e2a70e000 rw-p 00000000 00:00 0                          [stack:16199]
7f3e2a70e000-7f3e2a711000 ---p 00000000 00:00 0 
7f3e2a711000-7f3e2a80f000 rw-p 00000000 00:00 0                          [stack:16198]
7f3e2a80f000-7f3e2a813000 r-xp 00000000 08:01 1573465                    /tmp/native-platform7719413161806944494dir/libnative-platform.so
7f3e2a813000-7f3e2aa12000 ---p 00004000 08:01 1573465                    /tmp/native-platform7719413161806944494dir/libnative-platform.so
7f3e2aa12000-7f3e2aa13000 rw-p 00003000 08:01 1573465                    /tmp/native-platform7719413161806944494dir/libnative-platform.so
7f3e2aa13000-7f3e2aa18000 r--s 00026000 08:01 9703653                    /home/pcs20/.gradle/wrapper/dists/gradle-2.2.1-all/c64ydeuardnfqctvr1gm30w53/gradle-2.2.1/lib/plugins/gradle-build-init-2.2.1.jar
7f3e2aa18000-7f3e2aa1a000 r--s 00003000 08:01 8783765                    /home/pcs20/.gradle/caches/jars-1/24880ifhwi29j847tezyo3j8j83rmlo/builder-model-1.0.0.jar
7f3e2aa1a000-7f3e2aa1b000 r--s 00000000 08:01 8783767                    /home/pcs20/.gradle/caches/jars-1/dg22azhabc6tsc1i8xni15giz1bnssh/gradle-appengine-builder-model-0.1.0.jar
7f3e2aa1b000-7f3e2aa1d000 r--s 00005000 08:01 8783924                    /home/pcs20/.gradle/caches/jars-1/ol96da092p3inbv0pcxztin5qjaq2ad/gradle-tooling-extension-api.jar
7f3e2aa1d000-7f3e2aa23000 r--s 00026000 08:01 8783759                    /home/pcs20/.gradle/caches/jars-1/qlb402qqdb9mu9614i3hr843cfch7zw/gradle-base-services-2.2.jar
7f3e2aa23000-7f3e2aa4b000 r--s 001cf000 08:01 8783757                    /home/pcs20/.gradle/caches/jars-1/87eo0lrvp84r6dbxjq018wy66es2era/guava-jdk5-17.0.jar
7f3e2aa4b000-7f3e2aa54000 r--s 0002c000 08:01 8783755                    /home/pcs20/.gradle/caches/jars-1/ltkluv74baem3ersp41z8rutm6he5v5/gradle-tooling-api-2.2.jar
7f3e2aa54000-7f3e2aa5b000 r--s 00000000 08:01 13507037                   /usr/lib/x86_64-linux-gnu/gconv/gconv-modules.cache
7f3e2aa5b000-7f3e2aa60000 r--s 0004c000 08:01 13246172                   /usr/lib/jvm/java-7-openjdk-amd64/jre/lib/jsse.jar
7f3e2aa60000-7f3e2aa61000 r--s 00001000 08:01 9703663                    /home/pcs20/.gradle/wrapper/dists/gradle-2.2.1-all/c64ydeuardnfqctvr1gm30w53/gradle-2.2.1/lib/plugins/gradle-plugin-development-2.2.1.jar
7f3e2aa61000-7f3e2aa63000 r--s 00002000 08:01 9703662                    /home/pcs20/.gradle/wrapper/dists/gradle-2.2.1-all/c64ydeuardnfqctvr1gm30w53/gradle-2.2.1/lib/plugins/gradle-cunit-2.2.1.jar
7f3e2aa63000-7f3e2aa68000 r--s 00036000 08:01 9703661                    /home/pcs20/.gradle/wrapper/dists/gradle-2.2.1-all/c64ydeuardnfqctvr1gm30w53/gradle-2.2.1/lib/plugins/gradle-ide-native-2.2.1.jar
7f3e2aa68000-7f3e2aa6d000 r--s 00013000 08:01 9703660                    /home/pcs20/.gradle/wrapper/dists/gradle-2.2.1-all/c64ydeuardnfqctvr1gm30w53/gradle-2.2.1/lib/plugins/gradle-language-native-2.2.1.jar
7f3e2aa6d000-7f3e2aa78000 r--s 0004d000 08:01 9703659                    /home/pcs20/.gradle/wrapper/dists/gradle-2.2.1-all/c64ydeuardnfqctvr1gm30w53/gradle-2.2.1/lib/plugins/gradle-platform-native-2.2.1.jar
7f3e2aa78000-7f3e2aa7a000 r--s 00008000 08:01 9703658                    /home/pcs20/.gradle/wrapper/dists/gradle-2.2.1-all/c64ydeuardnfqctvr1gm30w53/gradle-2.2.1/lib/plugins/gradle-language-groovy-2.2.1.jar
7f3e2aa7a000-7f3e2aa7f000 r--s 00022000 08:01 9703657                    /home/pcs20/.gradle/wrapper/dists/gradle-2.2.1-all/c64ydeuardnfqctvr1gm30w53/gradle-2.2.1/lib/plugins/gradle-language-java-2.2.1.jar
7f3e2aa7f000-7f3e2aa82000 r--s 00007000 08:01 9703656                    /home/pcs20/.gradle/wrapper/dists/gradle-2.2.1-all/c64ydeuardnfqctvr1gm30w53/gradle-2.2.1/lib/plugins/gradle-language-jvm-2.2.1.jar
7f3e2aa82000-7f3e2aa85000 r--s 00009000 08:01 9703655                    /home/pcs20/.gradle/wrapper/dists/gradle-2.2.1-all/c64ydeuardnfqctvr1gm30w53/gradle-2.2.1/lib/plugins/gradle-platform-jvm-2.2.1.jar
7f3e2aa85000-7f3e2aa8a000 r--s 00018000 08:01 9703654                    /home/pcs20/.gradle/wrapper/dists/gradle-2.2.1-all/c64ydeuardnfqctvr1gm30w53/gradle-2.2.1/lib/plugins/gradle-platform-base-2.2.1.jar
7f3e2aa8a000-7f3e2aaad000 r--s 00344000 08:01 9703698                    /home/pcs20/.gradle/wrapper/dists/gradle-2.2.1-all/c64ydeuardnfqctvr1gm30w53/gradle-2.2.1/lib/plugins/core-3.1.1.jar
7f3e2aaad000-7f3e2aab0000 r--s 0001d000 08:01 9703652                    /home/pcs20/.gradle/wrapper/dists/gradle-2.2.1-all/c64ydeuardnfqctvr1gm30w53/gradle-2.2.1/lib/plugins/gradle-jacoco-2.2.1.jar
7f3e2aab0000-7f3e2aab3000 r--s 0000d000 08:01 9703651                    /home/pcs20/.gradle/wrapper/dists/gradle-2.2.1-all/c64ydeuardnfqctvr1gm30w53/gradle-2.2.1/lib/plugins/gradle-ivy-2.2.1.jar
7f3e2aab3000-7f3e2aab5000 r--s 00002000 08:01 9703650                    /home/pcs20/.gradle/wrapper/dists/gradle-2.2.1-all/c64ydeuardnfqctvr1gm30w53/gradle-2.2.1/lib/plugins/gradle-publish-2.2.1.jar
7f3e2aab5000-7f3e2aab7000 r--s 00005000 08:01 9703688                    /home/pcs20/.gradle/wrapper/dists/gradle-2.2.1-all/c64ydeuardnfqctvr1gm30w53/gradle-2.2.1/lib/plugins/jatl-0.2.2.jar
7f3e2aab7000-7f3e2aab9000 r--s 0000f000 08:01 9703649                    /home/pcs20/.gradle/wrapper/dists/gradle-2.2.1-all/c64ydeuardnfqctvr1gm30w53/gradle-2.2.1/lib/plugins/gradle-reporting-2.2.1.jar
7f3e2aab9000-7f3e2aabe000 r--s 00034000 08:01 9703648                    /home/pcs20/.gradle/wrapper/dists/gradle-2.2.1-all/c64ydeuardnfqctvr1gm30w53/gradle-2.2.1/lib/plugins/gradle-diagnostics-2.2.1.jar
7f3e2aabe000-7f3e2aac5000 r--s 00090000 08:01 9703647                    /home/pcs20/.gradle/wrapper/dists/gradle-2.2.1-all/c64ydeuardnfqctvr1gm30w53/gradle-2.2.1/lib/plugins/gradle-build-comparison-2.2.1.jar
7f3e2aac5000-7f3e2aacc000 r--s 00035000 08:01 9703687                    /home/pcs20/.gradle/wrapper/dists/gradle-2.2.1-all/c64ydeuardnfqctvr1gm30w53/gradle-2.2.1/lib/plugins/simple-4.1.21.jar
7f3e2aacc000-7f3e2aad8000 r--s 00100000 08:01 9703685                    /home/pcs20/.gradle/wrapper/dists/gradle-2.2.1-all/c64ydeuardnfqctvr1gm30w53/gradle-2.2.1/lib/plugins/rhino-1.7R3.jar
7f3e2aad8000-7f3e2aadd000 r--s 0001f000 08:01 9703646                    /home/pcs20/.gradle/wrapper/dists/gradle-2.2.1-all/c64ydeuardnfqctvr1gm30w53/gradle-2.2.1/lib/plugins/gradle-javascript-2.2.1.jar
7f3e2aadd000-7f3e2aadf000 r--s 0000e000 08:01 9703645                    /home/pcs20/.gradle/wrapper/dists/gradle-2.2.1-all/c64ydeuardnfqctvr1gm30w53/gradle-2.2.1/lib/plugins/gradle-ear-2.2.1.jar
7f3e2aadf000-7f3e2aae3000 r--s 00025000 08:01 9703684                    /home/pcs20/.gradle/wrapper/dists/gradle-2.2.1-all/c64ydeuardnfqctvr1gm30w53/gradle-2.2.1/lib/plugins/bcpg-jdk15-1.46.jar
7f3e2aae3000-7f3e2aae6000 r--s 0001d000 08:01 9703644                    /home/pcs20/.gradle/wrapper/dists/gradle-2.2.1-all/c64ydeuardnfqctvr1gm30w53/gradle-2.2.1/lib/plugins/gradle-signing-2.2.1.jar
7f3e2aae6000-7f3e2aae9000 r--s 00018000 08:01 9703643                    /home/pcs20/.gradle/wrapper/dists/gradle-2.2.1-all/c64ydeuardnfqctvr1gm30w53/gradle-2.2.1/lib/plugins/gradle-sonar-2.2.1.jar
7f3e2aae9000-7f3e2aaec000 r--s 00017000 08:01 9703642                    /home/pcs20/.gradle/wrapper/dists/gradle-2.2.1-all/c64ydeuardnfqctvr1gm30w53/gradle-2.2.1/lib/plugins/gradle-scala-2.2.1.jar
7f3e2aaec000-7f3e2aaee000 r--s 0000e000 08:01 9703641                    /home/pcs20/.gradle/wrapper/dists/gradle-2.2.1-all/c64ydeuardnfqctvr1gm30w53/gradle-2.2.1/lib/plugins/gradle-announce-2.2.1.jar
7f3e2aaee000-7f3e2aafc000 r--s 000bc000 08:01 9703640                    /home/pcs20/.gradle/wrapper/dists/gradle-2.2.1-all/c64ydeuardnfqctvr1gm30w53/gradle-2.2.1/lib/plugins/gradle-ide-2.2.1.jar
7f3e2aafc000-7f3e2ab14000 r--s 0013b000 08:01 9703678                    /home/pcs20/.gradle/wrapper/dists/gradle-2.2.1-all/c64ydeuardnfqctvr1gm30w53/gradle-2.2.1/lib/plugins/bndlib-2.1.0.jar
7f3e2ab14000-7f3e2ab20000 r--s 00075000 08:01 9703634                    /home/pcs20/.gradle/wrapper/dists/gradle-2.2.1-all/c64ydeuardnfqctvr1gm30w53/gradle-2.2.1/lib/plugins/gradle-plugins-2.2.1.jar
7f3e2ab20000-7f3e2ab21000 r--s 00002000 08:01 9703683                    /home/pcs20/.gradle/wrapper/dists/gradle-2.2.1-all/c64ydeuardnfqctvr1gm30w53/gradle-2.2.1/lib/plugins/sonar-batch-bootstrapper-2.9.jar
7f3e2ab21000-7f3e2ab23000 r--s 00000000 08:01 9703682                    /home/pcs20/.gradle/wrapper/dists/gradle-2.2.1-all/c64ydeuardnfqctvr1gm30w53/gradle-2.2.1/lib/plugins/plexus-component-annotations-1.5.2.jar
7f3e2ab23000-7f3e2ab26000 r--s 0000c000 08:01 9703681                    /home/pcs20/.gradle/wrapper/dists/gradle-2.2.1-all/c64ydeuardnfqctvr1gm30w53/gradle-2.2.1/lib/plugins/pmaven-groovy-0.8-20100325.jar
7f3e2ab26000-7f3e2ab27000 r--s 00004000 08:01 9703680                    /home/pcs20/.gradle/wrapper/dists/gradle-2.2.1-all/c64ydeuardnfqctvr1gm30w53/gradle-2.2.1/lib/plugins/pmaven-common-0.8-20100325.jar
7f3e2ab27000-7f3e2ab2b000 r--s 0001e000 08:01 9703639                    /home/pcs20/.gradle/wrapper/dists/gradle-2.2.1-all/c64ydeuardnfqctvr1gm30w53/gradle-2.2.1/lib/plugins/gradle-maven-2.2.1.jar
7f3e2ab2b000-7f3e2ab2d000 r--s 00004000 08:01 9703638                    /home/pcs20/.gradle/wrapper/dists/gradle-2.2.1-all/c64ydeuardnfqctvr1gm30w53/gradle-2.2.1/lib/plugins/gradle-osgi-2.2.1.jar
7f3e2ab2d000-7f3e2ab32000 r--s 00068000 08:01 9703677                    /home/pcs20/.gradle/wrapper/dists/gradle-2.2.1-all/c64ydeuardnfqctvr1gm30w53/gradle-2.2.1/lib/plugins/antlr-2.7.7.jar
7f3e2ab32000-7f3e2ab33000 r--s 00002000 08:01 9703676                    /home/pcs20/.gradle/wrapper/dists/gradle-2.2.1-all/c64ydeuardnfqctvr1gm30w53/gradle-2.2.1/lib/plugins/ant-antlr-1.9.3.jar
7f3e2ab33000-7f3e2ab35000 r--s 00004000 08:01 9703637                    /home/pcs20/.gradle/wrapper/dists/gradle-2.2.1-all/c64ydeuardnfqctvr1gm30w53/gradle-2.2.1/lib/plugins/gradle-antlr-2.2.1.jar
7f3e2ab35000-7f3e2ab38000 r--s 0001e000 08:01 9703699                    /home/pcs20/.gradle/wrapper/dists/gradle-2.2.1-all/c64ydeuardnfqctvr1gm30w53/gradle-2.2.1/lib/plugins/jsp-api-2.1-6.1.14.jar
7f3e2ab38000-7f3e2ab39000 r--s 00006000 08:01 9703697                    /home/pcs20/.gradle/wrapper/dists/gradle-2.2.1-all/c64ydeuardnfqctvr1gm30w53/gradle-2.2.1/lib/plugins/jetty-naming-6.1.25.jar
7f3e2ab39000-7f3e2ab3a000 r--s 00002000 08:01 9703675                    /home/pcs20/.gradle/wrapper/dists/gradle-2.2.1-all/c64ydeuardnfqctvr1gm30w53/gradle-2.2.1/lib/plugins/geronimo-annotation_1.0_spec-1.0.jar
7f3e2ab3a000-7f3e2ab3c000 r--s 00002000 08:01 9703674                    /home/pcs20/.gradle/wrapper/dists/gradle-2.2.1-all/c64ydeuardnfqctvr1gm30w53/gradle-2.2.1/lib/plugins/jetty-annotations-6.1.25.jar
7f3e2ab3c000-7f3e2ab4d000 r--s 000ea000 08:01 9703673                    /home/pcs20/.gradle/wrapper/dists/gradle-2.2.1-all/c64ydeuardnfqctvr1gm30w53/gradle-2.2.1/lib/plugins/jsp-2.1-6.1.14.jar
7f3e2ab4d000-7f3e2ab4f000 r--s 0000d000 08:01 9703672                    /home/pcs20/.gradle/wrapper/dists/gradle-2.2.1-all/c64ydeuardnfqctvr1gm30w53/gradle-2.2.1/lib/plugins/jetty-plus-6.1.25.jar
7f3e2ab4f000-7f3e2ab51000 r--s 0001f000 08:01 9703671                    /home/pcs20/.gradle/wrapper/dists/gradle-2.2.1-all/c64ydeuardnfqctvr1gm30w53/gradle-2.2.1/lib/plugins/servlet-api-2.5-20081211.jar
7f3e2ab51000-7f3e2ab55000 r--s 00028000 08:01 9703670                    /home/pcs20/.gradle/wrapper/dists/gradle-2.2.1-all/c64ydeuardnfqctvr1gm30w53/gradle-2.2.1/lib/plugins/jetty-util-6.1.25.jar
7f3e2ab55000-7f3e2ab5c000 r--s 0007d000 08:01 9703669                    /home/pcs20/.gradle/wrapper/dists/gradle-2.2.1-all/c64ydeuardnfqctvr1gm30w53/gradle-2.2.1/lib/plugins/jetty-6.1.25.jar
7f3e2ab5c000-7f3e2ab5e000 r--s 00009000 08:01 9703636                    /home/pcs20/.gradle/wrapper/dists/gradle-2.2.1-all/c64ydeuardnfqctvr1gm30w53/gradle-2.2.1/lib/plugins/gradle-jetty-2.2.1.jar
7f3e2ab5e000-7f3e2ab63000 r--s 00041000 08:01 9703635                    /home/pcs20/.gradle/wrapper/dists/gradle-2.2.1-all/c64ydeuardnfqctvr1gm30w53/gradle-2.2.1/lib/plugins/gradle-code-quality-2.2.1.jar
7f3e2ab63000-7f3e2ab65000 r--s 00009000 08:01 9703707                    /home/pcs20/.gradle/wrapper/dists/gradle-2.2.1-all/c64ydeuardnfqctvr1gm30w53/gradle-2.2.1/lib/plugins/hamcrest-core-1.3.jar
7f3e2ab65000-7f3e2ab6b000 r--s 00033000 08:01 9703696                    /home/pcs20/.gradle/wrapper/dists/gradle-2.2.1-all/c64ydeuardnfqctvr1gm30w53/gradle-2.2.1/lib/plugins/snakeyaml-1.6.jar
7f3e2ab6b000-7f3e2ab6d000 r--s 00006000 08:01 9703695                    /home/pcs20/.gradle/wrapper/dists/gradle-2.2.1-all/c64ydeuardnfqctvr1gm30w53/gradle-2.2.1/lib/plugins/jcommander-1.12.jar
7f3e2ab6d000-7f3e2ab72000 r--s 00040000 08:01 9703694                    /home/pcs20/.gradle/wrapper/dists/gradle-2.2.1-all/c64ydeuardnfqctvr1gm30w53/gradle-2.2.1/lib/plugins/bsh-2.0b4.jar
7f3e2ab72000-7f3e2ab74000 r--s 00009000 08:01 9703668                    /home/pcs20/.gradle/wrapper/dists/gradle-2.2.1-all/c64ydeuardnfqctvr1gm30w53/gradle-2.2.1/lib/plugins/commons-cli-1.2.jar
7f3e2ab74000-7f3e2ab7d000 r--s 00089000 08:01 9703667                    /home/pcs20/.gradle/wrapper/dists/gradle-2.2.1-all/c64ydeuardnfqctvr1gm30w53/gradle-2.2.1/lib/plugins/testng-6.3.1.jar
7f3e2ab7d000-7f3e2ab83000 r--s 00036000 08:01 9703666                    /home/pcs20/.gradle/wrapper/dists/gradle-2.2.1-all/c64ydeuardnfqctvr1gm30w53/gradle-2.2.1/lib/plugins/junit-4.11.jar
7f3e2ab83000-7f3e2ab86000 r--s 00011000 08:01 9703664                    /home/pcs20/.gradle/wrapper/dists/gradle-2.2.1-all/c64ydeuardnfqctvr1gm30w53/gradle-2.2.1/lib/plugins/gradle-plugin-use-2.2.1.jar
7f3e2ab86000-7f3e2ab9e000 r--s 00115000 08:01 9703705                    /home/pcs20/.gradle/wrapper/dists/gradle-2.2.1-all/c64ydeuardnfqctvr1gm30w53/gradle-2.2.1/lib/plugins/xercesImpl-2.9.1.jar
7f3e2ab9e000-7f3e2aba6000 r--s 00028000 08:01 9703706                    /home/pcs20/.gradle/wrapper/dists/gradle-2.2.1-all/c64ydeuardnfqctvr1gm30w53/gradle-2.2.1/lib/plugins/xml-apis-1.3.04.jar
7f3e2aba6000-7f3e2abac000 r--s 0005b000 08:01 9703704                    /home/pcs20/.gradle/wrapper/dists/gradle-2.2.1-all/c64ydeuardnfqctvr1gm30w53/gradle-2.2.1/lib/plugins/jcifs-1.3.17.jar
7f3e2abac000-7f3e2abb2000 r--s 00031000 08:01 9703703                    /home/pcs20/.gradle/wrapper/dists/gradle-2.2.1-all/c64ydeuardnfqctvr1gm30w53/gradle-2.2.1/lib/plugins/httpcore-4.2.2.jar
7f3e2abb2000-7f3e2abb8000 r--s 00033000 08:01 9703702                    /home/pcs20/.gradle/wrapper/dists/gradle-2.2.1-all/c64ydeuardnfqctvr1gm30w53/gradle-2.2.1/lib/plugins/commons-codec-1.6.jar
7f3e2abb8000-7f3e2abbb000 r--s 0001c000 08:01 9703701                    /home/pcs20/.gradle/wrapper/dists/gradle-2.2.1-all/c64ydeuardnfqctvr1gm30w53/gradle-2.2.1/lib/plugins/nekohtml-1.9.14.jar
7f3e2abbb000-7f3e2abc4000 r--s 00060000 08:01 9703700                    /home/pcs20/.gradle/wrapper/dists/gradle-2.2.1-all/c64ydeuardnfqctvr1gm30w53/gradle-2.2.1/lib/plugins/httpclient-4.2.2.jar
7f3e2abc4000-7f3e2abc6000 r--s 00007000 08:01 9703689                    /home/pcs20/.gradle/wrapper/dists/gradle-2.2.1-all/c64ydeuardnfqctvr1gm30w53/gradle-2.2.1/lib/plugins/gradle-resources-http-2.2.1.jar
7f3e2abc6000-7f3e2abee000 r--s 00194000 08:01 9703693                    /home/pcs20/.gradle/wrapper/dists/gradle-2.2.1-all/c64ydeuardnfqctvr1gm30w53/gradle-2.2.1/lib/plugins/bcprov-jdk15-1.46.jar
7f3e2abee000-7f3e2abf2000 r--s 0001d000 08:01 9703692                    /home/pcs20/.gradle/wrapper/dists/gradle-2.2.1-all/c64ydeuardnfqctvr1gm30w53/gradle-2.2.1/lib/plugins/xbean-reflect-3.4.jar
7f3e2abf2000-7f3e2abf7000 r--s 0002a000 08:01 9703686                    /home/pcs20/.gradle/wrapper/dists/gradle-2.2.1-all/c64ydeuardnfqctvr1gm30w53/gradle-2.2.1/lib/plugins/gson-2.2.4.jar
7f3e2abf7000-7f3e2abfb000 r--s 0003d000 08:01 9703691                    /home/pcs20/.gradle/wrapper/dists/gradle-2.2.1-all/c64ydeuardnfqctvr1gm30w53/gradle-2.2.1/lib/plugins/jsch-0.1.51.jar
7f3e2abfb000-7f3e2ac14000 r--s 00129000 08:01 9703679                    /home/pcs20/.gradle/wrapper/dists/gradle-2.2.1-all/c64ydeuardnfqctvr1gm30w53/gradle-2.2.1/lib/plugins/maven-ant-tasks-2.1.3.jar
7f3e2ac14000-7f3e2ac23000 r--s 000d9000 08:01 9703690                    /home/pcs20/.gradle/wrapper/dists/gradle-2.2.1-all/c64ydeuardnfqctvr1gm30w53/gradle-2.2.1/lib/plugins/ivy-2.2.0.jar
7f3e2ac23000-7f3e2ac27000 r--s 0001e000 08:01 9703633                    /home/pcs20/.gradle/wrapper/dists/gradle-2.2.1-all/c64ydeuardnfqctvr1gm30w53/gradle-2.2.1/lib/plugins/jarjar-aether-impl-1.13.1.jar
7f3e2ac27000-7f3e2ac2a000 r--s 00027000 08:01 9703632                    /home/pcs20/.gradle/wrapper/dists/gradle-2.2.1-all/c64ydeuardnfqctvr1gm30w53/gradle-2.2.1/lib/plugins/jarjar-maven-model-3.0.4.jar
7f3e2ac2a000-7f3e2ac2d000 r--s 0000b000 08:01 9703631                    /home/pcs20/.gradle/wrapper/dists/gradle-2.2.1-all/c64ydeuardnfqctvr1gm30w53/gradle-2.2.1/lib/plugins/jarjar-maven-artifact-3.0.4.jar
7f3e2ac2d000-7f3e2ac31000 r--s 0001e000 08:01 9703630                    /home/pcs20/.gradle/wrapper/dists/gradle-2.2.1-all/c64ydeuardnfqctvr1gm30w53/gradle-2.2.1/lib/plugins/jarjar-aether-util-1.13.1.jar
7f3e2ac31000-7f3e2ac33000 r--s 00007000 08:01 9703629                    /home/pcs20/.gradle/wrapper/dists/gradle-2.2.1-all/c64ydeuardnfqctvr1gm30w53/gradle-2.2.1/lib/plugins/jarjar-wagon-http-shared4-2.4.jar
7f3e2ac33000-7f3e2ac40000 r--s 00083000 08:01 9703628                    /home/pcs20/.gradle/wrapper/dists/gradle-2.2.1-all/c64ydeuardnfqctvr1gm30w53/gradle-2.2.1/lib/plugins/jarjar-maven-core-3.0.4.jar
7f3e2ac40000-7f3e2ac42000 r--s 00003000 08:01 9703627                    /home/pcs20/.gradle/wrapper/dists/gradle-2.2.1-all/c64ydeuardnfqctvr1gm30w53/gradle-2.2.1/lib/plugins/jarjar-aether-spi-1.13.1.jar
7f3e2ac42000-7f3e2ac44000 r--s 00009000 08:01 9703626                    /home/pcs20/.gradle/wrapper/dists/gradle-2.2.1-all/c64ydeuardnfqctvr1gm30w53/gradle-2.2.1/lib/plugins/jarjar-maven-settings-builder-3.0.4.jar
7f3e2ac44000-7f3e2ac48000 r--s 00014000 08:01 9703625                    /home/pcs20/.gradle/wrapper/dists/gradle-2.2.1-all/c64ydeuardnfqctvr1gm30w53/gradle-2.2.1/lib/plugins/jarjar-aether-api-1.13.1.jar
7f3e2ac48000-7f3e2ac4f000 r--s 00042000 08:01 9703623                    /home/pcs20/.gradle/wrapper/dists/gradle-2.2.1-all/c64ydeuardnfqctvr1gm30w53/gradle-2.2.1/lib/plugins/jarjar-maven-compat-3.0.4.jar
7f3e2ac4f000-7f3e2ac51000 r--s 00006000 08:01 9703622                    /home/pcs20/.gradle/wrapper/dists/gradle-2.2.1-all/c64ydeuardnfqctvr1gm30w53/gradle-2.2.1/lib/plugins/jarjar-aether-connector-wagon-1.13.1.jar
7f3e2ac51000-7f3e2ac53000 r--s 00000000 08:01 9703621                    /home/pcs20/.gradle/wrapper/dists/gradle-2.2.1-all/c64ydeuardnfqctvr1gm30w53/gradle-2.2.1/lib/plugins/jarjar-plexus-component-annotations-1.5.5.jar
7f3e2ac53000-7f3e2ac55000 r--s 00006000 08:01 9703620                    /home/pcs20/.gradle/wrapper/dists/gradle-2.2.1-all/c64ydeuardnfqctvr1gm30w53/gradle-2.2.1/lib/plugins/jarjar-plexus-sec-dispatcher-1.3.jar
7f3e2ac55000-7f3e2ac5a000 r--s 00022000 08:01 9703619                    /home/pcs20/.gradle/wrapper/dists/gradle-2.2.1-all/c64ydeuardnfqctvr1gm30w53/gradle-2.2.1/lib/plugins/jarjar-maven-model-builder-3.0.4.jar
7f3e2ac5a000-7f3e2ac5c000 r--s 0000b000 08:01 9703618                    /home/pcs20/.gradle/wrapper/dists/gradle-2.2.1-all/c64ydeuardnfqctvr1gm30w53/gradle-2.2.1/lib/plugins/jarjar-maven-plugin-api-3.0.4.jar
7f3e2ac5c000-7f3e2ac5f000 r--s 0000a000 08:01 9703617                    /home/pcs20/.gradle/wrapper/dists/gradle-2.2.1-all/c64ydeuardnfqctvr1gm30w53/gradle-2.2.1/lib/plugins/jarjar-plexus-classworlds-2.4.jar
7f3e2ac5f000-7f3e2ac63000 r--s 00035000 08:01 9703616                    /home/pcs20/.gradle/wrapper/dists/gradle-2.2.1-all/c64ydeuardnfqctvr1gm30w53/gradle-2.2.1/lib/plugins/jarjar-plexus-utils-2.0.6.jar
7f3e2ac63000-7f3e2ac65000 r--s 0000e000 08:01 9703615                    /home/pcs20/.gradle/wrapper/dists/gradle-2.2.1-all/c64ydeuardnfqctvr1gm30w53/gradle-2.2.1/lib/plugins/jarjar-plexus-interpolation-1.14.jar
7f3e2ac65000-7f3e2ac6d000 r--s 00031000 08:01 9703611                    /home/pcs20/.gradle/wrapper/dists/gradle-2.2.1-all/c64ydeuardnfqctvr1gm30w53/gradle-2.2.1/lib/plugins/jarjar-plexus-container-default-1.5.5.jar
7f3e2ac6d000-7f3e2ac7d000 r-xp 00000000 08:01 13246147                   /usr/lib/jvm/java-7-openjdk-amd64/jre/lib/amd64/libnio.so
7f3e2ac7d000-7f3e2ae7d000 ---p 00010000 08:01 13246147                   /usr/lib/jvm/java-7-openjdk-amd64/jre/lib/amd64/libnio.so
7f3e2ae7d000-7f3e2ae7e000 r--p 00010000 08:01 13246147                   /usr/lib/jvm/java-7-openjdk-amd64/jre/lib/amd64/libnio.so
7f3e2ae7e000-7f3e2ae7f000 rw-p 00011000 08:01 13246147                   /usr/lib/jvm/java-7-openjdk-amd64/jre/lib/amd64/libnio.so
7f3e2ae7f000-7f3e2aeb0000 rw-p 00000000 00:00 0 
7f3e2aeb0000-7f3e2aeed000 r-xp 00000000 08:01 6819835                    /lib/x86_64-linux-gnu/libpcre.so.3.13.1
7f3e2aeed000-7f3e2b0ec000 ---p 0003d000 08:01 6819835                    /lib/x86_64-linux-gnu/libpcre.so.3.13.1
7f3e2b0ec000-7f3e2b0ed000 r--p 0003c000 08:01 6819835                    /lib/x86_64-linux-gnu/libpcre.so.3.13.1
7f3e2b0ed000-7f3e2b0ee000 rw-p 0003d000 08:01 6819835                    /lib/x86_64-linux-gnu/libpcre.so.3.13.1
7f3e2b0ee000-7f3e2b0f5000 r-xp 00000000 08:01 13115304                   /usr/lib/x86_64-linux-gnu/libffi.so.6.0.1
7f3e2b0f5000-7f3e2b2f4000 ---p 00007000 08:01 13115304                   /usr/lib/x86_64-linux-gnu/libffi.so.6.0.1
7f3e2b2f4000-7f3e2b2f5000 r--p 00006000 08:01 13115304                   /usr/lib/x86_64-linux-gnu/libffi.so.6.0.1
7f3e2b2f5000-7f3e2b2f6000 rw-p 00007000 08:01 13115304                   /usr/lib/x86_64-linux-gnu/libffi.so.6.0.1
7f3e2b2f6000-7f3e2b30d000 r-xp 00000000 08:01 6820737                    /lib/x86_64-linux-gnu/libresolv-2.19.so
7f3e2b30d000-7f3e2b50d000 ---p 00017000 08:01 6820737                    /lib/x86_64-linux-gnu/libresolv-2.19.so
7f3e2b50d000-7f3e2b50e000 r--p 00017000 08:01 6820737                    /lib/x86_64-linux-gnu/libresolv-2.19.so
7f3e2b50e000-7f3e2b50f000 rw-p 00018000 08:01 6820737                    /lib/x86_64-linux-gnu/libresolv-2.19.so
7f3e2b50f000-7f3e2b511000 rw-p 00000000 00:00 0 
7f3e2b511000-7f3e2b531000 r-xp 00000000 08:01 6819862                    /lib/x86_64-linux-gnu/libselinux.so.1
7f3e2b531000-7f3e2b730000 ---p 00020000 08:01 6819862                    /lib/x86_64-linux-gnu/libselinux.so.1
7f3e2b730000-7f3e2b731000 r--p 0001f000 08:01 6819862                    /lib/x86_64-linux-gnu/libselinux.so.1
7f3e2b731000-7f3e2b732000 rw-p 00020000 08:01 6819862                    /lib/x86_64-linux-gnu/libselinux.so.1
7f3e2b732000-7f3e2b734000 rw-p 00000000 00:00 0 
7f3e2b734000-7f3e2b83a000 r-xp 00000000 08:01 6819696                    /lib/x86_64-linux-gnu/libglib-2.0.so.0.4002.0
7f3e2b83a000-7f3e2ba39000 ---p 00106000 08:01 6819696                    /lib/x86_64-linux-gnu/libglib-2.0.so.0.4002.0
7f3e2ba39000-7f3e2ba3a000 r--p 00105000 08:01 6819696                    /lib/x86_64-linux-gnu/libglib-2.0.so.0.4002.0
7f3e2ba3a000-7f3e2ba3b000 rw-p 00106000 08:01 6819696                    /lib/x86_64-linux-gnu/libglib-2.0.so.0.4002.0
7f3e2ba3b000-7f3e2ba3c000 rw-p 00000000 00:00 0 
7f3e2ba3c000-7f3e2ba8b000 r-xp 00000000 08:01 13107582                   /usr/lib/x86_64-linux-gnu/libgobject-2.0.so.0.4002.0
7f3e2ba8b000-7f3e2bc8b000 ---p 0004f000 08:01 13107582                   /usr/lib/x86_64-linux-gnu/libgobject-2.0.so.0.4002.0
7f3e2bc8b000-7f3e2bc8c000 r--p 0004f000 08:01 13107582                   /usr/lib/x86_64-linux-gnu/libgobject-2.0.so.0.4002.0
7f3e2bc8c000-7f3e2bc8d000 rw-p 00050000 08:01 13107582                   /usr/lib/x86_64-linux-gnu/libgobject-2.0.so.0.4002.0
7f3e2bc8d000-7f3e2bdf9000 r-xp 00000000 08:01 13107586                   /usr/lib/x86_64-linux-gnu/libgio-2.0.so.0.4002.0
7f3e2bdf9000-7f3e2bff8000 ---p 0016c000 08:01 13107586                   /usr/lib/x86_64-linux-gnu/libgio-2.0.so.0.4002.0
7f3e2bff8000-7f3e2bffc000 r--p 0016b000 08:01 13107586                   /usr/lib/x86_64-linux-gnu/libgio-2.0.so.0.4002.0
7f3e2bffc000-7f3e2bffe000 rw-p 0016f000 08:01 13107586                   /usr/lib/x86_64-linux-gnu/libgio-2.0.so.0.4002.0
7f3e2bffe000-7f3e2c000000 rw-p 00000000 00:00 0 
7f3e2c000000-7f3e2d584000 rw-p 00000000 00:00 0 
7f3e2d584000-7f3e30000000 ---p 00000000 00:00 0 
7f3e30000000-7f3e30021000 rw-p 00000000 00:00 0 
7f3e30021000-7f3e34000000 ---p 00000000 00:00 0 
7f3e34000000-7f3e34021000 rw-p 00000000 00:00 0 
7f3e34021000-7f3e38000000 ---p 00000000 00:00 0 
7f3e38000000-7f3e3912c000 rw-p 00000000 00:00 0 
7f3e3912c000-7f3e3c000000 ---p 00000000 00:00 0 
7f3e3c000000-7f3e3c021000 rw-p 00000000 00:00 0 
7f3e3c021000-7f3e40000000 ---p 00000000 00:00 0 
7f3e40000000-7f3e40021000 rw-p 00000000 00:00 0 
7f3e40021000-7f3e44000000 ---p 00000000 00:00 0 
7f3e44000000-7f3e44023000 rw-p 00000000 00:00 0 
7f3e44023000-7f3e48000000 ---p 00000000 00:00 0 
7f3e48000000-7f3e48081000 rw-p 00000000 00:00 0 
7f3e48081000-7f3e4c000000 ---p 00000000 00:00 0 
7f3e4c000000-7f3e4c024000 rw-p 00000000 00:00 0 
7f3e4c024000-7f3e50000000 ---p 00000000 00:00 0 
7f3e50000000-7f3e50001000 r--s 00002000 08:01 9703624                    /home/pcs20/.gradle/wrapper/dists/gradle-2.2.1-all/c64ydeuardnfqctvr1gm30w53/gradle-2.2.1/lib/plugins/jarjar-wagon-http-2.4.jar
7f3e50001000-7f3e50003000 r--s 00002000 08:01 9703614                    /home/pcs20/.gradle/wrapper/dists/gradle-2.2.1-all/c64ydeuardnfqctvr1gm30w53/gradle-2.2.1/lib/plugins/jarjar-plexus-cipher-1.7.jar
7f3e50003000-7f3e50005000 r--s 0000c000 08:01 9703613                    /home/pcs20/.gradle/wrapper/dists/gradle-2.2.1-all/c64ydeuardnfqctvr1gm30w53/gradle-2.2.1/lib/plugins/jarjar-wagon-provider-api-2.4.jar
7f3e50005000-7f3e50008000 r-xp 00000000 08:01 13107564                   /usr/lib/x86_64-linux-gnu/libgmodule-2.0.so.0.4002.0
7f3e50008000-7f3e50207000 ---p 00003000 08:01 13107564                   /usr/lib/x86_64-linux-gnu/libgmodule-2.0.so.0.4002.0
7f3e50207000-7f3e50208000 r--p 00002000 08:01 13107564                   /usr/lib/x86_64-linux-gnu/libgmodule-2.0.so.0.4002.0
7f3e50208000-7f3e50209000 rw-p 00003000 08:01 13107564                   /usr/lib/x86_64-linux-gnu/libgmodule-2.0.so.0.4002.0
7f3e50209000-7f3e5020b000 r--s 0000d000 08:01 9703612                    /home/pcs20/.gradle/wrapper/dists/gradle-2.2.1-all/c64ydeuardnfqctvr1gm30w53/gradle-2.2.1/lib/plugins/jarjar-maven-aether-provider-3.0.4.jar
7f3e5020b000-7f3e5020c000 r--s 00007000 08:01 9703610                    /home/pcs20/.gradle/wrapper/dists/gradle-2.2.1-all/c64ydeuardnfqctvr1gm30w53/gradle-2.2.1/lib/plugins/jarjar-maven-repository-metadata-3.0.4.jar
7f3e5020c000-7f3e5020d000 r--s 0000b000 08:01 9703609                    /home/pcs20/.gradle/wrapper/dists/gradle-2.2.1-all/c64ydeuardnfqctvr1gm30w53/gradle-2.2.1/lib/plugins/jarjar-maven-settings-3.0.4.jar
7f3e5020d000-7f3e50225000 r--s 000b5000 08:01 9703665                    /home/pcs20/.gradle/wrapper/dists/gradle-2.2.1-all/c64ydeuardnfqctvr1gm30w53/gradle-2.2.1/lib/plugins/gradle-dependency-management-2.2.1.jar
7f3e50225000-7f3e5023c000 r-xp 00000000 08:01 13246132                   /usr/lib/jvm/java-7-openjdk-amd64/jre/lib/amd64/libnet.so
7f3e5023c000-7f3e5043b000 ---p 00017000 08:01 13246132                   /usr/lib/jvm/java-7-openjdk-amd64/jre/lib/amd64/libnet.so
7f3e5043b000-7f3e5043c000 r--p 00016000 08:01 13246132                   /usr/lib/jvm/java-7-openjdk-amd64/jre/lib/amd64/libnet.so
7f3e5043c000-7f3e5043d000 rw-p 00017000 08:01 13246132                   /usr/lib/jvm/java-7-openjdk-amd64/jre/lib/amd64/libnet.so
7f3e5043d000-7f3e5043e000 r--s 00005000 08:01 9703337                    /home/pcs20/.gradle/wrapper/dists/gradle-2.2.1-all/c64ydeuardnfqctvr1gm30w53/gradle-2.2.1/lib/gradle-wrapper-2.2.1.jar
7f3e5043e000-7f3e50447000 r--s 0002c000 08:01 9703342                    /home/pcs20/.gradle/wrapper/dists/gradle-2.2.1-all/c64ydeuardnfqctvr1gm30w53/gradle-2.2.1/lib/gradle-tooling-api-2.2.1.jar
7f3e50447000-7f3e50449000 r--s 00002000 08:01 9703589                    /home/pcs20/.gradle/wrapper/dists/gradle-2.2.1-all/c64ydeuardnfqctvr1gm30w53/gradle-2.2.1/lib/gradle-open-api-2.2.1.jar
7f3e50449000-7f3e5044f000 r--s 00032000 08:01 9703591                    /home/pcs20/.gradle/wrapper/dists/gradle-2.2.1-all/c64ydeuardnfqctvr1gm30w53/gradle-2.2.1/lib/jaxen-1.1.jar
7f3e5044f000-7f3e50454000 r--s 00048000 08:01 9703590                    /home/pcs20/.gradle/wrapper/dists/gradle-2.2.1-all/c64ydeuardnfqctvr1gm30w53/gradle-2.2.1/lib/dom4j-1.6.1.jar
7f3e50454000-7f3e5045f000 r--s 00059000 08:01 9703341                    /home/pcs20/.gradle/wrapper/dists/gradle-2.2.1-all/c64ydeuardnfqctvr1gm30w53/gradle-2.2.1/lib/gradle-ui-2.2.1.jar
7f3e5045f000-7f3e50461000 r--s 00006000 08:01 9703585                    /home/pcs20/.gradle/wrapper/dists/gradle-2.2.1-all/c64ydeuardnfqctvr1gm30w53/gradle-2.2.1/lib/gradle-resources-2.2.1.jar
7f3e50461000-7f3e50463000 r--s 00007000 08:01 9703607                    /home/pcs20/.gradle/wrapper/dists/gradle-2.2.1-all/c64ydeuardnfqctvr1gm30w53/gradle-2.2.1/lib/objenesis-1.2.jar
7f3e50463000-7f3e50465000 r--s 00000000 08:01 9703606                    /home/pcs20/.gradle/wrapper/dists/gradle-2.2.1-all/c64ydeuardnfqctvr1gm30w53/gradle-2.2.1/lib/minlog-1.2.jar
7f3e50465000-7f3e50467000 r--s 0000f000 08:01 9703605                    /home/pcs20/.gradle/wrapper/dists/gradle-2.2.1-all/c64ydeuardnfqctvr1gm30w53/gradle-2.2.1/lib/reflectasm-1.07-shaded.jar
7f3e50467000-7f3e5046b000 r--s 00026000 08:01 9703596                    /home/pcs20/.gradle/wrapper/dists/gradle-2.2.1-all/c64ydeuardnfqctvr1gm30w53/gradle-2.2.1/lib/kryo-2.20.jar
7f3e5046b000-7f3e50474000 r--s 00039000 08:01 9703484                    /home/pcs20/.gradle/wrapper/dists/gradle-2.2.1-all/c64ydeuardnfqctvr1gm30w53/gradle-2.2.1/lib/gradle-messaging-2.2.1.jar
7f3e50474000-7f3e50475000 r--s 00003000 08:01 9703604                    /home/pcs20/.gradle/wrapper/dists/gradle-2.2.1-all/c64ydeuardnfqctvr1gm30w53/gradle-2.2.1/lib/native-platform-freebsd-amd64-0.10.jar
7f3e50475000-7f3e50476000 r--s 00003000 08:01 9703603                    /home/pcs20/.gradle/wrapper/dists/gradle-2.2.1-all/c64ydeuardnfqctvr1gm30w53/gradle-2.2.1/lib/native-platform-freebsd-i386-0.10.jar
7f3e50476000-7f3e50477000 r--s 00005000 08:01 9703602                    /home/pcs20/.gradle/wrapper/dists/gradle-2.2.1-all/c64ydeuardnfqctvr1gm30w53/gradle-2.2.1/lib/native-platform-windows-i386-0.10.jar
7f3e50477000-7f3e50478000 r--s 00005000 08:01 9703601                    /home/pcs20/.gradle/wrapper/dists/gradle-2.2.1-all/c64ydeuardnfqctvr1gm30w53/gradle-2.2.1/lib/native-platform-windows-amd64-0.10.jar
7f3e50478000-7f3e50479000 r--s 00003000 08:01 9703600                    /home/pcs20/.gradle/wrapper/dists/gradle-2.2.1-all/c64ydeuardnfqctvr1gm30w53/gradle-2.2.1/lib/native-platform-linux-i386-0.10.jar
7f3e50479000-7f3e5047a000 r--s 00003000 08:01 9703599                    /home/pcs20/.gradle/wrapper/dists/gradle-2.2.1-all/c64ydeuardnfqctvr1gm30w53/gradle-2.2.1/lib/native-platform-linux-amd64-0.10.jar
7f3e5047a000-7f3e5047b000 r--s 00002000 08:01 9703598                    /home/pcs20/.gradle/wrapper/dists/gradle-2.2.1-all/c64ydeuardnfqctvr1gm30w53/gradle-2.2.1/lib/native-platform-osx-amd64-0.10.jar
7f3e5047b000-7f3e5047c000 r--s 00002000 08:01 9703597                    /home/pcs20/.gradle/wrapper/dists/gradle-2.2.1-all/c64ydeuardnfqctvr1gm30w53/gradle-2.2.1/lib/native-platform-osx-i386-0.10.jar
7f3e5047c000-7f3e5047e000 r--s 00008000 08:01 9703594                    /home/pcs20/.gradle/wrapper/dists/gradle-2.2.1-all/c64ydeuardnfqctvr1gm30w53/gradle-2.2.1/lib/jansi-1.2.1.jar
7f3e5047e000-7f3e50481000 r--s 0000d000 08:01 9703593                    /home/pcs20/.gradle/wrapper/dists/gradle-2.2.1-all/c64ydeuardnfqctvr1gm30w53/gradle-2.2.1/lib/native-platform-0.10.jar
7f3e50481000-7f3e50485000 r--s 000e4000 08:01 9703592                    /home/pcs20/.gradle/wrapper/dists/gradle-2.2.1-all/c64ydeuardnfqctvr1gm30w53/gradle-2.2.1/lib/jna-3.2.7.jar
7f3e50485000-7f3e50487000 r--s 00008000 08:01 9703343                    /home/pcs20/.gradle/wrapper/dists/gradle-2.2.1-all/c64ydeuardnfqctvr1gm30w53/gradle-2.2.1/lib/gradle-native-2.2.1.jar
7f3e50487000-7f3e50489000 r--s 00005000 08:01 9703340                    /home/pcs20/.gradle/wrapper/dists/gradle-2.2.1-all/c64ydeuardnfqctvr1gm30w53/gradle-2.2.1/lib/gradle-cli-2.2.1.jar
7f3e50489000-7f3e5048b000 r--s 00003000 08:01 9703483                    /home/pcs20/.gradle/wrapper/dists/gradle-2.2.1-all/c64ydeuardnfqctvr1gm30w53/gradle-2.2.1/lib/gradle-base-services-groovy-2.2.1.jar
7f3e5048b000-7f3e5048d000 r--s 0000a000 08:01 9703348                    /home/pcs20/.gradle/wrapper/dists/gradle-2.2.1-all/c64ydeuardnfqctvr1gm30w53/gradle-2.2.1/lib/gradle-model-groovy-2.2.1.jar
7f3e5048d000-7f3e50491000 r--s 0001b000 08:01 9703347                    /home/pcs20/.gradle/wrapper/dists/gradle-2.2.1-all/c64ydeuardnfqctvr1gm30w53/gradle-2.2.1/lib/gradle-model-core-2.2.1.jar
7f3e50491000-7f3e50492000 r--s 00000000 08:01 9703586                    /home/pcs20/.gradle/wrapper/dists/gradle-2.2.1-all/c64ydeuardnfqctvr1gm30w53/gradle-2.2.1/lib/gradle-docs-2.2.1.jar
7f3e50492000-7f3e50494000 r--s 00003000 08:01 9703588                    /home/pcs20/.gradle/wrapper/dists/gradle-2.2.1-all/c64ydeuardnfqctvr1gm30w53/gradle-2.2.1/lib/jcl-over-slf4j-1.7.7.jar
7f3e50494000-7f3e50495000 r--s 00005000 08:01 9703587                    /home/pcs20/.gradle/wrapper/dists/gradle-2.2.1-all/c64ydeuardnfqctvr1gm30w53/gradle-2.2.1/lib/log4j-over-slf4j-1.7.7.jar
7f3e50495000-7f3e50496000 r--s 00000000 08:01 9703482                    /home/pcs20/.gradle/wrapper/dists/gradle-2.2.1-all/c64ydeuardnfqctvr1gm30w53/gradle-2.2.1/lib/javax.inject-1.jar
7f3e50496000-7f3e50499000 r--s 0001b000 08:01 9703481                    /home/pcs20/.gradle/wrapper/dists/gradle-2.2.1-all/c64ydeuardnfqctvr1gm30w53/gradle-2.2.1/lib/jarjar-1.3.jar
7f3e50499000-7f3e5049b000 r--s 00000000 08:01 9703357                    /home/pcs20/.gradle/wrapper/dists/gradle-2.2.1-all/c64ydeuardnfqctvr1gm30w53/gradle-2.2.1/lib/jul-to-slf4j-1.7.7.jar
7f3e5049b000-7f3e5049c000 r--s 00000000 08:01 9703356                    /home/pcs20/.gradle/wrapper/dists/gradle-2.2.1-all/c64ydeuardnfqctvr1gm30w53/gradle-2.2.1/lib/jcip-annotations-1.0.jar
7f3e5049c000-7f3e504a2000 r--s 0003b000 08:01 9703355                    /home/pcs20/.gradle/wrapper/dists/gradle-2.2.1-all/c64ydeuardnfqctvr1gm30w53/gradle-2.2.1/lib/logback-classic-1.0.13.jar
7f3e504a2000-7f3e504ac000 r--s 0005d000 08:01 9703354                    /home/pcs20/.gradle/wrapper/dists/gradle-2.2.1-all/c64ydeuardnfqctvr1gm30w53/gradle-2.2.1/lib/logback-core-1.0.13.jar
7f3e504ac000-7f3e504b1000 r--s 00041000 08:01 9703353                    /home/pcs20/.gradle/wrapper/dists/gradle-2.2.1-all/c64ydeuardnfqctvr1gm30w53/gradle-2.2.1/lib/commons-lang-2.6.jar
7f3e504b1000-7f3e504b4000 r--s 00018000 08:01 9703352                    /home/pcs20/.gradle/wrapper/dists/gradle-2.2.1-all/c64ydeuardnfqctvr1gm30w53/gradle-2.2.1/lib/commons-io-1.4.jar
7f3e504b4000-7f3e504c2000 r--s 0007f000 08:01 9703351                    /home/pcs20/.gradle/wrapper/dists/gradle-2.2.1-all/c64ydeuardnfqctvr1gm30w53/gradle-2.2.1/lib/commons-collections-3.2.1.jar
7f3e504c2000-7f3e504c7000 r--s 00036000 08:01 9703349                    /home/pcs20/.gradle/wrapper/dists/gradle-2.2.1-all/c64ydeuardnfqctvr1gm30w53/gradle-2.2.1/lib/asm-all-5.0.3.jar
7f3e504c7000-7f3e50532000 r--s 00685000 08:01 9703346                    /home/pcs20/.gradle/wrapper/dists/gradle-2.2.1-all/c64ydeuardnfqctvr1gm30w53/gradle-2.2.1/lib/groovy-all-2.3.6.jar
7f3e50532000-7f3e5055a000 r--s 001cf000 08:01 9703345                    /home/pcs20/.gradle/wrapper/dists/gradle-2.2.1-all/c64ydeuardnfqctvr1gm30w53/gradle-2.2.1/lib/guava-jdk5-17.0.jar
7f3e5055a000-7f3e5055c000 r--s 00006000 08:01 9703344                    /home/pcs20/.gradle/wrapper/dists/gradle-2.2.1-all/c64ydeuardnfqctvr1gm30w53/gradle-2.2.1/lib/slf4j-api-1.7.7.jar
7f3e5055c000-7f3e5057b000 r--s 001cc000 08:01 9703350                    /home/pcs20/.gradle/wrapper/dists/gradle-2.2.1-all/c64ydeuardnfqctvr1gm30w53/gradle-2.2.1/lib/ant-1.9.3.jar
7f3e5057b000-7f3e505ac000 r--s 00191000 08:01 9703339                    /home/pcs20/.gradle/wrapper/dists/gradle-2.2.1-all/c64ydeuardnfqctvr1gm30w53/gradle-2.2.1/lib/gradle-core-2.2.1.jar
7f3e505ac000-7f3e505b4000 r--s 0003c000 08:01 9703336                    /home/pcs20/.gradle/wrapper/dists/gradle-2.2.1-all/c64ydeuardnfqctvr1gm30w53/gradle-2.2.1/lib/gradle-launcher-2.2.1.jar
7f3e505b4000-7f3e505b5000 ---p 00000000 00:00 0 
7f3e505b5000-7f3e506b5000 rw-p 00000000 00:00 0                          [stack:16196]
7f3e506b5000-7f3e506b8000 ---p 00000000 00:00 0 
7f3e506b8000-7f3e507b6000 rw-p 00000000 00:00 0                          [stack:16195]
7f3e507b6000-7f3e507b9000 ---p 00000000 00:00 0 
7f3e507b9000-7f3e508b7000 rw-p 00000000 00:00 0                          [stack:16194]
7f3e508b7000-7f3e508ba000 ---p 00000000 00:00 0 
7f3e508ba000-7f3e509b8000 rw-p 00000000 00:00 0                          [stack:16193]
7f3e509b8000-7f3e509bb000 ---p 00000000 00:00 0 
7f3e509bb000-7f3e50ab9000 rw-p 00000000 00:00 0                          [stack:16192]
7f3e50ab9000-7f3e5119b000 r--p 00000000 08:01 13114023                   /usr/lib/locale/locale-archive
7f3e5119b000-7f3e5119e000 ---p 00000000 00:00 0 
7f3e5119e000-7f3e5129c000 rw-p 00000000 00:00 0                          [stack:16191]
7f3e5129c000-7f3e5129f000 ---p 00000000 00:00 0 
7f3e5129f000-7f3e5139d000 rw-p 00000000 00:00 0                          [stack:16190]
7f3e5139d000-7f3e5139e000 ---p 00000000 00:00 0 
7f3e5139e000-7f3e51e53000 rw-p 00000000 00:00 0                          [stack:16189]
7f3e51e53000-7f3e52004000 r--s 01d25000 08:01 13246195                   /usr/lib/jvm/java-7-openjdk-amd64/jre/lib/rt.jar
7f3e52004000-7f3e54b7d000 rw-p 00000000 00:00 0 
7f3e54b7d000-7f3e54b7e000 ---p 00000000 00:00 0 
7f3e54b7e000-7f3e54c7e000 rw-p 00000000 00:00 0                          [stack:16188]
7f3e54c7e000-7f3e54c7f000 ---p 00000000 00:00 0 
7f3e54c7f000-7f3e54d91000 rw-p 00000000 00:00 0                          [stack:16187]
7f3e54d91000-7f3e54dff000 rw-p 00000000 00:00 0 
7f3e54dff000-7f3e54e1e000 rw-p 00000000 00:00 0 
7f3e54e1e000-7f3e54f54000 rw-p 00000000 00:00 0 
7f3e54f54000-7f3e54fc3000 rw-p 00000000 00:00 0 
7f3e54fc3000-7f3e54fff000 rw-p 00000000 00:00 0 
7f3e54fff000-7f3e55000000 rw-p 00000000 00:00 0 
7f3e55000000-7f3e55320000 rwxp 00000000 00:00 0 
7f3e55320000-7f3e589d2000 rw-p 00000000 00:00 0 
7f3e589d2000-7f3e5c000000 ---p 00000000 00:00 0 
7f3e5c000000-7f3e5c001000 r--s 00004000 08:01 9703595                    /home/pcs20/.gradle/wrapper/dists/gradle-2.2.1-all/c64ydeuardnfqctvr1gm30w53/gradle-2.2.1/lib/ant-launcher-1.9.3.jar
7f3e5c001000-7f3e5c007000 r--s 00026000 08:01 9703338                    /home/pcs20/.gradle/wrapper/dists/gradle-2.2.1-all/c64ydeuardnfqctvr1gm30w53/gradle-2.2.1/lib/gradle-base-services-2.2.1.jar
7f3e5c007000-7f3e5c019000 rw-p 00000000 00:00 0 
7f3e5c019000-7f3e5c087000 rw-p 00000000 00:00 0 
7f3e5c087000-7f3e5c0a6000 rw-p 00000000 00:00 0 
7f3e5c0a6000-7f3e5c1dd000 rw-p 00000000 00:00 0 
7f3e5c1dd000-7f3e5c1e5000 r-xp 00000000 08:01 13246124                   /usr/lib/jvm/java-7-openjdk-amd64/jre/lib/amd64/libzip.so
7f3e5c1e5000-7f3e5c3e4000 ---p 00008000 08:01 13246124                   /usr/lib/jvm/java-7-openjdk-amd64/jre/lib/amd64/libzip.so
7f3e5c3e4000-7f3e5c3e5000 r--p 00007000 08:01 13246124                   /usr/lib/jvm/java-7-openjdk-amd64/jre/lib/amd64/libzip.so
7f3e5c3e5000-7f3e5c3e6000 rw-p 00008000 08:01 13246124                   /usr/lib/jvm/java-7-openjdk-amd64/jre/lib/amd64/libzip.so
7f3e5c3e6000-7f3e5c3f1000 r-xp 00000000 08:01 6820751                    /lib/x86_64-linux-gnu/libnss_files-2.19.so
7f3e5c3f1000-7f3e5c5f0000 ---p 0000b000 08:01 6820751                    /lib/x86_64-linux-gnu/libnss_files-2.19.so
7f3e5c5f0000-7f3e5c5f1000 r--p 0000a000 08:01 6820751                    /lib/x86_64-linux-gnu/libnss_files-2.19.so
7f3e5c5f1000-7f3e5c5f2000 rw-p 0000b000 08:01 6820751                    /lib/x86_64-linux-gnu/libnss_files-2.19.so
7f3e5c5f2000-7f3e5c5fd000 r-xp 00000000 08:01 6820769                    /lib/x86_64-linux-gnu/libnss_nis-2.19.so
7f3e5c5fd000-7f3e5c7fc000 ---p 0000b000 08:01 6820769                    /lib/x86_64-linux-gnu/libnss_nis-2.19.so
7f3e5c7fc000-7f3e5c7fd000 r--p 0000a000 08:01 6820769                    /lib/x86_64-linux-gnu/libnss_nis-2.19.so
7f3e5c7fd000-7f3e5c7fe000 rw-p 0000b000 08:01 6820769                    /lib/x86_64-linux-gnu/libnss_nis-2.19.so
7f3e5c7fe000-7f3e5c815000 r-xp 00000000 08:01 6820738                    /lib/x86_64-linux-gnu/libnsl-2.19.so
7f3e5c815000-7f3e5ca14000 ---p 00017000 08:01 6820738                    /lib/x86_64-linux-gnu/libnsl-2.19.so
7f3e5ca14000-7f3e5ca15000 r--p 00016000 08:01 6820738                    /lib/x86_64-linux-gnu/libnsl-2.19.so
7f3e5ca15000-7f3e5ca16000 rw-p 00017000 08:01 6820738                    /lib/x86_64-linux-gnu/libnsl-2.19.so
7f3e5ca16000-7f3e5ca18000 rw-p 00000000 00:00 0 
7f3e5ca18000-7f3e5ca21000 r-xp 00000000 08:01 6820735                    /lib/x86_64-linux-gnu/libnss_compat-2.19.so
7f3e5ca21000-7f3e5cc20000 ---p 00009000 08:01 6820735                    /lib/x86_64-linux-gnu/libnss_compat-2.19.so
7f3e5cc20000-7f3e5cc21000 r--p 00008000 08:01 6820735                    /lib/x86_64-linux-gnu/libnss_compat-2.19.so
7f3e5cc21000-7f3e5cc22000 rw-p 00009000 08:01 6820735                    /lib/x86_64-linux-gnu/libnss_compat-2.19.so
7f3e5cc22000-7f3e5cc4d000 r-xp 00000000 08:01 13246131                   /usr/lib/jvm/java-7-openjdk-amd64/jre/lib/amd64/libjava.so
7f3e5cc4d000-7f3e5ce4c000 ---p 0002b000 08:01 13246131                   /usr/lib/jvm/java-7-openjdk-amd64/jre/lib/amd64/libjava.so
7f3e5ce4c000-7f3e5ce4d000 r--p 0002a000 08:01 13246131                   /usr/lib/jvm/java-7-openjdk-amd64/jre/lib/amd64/libjava.so
7f3e5ce4d000-7f3e5ce4f000 rw-p 0002b000 08:01 13246131                   /usr/lib/jvm/java-7-openjdk-amd64/jre/lib/amd64/libjava.so
7f3e5ce4f000-7f3e5ce5f000 r-xp 00000000 08:01 13246146                   /usr/lib/jvm/java-7-openjdk-amd64/jre/lib/amd64/libverify.so
7f3e5ce5f000-7f3e5d05e000 ---p 00010000 08:01 13246146                   /usr/lib/jvm/java-7-openjdk-amd64/jre/lib/amd64/libverify.so
7f3e5d05e000-7f3e5d060000 r--p 0000f000 08:01 13246146                   /usr/lib/jvm/java-7-openjdk-amd64/jre/lib/amd64/libverify.so
7f3e5d060000-7f3e5d061000 rw-p 00011000 08:01 13246146                   /usr/lib/jvm/java-7-openjdk-amd64/jre/lib/amd64/libverify.so
7f3e5d061000-7f3e5d068000 r-xp 00000000 08:01 6820740                    /lib/x86_64-linux-gnu/librt-2.19.so
7f3e5d068000-7f3e5d267000 ---p 00007000 08:01 6820740                    /lib/x86_64-linux-gnu/librt-2.19.so
7f3e5d267000-7f3e5d268000 r--p 00006000 08:01 6820740                    /lib/x86_64-linux-gnu/librt-2.19.so
7f3e5d268000-7f3e5d269000 rw-p 00007000 08:01 6820740                    /lib/x86_64-linux-gnu/librt-2.19.so
7f3e5d269000-7f3e5d27f000 r-xp 00000000 08:01 6820732                    /lib/x86_64-linux-gnu/libgcc_s.so.1
7f3e5d27f000-7f3e5d47e000 ---p 00016000 08:01 6820732                    /lib/x86_64-linux-gnu/libgcc_s.so.1
7f3e5d47e000-7f3e5d47f000 rw-p 00015000 08:01 6820732                    /lib/x86_64-linux-gnu/libgcc_s.so.1
7f3e5d47f000-7f3e5d584000 r-xp 00000000 08:01 6820747                    /lib/x86_64-linux-gnu/libm-2.19.so
7f3e5d584000-7f3e5d783000 ---p 00105000 08:01 6820747                    /lib/x86_64-linux-gnu/libm-2.19.so
7f3e5d783000-7f3e5d784000 r--p 00104000 08:01 6820747                    /lib/x86_64-linux-gnu/libm-2.19.so
7f3e5d784000-7f3e5d785000 rw-p 00105000 08:01 6820747                    /lib/x86_64-linux-gnu/libm-2.19.so
7f3e5d785000-7f3e5d86b000 r-xp 00000000 08:01 13115932                   /usr/lib/x86_64-linux-gnu/libstdc++.so.6.0.19
7f3e5d86b000-7f3e5da6a000 ---p 000e6000 08:01 13115932                   /usr/lib/x86_64-linux-gnu/libstdc++.so.6.0.19
7f3e5da6a000-7f3e5da72000 r--p 000e5000 08:01 13115932                   /usr/lib/x86_64-linux-gnu/libstdc++.so.6.0.19
7f3e5da72000-7f3e5da74000 rw-p 000ed000 08:01 13115932                   /usr/lib/x86_64-linux-gnu/libstdc++.so.6.0.19
7f3e5da74000-7f3e5da89000 rw-p 00000000 00:00 0 
7f3e5da89000-7f3e5e59f000 r-xp 00000000 08:01 13246153                   /usr/lib/jvm/java-7-openjdk-amd64/jre/lib/amd64/server/libjvm.so
7f3e5e59f000-7f3e5e79e000 ---p 00b16000 08:01 13246153                   /usr/lib/jvm/java-7-openjdk-amd64/jre/lib/amd64/server/libjvm.so
7f3e5e79e000-7f3e5e838000 r--p 00b15000 08:01 13246153                   /usr/lib/jvm/java-7-openjdk-amd64/jre/lib/amd64/server/libjvm.so
7f3e5e838000-7f3e5e85b000 rw-p 00baf000 08:01 13246153                   /usr/lib/jvm/java-7-openjdk-amd64/jre/lib/amd64/server/libjvm.so
7f3e5e85b000-7f3e5e889000 rw-p 00000000 00:00 0 
7f3e5e889000-7f3e5e8a1000 r-xp 00000000 08:01 6819895                    /lib/x86_64-linux-gnu/libz.so.1.2.8
7f3e5e8a1000-7f3e5eaa0000 ---p 00018000 08:01 6819895                    /lib/x86_64-linux-gnu/libz.so.1.2.8
7f3e5eaa0000-7f3e5eaa1000 r--p 00017000 08:01 6819895                    /lib/x86_64-linux-gnu/libz.so.1.2.8
7f3e5eaa1000-7f3e5eaa2000 rw-p 00018000 08:01 6819895                    /lib/x86_64-linux-gnu/libz.so.1.2.8
7f3e5eaa2000-7f3e5eabb000 r-xp 00000000 08:01 6820774                    /lib/x86_64-linux-gnu/libpthread-2.19.so
7f3e5eabb000-7f3e5ecba000 ---p 00019000 08:01 6820774                    /lib/x86_64-linux-gnu/libpthread-2.19.so
7f3e5ecba000-7f3e5ecbb000 r--p 00018000 08:01 6820774                    /lib/x86_64-linux-gnu/libpthread-2.19.so
7f3e5ecbb000-7f3e5ecbc000 rw-p 00019000 08:01 6820774                    /lib/x86_64-linux-gnu/libpthread-2.19.so
7f3e5ecbc000-7f3e5ecc0000 rw-p 00000000 00:00 0 
7f3e5ecc0000-7f3e5ecc3000 r-xp 00000000 08:01 6820773                    /lib/x86_64-linux-gnu/libdl-2.19.so
7f3e5ecc3000-7f3e5eec2000 ---p 00003000 08:01 6820773                    /lib/x86_64-linux-gnu/libdl-2.19.so
7f3e5eec2000-7f3e5eec3000 r--p 00002000 08:01 6820773                    /lib/x86_64-linux-gnu/libdl-2.19.so
7f3e5eec3000-7f3e5eec4000 rw-p 00003000 08:01 6820773                    /lib/x86_64-linux-gnu/libdl-2.19.so
7f3e5eec4000-7f3e5f07f000 r-xp 00000000 08:01 6820744                    /lib/x86_64-linux-gnu/libc-2.19.so
7f3e5f07f000-7f3e5f27f000 ---p 001bb000 08:01 6820744                    /lib/x86_64-linux-gnu/libc-2.19.so
7f3e5f27f000-7f3e5f283000 r--p 001bb000 08:01 6820744                    /lib/x86_64-linux-gnu/libc-2.19.so
7f3e5f283000-7f3e5f285000 rw-p 001bf000 08:01 6820744                    /lib/x86_64-linux-gnu/libc-2.19.so
7f3e5f285000-7f3e5f28a000 rw-p 00000000 00:00 0 
7f3e5f28a000-7f3e5f297000 r-xp 00000000 08:01 13246129                   /usr/lib/jvm/java-7-openjdk-amd64/jre/lib/amd64/jli/libjli.so
7f3e5f297000-7f3e5f496000 ---p 0000d000 08:01 13246129                   /usr/lib/jvm/java-7-openjdk-amd64/jre/lib/amd64/jli/libjli.so
7f3e5f496000-7f3e5f497000 r--p 0000c000 08:01 13246129                   /usr/lib/jvm/java-7-openjdk-amd64/jre/lib/amd64/jli/libjli.so
7f3e5f497000-7f3e5f498000 rw-p 0000d000 08:01 13246129                   /usr/lib/jvm/java-7-openjdk-amd64/jre/lib/amd64/jli/libjli.so
7f3e5f498000-7f3e5f4bb000 r-xp 00000000 08:01 6820745                    /lib/x86_64-linux-gnu/ld-2.19.so
7f3e5f4bb000-7f3e5f4bd000 r--s 00012000 08:01 13246190                   /usr/lib/jvm/java-7-openjdk-amd64/jre/lib/ext/zipfs.jar
7f3e5f4bd000-7f3e5f4e3000 rw-p 00000000 00:00 0 
7f3e5f4e3000-7f3e5f596000 rw-p 00000000 00:00 0 
7f3e5f596000-7f3e5f599000 ---p 00000000 00:00 0 
7f3e5f599000-7f3e5f69c000 rw-p 00000000 00:00 0                          [stack:16186]
7f3e5f69c000-7f3e5f69d000 r--s 00002000 08:01 13246194                   /usr/lib/jvm/java-7-openjdk-amd64/jre/lib/ext/dnsns.jar
7f3e5f69d000-7f3e5f6a1000 r--s 0003c000 08:01 13246191                   /usr/lib/jvm/java-7-openjdk-amd64/jre/lib/ext/sunpkcs11.jar
7f3e5f6a1000-7f3e5f6a3000 r--s 00006000 08:01 13500519                   /usr/share/java/java-atk-wrapper.jar
7f3e5f6a3000-7f3e5f6a7000 r--s 00034000 08:01 13246193                   /usr/lib/jvm/java-7-openjdk-amd64/jre/lib/ext/sunjce_provider.jar
7f3e5f6a7000-7f3e5f6ab000 r--s 00085000 08:01 13246192                   /usr/lib/jvm/java-7-openjdk-amd64/jre/lib/ext/localedata.jar
7f3e5f6ab000-7f3e5f6ae000 r--s 0000f000 08:01 13246189                   /usr/lib/jvm/java-7-openjdk-amd64/jre/lib/ext/icedtea-sound.jar
7f3e5f6ae000-7f3e5f6b6000 rw-s 00000000 08:01 1573462                    /tmp/hsperfdata_pcs20/16184
7f3e5f6b6000-7f3e5f6b7000 rw-p 00000000 00:00 0 
7f3e5f6b7000-7f3e5f6b8000 r--p 00000000 00:00 0 
7f3e5f6b8000-7f3e5f6ba000 rw-p 00000000 00:00 0 
7f3e5f6ba000-7f3e5f6bb000 r--p 00022000 08:01 6820745                    /lib/x86_64-linux-gnu/ld-2.19.so
7f3e5f6bb000-7f3e5f6bc000 rw-p 00023000 08:01 6820745                    /lib/x86_64-linux-gnu/ld-2.19.so
7f3e5f6bc000-7f3e5f6bd000 rw-p 00000000 00:00 0 
7fff22841000-7fff22862000 rw-p 00000000 00:00 0                          [stack]
7fff228d2000-7fff228d4000 r-xp 00000000 00:00 0                          [vdso]
ffffffffff600000-ffffffffff601000 r-xp 00000000 00:00 0                  [vsyscall]

VM Arguments:
jvm_args: -XX:MaxPermSize=256m -XX:+HeapDumpOnOutOfMemoryError -Xmx1024m -Dfile.encoding=UTF-8 -Duser.country=IN -Duser.language=en -Duser.variant 
java_command: org.gradle.launcher.daemon.bootstrap.GradleDaemon 2.2.1 /home/pcs20/.gradle/daemon 10800000 2483c90b-b850-4e90-b762-b924916b65e8 -XX:MaxPermSize=256m -XX:+HeapDumpOnOutOfMemoryError -Xmx1024m -Dfile.encoding=UTF-8 -Duser.country=IN -Duser.language=en -Duser.variant
Launcher Type: SUN_STANDARD

Environment Variables:
CLASSPATH=/home/pcs20/Desktop/Android/android-studio/bin/../lib/bootstrap.jar:/home/pcs20/Desktop/Android/android-studio/bin/../lib/extensions.jar:/home/pcs20/Desktop/Android/android-studio/bin/../lib/util.jar:/home/pcs20/Desktop/Android/android-studio/bin/../lib/jdom.jar:/home/pcs20/Desktop/Android/android-studio/bin/../lib/log4j.jar:/home/pcs20/Desktop/Android/android-studio/bin/../lib/trove4j.jar:/home/pcs20/Desktop/Android/android-studio/bin/../lib/jna.jar:/usr/lib/jvm/java-7-openjdk-amd64/lib/tools.jar
PATH=/usr/local/sbin:/usr/local/bin:/usr/sbin:/usr/bin:/sbin:/bin:/usr/games:/usr/local/games:/usr/lib/jvm/java-6-openjdk-amd64
LD_LIBRARY_PATH=/home/pcs20/Desktop/Android/android-studio/bin:
SHELL=/bin/bash
DISPLAY=:0

Signal Handlers:
SIGSEGV: [libjvm.so+0x9495e0], sa_mask[0]=0x7ffbfeff, sa_flags=0x10000004
SIGBUS: [libjvm.so+0x9495e0], sa_mask[0]=0x7ffbfeff, sa_flags=0x10000004
SIGFPE: [libjvm.so+0x7c3410], sa_mask[0]=0x7ffbfeff, sa_flags=0x10000004
SIGPIPE: [libjvm.so+0x7c3410], sa_mask[0]=0x7ffbfeff, sa_flags=0x10000004
SIGXFSZ: [libjvm.so+0x7c3410], sa_mask[0]=0x7ffbfeff, sa_flags=0x10000004
SIGILL: [libjvm.so+0x7c3410], sa_mask[0]=0x7ffbfeff, sa_flags=0x10000004
SIGUSR1: SIG_DFL, sa_mask[0]=0x00000000, sa_flags=0x00000000
SIGUSR2: [libjvm.so+0x7c32b0], sa_mask[0]=0x00000004, sa_flags=0x10000004
SIGHUP: [libjvm.so+0x7c3490], sa_mask[0]=0x7ffbfeff, sa_flags=0x10000004
SIGINT: [libjvm.so+0x7c3490], sa_mask[0]=0x7ffbfeff, sa_flags=0x10000004
SIGTERM: [libjvm.so+0x7c3490], sa_mask[0]=0x7ffbfeff, sa_flags=0x10000004
SIGQUIT: [libjvm.so+0x7c3490], sa_mask[0]=0x7ffbfeff, sa_flags=0x10000004
SIGTRAP: SIG_DFL, sa_mask[0]=0x00000000, sa_flags=0x00000000


---------------  S Y S T E M  ---------------

OS:Ubuntu 14.04 (trusty)
uname:Linux 3.13.0-32-generic #57-Ubuntu SMP Tue Jul 15 03:51:08 UTC 2014 x86_64
libc:glibc 2.19 NPTL 2.19 
rlimit: STACK 8192k, CORE 0k, NPROC 46765, NOFILE 4096, AS infinity
load average:2.37 1.94 2.77

/proc/meminfo:
MemTotal:        6007556 kB
MemFree:          116484 kB
Buffers:           54084 kB
Cached:          1347492 kB
SwapCached:       168844 kB
Active:          4087920 kB
Inactive:        1495400 kB
Active(anon):    3596708 kB
Inactive(anon):  1014064 kB
Active(file):     491212 kB
Inactive(file):   481336 kB
Unevictable:          64 kB
Mlocked:              64 kB
SwapTotal:       9764860 kB
SwapFree:        8131884 kB
Dirty:             19756 kB
Writeback:             0 kB
AnonPages:       4137428 kB
Mapped:           209056 kB
Shmem:            429028 kB
Slab:             163184 kB
SReclaimable:     119552 kB
SUnreclaim:        43632 kB
KernelStack:        6376 kB
PageTables:        59600 kB
NFS_Unstable:          0 kB
Bounce:                0 kB
WritebackTmp:          0 kB
CommitLimit:    12768636 kB
Committed_AS:   14151836 kB
VmallocTotal:   34359738367 kB
VmallocUsed:      356872 kB
VmallocChunk:   34359372764 kB
HardwareCorrupted:     0 kB
AnonHugePages:   1671168 kB
HugePages_Total:       0
HugePages_Free:        0
HugePages_Rsvd:        0
HugePages_Surp:        0
Hugepagesize:       2048 kB
DirectMap4k:       58704 kB
DirectMap2M:     6127616 kB


CPU:total 2 (2 cores per cpu, 1 threads per core) family 6 model 58 stepping 9, cmov, cx8, fxsr, mmx, sse, sse2, sse3, ssse3, sse4.1, sse4.2, popcnt, erms, tsc, tscinvbit, tscinv

/proc/cpuinfo:
processor	: 0
vendor_id	: GenuineIntel
cpu family	: 6
model		: 58
model name	: Intel(R) Pentium(R) CPU G2030 @ 3.00GHz
stepping	: 9
microcode	: 0xc
cpu MHz		: 3000.000
cache size	: 3072 KB
physical id	: 0
siblings	: 2
core id		: 0
cpu cores	: 2
apicid		: 0
initial apicid	: 0
fpu		: yes
fpu_exception	: yes
cpuid level	: 13
wp		: yes
flags		: fpu vme de pse tsc msr pae mce cx8 apic sep mtrr pge mca cmov pat pse36 clflush dts acpi mmx fxsr sse sse2 ss ht tm pbe syscall nx rdtscp lm constant_tsc arch_perfmon pebs bts rep_good nopl xtopology nonstop_tsc aperfmperf eagerfpu pni pclmulqdq dtes64 monitor ds_cpl vmx est tm2 ssse3 cx16 xtpr pdcm pcid sse4_1 sse4_2 popcnt tsc_deadline_timer xsave lahf_lm arat epb xsaveopt pln pts dtherm tpr_shadow vnmi flexpriority ept vpid fsgsbase smep erms
bogomips	: 5986.44
clflush size	: 64
cache_alignment	: 64
address sizes	: 36 bits physical, 48 bits virtual
power management:

processor	: 1
vendor_id	: GenuineIntel
cpu family	: 6
model		: 58
model name	: Intel(R) Pentium(R) CPU G2030 @ 3.00GHz
stepping	: 9
microcode	: 0xc
cpu MHz		: 3000.000
cache size	: 3072 KB
physical id	: 0
siblings	: 2
core id		: 1
cpu cores	: 2
apicid		: 2
initial apicid	: 2
fpu		: yes
fpu_exception	: yes
cpuid level	: 13
wp		: yes
flags		: fpu vme de pse tsc msr pae mce cx8 apic sep mtrr pge mca cmov pat pse36 clflush dts acpi mmx fxsr sse sse2 ss ht tm pbe syscall nx rdtscp lm constant_tsc arch_perfmon pebs bts rep_good nopl xtopology nonstop_tsc aperfmperf eagerfpu pni pclmulqdq dtes64 monitor ds_cpl vmx est tm2 ssse3 cx16 xtpr pdcm pcid sse4_1 sse4_2 popcnt tsc_deadline_timer xsave lahf_lm arat epb xsaveopt pln pts dtherm tpr_shadow vnmi flexpriority ept vpid fsgsbase smep erms
bogomips	: 5986.44
clflush size	: 64
cache_alignment	: 64
address sizes	: 36 bits physical, 48 bits virtual
power management:



Memory: 4k page, physical 6007556k(116484k free), swap 9764860k(8131884k free)

vm_info: OpenJDK 64-Bit Server VM (24.65-b04) for linux-amd64 JRE (1.7.0_65-b32), built on Oct 22 2014 04:37:44 by "buildd" with gcc 4.8.2

time: Wed Feb  4 15:27:47 2015
elapsed time: 11 seconds

