#
# A fatal error has been detected by the Java Runtime Environment:
#
#  SIGSEGV (0xb) at pc=0x00007f750b75360e, pid=23840, tid=140140456359680
#
# JRE version: OpenJDK Runtime Environment (7.0_65-b32) (build 1.7.0_65-b32)
# Java VM: OpenJDK 64-Bit Server VM (24.65-b04 mixed mode linux-amd64 compressed oops)
# Derivative: IcedTea 2.5.3
# Distribution: Ubuntu 14.04 LTS, package 7u71-2.5.3-0ubuntu0.14.04.1
# Problematic frame:
# V  [libjvm.so+0x71760e]  PhaseIdealLoop::build_loop_tree()+0x11e
#
# Failed to write core dump. Core dumps have been disabled. To enable core dumping, try "ulimit -c unlimited" before starting Java again
#
# If you would like to submit a bug report, please include
# instructions on how to reproduce the bug and visit:
#   http://icedtea.classpath.org/bugzilla
#

---------------  T H R E A D  ---------------

Current thread (0x00007f7504130800):  JavaThread "C2 CompilerThread1" daemon [_thread_in_native, id=23856, stack(0x00007f74fe0eb000,0x00007f74fe1ec000)]

siginfo:si_signo=SIGSEGV: si_errno=0, si_code=128 (), si_addr=0x0000000000000000

Registers:
RAX=0x00007f750ba6cb30, RBX=0x0000000000000000, RCX=0x00000000000011a5, RDX=0x0000000000000000
RSP=0x00007f74fe1e7010, RBP=0x00007f74fe1e7080, RSI=0x00007f74e4303980, RDI=0x00007f75041f4630
R8 =0x0000000000000066, R9 =0x0000000000000001, R10=0x00007f74e45a0c30, R11=0x00007f74e4303980
R12=0x0000000000000000, R13=0x00007f74fe1e88e0, R14=0x00007f74e4bb0550, R15=0x00007f75041f4630
RIP=0x00007f750b75360e, EFLAGS=0x0000000000010246, CSGSFS=0x0000000000000033, ERR=0x0000000000000000
  TRAPNO=0x000000000000000d

Top of Stack: (sp=0x00007f74fe1e7010)
0x00007f74fe1e7010:   00007f74fe1e7030 00007f74fe1e7030
0x00007f74fe1e7020:   00007f740000007f 000001780b2e6748
0x00007f74fe1e7030:   000008ce0000007f 0000000000000000
0x00007f74fe1e7040:   0000000000000700 00007f74e42ff310
0x00007f74fe1e7050:   00007f74fe1e7080 00007f750401c8d0
0x00007f74fe1e7060:   00007f750401c8d0 00007f74fe1e88e0
0x00007f74fe1e7070:   00007f750401c8d0 00007f74e45a0ba0
0x00007f74fe1e7080:   00007f74fe1e7390 00007f750b753d1c
0x00007f74fe1e7090:   00007f74fe1e70f0 000000750b51a5b9
0x00007f74fe1e70a0:   000000000000000c 00007f74fe1e8900
0x00007f74fe1e70b0:   00007f7400000000 00000000000602c0
0x00007f74fe1e70c0:   00007f74d8045d08 00007f74d803dd70
0x00007f74fe1e70d0:   00007f74fe1e70e0 00007f74d803dd20
0x00007f74fe1e70e0:   00007f750bde9450 00007f750401c8d0
0x00007f74fe1e70f0:   00007f7400000002 00007f74d803dd70
0x00007f74fe1e7100:   00007f74d89175f0 0000000000010010
0x00007f74fe1e7110:   ffff808b01e18e71 00007f7500001002
0x00007f74fe1e7120:   0000000000000400 00007f7500000430
0x00007f74fe1e7130:   00007f74fe1e7190 0000000000000080
0x00007f74fe1e7140:   000000db0401c8d0 0000000000000010
0x00007f74fe1e7150:   0000000000000002 000000790000007e
0x00007f74fe1e7160:   0000000000000000 00007f74fe1e718f
0x00007f74fe1e7170:   00007f74e401c370 00007f74fe1e72a0
0x00007f74fe1e7180:   000000000000007c 00007f75041b6f40
0x00007f74fe1e7190:   00007f74d840aa50 00007f74fe1e7eb0
0x00007f74fe1e71a0:   00007f74fe1e7eb0 00007f74d840e830
0x00007f74fe1e71b0:   00007f74fe1e7300 00007f74d8000020
0x00007f74fe1e71c0:   0000000000010010 0000000000000000
0x00007f74fe1e71d0:   0000000000000000 0000000000010010
0x00007f74fe1e71e0:   0000000000000000 00007f74d88c75c0
0x00007f74fe1e71f0:   00007f74fe1e7210 0000000000000b00
0x00007f74fe1e7200:   00007f74fe1e7260 00007f750b7fcbfe 

Instructions: (pc=0x00007f750b75360e)
0x00007f750b7535ee:   ff 48 63 d3 85 db 4c 8d 24 d5 00 00 00 00 78 6c
0x00007f750b7535fe:   66 90 49 8b 46 10 4e 8b 3c 20 49 8b 07 4c 89 ff
0x00007f750b75360e:   ff 50 18 84 c0 74 4c 41 8b 47 28 49 8b b5 80 09
0x00007f750b75361e:   00 00 8b 0c 86 85 c9 75 3a 41 8b 47 20 49 8b 4f 

Register to memory mapping:

RAX=0x00007f750ba6cb30: <offset 0xa30b30> in /usr/lib/jvm/java-7-openjdk-amd64/jre/lib/amd64/server/libjvm.so at 0x00007f750b03c000
RBX=0x0000000000000000 is an unknown value
RCX=0x00000000000011a5 is an unknown value
RDX=0x0000000000000000 is an unknown value
RSP=0x00007f74fe1e7010 is pointing into the stack for thread: 0x00007f7504130800
RBP=0x00007f74fe1e7080 is pointing into the stack for thread: 0x00007f7504130800
RSI=0x00007f74e4303980 is an unknown value
RDI=0x00007f75041f4630 is an unknown value
R8 =0x0000000000000066 is an unknown value
R9 =0x0000000000000001 is an unknown value
R10=0x00007f74e45a0c30 is an unknown value
R11=0x00007f74e4303980 is an unknown value
R12=0x0000000000000000 is an unknown value
R13=0x00007f74fe1e88e0 is pointing into the stack for thread: 0x00007f7504130800
R14=0x00007f74e4bb0550 is an unknown value
R15=0x00007f75041f4630 is an unknown value


Stack: [0x00007f74fe0eb000,0x00007f74fe1ec000],  sp=0x00007f74fe1e7010,  free space=1008k
Native frames: (J=compiled Java code, j=interpreted, Vv=VM code, C=native code)
V  [libjvm.so+0x71760e]  PhaseIdealLoop::build_loop_tree()+0x11e
V  [libjvm.so+0x717d1c]  PhaseIdealLoop::build_and_optimize(bool, bool)+0x25c
V  [libjvm.so+0x43ed02]  Compile::Optimize()+0x14f2
V  [libjvm.so+0x43fde6]  Compile::Compile(ciEnv*, C2Compiler*, ciMethod*, int, bool, bool)+0x1046
V  [libjvm.so+0x3adffa]  C2Compiler::compile_method(ciEnv*, ciMethod*, int)+0xca
V  [libjvm.so+0x445c97]  CompileBroker::invoke_compiler_on_method(CompileTask*)+0x327
V  [libjvm.so+0x446ddd]  CompileBroker::compiler_thread_loop()+0x3dd
V  [libjvm.so+0x8ffba0]  JavaThread::thread_main_inner()+0xf0
V  [libjvm.so+0x8ffe11]  JavaThread::run()+0x221
V  [libjvm.so+0x7c4ac2]  java_start(Thread*)+0xf2


Current CompileTask:
C2:   4993  388             com.android.dx.ssa.SsaMethod::makeExitBlock (134 bytes)


---------------  P R O C E S S  ---------------

Java Threads: ( => current thread )
  0x00007f7504133000 JavaThread "Service Thread" daemon [_thread_blocked, id=23857, stack(0x00007f74fdfea000,0x00007f74fe0eb000)]
=>0x00007f7504130800 JavaThread "C2 CompilerThread1" daemon [_thread_in_native, id=23856, stack(0x00007f74fe0eb000,0x00007f74fe1ec000)]
  0x00007f750412d800 JavaThread "C2 CompilerThread0" daemon [_thread_in_native, id=23855, stack(0x00007f74fe1ec000,0x00007f74fe2ed000)]
  0x00007f750412b800 JavaThread "Signal Dispatcher" daemon [_thread_blocked, id=23854, stack(0x00007f74fe2ed000,0x00007f74fe3ee000)]
  0x00007f75040fe800 JavaThread "Finalizer" daemon [_thread_blocked, id=23853, stack(0x00007f7508067000,0x00007f7508168000)]
  0x00007f75040fc800 JavaThread "Reference Handler" daemon [_thread_blocked, id=23852, stack(0x00007f7508168000,0x00007f7508269000)]
  0x00007f750400a800 JavaThread "main" [_thread_in_Java, id=23848, stack(0x00007f750cb49000,0x00007f750cc4a000)]

Other Threads:
  0x00007f75040f8800 VMThread [stack: 0x00007f7508269000,0x00007f750836a000] [id=23851]
  0x00007f750413d800 WatcherThread [stack: 0x00007f74fdee9000,0x00007f74fdfea000] [id=23858]

VM state:not at safepoint (normal execution)

VM Mutex/Monitor currently owned by a thread: None

Heap
 PSYoungGen      total 28160K, used 15363K [0x00000000eaa80000, 0x00000000ee180000, 0x0000000100000000)
  eden space 24576K, 48% used [0x00000000eaa80000,0x00000000eb605720,0x00000000ec280000)
  from space 3584K, 99% used [0x00000000ec280000,0x00000000ec5fb7d0,0x00000000ec600000)
  to   space 3584K, 0% used [0x00000000ede00000,0x00000000ede00000,0x00000000ee180000)
 ParOldGen       total 62464K, used 8369K [0x00000000c0000000, 0x00000000c3d00000, 0x00000000eaa80000)
  object space 62464K, 13% used [0x00000000c0000000,0x00000000c082c5f0,0x00000000c3d00000)
 PSPermGen       total 21504K, used 5847K [0x00000000b5a00000, 0x00000000b6f00000, 0x00000000c0000000)
  object space 21504K, 27% used [0x00000000b5a00000,0x00000000b5fb5ed0,0x00000000b6f00000)

Card table byte_map: [0x00007f750953c000,0x00007f7509790000] byte_map_base: 0x00007f7508f8f000

Polling page: 0x00007f750cc6a000

Code Cache  [0x00007f7501000000, 0x00007f7501270000, 0x00007f7504000000)
 total_blobs=612 nmethods=385 adapters=181 free_code_cache=47529Kb largest_free_block=48643136

Compilation events (10 events):
Event: 4.946 Thread 0x00007f7504130800 nmethod 383 0x00007f75011981d0 code [0x00007f7501198340, 0x00007f7501198758]
Event: 4.946 Thread 0x00007f7504130800  384             com.android.dx.rop.type.Type::isConstant (2 bytes)
Event: 4.946 Thread 0x00007f7504130800 nmethod 384 0x00007f7501192f90 code [0x00007f75011930c0, 0x00007f7501193118]
Event: 4.946 Thread 0x00007f7504130800  385             com.android.dx.ssa.SetFactory::makeInterferenceSet (26 bytes)
Event: 4.948 Thread 0x00007f7504130800 nmethod 385 0x00007f750119a110 code [0x00007f750119a260, 0x00007f750119a3d8]
Event: 4.948 Thread 0x00007f7504130800  386             com.android.dx.ssa.back.LivenessAnalyzer::<init> (55 bytes)
Event: 4.951 Thread 0x00007f7504130800 nmethod 386 0x00007f7501199990 code [0x00007f7501199b00, 0x00007f7501199eb8]
Event: 4.951 Thread 0x00007f7504130800  387             com.android.dx.ssa.SsaMethod::getRegCount (5 bytes)
Event: 4.952 Thread 0x00007f7504130800 nmethod 387 0x00007f7501190990 code [0x00007f7501190ac0, 0x00007f7501190b18]
Event: 4.952 Thread 0x00007f7504130800  388             com.android.dx.ssa.SsaMethod::makeExitBlock (134 bytes)

GC Heap History (6 events):
Event: 2.554 GC heap before
{Heap before GC invocations=1 (full 0):
 PSYoungGen      total 28160K, used 24576K [0x00000000eaa80000, 0x00000000ec980000, 0x0000000100000000)
  eden space 24576K, 100% used [0x00000000eaa80000,0x00000000ec280000,0x00000000ec280000)
  from space 3584K, 0% used [0x00000000ec600000,0x00000000ec600000,0x00000000ec980000)
  to   space 3584K, 0% used [0x00000000ec280000,0x00000000ec280000,0x00000000ec600000)
 ParOldGen       total 62464K, used 0K [0x00000000c0000000, 0x00000000c3d00000, 0x00000000eaa80000)
  object space 62464K, 0% used [0x00000000c0000000,0x00000000c0000000,0x00000000c3d00000)
 PSPermGen       total 21504K, used 5659K [0x00000000b5a00000, 0x00000000b6f00000, 0x00000000c0000000)
  object space 21504K, 26% used [0x00000000b5a00000,0x00000000b5f86d28,0x00000000b6f00000)
Event: 2.569 GC heap after
Heap after GC invocations=1 (full 0):
 PSYoungGen      total 28160K, used 3562K [0x00000000eaa80000, 0x00000000ec980000, 0x0000000100000000)
  eden space 24576K, 0% used [0x00000000eaa80000,0x00000000eaa80000,0x00000000ec280000)
  from space 3584K, 99% used [0x00000000ec280000,0x00000000ec5faaa8,0x00000000ec600000)
  to   space 3584K, 0% used [0x00000000ec600000,0x00000000ec600000,0x00000000ec980000)
 ParOldGen       total 62464K, used 1794K [0x00000000c0000000, 0x00000000c3d00000, 0x00000000eaa80000)
  object space 62464K, 2% used [0x00000000c0000000,0x00000000c01c0b10,0x00000000c3d00000)
 PSPermGen       total 21504K, used 5659K [0x00000000b5a00000, 0x00000000b6f00000, 0x00000000c0000000)
  object space 21504K, 26% used [0x00000000b5a00000,0x00000000b5f86d28,0x00000000b6f00000)
}
Event: 3.628 GC heap before
{Heap before GC invocations=2 (full 0):
 PSYoungGen      total 28160K, used 28138K [0x00000000eaa80000, 0x00000000ec980000, 0x0000000100000000)
  eden space 24576K, 100% used [0x00000000eaa80000,0x00000000ec280000,0x00000000ec280000)
  from space 3584K, 99% used [0x00000000ec280000,0x00000000ec5faaa8,0x00000000ec600000)
  to   space 3584K, 0% used [0x00000000ec600000,0x00000000ec600000,0x00000000ec980000)
 ParOldGen       total 62464K, used 1794K [0x00000000c0000000, 0x00000000c3d00000, 0x00000000eaa80000)
  object space 62464K, 2% used [0x00000000c0000000,0x00000000c01c0b10,0x00000000c3d00000)
 PSPermGen       total 21504K, used 5810K [0x00000000b5a00000, 0x00000000b6f00000, 0x00000000c0000000)
  object space 21504K, 27% used [0x00000000b5a00000,0x00000000b5faca38,0x00000000b6f00000)
Event: 3.648 GC heap after
Heap after GC invocations=2 (full 0):
 PSYoungGen      total 28160K, used 3579K [0x00000000eaa80000, 0x00000000ee180000, 0x0000000100000000)
  eden space 24576K, 0% used [0x00000000eaa80000,0x00000000eaa80000,0x00000000ec280000)
  from space 3584K, 99% used [0x00000000ec600000,0x00000000ec97ef78,0x00000000ec980000)
  to   space 3584K, 0% used [0x00000000ec280000,0x00000000ec280000,0x00000000ec600000)
 ParOldGen       total 62464K, used 4834K [0x00000000c0000000, 0x00000000c3d00000, 0x00000000eaa80000)
  object space 62464K, 7% used [0x00000000c0000000,0x00000000c04b89b8,0x00000000c3d00000)
 PSPermGen       total 21504K, used 5810K [0x00000000b5a00000, 0x00000000b6f00000, 0x00000000c0000000)
  object space 21504K, 27% used [0x00000000b5a00000,0x00000000b5faca38,0x00000000b6f00000)
}
Event: 4.618 GC heap before
{Heap before GC invocations=3 (full 0):
 PSYoungGen      total 28160K, used 28155K [0x00000000eaa80000, 0x00000000ee180000, 0x0000000100000000)
  eden space 24576K, 100% used [0x00000000eaa80000,0x00000000ec280000,0x00000000ec280000)
  from space 3584K, 99% used [0x00000000ec600000,0x00000000ec97ef78,0x00000000ec980000)
  to   space 3584K, 0% used [0x00000000ec280000,0x00000000ec280000,0x00000000ec600000)
 ParOldGen       total 62464K, used 4834K [0x00000000c0000000, 0x00000000c3d00000, 0x00000000eaa80000)
  object space 62464K, 7% used [0x00000000c0000000,0x00000000c04b89b8,0x00000000c3d00000)
 PSPermGen       total 21504K, used 5839K [0x00000000b5a00000, 0x00000000b6f00000, 0x00000000c0000000)
  object space 21504K, 27% used [0x00000000b5a00000,0x00000000b5fb3ff0,0x00000000b6f00000)
Event: 4.629 GC heap after
Heap after GC invocations=3 (full 0):
 PSYoungGen      total 28160K, used 3565K [0x00000000eaa80000, 0x00000000ee180000, 0x0000000100000000)
  eden space 24576K, 0% used [0x00000000eaa80000,0x00000000eaa80000,0x00000000ec280000)
  from space 3584K, 99% used [0x00000000ec280000,0x00000000ec5fb7d0,0x00000000ec600000)
  to   space 3584K, 0% used [0x00000000ede00000,0x00000000ede00000,0x00000000ee180000)
 ParOldGen       total 62464K, used 8369K [0x00000000c0000000, 0x00000000c3d00000, 0x00000000eaa80000)
  object space 62464K, 13% used [0x00000000c0000000,0x00000000c082c5f0,0x00000000c3d00000)
 PSPermGen       total 21504K, used 5839K [0x00000000b5a00000, 0x00000000b6f00000, 0x00000000c0000000)
  object space 21504K, 27% used [0x00000000b5a00000,0x00000000b5fb3ff0,0x00000000b6f00000)
}

Deoptimization events (10 events):
Event: 2.803 Thread 0x00007f750400a800 Uncommon trap: reason=unreached action=reinterpret pc=0x00007f75010bf634 method=com.android.dx.ssa.LocalVariableExtractor.processBlock(I)V @ 251
Event: 2.896 Thread 0x00007f750400a800 Uncommon trap: reason=class_check action=maybe_recompile pc=0x00007f750108aebc method=com.android.dx.rop.type.Type.equals(Ljava/lang/Object;)Z @ 8
Event: 2.900 Thread 0x00007f750400a800 Uncommon trap: reason=class_check action=maybe_recompile pc=0x00007f750108aebc method=com.android.dx.rop.type.Type.equals(Ljava/lang/Object;)Z @ 8
Event: 2.900 Thread 0x00007f750400a800 Uncommon trap: reason=class_check action=maybe_recompile pc=0x00007f750108aebc method=com.android.dx.rop.type.Type.equals(Ljava/lang/Object;)Z @ 8
Event: 3.549 Thread 0x00007f750400a800 Uncommon trap: reason=null_check action=make_not_entrant pc=0x00007f75010fa14c method=com.android.dx.rop.type.Type.putIntern(Lcom/android/dx/rop/type/Type;)Lcom/android/dx/rop/type/Type; @ 18
Event: 4.210 Thread 0x00007f750400a800 Uncommon trap: reason=bimorphic action=maybe_recompile pc=0x00007f750113a62c method=com.android.dx.cf.code.BytecodeArray.parseInstruction(ILcom/android/dx/cf/code/BytecodeArray$Visitor;)I @ 1501
Event: 4.212 Thread 0x00007f750400a800 Uncommon trap: reason=bimorphic action=maybe_recompile pc=0x00007f750113a62c method=com.android.dx.cf.code.BytecodeArray.parseInstruction(ILcom/android/dx/cf/code/BytecodeArray$Visitor;)I @ 1501
Event: 4.310 Thread 0x00007f750400a800 Uncommon trap: reason=bimorphic action=maybe_recompile pc=0x00007f750113cbbc method=com.android.dx.cf.code.BytecodeArray.parseInstruction(ILcom/android/dx/cf/code/BytecodeArray$Visitor;)I @ 2281
Event: 4.311 Thread 0x00007f750400a800 Uncommon trap: reason=bimorphic action=maybe_recompile pc=0x00007f750113cbbc method=com.android.dx.cf.code.BytecodeArray.parseInstruction(ILcom/android/dx/cf/code/BytecodeArray$Visitor;)I @ 2281
Event: 4.766 Thread 0x00007f750400a800 Uncommon trap: reason=null_check action=make_not_entrant pc=0x00007f750112426c method=com.android.dx.ssa.SsaRenamer.getLocalForNewReg(I)Lcom/android/dx/rop/code/LocalItem; @ 19

Internal exceptions (10 events):
Event: 2.731 Thread 0x00007f750400a800 Threw 0x00000000eaf246f0 at /build/buildd/openjdk-7-7u71-2.5.3/build/openjdk/hotspot/src/share/vm/prims/jvm.cpp:1284
Event: 2.732 Thread 0x00007f750400a800 Threw 0x00000000eaf349f8 at /build/buildd/openjdk-7-7u71-2.5.3/build/openjdk/hotspot/src/share/vm/prims/jvm.cpp:1284
Event: 2.734 Thread 0x00007f750400a800 Threw 0x00000000eaf43840 at /build/buildd/openjdk-7-7u71-2.5.3/build/openjdk/hotspot/src/share/vm/prims/jvm.cpp:1284
Event: 2.801 Thread 0x00007f750400a800 Implicit null exception at 0x00007f75010a3e12 to 0x00007f75010a3f15
Event: 2.898 Thread 0x00007f750400a800 Threw 0x00000000eb415cb8 at /build/buildd/openjdk-7-7u71-2.5.3/build/openjdk/hotspot/src/share/vm/prims/jvm.cpp:1284
Event: 2.916 Thread 0x00007f750400a800 Threw 0x00000000eb473568 at /build/buildd/openjdk-7-7u71-2.5.3/build/openjdk/hotspot/src/share/vm/prims/jvm.cpp:1284
Event: 3.549 Thread 0x00007f750400a800 Implicit null exception at 0x00007f75010f9a13 to 0x00007f75010fa13d
Event: 4.704 Thread 0x00007f750400a800 Threw 0x00000000eac8ea30 at /build/buildd/openjdk-7-7u71-2.5.3/build/openjdk/hotspot/src/share/vm/prims/jvm.cpp:1284
Event: 4.766 Thread 0x00007f750400a800 Implicit null exception at 0x00007f7501122173 to 0x00007f7501124229
Event: 4.816 Thread 0x00007f750400a800 Threw 0x00000000eb13b7c0 at /build/buildd/openjdk-7-7u71-2.5.3/build/openjdk/hotspot/src/share/vm/prims/jvm.cpp:1284

Events (10 events):
Event: 4.618 Executing VM operation: ParallelGCFailedAllocation
Event: 4.629 Executing VM operation: ParallelGCFailedAllocation done
Event: 4.689 Thread 0x00007f7504130800 flushing nmethod 0x00007f750107c310
Event: 4.704 loading class 0x00007f7504198ca0
Event: 4.704 loading class 0x00007f7504198ca0 done
Event: 4.766 Thread 0x00007f750400a800 Uncommon trap: trap_request=0xfffffff4 fr.pc=0x00007f750112426c
Event: 4.766 Thread 0x00007f750400a800 DEOPT PACKING pc=0x00007f750112426c sp=0x00007f750cc47e90
Event: 4.766 Thread 0x00007f750400a800 DEOPT UNPACKING pc=0x00007f7501039045 sp=0x00007f750cc47b78 mode 2
Event: 4.816 loading class 0x00007f7504262c80
Event: 4.816 loading class 0x00007f7504262c80 done


Dynamic libraries:
00400000-00401000 r-xp 00000000 08:01 13246226                           /usr/lib/jvm/java-7-openjdk-amd64/jre/bin/java
00600000-00601000 r--p 00000000 08:01 13246226                           /usr/lib/jvm/java-7-openjdk-amd64/jre/bin/java
00601000-00602000 rw-p 00001000 08:01 13246226                           /usr/lib/jvm/java-7-openjdk-amd64/jre/bin/java
01b50000-01b71000 rw-p 00000000 00:00 0                                  [heap]
b5a00000-b6f00000 rw-p 00000000 00:00 0 
b6f00000-c0000000 rw-p 00000000 00:00 0 
c0000000-c3d00000 rw-p 00000000 00:00 0 
c3d00000-eaa80000 rw-p 00000000 00:00 0 
eaa80000-ee180000 rw-p 00000000 00:00 0 
ee180000-100000000 rw-p 00000000 00:00 0 
7f74d0000000-7f74d0021000 rw-p 00000000 00:00 0 
7f74d0021000-7f74d4000000 ---p 00000000 00:00 0 
7f74d8000000-7f74d8bf4000 rw-p 00000000 00:00 0 
7f74d8bf4000-7f74dc000000 ---p 00000000 00:00 0 
7f74dc000000-7f74dc021000 rw-p 00000000 00:00 0 
7f74dc021000-7f74e0000000 ---p 00000000 00:00 0 
7f74e0000000-7f74e0021000 rw-p 00000000 00:00 0 
7f74e0021000-7f74e4000000 ---p 00000000 00:00 0 
7f74e4000000-7f74e4d8a000 rw-p 00000000 00:00 0 
7f74e4d8a000-7f74e8000000 ---p 00000000 00:00 0 
7f74e8000000-7f74e8021000 rw-p 00000000 00:00 0 
7f74e8021000-7f74ec000000 ---p 00000000 00:00 0 
7f74ec000000-7f74ec021000 rw-p 00000000 00:00 0 
7f74ec021000-7f74f0000000 ---p 00000000 00:00 0 
7f74f0000000-7f74f0021000 rw-p 00000000 00:00 0 
7f74f0021000-7f74f4000000 ---p 00000000 00:00 0 
7f74f4000000-7f74f4021000 rw-p 00000000 00:00 0 
7f74f4021000-7f74f8000000 ---p 00000000 00:00 0 
7f74f8000000-7f74f8021000 rw-p 00000000 00:00 0 
7f74f8021000-7f74fc000000 ---p 00000000 00:00 0 
7f74fc76b000-7f74fc7a8000 r-xp 00000000 08:01 6819835                    /lib/x86_64-linux-gnu/libpcre.so.3.13.1
7f74fc7a8000-7f74fc9a7000 ---p 0003d000 08:01 6819835                    /lib/x86_64-linux-gnu/libpcre.so.3.13.1
7f74fc9a7000-7f74fc9a8000 r--p 0003c000 08:01 6819835                    /lib/x86_64-linux-gnu/libpcre.so.3.13.1
7f74fc9a8000-7f74fc9a9000 rw-p 0003d000 08:01 6819835                    /lib/x86_64-linux-gnu/libpcre.so.3.13.1
7f74fc9a9000-7f74fc9b0000 r-xp 00000000 08:01 13115304                   /usr/lib/x86_64-linux-gnu/libffi.so.6.0.1
7f74fc9b0000-7f74fcbaf000 ---p 00007000 08:01 13115304                   /usr/lib/x86_64-linux-gnu/libffi.so.6.0.1
7f74fcbaf000-7f74fcbb0000 r--p 00006000 08:01 13115304                   /usr/lib/x86_64-linux-gnu/libffi.so.6.0.1
7f74fcbb0000-7f74fcbb1000 rw-p 00007000 08:01 13115304                   /usr/lib/x86_64-linux-gnu/libffi.so.6.0.1
7f74fcbb1000-7f74fcbc8000 r-xp 00000000 08:01 6820737                    /lib/x86_64-linux-gnu/libresolv-2.19.so
7f74fcbc8000-7f74fcdc8000 ---p 00017000 08:01 6820737                    /lib/x86_64-linux-gnu/libresolv-2.19.so
7f74fcdc8000-7f74fcdc9000 r--p 00017000 08:01 6820737                    /lib/x86_64-linux-gnu/libresolv-2.19.so
7f74fcdc9000-7f74fcdca000 rw-p 00018000 08:01 6820737                    /lib/x86_64-linux-gnu/libresolv-2.19.so
7f74fcdca000-7f74fcdcc000 rw-p 00000000 00:00 0 
7f74fcdcc000-7f74fcdec000 r-xp 00000000 08:01 6819862                    /lib/x86_64-linux-gnu/libselinux.so.1
7f74fcdec000-7f74fcfeb000 ---p 00020000 08:01 6819862                    /lib/x86_64-linux-gnu/libselinux.so.1
7f74fcfeb000-7f74fcfec000 r--p 0001f000 08:01 6819862                    /lib/x86_64-linux-gnu/libselinux.so.1
7f74fcfec000-7f74fcfed000 rw-p 00020000 08:01 6819862                    /lib/x86_64-linux-gnu/libselinux.so.1
7f74fcfed000-7f74fcfef000 rw-p 00000000 00:00 0 
7f74fcfef000-7f74fcff2000 r-xp 00000000 08:01 13107564                   /usr/lib/x86_64-linux-gnu/libgmodule-2.0.so.0.4002.0
7f74fcff2000-7f74fd1f1000 ---p 00003000 08:01 13107564                   /usr/lib/x86_64-linux-gnu/libgmodule-2.0.so.0.4002.0
7f74fd1f1000-7f74fd1f2000 r--p 00002000 08:01 13107564                   /usr/lib/x86_64-linux-gnu/libgmodule-2.0.so.0.4002.0
7f74fd1f2000-7f74fd1f3000 rw-p 00003000 08:01 13107564                   /usr/lib/x86_64-linux-gnu/libgmodule-2.0.so.0.4002.0
7f74fd1f3000-7f74fd2f9000 r-xp 00000000 08:01 6819696                    /lib/x86_64-linux-gnu/libglib-2.0.so.0.4002.0
7f74fd2f9000-7f74fd4f8000 ---p 00106000 08:01 6819696                    /lib/x86_64-linux-gnu/libglib-2.0.so.0.4002.0
7f74fd4f8000-7f74fd4f9000 r--p 00105000 08:01 6819696                    /lib/x86_64-linux-gnu/libglib-2.0.so.0.4002.0
7f74fd4f9000-7f74fd4fa000 rw-p 00106000 08:01 6819696                    /lib/x86_64-linux-gnu/libglib-2.0.so.0.4002.0
7f74fd4fa000-7f74fd4fb000 rw-p 00000000 00:00 0 
7f74fd4fb000-7f74fd54a000 r-xp 00000000 08:01 13107582                   /usr/lib/x86_64-linux-gnu/libgobject-2.0.so.0.4002.0
7f74fd54a000-7f74fd74a000 ---p 0004f000 08:01 13107582                   /usr/lib/x86_64-linux-gnu/libgobject-2.0.so.0.4002.0
7f74fd74a000-7f74fd74b000 r--p 0004f000 08:01 13107582                   /usr/lib/x86_64-linux-gnu/libgobject-2.0.so.0.4002.0
7f74fd74b000-7f74fd74c000 rw-p 00050000 08:01 13107582                   /usr/lib/x86_64-linux-gnu/libgobject-2.0.so.0.4002.0
7f74fd74c000-7f74fd8b8000 r-xp 00000000 08:01 13107586                   /usr/lib/x86_64-linux-gnu/libgio-2.0.so.0.4002.0
7f74fd8b8000-7f74fdab7000 ---p 0016c000 08:01 13107586                   /usr/lib/x86_64-linux-gnu/libgio-2.0.so.0.4002.0
7f74fdab7000-7f74fdabb000 r--p 0016b000 08:01 13107586                   /usr/lib/x86_64-linux-gnu/libgio-2.0.so.0.4002.0
7f74fdabb000-7f74fdabd000 rw-p 0016f000 08:01 13107586                   /usr/lib/x86_64-linux-gnu/libgio-2.0.so.0.4002.0
7f74fdabd000-7f74fdabf000 rw-p 00000000 00:00 0 
7f74fdabf000-7f74fdad6000 r-xp 00000000 08:01 13246132                   /usr/lib/jvm/java-7-openjdk-amd64/jre/lib/amd64/libnet.so
7f74fdad6000-7f74fdcd5000 ---p 00017000 08:01 13246132                   /usr/lib/jvm/java-7-openjdk-amd64/jre/lib/amd64/libnet.so
7f74fdcd5000-7f74fdcd6000 r--p 00016000 08:01 13246132                   /usr/lib/jvm/java-7-openjdk-amd64/jre/lib/amd64/libnet.so
7f74fdcd6000-7f74fdcd7000 rw-p 00017000 08:01 13246132                   /usr/lib/jvm/java-7-openjdk-amd64/jre/lib/amd64/libnet.so
7f74fdcd7000-7f74fdce7000 r-xp 00000000 08:01 13246147                   /usr/lib/jvm/java-7-openjdk-amd64/jre/lib/amd64/libnio.so
7f74fdce7000-7f74fdee7000 ---p 00010000 08:01 13246147                   /usr/lib/jvm/java-7-openjdk-amd64/jre/lib/amd64/libnio.so
7f74fdee7000-7f74fdee8000 r--p 00010000 08:01 13246147                   /usr/lib/jvm/java-7-openjdk-amd64/jre/lib/amd64/libnio.so
7f74fdee8000-7f74fdee9000 rw-p 00011000 08:01 13246147                   /usr/lib/jvm/java-7-openjdk-amd64/jre/lib/amd64/libnio.so
7f74fdee9000-7f74fdeea000 ---p 00000000 00:00 0 
7f74fdeea000-7f74fdfea000 rw-p 00000000 00:00 0                          [stack:23858]
7f74fdfea000-7f74fdfed000 ---p 00000000 00:00 0 
7f74fdfed000-7f74fe0eb000 rw-p 00000000 00:00 0                          [stack:23857]
7f74fe0eb000-7f74fe0ee000 ---p 00000000 00:00 0 
7f74fe0ee000-7f74fe1ec000 rw-p 00000000 00:00 0                          [stack:23856]
7f74fe1ec000-7f74fe1ef000 ---p 00000000 00:00 0 
7f74fe1ef000-7f74fe2ed000 rw-p 00000000 00:00 0                          [stack:23855]
7f74fe2ed000-7f74fe2f0000 ---p 00000000 00:00 0 
7f74fe2f0000-7f74fe3ee000 rw-p 00000000 00:00 0                          [stack:23854]
7f74fe3ee000-7f74fead0000 r--p 00000000 08:01 13114023                   /usr/lib/locale/locale-archive
7f74fead0000-7f7501000000 rw-p 00000000 00:00 0 
7f7501000000-7f7501270000 rwxp 00000000 00:00 0 
7f7501270000-7f75042d5000 rw-p 00000000 00:00 0 
7f75042d5000-7f7508000000 ---p 00000000 00:00 0 
7f7508047000-7f7508058000 r--s 000aa000 08:01 12323623                   /home/pcs20/AndroidstudioProjects/SlideInOut/app/build/intermediates/exploded-aar/com.android.support/support-v4/21.0.3/classes.jar
7f7508058000-7f7508067000 r--s 000dd000 08:01 8783573                    /home/pcs20/Desktop/Android/adt-bundle-linux-x86_64-20140702/sdk/build-tools/21.1.2/lib/dx.jar
7f7508067000-7f750806a000 ---p 00000000 00:00 0 
7f750806a000-7f7508168000 rw-p 00000000 00:00 0                          [stack:23853]
7f7508168000-7f750816b000 ---p 00000000 00:00 0 
7f750816b000-7f7508269000 rw-p 00000000 00:00 0                          [stack:23852]
7f7508269000-7f750826a000 ---p 00000000 00:00 0 
7f750826a000-7f7508cbc000 rw-p 00000000 00:00 0                          [stack:23851]
7f7508cbc000-7f7508e6d000 r--s 01d25000 08:01 13246195                   /usr/lib/jvm/java-7-openjdk-amd64/jre/lib/rt.jar
7f7508e6d000-7f7509191000 rw-p 00000000 00:00 0 
7f7509191000-7f7509192000 ---p 00000000 00:00 0 
7f7509192000-7f7509292000 rw-p 00000000 00:00 0                          [stack:23850]
7f7509292000-7f7509293000 ---p 00000000 00:00 0 
7f7509293000-7f750939e000 rw-p 00000000 00:00 0                          [stack:23849]
7f750939e000-7f75093e6000 rw-p 00000000 00:00 0 
7f75093e6000-7f7509405000 rw-p 00000000 00:00 0 
7f7509405000-7f750953c000 rw-p 00000000 00:00 0 
7f750953c000-7f7509547000 rw-p 00000000 00:00 0 
7f7509547000-7f750958f000 rw-p 00000000 00:00 0 
7f750958f000-7f75095ae000 rw-p 00000000 00:00 0 
7f75095ae000-7f75096e4000 rw-p 00000000 00:00 0 
7f75096e4000-7f7509700000 rw-p 00000000 00:00 0 
7f7509700000-7f750978f000 rw-p 00000000 00:00 0 
7f750978f000-7f7509790000 rw-p 00000000 00:00 0 
7f7509790000-7f7509798000 r-xp 00000000 08:01 13246124                   /usr/lib/jvm/java-7-openjdk-amd64/jre/lib/amd64/libzip.so
7f7509798000-7f7509997000 ---p 00008000 08:01 13246124                   /usr/lib/jvm/java-7-openjdk-amd64/jre/lib/amd64/libzip.so
7f7509997000-7f7509998000 r--p 00007000 08:01 13246124                   /usr/lib/jvm/java-7-openjdk-amd64/jre/lib/amd64/libzip.so
7f7509998000-7f7509999000 rw-p 00008000 08:01 13246124                   /usr/lib/jvm/java-7-openjdk-amd64/jre/lib/amd64/libzip.so
7f7509999000-7f75099a4000 r-xp 00000000 08:01 6820751                    /lib/x86_64-linux-gnu/libnss_files-2.19.so
7f75099a4000-7f7509ba3000 ---p 0000b000 08:01 6820751                    /lib/x86_64-linux-gnu/libnss_files-2.19.so
7f7509ba3000-7f7509ba4000 r--p 0000a000 08:01 6820751                    /lib/x86_64-linux-gnu/libnss_files-2.19.so
7f7509ba4000-7f7509ba5000 rw-p 0000b000 08:01 6820751                    /lib/x86_64-linux-gnu/libnss_files-2.19.so
7f7509ba5000-7f7509bb0000 r-xp 00000000 08:01 6820769                    /lib/x86_64-linux-gnu/libnss_nis-2.19.so
7f7509bb0000-7f7509daf000 ---p 0000b000 08:01 6820769                    /lib/x86_64-linux-gnu/libnss_nis-2.19.so
7f7509daf000-7f7509db0000 r--p 0000a000 08:01 6820769                    /lib/x86_64-linux-gnu/libnss_nis-2.19.so
7f7509db0000-7f7509db1000 rw-p 0000b000 08:01 6820769                    /lib/x86_64-linux-gnu/libnss_nis-2.19.so
7f7509db1000-7f7509dc8000 r-xp 00000000 08:01 6820738                    /lib/x86_64-linux-gnu/libnsl-2.19.so
7f7509dc8000-7f7509fc7000 ---p 00017000 08:01 6820738                    /lib/x86_64-linux-gnu/libnsl-2.19.so
7f7509fc7000-7f7509fc8000 r--p 00016000 08:01 6820738                    /lib/x86_64-linux-gnu/libnsl-2.19.so
7f7509fc8000-7f7509fc9000 rw-p 00017000 08:01 6820738                    /lib/x86_64-linux-gnu/libnsl-2.19.so
7f7509fc9000-7f7509fcb000 rw-p 00000000 00:00 0 
7f7509fcb000-7f7509fd4000 r-xp 00000000 08:01 6820735                    /lib/x86_64-linux-gnu/libnss_compat-2.19.so
7f7509fd4000-7f750a1d3000 ---p 00009000 08:01 6820735                    /lib/x86_64-linux-gnu/libnss_compat-2.19.so
7f750a1d3000-7f750a1d4000 r--p 00008000 08:01 6820735                    /lib/x86_64-linux-gnu/libnss_compat-2.19.so
7f750a1d4000-7f750a1d5000 rw-p 00009000 08:01 6820735                    /lib/x86_64-linux-gnu/libnss_compat-2.19.so
7f750a1d5000-7f750a200000 r-xp 00000000 08:01 13246131                   /usr/lib/jvm/java-7-openjdk-amd64/jre/lib/amd64/libjava.so
7f750a200000-7f750a3ff000 ---p 0002b000 08:01 13246131                   /usr/lib/jvm/java-7-openjdk-amd64/jre/lib/amd64/libjava.so
7f750a3ff000-7f750a400000 r--p 0002a000 08:01 13246131                   /usr/lib/jvm/java-7-openjdk-amd64/jre/lib/amd64/libjava.so
7f750a400000-7f750a402000 rw-p 0002b000 08:01 13246131                   /usr/lib/jvm/java-7-openjdk-amd64/jre/lib/amd64/libjava.so
7f750a402000-7f750a412000 r-xp 00000000 08:01 13246146                   /usr/lib/jvm/java-7-openjdk-amd64/jre/lib/amd64/libverify.so
7f750a412000-7f750a611000 ---p 00010000 08:01 13246146                   /usr/lib/jvm/java-7-openjdk-amd64/jre/lib/amd64/libverify.so
7f750a611000-7f750a613000 r--p 0000f000 08:01 13246146                   /usr/lib/jvm/java-7-openjdk-amd64/jre/lib/amd64/libverify.so
7f750a613000-7f750a614000 rw-p 00011000 08:01 13246146                   /usr/lib/jvm/java-7-openjdk-amd64/jre/lib/amd64/libverify.so
7f750a614000-7f750a61b000 r-xp 00000000 08:01 6820740                    /lib/x86_64-linux-gnu/librt-2.19.so
7f750a61b000-7f750a81a000 ---p 00007000 08:01 6820740                    /lib/x86_64-linux-gnu/librt-2.19.so
7f750a81a000-7f750a81b000 r--p 00006000 08:01 6820740                    /lib/x86_64-linux-gnu/librt-2.19.so
7f750a81b000-7f750a81c000 rw-p 00007000 08:01 6820740                    /lib/x86_64-linux-gnu/librt-2.19.so
7f750a81c000-7f750a832000 r-xp 00000000 08:01 6820732                    /lib/x86_64-linux-gnu/libgcc_s.so.1
7f750a832000-7f750aa31000 ---p 00016000 08:01 6820732                    /lib/x86_64-linux-gnu/libgcc_s.so.1
7f750aa31000-7f750aa32000 rw-p 00015000 08:01 6820732                    /lib/x86_64-linux-gnu/libgcc_s.so.1
7f750aa32000-7f750ab37000 r-xp 00000000 08:01 6820747                    /lib/x86_64-linux-gnu/libm-2.19.so
7f750ab37000-7f750ad36000 ---p 00105000 08:01 6820747                    /lib/x86_64-linux-gnu/libm-2.19.so
7f750ad36000-7f750ad37000 r--p 00104000 08:01 6820747                    /lib/x86_64-linux-gnu/libm-2.19.so
7f750ad37000-7f750ad38000 rw-p 00105000 08:01 6820747                    /lib/x86_64-linux-gnu/libm-2.19.so
7f750ad38000-7f750ae1e000 r-xp 00000000 08:01 13115932                   /usr/lib/x86_64-linux-gnu/libstdc++.so.6.0.19
7f750ae1e000-7f750b01d000 ---p 000e6000 08:01 13115932                   /usr/lib/x86_64-linux-gnu/libstdc++.so.6.0.19
7f750b01d000-7f750b025000 r--p 000e5000 08:01 13115932                   /usr/lib/x86_64-linux-gnu/libstdc++.so.6.0.19
7f750b025000-7f750b027000 rw-p 000ed000 08:01 13115932                   /usr/lib/x86_64-linux-gnu/libstdc++.so.6.0.19
7f750b027000-7f750b03c000 rw-p 00000000 00:00 0 
7f750b03c000-7f750bb52000 r-xp 00000000 08:01 13246153                   /usr/lib/jvm/java-7-openjdk-amd64/jre/lib/amd64/server/libjvm.so
7f750bb52000-7f750bd51000 ---p 00b16000 08:01 13246153                   /usr/lib/jvm/java-7-openjdk-amd64/jre/lib/amd64/server/libjvm.so
7f750bd51000-7f750bdeb000 r--p 00b15000 08:01 13246153                   /usr/lib/jvm/java-7-openjdk-amd64/jre/lib/amd64/server/libjvm.so
7f750bdeb000-7f750be0e000 rw-p 00baf000 08:01 13246153                   /usr/lib/jvm/java-7-openjdk-amd64/jre/lib/amd64/server/libjvm.so
7f750be0e000-7f750be3c000 rw-p 00000000 00:00 0 
7f750be3c000-7f750be54000 r-xp 00000000 08:01 6819895                    /lib/x86_64-linux-gnu/libz.so.1.2.8
7f750be54000-7f750c053000 ---p 00018000 08:01 6819895                    /lib/x86_64-linux-gnu/libz.so.1.2.8
7f750c053000-7f750c054000 r--p 00017000 08:01 6819895                    /lib/x86_64-linux-gnu/libz.so.1.2.8
7f750c054000-7f750c055000 rw-p 00018000 08:01 6819895                    /lib/x86_64-linux-gnu/libz.so.1.2.8
7f750c055000-7f750c06e000 r-xp 00000000 08:01 6820774                    /lib/x86_64-linux-gnu/libpthread-2.19.so
7f750c06e000-7f750c26d000 ---p 00019000 08:01 6820774                    /lib/x86_64-linux-gnu/libpthread-2.19.so
7f750c26d000-7f750c26e000 r--p 00018000 08:01 6820774                    /lib/x86_64-linux-gnu/libpthread-2.19.so
7f750c26e000-7f750c26f000 rw-p 00019000 08:01 6820774                    /lib/x86_64-linux-gnu/libpthread-2.19.so
7f750c26f000-7f750c273000 rw-p 00000000 00:00 0 
7f750c273000-7f750c276000 r-xp 00000000 08:01 6820773                    /lib/x86_64-linux-gnu/libdl-2.19.so
7f750c276000-7f750c475000 ---p 00003000 08:01 6820773                    /lib/x86_64-linux-gnu/libdl-2.19.so
7f750c475000-7f750c476000 r--p 00002000 08:01 6820773                    /lib/x86_64-linux-gnu/libdl-2.19.so
7f750c476000-7f750c477000 rw-p 00003000 08:01 6820773                    /lib/x86_64-linux-gnu/libdl-2.19.so
7f750c477000-7f750c632000 r-xp 00000000 08:01 6820744                    /lib/x86_64-linux-gnu/libc-2.19.so
7f750c632000-7f750c832000 ---p 001bb000 08:01 6820744                    /lib/x86_64-linux-gnu/libc-2.19.so
7f750c832000-7f750c836000 r--p 001bb000 08:01 6820744                    /lib/x86_64-linux-gnu/libc-2.19.so
7f750c836000-7f750c838000 rw-p 001bf000 08:01 6820744                    /lib/x86_64-linux-gnu/libc-2.19.so
7f750c838000-7f750c83d000 rw-p 00000000 00:00 0 
7f750c83d000-7f750c84a000 r-xp 00000000 08:01 13246129                   /usr/lib/jvm/java-7-openjdk-amd64/jre/lib/amd64/jli/libjli.so
7f750c84a000-7f750ca49000 ---p 0000d000 08:01 13246129                   /usr/lib/jvm/java-7-openjdk-amd64/jre/lib/amd64/jli/libjli.so
7f750ca49000-7f750ca4a000 r--p 0000c000 08:01 13246129                   /usr/lib/jvm/java-7-openjdk-amd64/jre/lib/amd64/jli/libjli.so
7f750ca4a000-7f750ca4b000 rw-p 0000d000 08:01 13246129                   /usr/lib/jvm/java-7-openjdk-amd64/jre/lib/amd64/jli/libjli.so
7f750ca4b000-7f750ca6e000 r-xp 00000000 08:01 6820745                    /lib/x86_64-linux-gnu/ld-2.19.so
7f750ca6e000-7f750ca6f000 rw-p 00000000 00:00 0 
7f750ca6f000-7f750ca71000 r--s 00012000 08:01 13246190                   /usr/lib/jvm/java-7-openjdk-amd64/jre/lib/ext/zipfs.jar
7f750ca71000-7f750ca93000 rw-p 00000000 00:00 0 
7f750ca93000-7f750cb49000 rw-p 00000000 00:00 0 
7f750cb49000-7f750cb4c000 ---p 00000000 00:00 0 
7f750cb4c000-7f750cc4f000 rw-p 00000000 00:00 0                          [stack:23848]
7f750cc4f000-7f750cc50000 r--s 00002000 08:01 13246194                   /usr/lib/jvm/java-7-openjdk-amd64/jre/lib/ext/dnsns.jar
7f750cc50000-7f750cc54000 r--s 0003c000 08:01 13246191                   /usr/lib/jvm/java-7-openjdk-amd64/jre/lib/ext/sunpkcs11.jar
7f750cc54000-7f750cc56000 r--s 00006000 08:01 13500519                   /usr/share/java/java-atk-wrapper.jar
7f750cc56000-7f750cc5a000 r--s 00034000 08:01 13246193                   /usr/lib/jvm/java-7-openjdk-amd64/jre/lib/ext/sunjce_provider.jar
7f750cc5a000-7f750cc5e000 r--s 00085000 08:01 13246192                   /usr/lib/jvm/java-7-openjdk-amd64/jre/lib/ext/localedata.jar
7f750cc5e000-7f750cc61000 r--s 0000f000 08:01 13246189                   /usr/lib/jvm/java-7-openjdk-amd64/jre/lib/ext/icedtea-sound.jar
7f750cc61000-7f750cc69000 rw-s 00000000 08:01 1573599                    /tmp/hsperfdata_pcs20/23840
7f750cc69000-7f750cc6a000 rw-p 00000000 00:00 0 
7f750cc6a000-7f750cc6b000 r--p 00000000 00:00 0 
7f750cc6b000-7f750cc6d000 rw-p 00000000 00:00 0 
7f750cc6d000-7f750cc6e000 r--p 00022000 08:01 6820745                    /lib/x86_64-linux-gnu/ld-2.19.so
7f750cc6e000-7f750cc6f000 rw-p 00023000 08:01 6820745                    /lib/x86_64-linux-gnu/ld-2.19.so
7f750cc6f000-7f750cc70000 rw-p 00000000 00:00 0 
7fff4d6be000-7fff4d6df000 rw-p 00000000 00:00 0                          [stack]
7fff4d7fe000-7fff4d800000 r-xp 00000000 00:00 0                          [vdso]
ffffffffff600000-ffffffffff601000 r-xp 00000000 00:00 0                  [vsyscall]

VM Arguments:
jvm_args: -Xmx1024M 
java_command: /home/pcs20/Desktop/Android/adt-bundle-linux-x86_64-20140702/sdk/build-tools/21.1.2/lib/dx.jar --dex --output /home/pcs20/AndroidstudioProjects/SlideInOut/app/build/intermediates/pre-dexed/debug/classes-c9fb0609ee5c829220cab46d76b02fa502b1d9f6.jar /home/pcs20/AndroidstudioProjects/SlideInOut/app/build/intermediates/exploded-aar/com.android.support/support-v4/21.0.3/classes.jar
Launcher Type: SUN_STANDARD

Environment Variables:
CLASSPATH=/home/pcs20/Desktop/Android/android-studio/bin/../lib/bootstrap.jar:/home/pcs20/Desktop/Android/android-studio/bin/../lib/extensions.jar:/home/pcs20/Desktop/Android/android-studio/bin/../lib/util.jar:/home/pcs20/Desktop/Android/android-studio/bin/../lib/jdom.jar:/home/pcs20/Desktop/Android/android-studio/bin/../lib/log4j.jar:/home/pcs20/Desktop/Android/android-studio/bin/../lib/trove4j.jar:/home/pcs20/Desktop/Android/android-studio/bin/../lib/jna.jar:/usr/lib/jvm/java-7-openjdk-amd64/lib/tools.jar
PATH=/usr/local/sbin:/usr/local/bin:/usr/sbin:/usr/bin:/sbin:/bin:/usr/games:/usr/local/games:/usr/lib/jvm/java-6-openjdk-amd64
LD_LIBRARY_PATH=/home/pcs20/Desktop/Android/android-studio/bin:
SHELL=/bin/bash
DISPLAY=:0

Signal Handlers:
SIGSEGV: [libjvm.so+0x9495e0], sa_mask[0]=0x7ffbfeff, sa_flags=0x10000004
SIGBUS: [libjvm.so+0x9495e0], sa_mask[0]=0x7ffbfeff, sa_flags=0x10000004
SIGFPE: [libjvm.so+0x7c3410], sa_mask[0]=0x7ffbfeff, sa_flags=0x10000004
SIGPIPE: [libjvm.so+0x7c3410], sa_mask[0]=0x7ffbfeff, sa_flags=0x10000004
SIGXFSZ: [libjvm.so+0x7c3410], sa_mask[0]=0x7ffbfeff, sa_flags=0x10000004
SIGILL: [libjvm.so+0x7c3410], sa_mask[0]=0x7ffbfeff, sa_flags=0x10000004
SIGUSR1: SIG_DFL, sa_mask[0]=0x00000000, sa_flags=0x00000000
SIGUSR2: [libjvm.so+0x7c32b0], sa_mask[0]=0x00000004, sa_flags=0x10000004
SIGHUP: [libjvm.so+0x7c3490], sa_mask[0]=0x7ffbfeff, sa_flags=0x10000004
SIGINT: [libjvm.so+0x7c3490], sa_mask[0]=0x7ffbfeff, sa_flags=0x10000004
SIGTERM: [libjvm.so+0x7c3490], sa_mask[0]=0x7ffbfeff, sa_flags=0x10000004
SIGQUIT: [libjvm.so+0x7c3490], sa_mask[0]=0x7ffbfeff, sa_flags=0x10000004
SIGTRAP: SIG_DFL, sa_mask[0]=0x00000000, sa_flags=0x00000000


---------------  S Y S T E M  ---------------

OS:Ubuntu 14.04 (trusty)
uname:Linux 3.13.0-32-generic #57-Ubuntu SMP Tue Jul 15 03:51:08 UTC 2014 x86_64
libc:glibc 2.19 NPTL 2.19 
rlimit: STACK 8192k, CORE 0k, NPROC 46765, NOFILE 4096, AS infinity
load average:1.67 1.22 1.14

/proc/meminfo:
MemTotal:        6007556 kB
MemFree:          497000 kB
Buffers:           31964 kB
Cached:          1501192 kB
SwapCached:       249760 kB
Active:          3590576 kB
Inactive:        1598660 kB
Active(anon):    3016348 kB
Inactive(anon):  1067880 kB
Active(file):     574228 kB
Inactive(file):   530780 kB
Unevictable:          64 kB
Mlocked:              64 kB
SwapTotal:       9764860 kB
SwapFree:        8241208 kB
Dirty:             11480 kB
Writeback:             0 kB
AnonPages:       3529176 kB
Mapped:           264224 kB
Shmem:            428100 kB
Slab:             175008 kB
SReclaimable:     130336 kB
SUnreclaim:        44672 kB
KernelStack:        6096 kB
PageTables:        57448 kB
NFS_Unstable:          0 kB
Bounce:                0 kB
WritebackTmp:          0 kB
CommitLimit:    12768636 kB
Committed_AS:   13329180 kB
VmallocTotal:   34359738367 kB
VmallocUsed:      356872 kB
VmallocChunk:   34359372764 kB
HardwareCorrupted:     0 kB
AnonHugePages:   1345536 kB
HugePages_Total:       0
HugePages_Free:        0
HugePages_Rsvd:        0
HugePages_Surp:        0
Hugepagesize:       2048 kB
DirectMap4k:       58704 kB
DirectMap2M:     6127616 kB


CPU:total 2 (2 cores per cpu, 1 threads per core) family 6 model 58 stepping 9, cmov, cx8, fxsr, mmx, sse, sse2, sse3, ssse3, sse4.1, sse4.2, popcnt, erms, tsc, tscinvbit, tscinv

/proc/cpuinfo:
processor	: 0
vendor_id	: GenuineIntel
cpu family	: 6
model		: 58
model name	: Intel(R) Pentium(R) CPU G2030 @ 3.00GHz
stepping	: 9
microcode	: 0xc
cpu MHz		: 3000.000
cache size	: 3072 KB
physical id	: 0
siblings	: 2
core id		: 0
cpu cores	: 2
apicid		: 0
initial apicid	: 0
fpu		: yes
fpu_exception	: yes
cpuid level	: 13
wp		: yes
flags		: fpu vme de pse tsc msr pae mce cx8 apic sep mtrr pge mca cmov pat pse36 clflush dts acpi mmx fxsr sse sse2 ss ht tm pbe syscall nx rdtscp lm constant_tsc arch_perfmon pebs bts rep_good nopl xtopology nonstop_tsc aperfmperf eagerfpu pni pclmulqdq dtes64 monitor ds_cpl vmx est tm2 ssse3 cx16 xtpr pdcm pcid sse4_1 sse4_2 popcnt tsc_deadline_timer xsave lahf_lm arat epb xsaveopt pln pts dtherm tpr_shadow vnmi flexpriority ept vpid fsgsbase smep erms
bogomips	: 5986.44
clflush size	: 64
cache_alignment	: 64
address sizes	: 36 bits physical, 48 bits virtual
power management:

processor	: 1
vendor_id	: GenuineIntel
cpu family	: 6
model		: 58
model name	: Intel(R) Pentium(R) CPU G2030 @ 3.00GHz
stepping	: 9
microcode	: 0xc
cpu MHz		: 3000.000
cache size	: 3072 KB
physical id	: 0
siblings	: 2
core id		: 1
cpu cores	: 2
apicid		: 2
initial apicid	: 2
fpu		: yes
fpu_exception	: yes
cpuid level	: 13
wp		: yes
flags		: fpu vme de pse tsc msr pae mce cx8 apic sep mtrr pge mca cmov pat pse36 clflush dts acpi mmx fxsr sse sse2 ss ht tm pbe syscall nx rdtscp lm constant_tsc arch_perfmon pebs bts rep_good nopl xtopology nonstop_tsc aperfmperf eagerfpu pni pclmulqdq dtes64 monitor ds_cpl vmx est tm2 ssse3 cx16 xtpr pdcm pcid sse4_1 sse4_2 popcnt tsc_deadline_timer xsave lahf_lm arat epb xsaveopt pln pts dtherm tpr_shadow vnmi flexpriority ept vpid fsgsbase smep erms
bogomips	: 5986.44
clflush size	: 64
cache_alignment	: 64
address sizes	: 36 bits physical, 48 bits virtual
power management:



Memory: 4k page, physical 6007556k(497000k free), swap 9764860k(8241208k free)

vm_info: OpenJDK 64-Bit Server VM (24.65-b04) for linux-amd64 JRE (1.7.0_65-b32), built on Oct 22 2014 04:37:44 by "buildd" with gcc 4.8.2

time: Wed Feb  4 17:06:29 2015
elapsed time: 5 seconds

