#
# A fatal error has been detected by the Java Runtime Environment:
#
#  SIGSEGV (0xb) at pc=0x00007f0fc7c4d60e, pid=13589, tid=139705691981568
#
# JRE version: OpenJDK Runtime Environment (7.0_65-b32) (build 1.7.0_65-b32)
# Java VM: OpenJDK 64-Bit Server VM (24.65-b04 mixed mode linux-amd64 compressed oops)
# Derivative: IcedTea 2.5.3
# Distribution: Ubuntu 14.04 LTS, package 7u71-2.5.3-0ubuntu0.14.04.1
# Problematic frame:
# V  [libjvm.so+0x71760e]  PhaseIdealLoop::build_loop_tree()+0x11e
#
# Failed to write core dump. Core dumps have been disabled. To enable core dumping, try "ulimit -c unlimited" before starting Java again
#
# If you would like to submit a bug report, please include
# instructions on how to reproduce the bug and visit:
#   http://icedtea.classpath.org/bugzilla
#

---------------  T H R E A D  ---------------

Current thread (0x00007f0fc00a9800):  JavaThread "C2 CompilerThread1" daemon [_thread_in_native, id=13599, stack(0x00007f0fc414c000,0x00007f0fc424d000)]

siginfo:si_signo=SIGSEGV: si_errno=0, si_code=128 (), si_addr=0x0000000000000000

Registers:
RAX=0x00007f0fc8ac0890, RBX=0x0000000000000000, RCX=0x00007f0f986750a0, RDX=0x0000000000000001
RSP=0x00007f0fc4248010, RBP=0x00007f0fc4248080, RSI=0x00007f0f9ca0d760, RDI=0x00007f0f98674e98
R8 =0x0000000000000000, R9 =0x0000000000000000, R10=0x00007f0f9ca0d760, R11=0x0000000000000000
R12=0x0000000000000000, R13=0x00007f0fc42498e0, R14=0x00007f0f98674e30, R15=0x00007f0f98674e98
RIP=0x00007f0fc7c4d60e, EFLAGS=0x0000000000010246, CSGSFS=0x0000000000000033, ERR=0x0000000000000000
  TRAPNO=0x000000000000000d

Top of Stack: (sp=0x00007f0fc4248010)
0x00007f0fc4248010:   00007f0fc4248030 00007f0fc4248030
0x00007f0fc4248020:   00007f0f00000220 000002f3c77e0748
0x00007f0fc4248030:   000024be00000220 0000000000000000
0x00007f0fc4248040:   0000000000000700 00007f0f9c694f70
0x00007f0fc4248050:   00007f0fc4248080 00007f0fc001cbb0
0x00007f0fc4248060:   00007f0fc001cbb0 00007f0fc42498e0
0x00007f0fc4248070:   00007f0fc001cbb0 00007f0f98787450
0x00007f0fc4248080:   00007f0fc4248390 00007f0fc7c4dd1c
0x00007f0fc4248090:   00007f0fc4248100 00007f0fc7d477b7
0x00007f0fc42480a0:   0000000000000001 00007f0fc4249900
0x00007f0fc42480b0:   00007f0f00000001 00000000000a3ac8
0x00007f0fc42480c0:   00007f0f98336e38 00007f0f9832eea0
0x00007f0fc42480d0:   00007f0fc42480e0 00007f0f9832ee50
0x00007f0fc42480e0:   00007f0fc82e3450 00007f0fc001cbb0
0x00007f0fc42480f0:   00007f0f00000002 00007f0f9832eea0
0x00007f0fc4248100:   00007f0fc4248140 00007f0fc7cdb756
0x00007f0fc4248110:   00007f0f9c1466e0 00007f0f9c1466e0
0x00007f0fc4248120:   00007f0f9c145fa0 0000000000000002
0x00007f0fc4248130:   0000000000000000 0000000000040010
0x00007f0fc4248140:   ffff80f03bdb7e41 00007f0f00004002
0x00007f0fc4248150:   0000000000001000 00007f0f00001030
0x00007f0fc4248160:   00007f0fc42481c0 0000000000000200
0x00007f0fc4248170:   0000025bc42481d0 0000000000000040
0x00007f0fc4248180:   0000000000000008 0000007f000000ae
0x00007f0fc4248190:   0000000000000001 00007f0fc42481bf
0x00007f0fc42481a0:   00007f0fc4248200 00007f0f9cd984f0
0x00007f0fc42481b0:   00007f0f0000007d 00007f0fc82f53f0
0x00007f0fc42481c0:   00007f0fc4248eb0 0000000000000000
0x00007f0fc42481d0:   00007f0fc4248200 00007f0fc7e4039b
0x00007f0fc42481e0:   00007f0fc4248220 00007f0f9c000020
0x00007f0fc42481f0:   0000000000040010 0000000000000000
0x00007f0fc4248200:   0000000000000000 0000000000040010 

Instructions: (pc=0x00007f0fc7c4d60e)
0x00007f0fc7c4d5ee:   ff 48 63 d3 85 db 4c 8d 24 d5 00 00 00 00 78 6c
0x00007f0fc7c4d5fe:   66 90 49 8b 46 10 4e 8b 3c 20 49 8b 07 4c 89 ff
0x00007f0fc7c4d60e:   ff 50 18 84 c0 74 4c 41 8b 47 28 49 8b b5 80 09
0x00007f0fc7c4d61e:   00 00 8b 0c 86 85 c9 75 3a 41 8b 47 20 49 8b 4f 

Register to memory mapping:

RAX=0x00007f0fc8ac0890: <offset 0x14f890> in /lib/x86_64-linux-gnu/libc.so.6 at 0x00007f0fc8971000
RBX=0x0000000000000000 is an unknown value
RCX=0x00007f0f986750a0 is an unknown value
RDX=0x0000000000000001 is an unknown value
RSP=0x00007f0fc4248010 is pointing into the stack for thread: 0x00007f0fc00a9800
RBP=0x00007f0fc4248080 is pointing into the stack for thread: 0x00007f0fc00a9800
RSI=0x00007f0f9ca0d760 is an unknown value
RDI=0x00007f0f98674e98 is an unknown value
R8 =0x0000000000000000 is an unknown value
R9 =0x0000000000000000 is an unknown value
R10=0x00007f0f9ca0d760 is an unknown value
R11=0x0000000000000000 is an unknown value
R12=0x0000000000000000 is an unknown value
R13=0x00007f0fc42498e0 is pointing into the stack for thread: 0x00007f0fc00a9800
R14=0x00007f0f98674e30 is an unknown value
R15=0x00007f0f98674e98 is an unknown value


Stack: [0x00007f0fc414c000,0x00007f0fc424d000],  sp=0x00007f0fc4248010,  free space=1008k
Native frames: (J=compiled Java code, j=interpreted, Vv=VM code, C=native code)
V  [libjvm.so+0x71760e]  PhaseIdealLoop::build_loop_tree()+0x11e
V  [libjvm.so+0x717d1c]  PhaseIdealLoop::build_and_optimize(bool, bool)+0x25c
V  [libjvm.so+0x43eaa7]  Compile::Optimize()+0x1297
V  [libjvm.so+0x43fde6]  Compile::Compile(ciEnv*, C2Compiler*, ciMethod*, int, bool, bool)+0x1046
V  [libjvm.so+0x3adffa]  C2Compiler::compile_method(ciEnv*, ciMethod*, int)+0xca
V  [libjvm.so+0x445c97]  CompileBroker::invoke_compiler_on_method(CompileTask*)+0x327
V  [libjvm.so+0x446ddd]  CompileBroker::compiler_thread_loop()+0x3dd
V  [libjvm.so+0x8ffba0]  JavaThread::thread_main_inner()+0xf0
V  [libjvm.so+0x8ffe11]  JavaThread::run()+0x221
V  [libjvm.so+0x7c4ac2]  java_start(Thread*)+0xf2


Current CompileTask:
C2:1054064 2010             com.android.utils.XmlUtils::append (471 bytes)


---------------  P R O C E S S  ---------------

Java Threads: ( => current thread )
  0x00007f0f9850d800 JavaThread "pool-7-thread-2" [_thread_blocked, id=14894, stack(0x00007f0f8784d000,0x00007f0f8794e000)]
  0x00007f0f98844800 JavaThread "pool-7-thread-1" [_thread_blocked, id=14893, stack(0x00007f0f8794e000,0x00007f0f87a4f000)]
  0x00007f0f98447000 JavaThread "Stdin handler" [_thread_blocked, id=14890, stack(0x00007f0f87bfc000,0x00007f0f87cfd000)]
  0x00007f0f8c008000 JavaThread "Cancel handler" [_thread_blocked, id=14887, stack(0x00007f0f87dfe000,0x00007f0f87eff000)]
  0x00007f0f8c005800 JavaThread "Handler for socket connection from /127.0.0.1:37364 to /127.0.0.1:55316" [_thread_in_native, id=14886, stack(0x00007f0f87eff000,0x00007f0f88000000)]
  0x00007f0f8c00b000 JavaThread "Daemon worker Thread 4" [_thread_in_native, id=14879, stack(0x00007f0f87cfd000,0x00007f0f87dfe000)]
  0x00007f0f88029800 JavaThread "Daemon Thread 4" [_thread_blocked, id=14874, stack(0x00007f0fb40b8000,0x00007f0fb41b9000)]
  0x0000000002726000 JavaThread "File lock request listener" [_thread_in_native, id=13613, stack(0x00007f0f87afb000,0x00007f0f87bfc000)]
  0x00007f0fc09e6000 JavaThread "Incoming local TCP Connector on port 37364" [_thread_in_native, id=13602, stack(0x00007f0fb41b9000,0x00007f0fb42ba000)]
  0x00007f0fc00ac000 JavaThread "Service Thread" daemon [_thread_blocked, id=13600, stack(0x00007f0fc404b000,0x00007f0fc414c000)]
=>0x00007f0fc00a9800 JavaThread "C2 CompilerThread1" daemon [_thread_in_native, id=13599, stack(0x00007f0fc414c000,0x00007f0fc424d000)]
  0x00007f0fc00a6800 JavaThread "C2 CompilerThread0" daemon [_thread_blocked, id=13598, stack(0x00007f0fc424d000,0x00007f0fc434e000)]
  0x00007f0fc00a4800 JavaThread "Signal Dispatcher" daemon [_thread_blocked, id=13597, stack(0x00007f0fc434e000,0x00007f0fc444f000)]
  0x00007f0fc0078000 JavaThread "Finalizer" daemon [_thread_blocked, id=13596, stack(0x00007f0fc444f000,0x00007f0fc4550000)]
  0x00007f0fc0076000 JavaThread "Reference Handler" daemon [_thread_blocked, id=13595, stack(0x00007f0fc4550000,0x00007f0fc4651000)]
  0x00007f0fc000a800 JavaThread "main" [_thread_blocked, id=13591, stack(0x00007f0fc9043000,0x00007f0fc9144000)]

Other Threads:
  0x00007f0fc0071800 VMThread [stack: 0x00007f0fc4651000,0x00007f0fc4752000] [id=13594]
  0x00007f0fc00b6800 WatcherThread [stack: 0x00007f0fbc81d000,0x00007f0fbc91e000] [id=13601]

VM state:not at safepoint (normal execution)

VM Mutex/Monitor currently owned by a thread: None

Heap
 PSYoungGen      total 309760K, used 239538K [0x00000000eaa80000, 0x0000000100000000, 0x0000000100000000)
  eden space 268800K, 89% used [0x00000000eaa80000,0x00000000f946cab0,0x00000000fb100000)
  from space 40960K, 0% used [0x00000000fd800000,0x00000000fd800000,0x0000000100000000)
  to   space 39936K, 0% used [0x00000000fb100000,0x00000000fb100000,0x00000000fd800000)
 ParOldGen       total 169472K, used 83131K [0x00000000c0000000, 0x00000000ca580000, 0x00000000eaa80000)
  object space 169472K, 49% used [0x00000000c0000000,0x00000000c512ecf0,0x00000000ca580000)
 PSPermGen       total 126976K, used 89332K [0x00000000b0000000, 0x00000000b7c00000, 0x00000000c0000000)
  object space 126976K, 70% used [0x00000000b0000000,0x00000000b573d348,0x00000000b7c00000)

Card table byte_map: [0x00007f0fc5a09000,0x00007f0fc5c8a000] byte_map_base: 0x00007f0fc5489000

Polling page: 0x00007f0fc9164000

Code Cache  [0x00007f0fbd000000, 0x00007f0fbd700000, 0x00007f0fc0000000)
 total_blobs=2443 nmethods=1820 adapters=576 free_code_cache=42126Kb largest_free_block=43054912

Compilation events (10 events):
Event: 1053.885 Thread 0x00007f0fc00a6800 2011             com.sun.org.apache.xerces.internal.dom.ParentNode::nodeListItem (226 bytes)
Event: 1053.891 Thread 0x00007f0fc00a6800 nmethod 2011 0x00007f0fbd6d32d0 code [0x00007f0fbd6d3440, 0x00007f0fbd6d3828]
Event: 1053.891 Thread 0x00007f0fc00a6800 2012             com.sun.org.apache.xerces.internal.dom.ParentNode::lastChild (19 bytes)
Event: 1053.891 Thread 0x00007f0fc00a6800 nmethod 2012 0x00007f0fbd6e3b10 code [0x00007f0fbd6e3c40, 0x00007f0fbd6e3cb8]
Event: 1053.900 Thread 0x00007f0fc00a6800 2013             org.gradle.api.internal.file.pattern.WildcardPrefixPatternStep::matches (35 bytes)
Event: 1053.915 Thread 0x00007f0fc00a6800 nmethod 2013 0x00007f0fbd6e8f90 code [0x00007f0fbd6e9100, 0x00007f0fbd6e9918]
Event: 1053.915 Thread 0x00007f0fc00a6800 2014             com.google.common.cache.LocalCache$StrongEntry::getHash (5 bytes)
Event: 1053.915 Thread 0x00007f0fc00a6800 nmethod 2014 0x00007f0fbd6e8d90 code [0x00007f0fbd6e8ec0, 0x00007f0fbd6e8f18]
Event: 1053.918 Thread 0x00007f0fc00a6800 2015             com.esotericsoftware.kryo.io.Output::writeString_slow (238 bytes)
Event: 1053.926 Thread 0x00007f0fc00a6800 nmethod 2015 0x00007f0fbd6e0950 code [0x00007f0fbd6e0b00, 0x00007f0fbd6e1188]

GC Heap History (10 events):
Event: 288.224 GC heap before
{Heap before GC invocations=17 (full 3):
 PSYoungGen      total 298496K, used 34811K [0x00000000eaa80000, 0x0000000100000000, 0x0000000100000000)
  eden space 263680K, 0% used [0x00000000eaa80000,0x00000000eaa80000,0x00000000fac00000)
  from space 34816K, 99% used [0x00000000fde00000,0x00000000ffffefe0,0x0000000100000000)
  to   space 43008K, 0% used [0x00000000fac00000,0x00000000fac00000,0x00000000fd600000)
 ParOldGen       total 99328K, used 57767K [0x00000000c0000000, 0x00000000c6100000, 0x00000000eaa80000)
  object space 99328K, 58% used [0x00000000c0000000,0x00000000c3869fd8,0x00000000c6100000)
 PSPermGen       total 90624K, used 69736K [0x00000000b0000000, 0x00000000b5880000, 0x00000000c0000000)
  object space 90624K, 76% used [0x00000000b0000000,0x00000000b441a238,0x00000000b5880000)
Event: 288.818 GC heap after
Heap after GC invocations=17 (full 3):
 PSYoungGen      total 298496K, used 0K [0x00000000eaa80000, 0x0000000100000000, 0x0000000100000000)
  eden space 263680K, 0% used [0x00000000eaa80000,0x00000000eaa80000,0x00000000fac00000)
  from space 34816K, 0% used [0x00000000fde00000,0x00000000fde00000,0x0000000100000000)
  to   space 43008K, 0% used [0x00000000fac00000,0x00000000fac00000,0x00000000fd600000)
 ParOldGen       total 99328K, used 88695K [0x00000000c0000000, 0x00000000c6100000, 0x00000000eaa80000)
  object space 99328K, 89% used [0x00000000c0000000,0x00000000c569dfc8,0x00000000c6100000)
 PSPermGen       total 117760K, used 69612K [0x00000000b0000000, 0x00000000b7300000, 0x00000000c0000000)
  object space 117760K, 59% used [0x00000000b0000000,0x00000000b43fb248,0x00000000b7300000)
}
Event: 381.246 GC heap before
{Heap before GC invocations=18 (full 4):
 PSYoungGen      total 298496K, used 263680K [0x00000000eaa80000, 0x0000000100000000, 0x0000000100000000)
  eden space 263680K, 100% used [0x00000000eaa80000,0x00000000fac00000,0x00000000fac00000)
  from space 34816K, 0% used [0x00000000fde00000,0x00000000fde00000,0x0000000100000000)
  to   space 43008K, 0% used [0x00000000fac00000,0x00000000fac00000,0x00000000fd600000)
 ParOldGen       total 99328K, used 88695K [0x00000000c0000000, 0x00000000c6100000, 0x00000000eaa80000)
  object space 99328K, 89% used [0x00000000c0000000,0x00000000c569dfc8,0x00000000c6100000)
 PSPermGen       total 117760K, used 76543K [0x00000000b0000000, 0x00000000b7300000, 0x00000000c0000000)
  object space 117760K, 64% used [0x00000000b0000000,0x00000000b4abfc68,0x00000000b7300000)
Event: 381.636 GC heap after
Heap after GC invocations=18 (full 4):
 PSYoungGen      total 298496K, used 7496K [0x00000000eaa80000, 0x0000000100000000, 0x0000000100000000)
  eden space 263680K, 2% used [0x00000000eaa80000,0x00000000eb1d20d8,0x00000000fac00000)
  from space 34816K, 0% used [0x00000000fde00000,0x00000000fde00000,0x0000000100000000)
  to   space 43008K, 0% used [0x00000000fac00000,0x00000000fac00000,0x00000000fd600000)
 ParOldGen       total 169472K, used 99325K [0x00000000c0000000, 0x00000000ca580000, 0x00000000eaa80000)
  object space 169472K, 58% used [0x00000000c0000000,0x00000000c60ff5e0,0x00000000ca580000)
 PSPermGen       total 123392K, used 76538K [0x00000000b0000000, 0x00000000b7880000, 0x00000000c0000000)
  object space 123392K, 62% used [0x00000000b0000000,0x00000000b4abe948,0x00000000b7880000)
}
Event: 1049.138 GC heap before
{Heap before GC invocations=19 (full 4):
 PSYoungGen      total 298496K, used 263680K [0x00000000eaa80000, 0x0000000100000000, 0x0000000100000000)
  eden space 263680K, 100% used [0x00000000eaa80000,0x00000000fac00000,0x00000000fac00000)
  from space 34816K, 0% used [0x00000000fde00000,0x00000000fde00000,0x0000000100000000)
  to   space 43008K, 0% used [0x00000000fac00000,0x00000000fac00000,0x00000000fd600000)
 ParOldGen       total 169472K, used 99325K [0x00000000c0000000, 0x00000000ca580000, 0x00000000eaa80000)
  object space 169472K, 58% used [0x00000000c0000000,0x00000000c60ff5e0,0x00000000ca580000)
 PSPermGen       total 123392K, used 77421K [0x00000000b0000000, 0x00000000b7880000, 0x00000000c0000000)
  object space 123392K, 62% used [0x00000000b0000000,0x00000000b4b9b450,0x00000000b7880000)
Event: 1049.190 GC heap after
Heap after GC invocations=19 (full 4):
 PSYoungGen      total 306688K, used 10787K [0x00000000eaa80000, 0x0000000100000000, 0x0000000100000000)
  eden space 263680K, 0% used [0x00000000eaa80000,0x00000000eaa80000,0x00000000fac00000)
  from space 43008K, 25% used [0x00000000fac00000,0x00000000fb688e40,0x00000000fd600000)
  to   space 40960K, 0% used [0x00000000fd800000,0x00000000fd800000,0x0000000100000000)
 ParOldGen       total 169472K, used 99333K [0x00000000c0000000, 0x00000000ca580000, 0x00000000eaa80000)
  object space 169472K, 58% used [0x00000000c0000000,0x00000000c61015e0,0x00000000ca580000)
 PSPermGen       total 123392K, used 77421K [0x00000000b0000000, 0x00000000b7880000, 0x00000000c0000000)
  object space 123392K, 62% used [0x00000000b0000000,0x00000000b4b9b450,0x00000000b7880000)
}
Event: 1050.415 GC heap before
{Heap before GC invocations=20 (full 4):
 PSYoungGen      total 306688K, used 199308K [0x00000000eaa80000, 0x0000000100000000, 0x0000000100000000)
  eden space 263680K, 71% used [0x00000000eaa80000,0x00000000f629a418,0x00000000fac00000)
  from space 43008K, 25% used [0x00000000fac00000,0x00000000fb688e40,0x00000000fd600000)
  to   space 40960K, 0% used [0x00000000fd800000,0x00000000fd800000,0x0000000100000000)
 ParOldGen       total 169472K, used 99333K [0x00000000c0000000, 0x00000000ca580000, 0x00000000eaa80000)
  object space 169472K, 58% used [0x00000000c0000000,0x00000000c61015e0,0x00000000ca580000)
 PSPermGen       total 123392K, used 83942K [0x00000000b0000000, 0x00000000b7880000, 0x00000000c0000000)
  object space 123392K, 68% used [0x00000000b0000000,0x00000000b51f9978,0x00000000b7880000)
Event: 1050.454 GC heap after
Heap after GC invocations=20 (full 4):
 PSYoungGen      total 309760K, used 19944K [0x00000000eaa80000, 0x0000000100000000, 0x0000000100000000)
  eden space 268800K, 0% used [0x00000000eaa80000,0x00000000eaa80000,0x00000000fb100000)
  from space 40960K, 48% used [0x00000000fd800000,0x00000000feb7a000,0x0000000100000000)
  to   space 39936K, 0% used [0x00000000fb100000,0x00000000fb100000,0x00000000fd800000)
 ParOldGen       total 169472K, used 108029K [0x00000000c0000000, 0x00000000ca580000, 0x00000000eaa80000)
  object space 169472K, 63% used [0x00000000c0000000,0x00000000c697f718,0x00000000ca580000)
 PSPermGen       total 123392K, used 83942K [0x00000000b0000000, 0x00000000b7880000, 0x00000000c0000000)
  object space 123392K, 68% used [0x00000000b0000000,0x00000000b51f9978,0x00000000b7880000)
}
Event: 1050.454 GC heap before
{Heap before GC invocations=21 (full 5):
 PSYoungGen      total 309760K, used 19944K [0x00000000eaa80000, 0x0000000100000000, 0x0000000100000000)
  eden space 268800K, 0% used [0x00000000eaa80000,0x00000000eaa80000,0x00000000fb100000)
  from space 40960K, 48% used [0x00000000fd800000,0x00000000feb7a000,0x0000000100000000)
  to   space 39936K, 0% used [0x00000000fb100000,0x00000000fb100000,0x00000000fd800000)
 ParOldGen       total 169472K, used 108029K [0x00000000c0000000, 0x00000000ca580000, 0x00000000eaa80000)
  object space 169472K, 63% used [0x00000000c0000000,0x00000000c697f718,0x00000000ca580000)
 PSPermGen       total 123392K, used 83942K [0x00000000b0000000, 0x00000000b7880000, 0x00000000c0000000)
  object space 123392K, 68% used [0x00000000b0000000,0x00000000b51f9978,0x00000000b7880000)
Event: 1051.027 GC heap after
Heap after GC invocations=21 (full 5):
 PSYoungGen      total 309760K, used 0K [0x00000000eaa80000, 0x0000000100000000, 0x0000000100000000)
  eden space 268800K, 0% used [0x00000000eaa80000,0x00000000eaa80000,0x00000000fb100000)
  from space 40960K, 0% used [0x00000000fd800000,0x00000000fd800000,0x0000000100000000)
  to   space 39936K, 0% used [0x00000000fb100000,0x00000000fb100000,0x00000000fd800000)
 ParOldGen       total 169472K, used 83131K [0x00000000c0000000, 0x00000000ca580000, 0x00000000eaa80000)
  object space 169472K, 49% used [0x00000000c0000000,0x00000000c512ecf0,0x00000000ca580000)
 PSPermGen       total 126976K, used 82170K [0x00000000b0000000, 0x00000000b7c00000, 0x00000000c0000000)
  object space 126976K, 64% used [0x00000000b0000000,0x00000000b503eb48,0x00000000b7c00000)
}

Deoptimization events (10 events):
Event: 1053.808 Thread 0x00007f0f8c00b000 Uncommon trap: reason=bimorphic action=maybe_recompile pc=0x00007f0fbd221c24 method=com.sun.org.apache.xerces.internal.dom.CoreDocumentImpl.undeferChildren(Lorg/w3c/dom/Node;)V @ 114
Event: 1053.808 Thread 0x00007f0f8c00b000 Uncommon trap: reason=bimorphic action=maybe_recompile pc=0x00007f0fbd221c24 method=com.sun.org.apache.xerces.internal.dom.CoreDocumentImpl.undeferChildren(Lorg/w3c/dom/Node;)V @ 114
Event: 1053.808 Thread 0x00007f0f8c00b000 Uncommon trap: reason=bimorphic action=maybe_recompile pc=0x00007f0fbd221c24 method=com.sun.org.apache.xerces.internal.dom.CoreDocumentImpl.undeferChildren(Lorg/w3c/dom/Node;)V @ 114
Event: 1053.808 Thread 0x00007f0f8c00b000 Uncommon trap: reason=bimorphic action=maybe_recompile pc=0x00007f0fbd221c24 method=com.sun.org.apache.xerces.internal.dom.CoreDocumentImpl.undeferChildren(Lorg/w3c/dom/Node;)V @ 114
Event: 1053.811 Thread 0x00007f0f8c00b000 Uncommon trap: reason=unreached action=reinterpret pc=0x00007f0fbd27560c method=com.sun.org.apache.xerces.internal.dom.DeferredDocumentImpl.getChunkIndex([[III)I @ 3
Event: 1053.811 Thread 0x00007f0f8c00b000 Uncommon trap: reason=unreached action=reinterpret pc=0x00007f0fbd6bb7d0 method=com.sun.org.apache.xerces.internal.dom.DeferredDocumentImpl.getChunkIndex([[III)I @ 3
Event: 1053.811 Thread 0x00007f0f8c00b000 Uncommon trap: reason=unreached action=reinterpret pc=0x00007f0fbd223140 method=com.sun.org.apache.xerces.internal.dom.DeferredDocumentImpl.getChunkIndex([[III)I @ 3
Event: 1053.811 Thread 0x00007f0f8c00b000 Uncommon trap: reason=unreached action=reinterpret pc=0x00007f0fbd26244c method=com.sun.org.apache.xerces.internal.dom.DeferredDocumentImpl.getChunkIndex([[III)I @ 3
Event: 1053.813 Thread 0x00007f0f8c00b000 Uncommon trap: reason=unreached action=reinterpret pc=0x00007f0fbd074c5c method=com.sun.org.apache.xerces.internal.dom.ParentNode.nodeListItem(I)Lorg/w3c/dom/Node; @ 15
Event: 1053.813 Thread 0x00007f0f8c00b000 Uncommon trap: reason=unreached action=reinterpret pc=0x00007f0fbd225d1c method=com.sun.org.apache.xerces.internal.dom.ParentNode.nodeListItem(I)Lorg/w3c/dom/Node; @ 15

Internal exceptions (10 events):
Event: 1053.940 Thread 0x00007f0f8c00b000 Threw 0x00000000f8ff58b0 at /build/buildd/openjdk-7-7u71-2.5.3/build/openjdk/hotspot/src/share/vm/prims/jvm.cpp:1284
Event: 1053.940 Thread 0x00007f0f8c00b000 Threw 0x00000000f8ff7358 at /build/buildd/openjdk-7-7u71-2.5.3/build/openjdk/hotspot/src/share/vm/prims/jvm.cpp:1284
Event: 1053.940 Thread 0x00007f0f8c00b000 Threw 0x00000000f8ff80b8 at /build/buildd/openjdk-7-7u71-2.5.3/build/openjdk/hotspot/src/share/vm/prims/jvm.cpp:1284
Event: 1053.940 Thread 0x00007f0f8c00b000 Threw 0x00000000f8ffe3f0 at /build/buildd/openjdk-7-7u71-2.5.3/build/openjdk/hotspot/src/share/vm/prims/jvm.cpp:1284
Event: 1053.940 Thread 0x00007f0f8c00b000 Threw 0x00000000f8ffe8c0 at /build/buildd/openjdk-7-7u71-2.5.3/build/openjdk/hotspot/src/share/vm/classfile/systemDictionary.cpp:185
Event: 1053.940 Thread 0x00007f0f8c00b000 Threw 0x00000000f9003620 at /build/buildd/openjdk-7-7u71-2.5.3/build/openjdk/hotspot/src/share/vm/prims/jvm.cpp:1284
Event: 1053.940 Thread 0x00007f0f8c00b000 Threw 0x00000000f9005150 at /build/buildd/openjdk-7-7u71-2.5.3/build/openjdk/hotspot/src/share/vm/prims/jvm.cpp:1284
Event: 1053.940 Thread 0x00007f0f8c00b000 Threw 0x00000000f9005ed8 at /build/buildd/openjdk-7-7u71-2.5.3/build/openjdk/hotspot/src/share/vm/prims/jvm.cpp:1284
Event: 1053.940 Thread 0x00007f0f8c00b000 Threw 0x00000000f900c528 at /build/buildd/openjdk-7-7u71-2.5.3/build/openjdk/hotspot/src/share/vm/prims/jvm.cpp:1284
Event: 1053.940 Thread 0x00007f0f8c00b000 Threw 0x00000000f900c8f8 at /build/buildd/openjdk-7-7u71-2.5.3/build/openjdk/hotspot/src/share/vm/classfile/systemDictionary.cpp:185

Events (10 events):
Event: 1053.939 loading class 0x00007f0f983a6780
Event: 1053.939 loading class 0x00007f0f983a6780 done
Event: 1053.940 loading class 0x00007f0f988145b0
Event: 1053.940 loading class 0x00007f0f988145b0 done
Event: 1053.940 loading class 0x00007f0f988145b0
Event: 1053.940 loading class 0x00007f0f988145b0 done
Event: 1053.940 loading class 0x00007f0f98814610
Event: 1053.940 loading class 0x00007f0f98814610 done
Event: 1053.940 loading class 0x00007f0f98814610
Event: 1053.940 loading class 0x00007f0f98814610 done


Dynamic libraries:
00400000-00401000 r-xp 00000000 08:01 13246226                           /usr/lib/jvm/java-7-openjdk-amd64/jre/bin/java
00600000-00601000 r--p 00000000 08:01 13246226                           /usr/lib/jvm/java-7-openjdk-amd64/jre/bin/java
00601000-00602000 rw-p 00001000 08:01 13246226                           /usr/lib/jvm/java-7-openjdk-amd64/jre/bin/java
022b9000-034ac000 rw-p 00000000 00:00 0                                  [heap]
b0000000-b7c00000 rw-p 00000000 00:00 0 
b7c00000-c0000000 rw-p 00000000 00:00 0 
c0000000-ca580000 rw-p 00000000 00:00 0 
ca580000-eaa80000 rw-p 00000000 00:00 0 
eaa80000-100000000 rw-p 00000000 00:00 0 
7f0f78000000-7f0f78021000 rw-p 00000000 00:00 0 
7f0f78021000-7f0f7c000000 ---p 00000000 00:00 0 
7f0f80000000-7f0f80027000 rw-p 00000000 00:00 0 
7f0f80027000-7f0f84000000 ---p 00000000 00:00 0 
7f0f87117000-7f0f87118000 rw-p 00000000 00:00 0 
7f0f87118000-7f0f87119000 r--s 00000000 08:01 8783767                    /home/pcs20/.gradle/caches/jars-1/dg22azhabc6tsc1i8xni15giz1bnssh/gradle-appengine-builder-model-0.1.0.jar
7f0f87119000-7f0f8711b000 r--s 00003000 08:01 8783765                    /home/pcs20/.gradle/caches/jars-1/24880ifhwi29j847tezyo3j8j83rmlo/builder-model-1.0.0.jar
7f0f8711b000-7f0f871d5000 r--s 00fb5000 08:01 8783926                    /home/pcs20/.gradle/caches/jars-1/cbnyl77yvewctq49r8f6ez78xz9q8ez/openapi.jar
7f0f871d5000-7f0f871d7000 r--s 00005000 08:01 8783924                    /home/pcs20/.gradle/caches/jars-1/ol96da092p3inbv0pcxztin5qjaq2ad/gradle-tooling-extension-api.jar
7f0f871d7000-7f0f871dd000 r--s 00026000 08:01 8783759                    /home/pcs20/.gradle/caches/jars-1/qlb402qqdb9mu9614i3hr843cfch7zw/gradle-base-services-2.2.jar
7f0f871dd000-7f0f87205000 r--s 001cf000 08:01 8783757                    /home/pcs20/.gradle/caches/jars-1/87eo0lrvp84r6dbxjq018wy66es2era/guava-jdk5-17.0.jar
7f0f87205000-7f0f8720e000 r--s 0002c000 08:01 8783755                    /home/pcs20/.gradle/caches/jars-1/ltkluv74baem3ersp41z8rutm6he5v5/gradle-tooling-api-2.2.jar
7f0f8720e000-7f0f87211000 ---p 00000000 00:00 0 
7f0f87211000-7f0f8730f000 rw-p 00000000 00:00 0 
7f0f8730f000-7f0f87312000 ---p 00000000 00:00 0 
7f0f87312000-7f0f87410000 rw-p 00000000 00:00 0 
7f0f87410000-7f0f87413000 ---p 00000000 00:00 0 
7f0f87413000-7f0f87511000 rw-p 00000000 00:00 0 
7f0f87511000-7f0f87514000 ---p 00000000 00:00 0 
7f0f87514000-7f0f87612000 rw-p 00000000 00:00 0 
7f0f87612000-7f0f87615000 ---p 00000000 00:00 0 
7f0f87615000-7f0f8764b000 rw-p 00000000 00:00 0 
7f0f8764b000-7f0f8764e000 ---p 00000000 00:00 0 
7f0f8764e000-7f0f8774c000 rw-p 00000000 00:00 0 
7f0f8774c000-7f0f8774f000 ---p 00000000 00:00 0 
7f0f8774f000-7f0f8784d000 rw-p 00000000 00:00 0 
7f0f8784d000-7f0f87850000 ---p 00000000 00:00 0 
7f0f87850000-7f0f8794e000 rw-p 00000000 00:00 0                          [stack:14894]
7f0f8794e000-7f0f87951000 ---p 00000000 00:00 0 
7f0f87951000-7f0f87a4f000 rw-p 00000000 00:00 0                          [stack:14893]
7f0f87a4f000-7f0f87a51000 r--s 0000d000 08:01 5245444                    /home/pcs20/Desktop/Android/android-studio/gradle/m2repository/commons-codec/commons-codec/1.4/commons-codec-1.4.jar
7f0f87a51000-7f0f87a53000 r--s 0000d000 08:01 5245204                    /home/pcs20/Desktop/Android/android-studio/gradle/m2repository/commons-logging/commons-logging/1.1.1/commons-logging-1.1.1.jar
7f0f87a53000-7f0f87a58000 r--s 00028000 08:01 5245238                    /home/pcs20/Desktop/Android/android-studio/gradle/m2repository/org/apache/httpcomponents/httpcore/4.1/httpcore-4.1.jar
7f0f87a58000-7f0f87a5a000 r--s 00004000 08:01 5245303                    /home/pcs20/Desktop/Android/android-studio/gradle/m2repository/org/ow2/asm/asm-tree/4.0/asm-tree-4.0.jar
7f0f87a5a000-7f0f87a63000 r--s 000a7000 08:01 5245357                    /home/pcs20/Desktop/Android/android-studio/gradle/m2repository/com/android/tools/external/lombok/lombok-ast/0.2.2/lombok-ast-0.2.2.jar
7f0f87a63000-7f0f87a65000 r--s 0000a000 08:01 5245300                    /home/pcs20/Desktop/Android/android-studio/gradle/m2repository/org/ow2/asm/asm/4.0/asm-4.0.jar
7f0f87a65000-7f0f87a66000 r--s 0000a000 08:01 5245440                    /home/pcs20/Desktop/Android/android-studio/gradle/m2repository/net/sf/kxml/kxml2/2.3.0/kxml2-2.3.0.jar
7f0f87a66000-7f0f87a91000 r--s 001f9000 08:01 5245328                    /home/pcs20/Desktop/Android/android-studio/gradle/m2repository/com/google/guava/guava/17.0/guava-17.0.jar
7f0f87a91000-7f0f87a98000 r--s 00053000 08:01 5245255                    /home/pcs20/Desktop/Android/android-studio/gradle/m2repository/org/apache/commons/commons-compress/1.8.1/commons-compress-1.8.1.jar
7f0f87a98000-7f0f87a9b000 r--s 00011000 08:01 5245362                    /home/pcs20/Desktop/Android/android-studio/gradle/m2repository/com/android/tools/layoutlib/layoutlib-api/24.0.0/layoutlib-api-24.0.0.jar
7f0f87a9b000-7f0f87a9d000 r--s 00005000 08:01 5245231                    /home/pcs20/Desktop/Android/android-studio/gradle/m2repository/org/apache/httpcomponents/httpmime/4.1/httpmime-4.1.jar
7f0f87a9d000-7f0f87aa5000 r--s 0004e000 08:01 5245247                    /home/pcs20/Desktop/Android/android-studio/gradle/m2repository/org/apache/httpcomponents/httpclient/4.1.1/httpclient-4.1.1.jar
7f0f87aa5000-7f0f87aa6000 r--s 00005000 08:01 5245373                    /home/pcs20/Desktop/Android/android-studio/gradle/m2repository/com/android/tools/dvlib/24.0.0/dvlib-24.0.0.jar
7f0f87aa6000-7f0f87aa7000 r--s 00004000 08:01 5245292                    /home/pcs20/Desktop/Android/android-studio/gradle/m2repository/org/ow2/asm/asm-analysis/4.0/asm-analysis-4.0.jar
7f0f87aa7000-7f0f87aaa000 r--s 00029000 08:01 5245349                    /home/pcs20/Desktop/Android/android-studio/gradle/m2repository/com/android/tools/lint/lint-api/24.0.0/lint-api-24.0.0.jar
7f0f87aaa000-7f0f87aba000 r--s 000d3000 08:01 5245422                    /home/pcs20/Desktop/Android/android-studio/gradle/m2repository/net/sf/proguard/proguard-base/5.1/proguard-base-5.1.jar
7f0f87aba000-7f0f87ac8000 r--s 00081000 08:01 5245273                    /home/pcs20/Desktop/Android/android-studio/gradle/m2repository/org/bouncycastle/bcpkix-jdk15on/1.48/bcpkix-jdk15on-1.48.jar
7f0f87ac8000-7f0f87afb000 r--s 00203000 08:01 5245279                    /home/pcs20/Desktop/Android/android-studio/gradle/m2repository/org/bouncycastle/bcprov-jdk15on/1.48/bcprov-jdk15on-1.48.jar
7f0f87afb000-7f0f87afe000 ---p 00000000 00:00 0 
7f0f87afe000-7f0f87bfc000 rw-p 00000000 00:00 0                          [stack:13613]
7f0f87bfc000-7f0f87bff000 ---p 00000000 00:00 0 
7f0f87bff000-7f0f87cfd000 rw-p 00000000 00:00 0                          [stack:14890]
7f0f87cfd000-7f0f87d00000 ---p 00000000 00:00 0 
7f0f87d00000-7f0f87dfe000 rw-p 00000000 00:00 0                          [stack:14879]
7f0f87dfe000-7f0f87e01000 ---p 00000000 00:00 0 
7f0f87e01000-7f0f87eff000 rw-p 00000000 00:00 0                          [stack:14887]
7f0f87eff000-7f0f87f02000 ---p 00000000 00:00 0 
7f0f87f02000-7f0f88000000 rw-p 00000000 00:00 0                          [stack:14886]
7f0f88000000-7f0f8803e000 rw-p 00000000 00:00 0 
7f0f8803e000-7f0f8c000000 ---p 00000000 00:00 0 
7f0f8c000000-7f0f8c07e000 rw-p 00000000 00:00 0 
7f0f8c07e000-7f0f90000000 ---p 00000000 00:00 0 
7f0f90000000-7f0f90021000 rw-p 00000000 00:00 0 
7f0f90021000-7f0f94000000 ---p 00000000 00:00 0 
7f0f94000000-7f0f94021000 rw-p 00000000 00:00 0 
7f0f94021000-7f0f98000000 ---p 00000000 00:00 0 
7f0f98000000-7f0f995dc000 rw-p 00000000 00:00 0 
7f0f995dc000-7f0f9c000000 ---p 00000000 00:00 0 
7f0f9c000000-7f0f9db10000 rw-p 00000000 00:00 0 
7f0f9db10000-7f0fa0000000 ---p 00000000 00:00 0 
7f0fa0000000-7f0fa0021000 rw-p 00000000 00:00 0 
7f0fa0021000-7f0fa4000000 ---p 00000000 00:00 0 
7f0fa4000000-7f0fa4021000 rw-p 00000000 00:00 0 
7f0fa4021000-7f0fa8000000 ---p 00000000 00:00 0 
7f0fa8000000-7f0fa80ba000 rw-p 00000000 00:00 0 
7f0fa80ba000-7f0fac000000 ---p 00000000 00:00 0 
7f0fac000000-7f0fac021000 rw-p 00000000 00:00 0 
7f0fac021000-7f0fb0000000 ---p 00000000 00:00 0 
7f0fb0000000-7f0fb0061000 rw-p 00000000 00:00 0 
7f0fb0061000-7f0fb4000000 ---p 00000000 00:00 0 
7f0fb4000000-7f0fb4002000 r--s 00003000 08:01 5245393                    /home/pcs20/Desktop/Android/android-studio/gradle/m2repository/com/android/tools/build/builder-model/1.0.0/builder-model-1.0.0.jar
7f0fb4002000-7f0fb4005000 r--s 00029000 08:01 5245410                    /home/pcs20/Desktop/Android/android-studio/gradle/m2repository/com/android/tools/build/manifest-merger/24.0.0/manifest-merger-24.0.0.jar
7f0fb4005000-7f0fb400a000 r--s 00042000 08:01 5245383                    /home/pcs20/Desktop/Android/android-studio/gradle/m2repository/com/android/tools/ddms/ddmlib/24.0.0/ddmlib-24.0.0.jar
7f0fb400a000-7f0fb400c000 r--s 00002000 08:01 5245318                    /home/pcs20/Desktop/Android/android-studio/gradle/m2repository/com/squareup/javawriter/2.5.0/javawriter-2.5.0.jar
7f0fb400c000-7f0fb400e000 r--s 00014000 08:01 5245376                    /home/pcs20/Desktop/Android/android-studio/gradle/m2repository/com/android/tools/common/24.0.0/common-24.0.0.jar
7f0fb400e000-7f0fb4018000 r--s 000a8000 08:01 5245413                    /home/pcs20/Desktop/Android/android-studio/gradle/m2repository/com/android/tools/sdklib/24.0.0/sdklib-24.0.0.jar
7f0fb4018000-7f0fb401d000 r--s 00047000 08:01 5245366                    /home/pcs20/Desktop/Android/android-studio/gradle/m2repository/com/android/tools/sdk-common/24.0.0/sdk-common-24.0.0.jar
7f0fb401d000-7f0fb4022000 r--s 0008c000 08:01 5245344                    /home/pcs20/Desktop/Android/android-studio/gradle/m2repository/com/android/tools/lint/lint-checks/24.0.0/lint-checks-24.0.0.jar
7f0fb4022000-7f0fb4031000 r--s 001a9000 08:01 5245217                    /home/pcs20/Desktop/Android/android-studio/gradle/m2repository/org/eclipse/jdt/core/compiler/ecj/4.2.2/ecj-4.2.2.jar
7f0fb4031000-7f0fb4035000 r--s 00031000 08:01 5245390                    /home/pcs20/Desktop/Android/android-studio/gradle/m2repository/com/android/tools/build/builder/1.0.0/builder-1.0.0.jar
7f0fb4035000-7f0fb4045000 r--s 00138000 08:01 5245405                    /home/pcs20/Desktop/Android/android-studio/gradle/m2repository/com/android/tools/build/gradle/1.0.0/gradle-1.0.0.jar
7f0fb4045000-7f0fb404e000 r--s 000b9000 08:01 13246115                   /usr/lib/jvm/java-7-openjdk-amd64/jre/lib/resources.jar
7f0fb404e000-7f0fb40b8000 r--s 0069e000 08:01 13246376                   /usr/lib/jvm/java-7-openjdk-amd64/lib/tools.jar
7f0fb40b8000-7f0fb40bb000 ---p 00000000 00:00 0 
7f0fb40bb000-7f0fb41b9000 rw-p 00000000 00:00 0                          [stack:14874]
7f0fb41b9000-7f0fb41bc000 ---p 00000000 00:00 0 
7f0fb41bc000-7f0fb42ba000 rw-p 00000000 00:00 0                          [stack:13602]
7f0fb42ba000-7f0fb42be000 r-xp 00000000 08:01 1574818                    /tmp/native-platform7084681159566542137dir/libnative-platform.so
7f0fb42be000-7f0fb44bd000 ---p 00004000 08:01 1574818                    /tmp/native-platform7084681159566542137dir/libnative-platform.so
7f0fb44bd000-7f0fb44be000 rw-p 00003000 08:01 1574818                    /tmp/native-platform7084681159566542137dir/libnative-platform.so
7f0fb44be000-7f0fb44c1000 r--s 00007000 08:01 9703656                    /home/pcs20/.gradle/wrapper/dists/gradle-2.2.1-all/c64ydeuardnfqctvr1gm30w53/gradle-2.2.1/lib/plugins/gradle-language-jvm-2.2.1.jar
7f0fb44c1000-7f0fb44c4000 r--s 00009000 08:01 9703655                    /home/pcs20/.gradle/wrapper/dists/gradle-2.2.1-all/c64ydeuardnfqctvr1gm30w53/gradle-2.2.1/lib/plugins/gradle-platform-jvm-2.2.1.jar
7f0fb44c4000-7f0fb44c5000 r--s 00000000 08:01 5245400                    /home/pcs20/Desktop/Android/android-studio/gradle/m2repository/com/android/tools/build/builder-test-api/1.0.0/builder-test-api-1.0.0.jar
7f0fb44c5000-7f0fb44c6000 r--s 00002000 08:01 5245427                    /home/pcs20/Desktop/Android/android-studio/gradle/m2repository/net/sf/proguard/proguard-gradle/5.1/proguard-gradle-5.1.jar
7f0fb44c6000-7f0fb44c8000 r--s 00018000 08:01 5245339                    /home/pcs20/Desktop/Android/android-studio/gradle/m2repository/com/android/tools/lint/lint/24.0.0/lint-24.0.0.jar
7f0fb44c8000-7f0fb44cb000 ---p 00000000 00:00 0 
7f0fb44cb000-7f0fb4501000 rw-p 00000000 00:00 0 
7f0fb4501000-7f0fb4502000 r--p 00000000 00:00 0 
7f0fb4502000-7f0fb4509000 r--s 00000000 08:01 13507037                   /usr/lib/x86_64-linux-gnu/gconv/gconv-modules.cache
7f0fb4509000-7f0fb450e000 r--s 0004c000 08:01 13246172                   /usr/lib/jvm/java-7-openjdk-amd64/jre/lib/jsse.jar
7f0fb450e000-7f0fb450f000 r--s 00001000 08:01 9703663                    /home/pcs20/.gradle/wrapper/dists/gradle-2.2.1-all/c64ydeuardnfqctvr1gm30w53/gradle-2.2.1/lib/plugins/gradle-plugin-development-2.2.1.jar
7f0fb450f000-7f0fb4511000 r--s 00002000 08:01 9703662                    /home/pcs20/.gradle/wrapper/dists/gradle-2.2.1-all/c64ydeuardnfqctvr1gm30w53/gradle-2.2.1/lib/plugins/gradle-cunit-2.2.1.jar
7f0fb4511000-7f0fb4516000 r--s 00036000 08:01 9703661                    /home/pcs20/.gradle/wrapper/dists/gradle-2.2.1-all/c64ydeuardnfqctvr1gm30w53/gradle-2.2.1/lib/plugins/gradle-ide-native-2.2.1.jar
7f0fb4516000-7f0fb451b000 r--s 00013000 08:01 9703660                    /home/pcs20/.gradle/wrapper/dists/gradle-2.2.1-all/c64ydeuardnfqctvr1gm30w53/gradle-2.2.1/lib/plugins/gradle-language-native-2.2.1.jar
7f0fb451b000-7f0fb4526000 r--s 0004d000 08:01 9703659                    /home/pcs20/.gradle/wrapper/dists/gradle-2.2.1-all/c64ydeuardnfqctvr1gm30w53/gradle-2.2.1/lib/plugins/gradle-platform-native-2.2.1.jar
7f0fb4526000-7f0fb4528000 r--s 00008000 08:01 9703658                    /home/pcs20/.gradle/wrapper/dists/gradle-2.2.1-all/c64ydeuardnfqctvr1gm30w53/gradle-2.2.1/lib/plugins/gradle-language-groovy-2.2.1.jar
7f0fb4528000-7f0fb452d000 r--s 00022000 08:01 9703657                    /home/pcs20/.gradle/wrapper/dists/gradle-2.2.1-all/c64ydeuardnfqctvr1gm30w53/gradle-2.2.1/lib/plugins/gradle-language-java-2.2.1.jar
7f0fb452d000-7f0fb4532000 r--s 00018000 08:01 9703654                    /home/pcs20/.gradle/wrapper/dists/gradle-2.2.1-all/c64ydeuardnfqctvr1gm30w53/gradle-2.2.1/lib/plugins/gradle-platform-base-2.2.1.jar
7f0fb4532000-7f0fb4537000 r--s 00026000 08:01 9703653                    /home/pcs20/.gradle/wrapper/dists/gradle-2.2.1-all/c64ydeuardnfqctvr1gm30w53/gradle-2.2.1/lib/plugins/gradle-build-init-2.2.1.jar
7f0fb4537000-7f0fb453a000 r--s 0001d000 08:01 9703652                    /home/pcs20/.gradle/wrapper/dists/gradle-2.2.1-all/c64ydeuardnfqctvr1gm30w53/gradle-2.2.1/lib/plugins/gradle-jacoco-2.2.1.jar
7f0fb453a000-7f0fb453d000 r--s 0000d000 08:01 9703651                    /home/pcs20/.gradle/wrapper/dists/gradle-2.2.1-all/c64ydeuardnfqctvr1gm30w53/gradle-2.2.1/lib/plugins/gradle-ivy-2.2.1.jar
7f0fb453d000-7f0fb453f000 r--s 00002000 08:01 9703650                    /home/pcs20/.gradle/wrapper/dists/gradle-2.2.1-all/c64ydeuardnfqctvr1gm30w53/gradle-2.2.1/lib/plugins/gradle-publish-2.2.1.jar
7f0fb453f000-7f0fb4541000 r--s 00005000 08:01 9703688                    /home/pcs20/.gradle/wrapper/dists/gradle-2.2.1-all/c64ydeuardnfqctvr1gm30w53/gradle-2.2.1/lib/plugins/jatl-0.2.2.jar
7f0fb4541000-7f0fb4543000 r--s 0000f000 08:01 9703649                    /home/pcs20/.gradle/wrapper/dists/gradle-2.2.1-all/c64ydeuardnfqctvr1gm30w53/gradle-2.2.1/lib/plugins/gradle-reporting-2.2.1.jar
7f0fb4543000-7f0fb4548000 r--s 00034000 08:01 9703648                    /home/pcs20/.gradle/wrapper/dists/gradle-2.2.1-all/c64ydeuardnfqctvr1gm30w53/gradle-2.2.1/lib/plugins/gradle-diagnostics-2.2.1.jar
7f0fb4548000-7f0fb454f000 r--s 00090000 08:01 9703647                    /home/pcs20/.gradle/wrapper/dists/gradle-2.2.1-all/c64ydeuardnfqctvr1gm30w53/gradle-2.2.1/lib/plugins/gradle-build-comparison-2.2.1.jar
7f0fb454f000-7f0fb4556000 r--s 00035000 08:01 9703687                    /home/pcs20/.gradle/wrapper/dists/gradle-2.2.1-all/c64ydeuardnfqctvr1gm30w53/gradle-2.2.1/lib/plugins/simple-4.1.21.jar
7f0fb4556000-7f0fb4562000 r--s 00100000 08:01 9703685                    /home/pcs20/.gradle/wrapper/dists/gradle-2.2.1-all/c64ydeuardnfqctvr1gm30w53/gradle-2.2.1/lib/plugins/rhino-1.7R3.jar
7f0fb4562000-7f0fb4567000 r--s 0001f000 08:01 9703646                    /home/pcs20/.gradle/wrapper/dists/gradle-2.2.1-all/c64ydeuardnfqctvr1gm30w53/gradle-2.2.1/lib/plugins/gradle-javascript-2.2.1.jar
7f0fb4567000-7f0fb4569000 r--s 0000e000 08:01 9703645                    /home/pcs20/.gradle/wrapper/dists/gradle-2.2.1-all/c64ydeuardnfqctvr1gm30w53/gradle-2.2.1/lib/plugins/gradle-ear-2.2.1.jar
7f0fb4569000-7f0fb456d000 r--s 00025000 08:01 9703684                    /home/pcs20/.gradle/wrapper/dists/gradle-2.2.1-all/c64ydeuardnfqctvr1gm30w53/gradle-2.2.1/lib/plugins/bcpg-jdk15-1.46.jar
7f0fb456d000-7f0fb4570000 r--s 0001d000 08:01 9703644                    /home/pcs20/.gradle/wrapper/dists/gradle-2.2.1-all/c64ydeuardnfqctvr1gm30w53/gradle-2.2.1/lib/plugins/gradle-signing-2.2.1.jar
7f0fb4570000-7f0fb4571000 r--s 00002000 08:01 9703683                    /home/pcs20/.gradle/wrapper/dists/gradle-2.2.1-all/c64ydeuardnfqctvr1gm30w53/gradle-2.2.1/lib/plugins/sonar-batch-bootstrapper-2.9.jar
7f0fb4571000-7f0fb4574000 r--s 00018000 08:01 9703643                    /home/pcs20/.gradle/wrapper/dists/gradle-2.2.1-all/c64ydeuardnfqctvr1gm30w53/gradle-2.2.1/lib/plugins/gradle-sonar-2.2.1.jar
7f0fb4574000-7f0fb4577000 r--s 00017000 08:01 9703642                    /home/pcs20/.gradle/wrapper/dists/gradle-2.2.1-all/c64ydeuardnfqctvr1gm30w53/gradle-2.2.1/lib/plugins/gradle-scala-2.2.1.jar
7f0fb4577000-7f0fb4579000 r--s 0000e000 08:01 9703641                    /home/pcs20/.gradle/wrapper/dists/gradle-2.2.1-all/c64ydeuardnfqctvr1gm30w53/gradle-2.2.1/lib/plugins/gradle-announce-2.2.1.jar
7f0fb4579000-7f0fb4587000 r--s 000bc000 08:01 9703640                    /home/pcs20/.gradle/wrapper/dists/gradle-2.2.1-all/c64ydeuardnfqctvr1gm30w53/gradle-2.2.1/lib/plugins/gradle-ide-2.2.1.jar
7f0fb4587000-7f0fb4589000 r--s 00000000 08:01 9703682                    /home/pcs20/.gradle/wrapper/dists/gradle-2.2.1-all/c64ydeuardnfqctvr1gm30w53/gradle-2.2.1/lib/plugins/plexus-component-annotations-1.5.2.jar
7f0fb4589000-7f0fb458c000 r--s 0000c000 08:01 9703681                    /home/pcs20/.gradle/wrapper/dists/gradle-2.2.1-all/c64ydeuardnfqctvr1gm30w53/gradle-2.2.1/lib/plugins/pmaven-groovy-0.8-20100325.jar
7f0fb458c000-7f0fb458d000 r--s 00004000 08:01 9703680                    /home/pcs20/.gradle/wrapper/dists/gradle-2.2.1-all/c64ydeuardnfqctvr1gm30w53/gradle-2.2.1/lib/plugins/pmaven-common-0.8-20100325.jar
7f0fb458d000-7f0fb4591000 r--s 0001e000 08:01 9703639                    /home/pcs20/.gradle/wrapper/dists/gradle-2.2.1-all/c64ydeuardnfqctvr1gm30w53/gradle-2.2.1/lib/plugins/gradle-maven-2.2.1.jar
7f0fb4591000-7f0fb45a9000 r--s 0013b000 08:01 9703678                    /home/pcs20/.gradle/wrapper/dists/gradle-2.2.1-all/c64ydeuardnfqctvr1gm30w53/gradle-2.2.1/lib/plugins/bndlib-2.1.0.jar
7f0fb45a9000-7f0fb45ab000 r--s 00004000 08:01 9703638                    /home/pcs20/.gradle/wrapper/dists/gradle-2.2.1-all/c64ydeuardnfqctvr1gm30w53/gradle-2.2.1/lib/plugins/gradle-osgi-2.2.1.jar
7f0fb45ab000-7f0fb45b0000 r--s 00068000 08:01 9703677                    /home/pcs20/.gradle/wrapper/dists/gradle-2.2.1-all/c64ydeuardnfqctvr1gm30w53/gradle-2.2.1/lib/plugins/antlr-2.7.7.jar
7f0fb45b0000-7f0fb45b1000 r--s 00002000 08:01 9703676                    /home/pcs20/.gradle/wrapper/dists/gradle-2.2.1-all/c64ydeuardnfqctvr1gm30w53/gradle-2.2.1/lib/plugins/ant-antlr-1.9.3.jar
7f0fb45b1000-7f0fb45b3000 r--s 00004000 08:01 9703637                    /home/pcs20/.gradle/wrapper/dists/gradle-2.2.1-all/c64ydeuardnfqctvr1gm30w53/gradle-2.2.1/lib/plugins/gradle-antlr-2.2.1.jar
7f0fb45b3000-7f0fb45b6000 r--s 0001e000 08:01 9703699                    /home/pcs20/.gradle/wrapper/dists/gradle-2.2.1-all/c64ydeuardnfqctvr1gm30w53/gradle-2.2.1/lib/plugins/jsp-api-2.1-6.1.14.jar
7f0fb45b6000-7f0fb45d9000 r--s 00344000 08:01 9703698                    /home/pcs20/.gradle/wrapper/dists/gradle-2.2.1-all/c64ydeuardnfqctvr1gm30w53/gradle-2.2.1/lib/plugins/core-3.1.1.jar
7f0fb45d9000-7f0fb45da000 r--s 00006000 08:01 9703697                    /home/pcs20/.gradle/wrapper/dists/gradle-2.2.1-all/c64ydeuardnfqctvr1gm30w53/gradle-2.2.1/lib/plugins/jetty-naming-6.1.25.jar
7f0fb45da000-7f0fb45dc000 r--s 00002000 08:01 9703674                    /home/pcs20/.gradle/wrapper/dists/gradle-2.2.1-all/c64ydeuardnfqctvr1gm30w53/gradle-2.2.1/lib/plugins/jetty-annotations-6.1.25.jar
7f0fb45dc000-7f0fb45ed000 r--s 000ea000 08:01 9703673                    /home/pcs20/.gradle/wrapper/dists/gradle-2.2.1-all/c64ydeuardnfqctvr1gm30w53/gradle-2.2.1/lib/plugins/jsp-2.1-6.1.14.jar
7f0fb45ed000-7f0fb45ef000 r--s 0000d000 08:01 9703672                    /home/pcs20/.gradle/wrapper/dists/gradle-2.2.1-all/c64ydeuardnfqctvr1gm30w53/gradle-2.2.1/lib/plugins/jetty-plus-6.1.25.jar
7f0fb45ef000-7f0fb45f1000 r--s 0001f000 08:01 9703671                    /home/pcs20/.gradle/wrapper/dists/gradle-2.2.1-all/c64ydeuardnfqctvr1gm30w53/gradle-2.2.1/lib/plugins/servlet-api-2.5-20081211.jar
7f0fb45f1000-7f0fb45f5000 r--s 00028000 08:01 9703670                    /home/pcs20/.gradle/wrapper/dists/gradle-2.2.1-all/c64ydeuardnfqctvr1gm30w53/gradle-2.2.1/lib/plugins/jetty-util-6.1.25.jar
7f0fb45f5000-7f0fb45fc000 r--s 0007d000 08:01 9703669                    /home/pcs20/.gradle/wrapper/dists/gradle-2.2.1-all/c64ydeuardnfqctvr1gm30w53/gradle-2.2.1/lib/plugins/jetty-6.1.25.jar
7f0fb45fc000-7f0fb45fe000 r--s 00009000 08:01 9703636                    /home/pcs20/.gradle/wrapper/dists/gradle-2.2.1-all/c64ydeuardnfqctvr1gm30w53/gradle-2.2.1/lib/plugins/gradle-jetty-2.2.1.jar
7f0fb45fe000-7f0fb4603000 r--s 00041000 08:01 9703635                    /home/pcs20/.gradle/wrapper/dists/gradle-2.2.1-all/c64ydeuardnfqctvr1gm30w53/gradle-2.2.1/lib/plugins/gradle-code-quality-2.2.1.jar
7f0fb4603000-7f0fb4605000 r--s 00009000 08:01 9703707                    /home/pcs20/.gradle/wrapper/dists/gradle-2.2.1-all/c64ydeuardnfqctvr1gm30w53/gradle-2.2.1/lib/plugins/hamcrest-core-1.3.jar
7f0fb4605000-7f0fb460b000 r--s 00033000 08:01 9703696                    /home/pcs20/.gradle/wrapper/dists/gradle-2.2.1-all/c64ydeuardnfqctvr1gm30w53/gradle-2.2.1/lib/plugins/snakeyaml-1.6.jar
7f0fb460b000-7f0fb460d000 r--s 00006000 08:01 9703695                    /home/pcs20/.gradle/wrapper/dists/gradle-2.2.1-all/c64ydeuardnfqctvr1gm30w53/gradle-2.2.1/lib/plugins/jcommander-1.12.jar
7f0fb460d000-7f0fb461d000 r-xp 00000000 08:01 13246147                   /usr/lib/jvm/java-7-openjdk-amd64/jre/lib/amd64/libnio.so
7f0fb461d000-7f0fb481d000 ---p 00010000 08:01 13246147                   /usr/lib/jvm/java-7-openjdk-amd64/jre/lib/amd64/libnio.so
7f0fb481d000-7f0fb481e000 r--p 00010000 08:01 13246147                   /usr/lib/jvm/java-7-openjdk-amd64/jre/lib/amd64/libnio.so
7f0fb481e000-7f0fb481f000 rw-p 00011000 08:01 13246147                   /usr/lib/jvm/java-7-openjdk-amd64/jre/lib/amd64/libnio.so
7f0fb481f000-7f0fb485c000 r-xp 00000000 08:01 6819835                    /lib/x86_64-linux-gnu/libpcre.so.3.13.1
7f0fb485c000-7f0fb4a5b000 ---p 0003d000 08:01 6819835                    /lib/x86_64-linux-gnu/libpcre.so.3.13.1
7f0fb4a5b000-7f0fb4a5c000 r--p 0003c000 08:01 6819835                    /lib/x86_64-linux-gnu/libpcre.so.3.13.1
7f0fb4a5c000-7f0fb4a5d000 rw-p 0003d000 08:01 6819835                    /lib/x86_64-linux-gnu/libpcre.so.3.13.1
7f0fb4a5d000-7f0fb4a64000 r-xp 00000000 08:01 13115304                   /usr/lib/x86_64-linux-gnu/libffi.so.6.0.1
7f0fb4a64000-7f0fb4c63000 ---p 00007000 08:01 13115304                   /usr/lib/x86_64-linux-gnu/libffi.so.6.0.1
7f0fb4c63000-7f0fb4c64000 r--p 00006000 08:01 13115304                   /usr/lib/x86_64-linux-gnu/libffi.so.6.0.1
7f0fb4c64000-7f0fb4c65000 rw-p 00007000 08:01 13115304                   /usr/lib/x86_64-linux-gnu/libffi.so.6.0.1
7f0fb4c65000-7f0fb4c7c000 r-xp 00000000 08:01 6820737                    /lib/x86_64-linux-gnu/libresolv-2.19.so
7f0fb4c7c000-7f0fb4e7c000 ---p 00017000 08:01 6820737                    /lib/x86_64-linux-gnu/libresolv-2.19.so
7f0fb4e7c000-7f0fb4e7d000 r--p 00017000 08:01 6820737                    /lib/x86_64-linux-gnu/libresolv-2.19.so
7f0fb4e7d000-7f0fb4e7e000 rw-p 00018000 08:01 6820737                    /lib/x86_64-linux-gnu/libresolv-2.19.so
7f0fb4e7e000-7f0fb4e80000 rw-p 00000000 00:00 0 
7f0fb4e80000-7f0fb4ea0000 r-xp 00000000 08:01 6819862                    /lib/x86_64-linux-gnu/libselinux.so.1
7f0fb4ea0000-7f0fb509f000 ---p 00020000 08:01 6819862                    /lib/x86_64-linux-gnu/libselinux.so.1
7f0fb509f000-7f0fb50a0000 r--p 0001f000 08:01 6819862                    /lib/x86_64-linux-gnu/libselinux.so.1
7f0fb50a0000-7f0fb50a1000 rw-p 00020000 08:01 6819862                    /lib/x86_64-linux-gnu/libselinux.so.1
7f0fb50a1000-7f0fb50a3000 rw-p 00000000 00:00 0 
7f0fb50a3000-7f0fb50a6000 r-xp 00000000 08:01 13107564                   /usr/lib/x86_64-linux-gnu/libgmodule-2.0.so.0.4002.0
7f0fb50a6000-7f0fb52a5000 ---p 00003000 08:01 13107564                   /usr/lib/x86_64-linux-gnu/libgmodule-2.0.so.0.4002.0
7f0fb52a5000-7f0fb52a6000 r--p 00002000 08:01 13107564                   /usr/lib/x86_64-linux-gnu/libgmodule-2.0.so.0.4002.0
7f0fb52a6000-7f0fb52a7000 rw-p 00003000 08:01 13107564                   /usr/lib/x86_64-linux-gnu/libgmodule-2.0.so.0.4002.0
7f0fb52a7000-7f0fb53ad000 r-xp 00000000 08:01 6819696                    /lib/x86_64-linux-gnu/libglib-2.0.so.0.4002.0
7f0fb53ad000-7f0fb55ac000 ---p 00106000 08:01 6819696                    /lib/x86_64-linux-gnu/libglib-2.0.so.0.4002.0
7f0fb55ac000-7f0fb55ad000 r--p 00105000 08:01 6819696                    /lib/x86_64-linux-gnu/libglib-2.0.so.0.4002.0
7f0fb55ad000-7f0fb55ae000 rw-p 00106000 08:01 6819696                    /lib/x86_64-linux-gnu/libglib-2.0.so.0.4002.0
7f0fb55ae000-7f0fb55af000 rw-p 00000000 00:00 0 
7f0fb55af000-7f0fb55fe000 r-xp 00000000 08:01 13107582                   /usr/lib/x86_64-linux-gnu/libgobject-2.0.so.0.4002.0
7f0fb55fe000-7f0fb57fe000 ---p 0004f000 08:01 13107582                   /usr/lib/x86_64-linux-gnu/libgobject-2.0.so.0.4002.0
7f0fb57fe000-7f0fb57ff000 r--p 0004f000 08:01 13107582                   /usr/lib/x86_64-linux-gnu/libgobject-2.0.so.0.4002.0
7f0fb57ff000-7f0fb5800000 rw-p 00050000 08:01 13107582                   /usr/lib/x86_64-linux-gnu/libgobject-2.0.so.0.4002.0
7f0fb5800000-7f0fb8000000 rw-p 00000000 00:00 0 
7f0fb8000000-7f0fb805a000 rw-p 00000000 00:00 0 
7f0fb805a000-7f0fbc000000 ---p 00000000 00:00 0 
7f0fbc000000-7f0fbc001000 r--s 00002000 08:01 9703675                    /home/pcs20/.gradle/wrapper/dists/gradle-2.2.1-all/c64ydeuardnfqctvr1gm30w53/gradle-2.2.1/lib/plugins/geronimo-annotation_1.0_spec-1.0.jar
7f0fbc001000-7f0fbc006000 r--s 00040000 08:01 9703694                    /home/pcs20/.gradle/wrapper/dists/gradle-2.2.1-all/c64ydeuardnfqctvr1gm30w53/gradle-2.2.1/lib/plugins/bsh-2.0b4.jar
7f0fbc006000-7f0fbc008000 r--s 00009000 08:01 9703668                    /home/pcs20/.gradle/wrapper/dists/gradle-2.2.1-all/c64ydeuardnfqctvr1gm30w53/gradle-2.2.1/lib/plugins/commons-cli-1.2.jar
7f0fbc008000-7f0fbc011000 r--s 00089000 08:01 9703667                    /home/pcs20/.gradle/wrapper/dists/gradle-2.2.1-all/c64ydeuardnfqctvr1gm30w53/gradle-2.2.1/lib/plugins/testng-6.3.1.jar
7f0fbc011000-7f0fbc017000 r--s 00036000 08:01 9703666                    /home/pcs20/.gradle/wrapper/dists/gradle-2.2.1-all/c64ydeuardnfqctvr1gm30w53/gradle-2.2.1/lib/plugins/junit-4.11.jar
7f0fbc017000-7f0fbc023000 r--s 00075000 08:01 9703634                    /home/pcs20/.gradle/wrapper/dists/gradle-2.2.1-all/c64ydeuardnfqctvr1gm30w53/gradle-2.2.1/lib/plugins/gradle-plugins-2.2.1.jar
7f0fbc023000-7f0fbc026000 r--s 00011000 08:01 9703664                    /home/pcs20/.gradle/wrapper/dists/gradle-2.2.1-all/c64ydeuardnfqctvr1gm30w53/gradle-2.2.1/lib/plugins/gradle-plugin-use-2.2.1.jar
7f0fbc026000-7f0fbc03e000 r--s 00115000 08:01 9703705                    /home/pcs20/.gradle/wrapper/dists/gradle-2.2.1-all/c64ydeuardnfqctvr1gm30w53/gradle-2.2.1/lib/plugins/xercesImpl-2.9.1.jar
7f0fbc03e000-7f0fbc046000 r--s 00028000 08:01 9703706                    /home/pcs20/.gradle/wrapper/dists/gradle-2.2.1-all/c64ydeuardnfqctvr1gm30w53/gradle-2.2.1/lib/plugins/xml-apis-1.3.04.jar
7f0fbc046000-7f0fbc04c000 r--s 0005b000 08:01 9703704                    /home/pcs20/.gradle/wrapper/dists/gradle-2.2.1-all/c64ydeuardnfqctvr1gm30w53/gradle-2.2.1/lib/plugins/jcifs-1.3.17.jar
7f0fbc04c000-7f0fbc052000 r--s 00031000 08:01 9703703                    /home/pcs20/.gradle/wrapper/dists/gradle-2.2.1-all/c64ydeuardnfqctvr1gm30w53/gradle-2.2.1/lib/plugins/httpcore-4.2.2.jar
7f0fbc052000-7f0fbc058000 r--s 00033000 08:01 9703702                    /home/pcs20/.gradle/wrapper/dists/gradle-2.2.1-all/c64ydeuardnfqctvr1gm30w53/gradle-2.2.1/lib/plugins/commons-codec-1.6.jar
7f0fbc058000-7f0fbc05b000 r--s 0001c000 08:01 9703701                    /home/pcs20/.gradle/wrapper/dists/gradle-2.2.1-all/c64ydeuardnfqctvr1gm30w53/gradle-2.2.1/lib/plugins/nekohtml-1.9.14.jar
7f0fbc05b000-7f0fbc064000 r--s 00060000 08:01 9703700                    /home/pcs20/.gradle/wrapper/dists/gradle-2.2.1-all/c64ydeuardnfqctvr1gm30w53/gradle-2.2.1/lib/plugins/httpclient-4.2.2.jar
7f0fbc064000-7f0fbc066000 r--s 00007000 08:01 9703689                    /home/pcs20/.gradle/wrapper/dists/gradle-2.2.1-all/c64ydeuardnfqctvr1gm30w53/gradle-2.2.1/lib/plugins/gradle-resources-http-2.2.1.jar
7f0fbc066000-7f0fbc08e000 r--s 00194000 08:01 9703693                    /home/pcs20/.gradle/wrapper/dists/gradle-2.2.1-all/c64ydeuardnfqctvr1gm30w53/gradle-2.2.1/lib/plugins/bcprov-jdk15-1.46.jar
7f0fbc08e000-7f0fbc092000 r--s 0001d000 08:01 9703692                    /home/pcs20/.gradle/wrapper/dists/gradle-2.2.1-all/c64ydeuardnfqctvr1gm30w53/gradle-2.2.1/lib/plugins/xbean-reflect-3.4.jar
7f0fbc092000-7f0fbc097000 r--s 0002a000 08:01 9703686                    /home/pcs20/.gradle/wrapper/dists/gradle-2.2.1-all/c64ydeuardnfqctvr1gm30w53/gradle-2.2.1/lib/plugins/gson-2.2.4.jar
7f0fbc097000-7f0fbc09b000 r--s 0003d000 08:01 9703691                    /home/pcs20/.gradle/wrapper/dists/gradle-2.2.1-all/c64ydeuardnfqctvr1gm30w53/gradle-2.2.1/lib/plugins/jsch-0.1.51.jar
7f0fbc09b000-7f0fbc0b4000 r--s 00129000 08:01 9703679                    /home/pcs20/.gradle/wrapper/dists/gradle-2.2.1-all/c64ydeuardnfqctvr1gm30w53/gradle-2.2.1/lib/plugins/maven-ant-tasks-2.1.3.jar
7f0fbc0b4000-7f0fbc0c3000 r--s 000d9000 08:01 9703690                    /home/pcs20/.gradle/wrapper/dists/gradle-2.2.1-all/c64ydeuardnfqctvr1gm30w53/gradle-2.2.1/lib/plugins/ivy-2.2.0.jar
7f0fbc0c3000-7f0fbc0c7000 r--s 0001e000 08:01 9703633                    /home/pcs20/.gradle/wrapper/dists/gradle-2.2.1-all/c64ydeuardnfqctvr1gm30w53/gradle-2.2.1/lib/plugins/jarjar-aether-impl-1.13.1.jar
7f0fbc0c7000-7f0fbc0ca000 r--s 00027000 08:01 9703632                    /home/pcs20/.gradle/wrapper/dists/gradle-2.2.1-all/c64ydeuardnfqctvr1gm30w53/gradle-2.2.1/lib/plugins/jarjar-maven-model-3.0.4.jar
7f0fbc0ca000-7f0fbc0cd000 r--s 0000b000 08:01 9703631                    /home/pcs20/.gradle/wrapper/dists/gradle-2.2.1-all/c64ydeuardnfqctvr1gm30w53/gradle-2.2.1/lib/plugins/jarjar-maven-artifact-3.0.4.jar
7f0fbc0cd000-7f0fbc0d1000 r--s 0001e000 08:01 9703630                    /home/pcs20/.gradle/wrapper/dists/gradle-2.2.1-all/c64ydeuardnfqctvr1gm30w53/gradle-2.2.1/lib/plugins/jarjar-aether-util-1.13.1.jar
7f0fbc0d1000-7f0fbc0d3000 r--s 00007000 08:01 9703629                    /home/pcs20/.gradle/wrapper/dists/gradle-2.2.1-all/c64ydeuardnfqctvr1gm30w53/gradle-2.2.1/lib/plugins/jarjar-wagon-http-shared4-2.4.jar
7f0fbc0d3000-7f0fbc0e0000 r--s 00083000 08:01 9703628                    /home/pcs20/.gradle/wrapper/dists/gradle-2.2.1-all/c64ydeuardnfqctvr1gm30w53/gradle-2.2.1/lib/plugins/jarjar-maven-core-3.0.4.jar
7f0fbc0e0000-7f0fbc0e2000 r--s 00003000 08:01 9703627                    /home/pcs20/.gradle/wrapper/dists/gradle-2.2.1-all/c64ydeuardnfqctvr1gm30w53/gradle-2.2.1/lib/plugins/jarjar-aether-spi-1.13.1.jar
7f0fbc0e2000-7f0fbc0e4000 r--s 00009000 08:01 9703626                    /home/pcs20/.gradle/wrapper/dists/gradle-2.2.1-all/c64ydeuardnfqctvr1gm30w53/gradle-2.2.1/lib/plugins/jarjar-maven-settings-builder-3.0.4.jar
7f0fbc0e4000-7f0fbc0e8000 r--s 00014000 08:01 9703625                    /home/pcs20/.gradle/wrapper/dists/gradle-2.2.1-all/c64ydeuardnfqctvr1gm30w53/gradle-2.2.1/lib/plugins/jarjar-aether-api-1.13.1.jar
7f0fbc0e8000-7f0fbc0e9000 r--s 00002000 08:01 9703624                    /home/pcs20/.gradle/wrapper/dists/gradle-2.2.1-all/c64ydeuardnfqctvr1gm30w53/gradle-2.2.1/lib/plugins/jarjar-wagon-http-2.4.jar
7f0fbc0e9000-7f0fbc0f0000 r--s 00042000 08:01 9703623                    /home/pcs20/.gradle/wrapper/dists/gradle-2.2.1-all/c64ydeuardnfqctvr1gm30w53/gradle-2.2.1/lib/plugins/jarjar-maven-compat-3.0.4.jar
7f0fbc0f0000-7f0fbc0f2000 r--s 00006000 08:01 9703622                    /home/pcs20/.gradle/wrapper/dists/gradle-2.2.1-all/c64ydeuardnfqctvr1gm30w53/gradle-2.2.1/lib/plugins/jarjar-aether-connector-wagon-1.13.1.jar
7f0fbc0f2000-7f0fbc0f4000 r--s 00000000 08:01 9703621                    /home/pcs20/.gradle/wrapper/dists/gradle-2.2.1-all/c64ydeuardnfqctvr1gm30w53/gradle-2.2.1/lib/plugins/jarjar-plexus-component-annotations-1.5.5.jar
7f0fbc0f4000-7f0fbc0f6000 r--s 00006000 08:01 9703620                    /home/pcs20/.gradle/wrapper/dists/gradle-2.2.1-all/c64ydeuardnfqctvr1gm30w53/gradle-2.2.1/lib/plugins/jarjar-plexus-sec-dispatcher-1.3.jar
7f0fbc0f6000-7f0fbc0fb000 r--s 00022000 08:01 9703619                    /home/pcs20/.gradle/wrapper/dists/gradle-2.2.1-all/c64ydeuardnfqctvr1gm30w53/gradle-2.2.1/lib/plugins/jarjar-maven-model-builder-3.0.4.jar
7f0fbc0fb000-7f0fbc0fd000 r--s 0000b000 08:01 9703618                    /home/pcs20/.gradle/wrapper/dists/gradle-2.2.1-all/c64ydeuardnfqctvr1gm30w53/gradle-2.2.1/lib/plugins/jarjar-maven-plugin-api-3.0.4.jar
7f0fbc0fd000-7f0fbc100000 r--s 0000a000 08:01 9703617                    /home/pcs20/.gradle/wrapper/dists/gradle-2.2.1-all/c64ydeuardnfqctvr1gm30w53/gradle-2.2.1/lib/plugins/jarjar-plexus-classworlds-2.4.jar
7f0fbc100000-7f0fbc104000 r--s 00035000 08:01 9703616                    /home/pcs20/.gradle/wrapper/dists/gradle-2.2.1-all/c64ydeuardnfqctvr1gm30w53/gradle-2.2.1/lib/plugins/jarjar-plexus-utils-2.0.6.jar
7f0fbc104000-7f0fbc106000 r--s 0000e000 08:01 9703615                    /home/pcs20/.gradle/wrapper/dists/gradle-2.2.1-all/c64ydeuardnfqctvr1gm30w53/gradle-2.2.1/lib/plugins/jarjar-plexus-interpolation-1.14.jar
7f0fbc106000-7f0fbc108000 r--s 00002000 08:01 9703614                    /home/pcs20/.gradle/wrapper/dists/gradle-2.2.1-all/c64ydeuardnfqctvr1gm30w53/gradle-2.2.1/lib/plugins/jarjar-plexus-cipher-1.7.jar
7f0fbc108000-7f0fbc10a000 r--s 0000c000 08:01 9703613                    /home/pcs20/.gradle/wrapper/dists/gradle-2.2.1-all/c64ydeuardnfqctvr1gm30w53/gradle-2.2.1/lib/plugins/jarjar-wagon-provider-api-2.4.jar
7f0fbc10a000-7f0fbc112000 r--s 00031000 08:01 9703611                    /home/pcs20/.gradle/wrapper/dists/gradle-2.2.1-all/c64ydeuardnfqctvr1gm30w53/gradle-2.2.1/lib/plugins/jarjar-plexus-container-default-1.5.5.jar
7f0fbc112000-7f0fbc143000 rw-p 00000000 00:00 0 
7f0fbc143000-7f0fbc2af000 r-xp 00000000 08:01 13107586                   /usr/lib/x86_64-linux-gnu/libgio-2.0.so.0.4002.0
7f0fbc2af000-7f0fbc4ae000 ---p 0016c000 08:01 13107586                   /usr/lib/x86_64-linux-gnu/libgio-2.0.so.0.4002.0
7f0fbc4ae000-7f0fbc4b2000 r--p 0016b000 08:01 13107586                   /usr/lib/x86_64-linux-gnu/libgio-2.0.so.0.4002.0
7f0fbc4b2000-7f0fbc4b4000 rw-p 0016f000 08:01 13107586                   /usr/lib/x86_64-linux-gnu/libgio-2.0.so.0.4002.0
7f0fbc4b4000-7f0fbc4b6000 rw-p 00000000 00:00 0 
7f0fbc4b6000-7f0fbc4b8000 r--s 0000d000 08:01 9703612                    /home/pcs20/.gradle/wrapper/dists/gradle-2.2.1-all/c64ydeuardnfqctvr1gm30w53/gradle-2.2.1/lib/plugins/jarjar-maven-aether-provider-3.0.4.jar
7f0fbc4b8000-7f0fbc4b9000 r--s 00007000 08:01 9703610                    /home/pcs20/.gradle/wrapper/dists/gradle-2.2.1-all/c64ydeuardnfqctvr1gm30w53/gradle-2.2.1/lib/plugins/jarjar-maven-repository-metadata-3.0.4.jar
7f0fbc4b9000-7f0fbc4ba000 r--s 0000b000 08:01 9703609                    /home/pcs20/.gradle/wrapper/dists/gradle-2.2.1-all/c64ydeuardnfqctvr1gm30w53/gradle-2.2.1/lib/plugins/jarjar-maven-settings-3.0.4.jar
7f0fbc4ba000-7f0fbc4d2000 r--s 000b5000 08:01 9703665                    /home/pcs20/.gradle/wrapper/dists/gradle-2.2.1-all/c64ydeuardnfqctvr1gm30w53/gradle-2.2.1/lib/plugins/gradle-dependency-management-2.2.1.jar
7f0fbc4d2000-7f0fbc4e9000 r-xp 00000000 08:01 13246132                   /usr/lib/jvm/java-7-openjdk-amd64/jre/lib/amd64/libnet.so
7f0fbc4e9000-7f0fbc6e8000 ---p 00017000 08:01 13246132                   /usr/lib/jvm/java-7-openjdk-amd64/jre/lib/amd64/libnet.so
7f0fbc6e8000-7f0fbc6e9000 r--p 00016000 08:01 13246132                   /usr/lib/jvm/java-7-openjdk-amd64/jre/lib/amd64/libnet.so
7f0fbc6e9000-7f0fbc6ea000 rw-p 00017000 08:01 13246132                   /usr/lib/jvm/java-7-openjdk-amd64/jre/lib/amd64/libnet.so
7f0fbc6ea000-7f0fbc6eb000 r--s 00005000 08:01 9703337                    /home/pcs20/.gradle/wrapper/dists/gradle-2.2.1-all/c64ydeuardnfqctvr1gm30w53/gradle-2.2.1/lib/gradle-wrapper-2.2.1.jar
7f0fbc6eb000-7f0fbc6f4000 r--s 0002c000 08:01 9703342                    /home/pcs20/.gradle/wrapper/dists/gradle-2.2.1-all/c64ydeuardnfqctvr1gm30w53/gradle-2.2.1/lib/gradle-tooling-api-2.2.1.jar
7f0fbc6f4000-7f0fbc6f6000 r--s 00002000 08:01 9703589                    /home/pcs20/.gradle/wrapper/dists/gradle-2.2.1-all/c64ydeuardnfqctvr1gm30w53/gradle-2.2.1/lib/gradle-open-api-2.2.1.jar
7f0fbc6f6000-7f0fbc6fc000 r--s 00032000 08:01 9703591                    /home/pcs20/.gradle/wrapper/dists/gradle-2.2.1-all/c64ydeuardnfqctvr1gm30w53/gradle-2.2.1/lib/jaxen-1.1.jar
7f0fbc6fc000-7f0fbc701000 r--s 00048000 08:01 9703590                    /home/pcs20/.gradle/wrapper/dists/gradle-2.2.1-all/c64ydeuardnfqctvr1gm30w53/gradle-2.2.1/lib/dom4j-1.6.1.jar
7f0fbc701000-7f0fbc70c000 r--s 00059000 08:01 9703341                    /home/pcs20/.gradle/wrapper/dists/gradle-2.2.1-all/c64ydeuardnfqctvr1gm30w53/gradle-2.2.1/lib/gradle-ui-2.2.1.jar
7f0fbc70c000-7f0fbc70e000 r--s 00006000 08:01 9703585                    /home/pcs20/.gradle/wrapper/dists/gradle-2.2.1-all/c64ydeuardnfqctvr1gm30w53/gradle-2.2.1/lib/gradle-resources-2.2.1.jar
7f0fbc70e000-7f0fbc710000 r--s 00007000 08:01 9703607                    /home/pcs20/.gradle/wrapper/dists/gradle-2.2.1-all/c64ydeuardnfqctvr1gm30w53/gradle-2.2.1/lib/objenesis-1.2.jar
7f0fbc710000-7f0fbc712000 r--s 00000000 08:01 9703606                    /home/pcs20/.gradle/wrapper/dists/gradle-2.2.1-all/c64ydeuardnfqctvr1gm30w53/gradle-2.2.1/lib/minlog-1.2.jar
7f0fbc712000-7f0fbc714000 r--s 0000f000 08:01 9703605                    /home/pcs20/.gradle/wrapper/dists/gradle-2.2.1-all/c64ydeuardnfqctvr1gm30w53/gradle-2.2.1/lib/reflectasm-1.07-shaded.jar
7f0fbc714000-7f0fbc718000 r--s 00026000 08:01 9703596                    /home/pcs20/.gradle/wrapper/dists/gradle-2.2.1-all/c64ydeuardnfqctvr1gm30w53/gradle-2.2.1/lib/kryo-2.20.jar
7f0fbc718000-7f0fbc721000 r--s 00039000 08:01 9703484                    /home/pcs20/.gradle/wrapper/dists/gradle-2.2.1-all/c64ydeuardnfqctvr1gm30w53/gradle-2.2.1/lib/gradle-messaging-2.2.1.jar
7f0fbc721000-7f0fbc722000 r--s 00003000 08:01 9703604                    /home/pcs20/.gradle/wrapper/dists/gradle-2.2.1-all/c64ydeuardnfqctvr1gm30w53/gradle-2.2.1/lib/native-platform-freebsd-amd64-0.10.jar
7f0fbc722000-7f0fbc723000 r--s 00003000 08:01 9703603                    /home/pcs20/.gradle/wrapper/dists/gradle-2.2.1-all/c64ydeuardnfqctvr1gm30w53/gradle-2.2.1/lib/native-platform-freebsd-i386-0.10.jar
7f0fbc723000-7f0fbc724000 r--s 00005000 08:01 9703602                    /home/pcs20/.gradle/wrapper/dists/gradle-2.2.1-all/c64ydeuardnfqctvr1gm30w53/gradle-2.2.1/lib/native-platform-windows-i386-0.10.jar
7f0fbc724000-7f0fbc725000 r--s 00005000 08:01 9703601                    /home/pcs20/.gradle/wrapper/dists/gradle-2.2.1-all/c64ydeuardnfqctvr1gm30w53/gradle-2.2.1/lib/native-platform-windows-amd64-0.10.jar
7f0fbc725000-7f0fbc726000 r--s 00003000 08:01 9703600                    /home/pcs20/.gradle/wrapper/dists/gradle-2.2.1-all/c64ydeuardnfqctvr1gm30w53/gradle-2.2.1/lib/native-platform-linux-i386-0.10.jar
7f0fbc726000-7f0fbc727000 r--s 00003000 08:01 9703599                    /home/pcs20/.gradle/wrapper/dists/gradle-2.2.1-all/c64ydeuardnfqctvr1gm30w53/gradle-2.2.1/lib/native-platform-linux-amd64-0.10.jar
7f0fbc727000-7f0fbc728000 r--s 00002000 08:01 9703598                    /home/pcs20/.gradle/wrapper/dists/gradle-2.2.1-all/c64ydeuardnfqctvr1gm30w53/gradle-2.2.1/lib/native-platform-osx-amd64-0.10.jar
7f0fbc728000-7f0fbc729000 r--s 00002000 08:01 9703597                    /home/pcs20/.gradle/wrapper/dists/gradle-2.2.1-all/c64ydeuardnfqctvr1gm30w53/gradle-2.2.1/lib/native-platform-osx-i386-0.10.jar
7f0fbc729000-7f0fbc72b000 r--s 00008000 08:01 9703594                    /home/pcs20/.gradle/wrapper/dists/gradle-2.2.1-all/c64ydeuardnfqctvr1gm30w53/gradle-2.2.1/lib/jansi-1.2.1.jar
7f0fbc72b000-7f0fbc72e000 r--s 0000d000 08:01 9703593                    /home/pcs20/.gradle/wrapper/dists/gradle-2.2.1-all/c64ydeuardnfqctvr1gm30w53/gradle-2.2.1/lib/native-platform-0.10.jar
7f0fbc72e000-7f0fbc732000 r--s 000e4000 08:01 9703592                    /home/pcs20/.gradle/wrapper/dists/gradle-2.2.1-all/c64ydeuardnfqctvr1gm30w53/gradle-2.2.1/lib/jna-3.2.7.jar
7f0fbc732000-7f0fbc734000 r--s 00008000 08:01 9703343                    /home/pcs20/.gradle/wrapper/dists/gradle-2.2.1-all/c64ydeuardnfqctvr1gm30w53/gradle-2.2.1/lib/gradle-native-2.2.1.jar
7f0fbc734000-7f0fbc736000 r--s 00005000 08:01 9703340                    /home/pcs20/.gradle/wrapper/dists/gradle-2.2.1-all/c64ydeuardnfqctvr1gm30w53/gradle-2.2.1/lib/gradle-cli-2.2.1.jar
7f0fbc736000-7f0fbc738000 r--s 00003000 08:01 9703483                    /home/pcs20/.gradle/wrapper/dists/gradle-2.2.1-all/c64ydeuardnfqctvr1gm30w53/gradle-2.2.1/lib/gradle-base-services-groovy-2.2.1.jar
7f0fbc738000-7f0fbc73a000 r--s 0000a000 08:01 9703348                    /home/pcs20/.gradle/wrapper/dists/gradle-2.2.1-all/c64ydeuardnfqctvr1gm30w53/gradle-2.2.1/lib/gradle-model-groovy-2.2.1.jar
7f0fbc73a000-7f0fbc73e000 r--s 0001b000 08:01 9703347                    /home/pcs20/.gradle/wrapper/dists/gradle-2.2.1-all/c64ydeuardnfqctvr1gm30w53/gradle-2.2.1/lib/gradle-model-core-2.2.1.jar
7f0fbc73e000-7f0fbc73f000 r--s 00000000 08:01 9703586                    /home/pcs20/.gradle/wrapper/dists/gradle-2.2.1-all/c64ydeuardnfqctvr1gm30w53/gradle-2.2.1/lib/gradle-docs-2.2.1.jar
7f0fbc73f000-7f0fbc741000 r--s 00003000 08:01 9703588                    /home/pcs20/.gradle/wrapper/dists/gradle-2.2.1-all/c64ydeuardnfqctvr1gm30w53/gradle-2.2.1/lib/jcl-over-slf4j-1.7.7.jar
7f0fbc741000-7f0fbc742000 r--s 00005000 08:01 9703587                    /home/pcs20/.gradle/wrapper/dists/gradle-2.2.1-all/c64ydeuardnfqctvr1gm30w53/gradle-2.2.1/lib/log4j-over-slf4j-1.7.7.jar
7f0fbc742000-7f0fbc743000 r--s 00000000 08:01 9703482                    /home/pcs20/.gradle/wrapper/dists/gradle-2.2.1-all/c64ydeuardnfqctvr1gm30w53/gradle-2.2.1/lib/javax.inject-1.jar
7f0fbc743000-7f0fbc746000 r--s 0001b000 08:01 9703481                    /home/pcs20/.gradle/wrapper/dists/gradle-2.2.1-all/c64ydeuardnfqctvr1gm30w53/gradle-2.2.1/lib/jarjar-1.3.jar
7f0fbc746000-7f0fbc748000 r--s 00000000 08:01 9703357                    /home/pcs20/.gradle/wrapper/dists/gradle-2.2.1-all/c64ydeuardnfqctvr1gm30w53/gradle-2.2.1/lib/jul-to-slf4j-1.7.7.jar
7f0fbc748000-7f0fbc74e000 r--s 0003b000 08:01 9703355                    /home/pcs20/.gradle/wrapper/dists/gradle-2.2.1-all/c64ydeuardnfqctvr1gm30w53/gradle-2.2.1/lib/logback-classic-1.0.13.jar
7f0fbc74e000-7f0fbc758000 r--s 0005d000 08:01 9703354                    /home/pcs20/.gradle/wrapper/dists/gradle-2.2.1-all/c64ydeuardnfqctvr1gm30w53/gradle-2.2.1/lib/logback-core-1.0.13.jar
7f0fbc758000-7f0fbc75d000 r--s 00041000 08:01 9703353                    /home/pcs20/.gradle/wrapper/dists/gradle-2.2.1-all/c64ydeuardnfqctvr1gm30w53/gradle-2.2.1/lib/commons-lang-2.6.jar
7f0fbc75d000-7f0fbc76b000 r--s 0007f000 08:01 9703351                    /home/pcs20/.gradle/wrapper/dists/gradle-2.2.1-all/c64ydeuardnfqctvr1gm30w53/gradle-2.2.1/lib/commons-collections-3.2.1.jar
7f0fbc76b000-7f0fbc7d6000 r--s 00685000 08:01 9703346                    /home/pcs20/.gradle/wrapper/dists/gradle-2.2.1-all/c64ydeuardnfqctvr1gm30w53/gradle-2.2.1/lib/groovy-all-2.3.6.jar
7f0fbc7d6000-7f0fbc7fe000 r--s 001cf000 08:01 9703345                    /home/pcs20/.gradle/wrapper/dists/gradle-2.2.1-all/c64ydeuardnfqctvr1gm30w53/gradle-2.2.1/lib/guava-jdk5-17.0.jar
7f0fbc7fe000-7f0fbc81d000 r--s 001cc000 08:01 9703350                    /home/pcs20/.gradle/wrapper/dists/gradle-2.2.1-all/c64ydeuardnfqctvr1gm30w53/gradle-2.2.1/lib/ant-1.9.3.jar
7f0fbc81d000-7f0fbc81e000 ---p 00000000 00:00 0 
7f0fbc81e000-7f0fbc91e000 rw-p 00000000 00:00 0                          [stack:13601]
7f0fbc91e000-7f0fbd000000 r--p 00000000 08:01 13114023                   /usr/lib/locale/locale-archive
7f0fbd000000-7f0fbd700000 rwxp 00000000 00:00 0 
7f0fbd700000-7f0fc0a07000 rw-p 00000000 00:00 0 
7f0fc0a07000-7f0fc4000000 ---p 00000000 00:00 0 
7f0fc4000000-7f0fc4001000 r--s 00000000 08:01 9703356                    /home/pcs20/.gradle/wrapper/dists/gradle-2.2.1-all/c64ydeuardnfqctvr1gm30w53/gradle-2.2.1/lib/jcip-annotations-1.0.jar
7f0fc4001000-7f0fc4004000 r--s 00018000 08:01 9703352                    /home/pcs20/.gradle/wrapper/dists/gradle-2.2.1-all/c64ydeuardnfqctvr1gm30w53/gradle-2.2.1/lib/commons-io-1.4.jar
7f0fc4004000-7f0fc4009000 r--s 00036000 08:01 9703349                    /home/pcs20/.gradle/wrapper/dists/gradle-2.2.1-all/c64ydeuardnfqctvr1gm30w53/gradle-2.2.1/lib/asm-all-5.0.3.jar
7f0fc4009000-7f0fc400b000 r--s 00006000 08:01 9703344                    /home/pcs20/.gradle/wrapper/dists/gradle-2.2.1-all/c64ydeuardnfqctvr1gm30w53/gradle-2.2.1/lib/slf4j-api-1.7.7.jar
7f0fc400b000-7f0fc400c000 r--s 00004000 08:01 9703595                    /home/pcs20/.gradle/wrapper/dists/gradle-2.2.1-all/c64ydeuardnfqctvr1gm30w53/gradle-2.2.1/lib/ant-launcher-1.9.3.jar
7f0fc400c000-7f0fc4012000 r--s 00026000 08:01 9703338                    /home/pcs20/.gradle/wrapper/dists/gradle-2.2.1-all/c64ydeuardnfqctvr1gm30w53/gradle-2.2.1/lib/gradle-base-services-2.2.1.jar
7f0fc4012000-7f0fc4043000 r--s 00191000 08:01 9703339                    /home/pcs20/.gradle/wrapper/dists/gradle-2.2.1-all/c64ydeuardnfqctvr1gm30w53/gradle-2.2.1/lib/gradle-core-2.2.1.jar
7f0fc4043000-7f0fc404b000 r--s 0003c000 08:01 9703336                    /home/pcs20/.gradle/wrapper/dists/gradle-2.2.1-all/c64ydeuardnfqctvr1gm30w53/gradle-2.2.1/lib/gradle-launcher-2.2.1.jar
7f0fc404b000-7f0fc404e000 ---p 00000000 00:00 0 
7f0fc404e000-7f0fc414c000 rw-p 00000000 00:00 0                          [stack:13600]
7f0fc414c000-7f0fc414f000 ---p 00000000 00:00 0 
7f0fc414f000-7f0fc424d000 rw-p 00000000 00:00 0                          [stack:13599]
7f0fc424d000-7f0fc4250000 ---p 00000000 00:00 0 
7f0fc4250000-7f0fc434e000 rw-p 00000000 00:00 0                          [stack:13598]
7f0fc434e000-7f0fc4351000 ---p 00000000 00:00 0 
7f0fc4351000-7f0fc444f000 rw-p 00000000 00:00 0                          [stack:13597]
7f0fc444f000-7f0fc4452000 ---p 00000000 00:00 0 
7f0fc4452000-7f0fc4550000 rw-p 00000000 00:00 0                          [stack:13596]
7f0fc4550000-7f0fc4553000 ---p 00000000 00:00 0 
7f0fc4553000-7f0fc4651000 rw-p 00000000 00:00 0                          [stack:13595]
7f0fc4651000-7f0fc4652000 ---p 00000000 00:00 0 
7f0fc4652000-7f0fc5107000 rw-p 00000000 00:00 0                          [stack:13594]
7f0fc5107000-7f0fc52b8000 r--s 01d25000 08:01 13246195                   /usr/lib/jvm/java-7-openjdk-amd64/jre/lib/rt.jar
7f0fc52b8000-7f0fc5631000 rw-p 00000000 00:00 0 
7f0fc5631000-7f0fc5632000 ---p 00000000 00:00 0 
7f0fc5632000-7f0fc5732000 rw-p 00000000 00:00 0                          [stack:13593]
7f0fc5732000-7f0fc5733000 ---p 00000000 00:00 0 
7f0fc5733000-7f0fc5871000 rw-p 00000000 00:00 0                          [stack:13592]
7f0fc5871000-7f0fc58b3000 rw-p 00000000 00:00 0 
7f0fc58b3000-7f0fc5906000 rw-p 00000000 00:00 0 
7f0fc5906000-7f0fc5a09000 rw-p 00000000 00:00 0 
7f0fc5a09000-7f0fc5a47000 rw-p 00000000 00:00 0 
7f0fc5a47000-7f0fc5a89000 rw-p 00000000 00:00 0 
7f0fc5a89000-7f0fc5adc000 rw-p 00000000 00:00 0 
7f0fc5adc000-7f0fc5bde000 rw-p 00000000 00:00 0 
7f0fc5bde000-7f0fc5c89000 rw-p 00000000 00:00 0 
7f0fc5c89000-7f0fc5c8a000 rw-p 00000000 00:00 0 
7f0fc5c8a000-7f0fc5c92000 r-xp 00000000 08:01 13246124                   /usr/lib/jvm/java-7-openjdk-amd64/jre/lib/amd64/libzip.so
7f0fc5c92000-7f0fc5e91000 ---p 00008000 08:01 13246124                   /usr/lib/jvm/java-7-openjdk-amd64/jre/lib/amd64/libzip.so
7f0fc5e91000-7f0fc5e92000 r--p 00007000 08:01 13246124                   /usr/lib/jvm/java-7-openjdk-amd64/jre/lib/amd64/libzip.so
7f0fc5e92000-7f0fc5e93000 rw-p 00008000 08:01 13246124                   /usr/lib/jvm/java-7-openjdk-amd64/jre/lib/amd64/libzip.so
7f0fc5e93000-7f0fc5e9e000 r-xp 00000000 08:01 6820751                    /lib/x86_64-linux-gnu/libnss_files-2.19.so
7f0fc5e9e000-7f0fc609d000 ---p 0000b000 08:01 6820751                    /lib/x86_64-linux-gnu/libnss_files-2.19.so
7f0fc609d000-7f0fc609e000 r--p 0000a000 08:01 6820751                    /lib/x86_64-linux-gnu/libnss_files-2.19.so
7f0fc609e000-7f0fc609f000 rw-p 0000b000 08:01 6820751                    /lib/x86_64-linux-gnu/libnss_files-2.19.so
7f0fc609f000-7f0fc60aa000 r-xp 00000000 08:01 6820769                    /lib/x86_64-linux-gnu/libnss_nis-2.19.so
7f0fc60aa000-7f0fc62a9000 ---p 0000b000 08:01 6820769                    /lib/x86_64-linux-gnu/libnss_nis-2.19.so
7f0fc62a9000-7f0fc62aa000 r--p 0000a000 08:01 6820769                    /lib/x86_64-linux-gnu/libnss_nis-2.19.so
7f0fc62aa000-7f0fc62ab000 rw-p 0000b000 08:01 6820769                    /lib/x86_64-linux-gnu/libnss_nis-2.19.so
7f0fc62ab000-7f0fc62c2000 r-xp 00000000 08:01 6820738                    /lib/x86_64-linux-gnu/libnsl-2.19.so
7f0fc62c2000-7f0fc64c1000 ---p 00017000 08:01 6820738                    /lib/x86_64-linux-gnu/libnsl-2.19.so
7f0fc64c1000-7f0fc64c2000 r--p 00016000 08:01 6820738                    /lib/x86_64-linux-gnu/libnsl-2.19.so
7f0fc64c2000-7f0fc64c3000 rw-p 00017000 08:01 6820738                    /lib/x86_64-linux-gnu/libnsl-2.19.so
7f0fc64c3000-7f0fc64c5000 rw-p 00000000 00:00 0 
7f0fc64c5000-7f0fc64ce000 r-xp 00000000 08:01 6820735                    /lib/x86_64-linux-gnu/libnss_compat-2.19.so
7f0fc64ce000-7f0fc66cd000 ---p 00009000 08:01 6820735                    /lib/x86_64-linux-gnu/libnss_compat-2.19.so
7f0fc66cd000-7f0fc66ce000 r--p 00008000 08:01 6820735                    /lib/x86_64-linux-gnu/libnss_compat-2.19.so
7f0fc66ce000-7f0fc66cf000 rw-p 00009000 08:01 6820735                    /lib/x86_64-linux-gnu/libnss_compat-2.19.so
7f0fc66cf000-7f0fc66fa000 r-xp 00000000 08:01 13246131                   /usr/lib/jvm/java-7-openjdk-amd64/jre/lib/amd64/libjava.so
7f0fc66fa000-7f0fc68f9000 ---p 0002b000 08:01 13246131                   /usr/lib/jvm/java-7-openjdk-amd64/jre/lib/amd64/libjava.so
7f0fc68f9000-7f0fc68fa000 r--p 0002a000 08:01 13246131                   /usr/lib/jvm/java-7-openjdk-amd64/jre/lib/amd64/libjava.so
7f0fc68fa000-7f0fc68fc000 rw-p 0002b000 08:01 13246131                   /usr/lib/jvm/java-7-openjdk-amd64/jre/lib/amd64/libjava.so
7f0fc68fc000-7f0fc690c000 r-xp 00000000 08:01 13246146                   /usr/lib/jvm/java-7-openjdk-amd64/jre/lib/amd64/libverify.so
7f0fc690c000-7f0fc6b0b000 ---p 00010000 08:01 13246146                   /usr/lib/jvm/java-7-openjdk-amd64/jre/lib/amd64/libverify.so
7f0fc6b0b000-7f0fc6b0d000 r--p 0000f000 08:01 13246146                   /usr/lib/jvm/java-7-openjdk-amd64/jre/lib/amd64/libverify.so
7f0fc6b0d000-7f0fc6b0e000 rw-p 00011000 08:01 13246146                   /usr/lib/jvm/java-7-openjdk-amd64/jre/lib/amd64/libverify.so
7f0fc6b0e000-7f0fc6b15000 r-xp 00000000 08:01 6820740                    /lib/x86_64-linux-gnu/librt-2.19.so
7f0fc6b15000-7f0fc6d14000 ---p 00007000 08:01 6820740                    /lib/x86_64-linux-gnu/librt-2.19.so
7f0fc6d14000-7f0fc6d15000 r--p 00006000 08:01 6820740                    /lib/x86_64-linux-gnu/librt-2.19.so
7f0fc6d15000-7f0fc6d16000 rw-p 00007000 08:01 6820740                    /lib/x86_64-linux-gnu/librt-2.19.so
7f0fc6d16000-7f0fc6d2c000 r-xp 00000000 08:01 6820732                    /lib/x86_64-linux-gnu/libgcc_s.so.1
7f0fc6d2c000-7f0fc6f2b000 ---p 00016000 08:01 6820732                    /lib/x86_64-linux-gnu/libgcc_s.so.1
7f0fc6f2b000-7f0fc6f2c000 rw-p 00015000 08:01 6820732                    /lib/x86_64-linux-gnu/libgcc_s.so.1
7f0fc6f2c000-7f0fc7031000 r-xp 00000000 08:01 6820747                    /lib/x86_64-linux-gnu/libm-2.19.so
7f0fc7031000-7f0fc7230000 ---p 00105000 08:01 6820747                    /lib/x86_64-linux-gnu/libm-2.19.so
7f0fc7230000-7f0fc7231000 r--p 00104000 08:01 6820747                    /lib/x86_64-linux-gnu/libm-2.19.so
7f0fc7231000-7f0fc7232000 rw-p 00105000 08:01 6820747                    /lib/x86_64-linux-gnu/libm-2.19.so
7f0fc7232000-7f0fc7318000 r-xp 00000000 08:01 13115932                   /usr/lib/x86_64-linux-gnu/libstdc++.so.6.0.19
7f0fc7318000-7f0fc7517000 ---p 000e6000 08:01 13115932                   /usr/lib/x86_64-linux-gnu/libstdc++.so.6.0.19
7f0fc7517000-7f0fc751f000 r--p 000e5000 08:01 13115932                   /usr/lib/x86_64-linux-gnu/libstdc++.so.6.0.19
7f0fc751f000-7f0fc7521000 rw-p 000ed000 08:01 13115932                   /usr/lib/x86_64-linux-gnu/libstdc++.so.6.0.19
7f0fc7521000-7f0fc7536000 rw-p 00000000 00:00 0 
7f0fc7536000-7f0fc804c000 r-xp 00000000 08:01 13246153                   /usr/lib/jvm/java-7-openjdk-amd64/jre/lib/amd64/server/libjvm.so
7f0fc804c000-7f0fc824b000 ---p 00b16000 08:01 13246153                   /usr/lib/jvm/java-7-openjdk-amd64/jre/lib/amd64/server/libjvm.so
7f0fc824b000-7f0fc82e5000 r--p 00b15000 08:01 13246153                   /usr/lib/jvm/java-7-openjdk-amd64/jre/lib/amd64/server/libjvm.so
7f0fc82e5000-7f0fc8308000 rw-p 00baf000 08:01 13246153                   /usr/lib/jvm/java-7-openjdk-amd64/jre/lib/amd64/server/libjvm.so
7f0fc8308000-7f0fc8336000 rw-p 00000000 00:00 0 
7f0fc8336000-7f0fc834e000 r-xp 00000000 08:01 6819895                    /lib/x86_64-linux-gnu/libz.so.1.2.8
7f0fc834e000-7f0fc854d000 ---p 00018000 08:01 6819895                    /lib/x86_64-linux-gnu/libz.so.1.2.8
7f0fc854d000-7f0fc854e000 r--p 00017000 08:01 6819895                    /lib/x86_64-linux-gnu/libz.so.1.2.8
7f0fc854e000-7f0fc854f000 rw-p 00018000 08:01 6819895                    /lib/x86_64-linux-gnu/libz.so.1.2.8
7f0fc854f000-7f0fc8568000 r-xp 00000000 08:01 6820774                    /lib/x86_64-linux-gnu/libpthread-2.19.so
7f0fc8568000-7f0fc8767000 ---p 00019000 08:01 6820774                    /lib/x86_64-linux-gnu/libpthread-2.19.so
7f0fc8767000-7f0fc8768000 r--p 00018000 08:01 6820774                    /lib/x86_64-linux-gnu/libpthread-2.19.so
7f0fc8768000-7f0fc8769000 rw-p 00019000 08:01 6820774                    /lib/x86_64-linux-gnu/libpthread-2.19.so
7f0fc8769000-7f0fc876d000 rw-p 00000000 00:00 0 
7f0fc876d000-7f0fc8770000 r-xp 00000000 08:01 6820773                    /lib/x86_64-linux-gnu/libdl-2.19.so
7f0fc8770000-7f0fc896f000 ---p 00003000 08:01 6820773                    /lib/x86_64-linux-gnu/libdl-2.19.so
7f0fc896f000-7f0fc8970000 r--p 00002000 08:01 6820773                    /lib/x86_64-linux-gnu/libdl-2.19.so
7f0fc8970000-7f0fc8971000 rw-p 00003000 08:01 6820773                    /lib/x86_64-linux-gnu/libdl-2.19.so
7f0fc8971000-7f0fc8b2c000 r-xp 00000000 08:01 6820744                    /lib/x86_64-linux-gnu/libc-2.19.so
7f0fc8b2c000-7f0fc8d2c000 ---p 001bb000 08:01 6820744                    /lib/x86_64-linux-gnu/libc-2.19.so
7f0fc8d2c000-7f0fc8d30000 r--p 001bb000 08:01 6820744                    /lib/x86_64-linux-gnu/libc-2.19.so
7f0fc8d30000-7f0fc8d32000 rw-p 001bf000 08:01 6820744                    /lib/x86_64-linux-gnu/libc-2.19.so
7f0fc8d32000-7f0fc8d37000 rw-p 00000000 00:00 0 
7f0fc8d37000-7f0fc8d44000 r-xp 00000000 08:01 13246129                   /usr/lib/jvm/java-7-openjdk-amd64/jre/lib/amd64/jli/libjli.so
7f0fc8d44000-7f0fc8f43000 ---p 0000d000 08:01 13246129                   /usr/lib/jvm/java-7-openjdk-amd64/jre/lib/amd64/jli/libjli.so
7f0fc8f43000-7f0fc8f44000 r--p 0000c000 08:01 13246129                   /usr/lib/jvm/java-7-openjdk-amd64/jre/lib/amd64/jli/libjli.so
7f0fc8f44000-7f0fc8f45000 rw-p 0000d000 08:01 13246129                   /usr/lib/jvm/java-7-openjdk-amd64/jre/lib/amd64/jli/libjli.so
7f0fc8f45000-7f0fc8f68000 r-xp 00000000 08:01 6820745                    /lib/x86_64-linux-gnu/ld-2.19.so
7f0fc8f68000-7f0fc8f6a000 r--s 00012000 08:01 13246190                   /usr/lib/jvm/java-7-openjdk-amd64/jre/lib/ext/zipfs.jar
7f0fc8f6a000-7f0fc8f9f000 rw-p 00000000 00:00 0 
7f0fc8f9f000-7f0fc9043000 rw-p 00000000 00:00 0 
7f0fc9043000-7f0fc9046000 ---p 00000000 00:00 0 
7f0fc9046000-7f0fc9149000 rw-p 00000000 00:00 0                          [stack:13591]
7f0fc9149000-7f0fc914a000 r--s 00002000 08:01 13246194                   /usr/lib/jvm/java-7-openjdk-amd64/jre/lib/ext/dnsns.jar
7f0fc914a000-7f0fc914e000 r--s 0003c000 08:01 13246191                   /usr/lib/jvm/java-7-openjdk-amd64/jre/lib/ext/sunpkcs11.jar
7f0fc914e000-7f0fc9150000 r--s 00006000 08:01 13500519                   /usr/share/java/java-atk-wrapper.jar
7f0fc9150000-7f0fc9154000 r--s 00034000 08:01 13246193                   /usr/lib/jvm/java-7-openjdk-amd64/jre/lib/ext/sunjce_provider.jar
7f0fc9154000-7f0fc9158000 r--s 00085000 08:01 13246192                   /usr/lib/jvm/java-7-openjdk-amd64/jre/lib/ext/localedata.jar
7f0fc9158000-7f0fc915b000 r--s 0000f000 08:01 13246189                   /usr/lib/jvm/java-7-openjdk-amd64/jre/lib/ext/icedtea-sound.jar
7f0fc915b000-7f0fc9163000 rw-s 00000000 08:01 1574813                    /tmp/hsperfdata_pcs20/13589
7f0fc9163000-7f0fc9164000 rw-p 00000000 00:00 0 
7f0fc9164000-7f0fc9165000 r--p 00000000 00:00 0 
7f0fc9165000-7f0fc9167000 rw-p 00000000 00:00 0 
7f0fc9167000-7f0fc9168000 r--p 00022000 08:01 6820745                    /lib/x86_64-linux-gnu/ld-2.19.so
7f0fc9168000-7f0fc9169000 rw-p 00023000 08:01 6820745                    /lib/x86_64-linux-gnu/ld-2.19.so
7f0fc9169000-7f0fc916a000 rw-p 00000000 00:00 0 
7fff97b44000-7fff97b65000 rw-p 00000000 00:00 0                          [stack]
7fff97bfe000-7fff97c00000 r-xp 00000000 00:00 0                          [vdso]
ffffffffff600000-ffffffffff601000 r-xp 00000000 00:00 0                  [vsyscall]

VM Arguments:
jvm_args: -XX:MaxPermSize=256m -XX:+HeapDumpOnOutOfMemoryError -Xmx1024m -Dfile.encoding=UTF-8 -Duser.country=IN -Duser.language=en -Duser.variant 
java_command: org.gradle.launcher.daemon.bootstrap.GradleDaemon 2.2.1 /home/pcs20/.gradle/daemon 10800000 7692c868-5cad-4f83-b798-d1714ec33fa4 -XX:MaxPermSize=256m -XX:+HeapDumpOnOutOfMemoryError -Xmx1024m -Dfile.encoding=UTF-8 -Duser.country=IN -Duser.language=en -Duser.variant
Launcher Type: SUN_STANDARD

Environment Variables:
CLASSPATH=/home/pcs20/Desktop/Android/android-studio/bin/../lib/bootstrap.jar:/home/pcs20/Desktop/Android/android-studio/bin/../lib/extensions.jar:/home/pcs20/Desktop/Android/android-studio/bin/../lib/util.jar:/home/pcs20/Desktop/Android/android-studio/bin/../lib/jdom.jar:/home/pcs20/Desktop/Android/android-studio/bin/../lib/log4j.jar:/home/pcs20/Desktop/Android/android-studio/bin/../lib/trove4j.jar:/home/pcs20/Desktop/Android/android-studio/bin/../lib/jna.jar:/usr/lib/jvm/java-7-openjdk-amd64/lib/tools.jar
PATH=/usr/local/sbin:/usr/local/bin:/usr/sbin:/usr/bin:/sbin:/bin:/usr/games:/usr/local/games:/usr/lib/jvm/java-6-openjdk-amd64
LD_LIBRARY_PATH=/home/pcs20/Desktop/Android/android-studio/bin:
SHELL=/bin/bash
DISPLAY=:0

Signal Handlers:
SIGSEGV: [libjvm.so+0x9495e0], sa_mask[0]=0x7ffbfeff, sa_flags=0x10000004
SIGBUS: [libjvm.so+0x9495e0], sa_mask[0]=0x7ffbfeff, sa_flags=0x10000004
SIGFPE: [libjvm.so+0x7c3410], sa_mask[0]=0x7ffbfeff, sa_flags=0x10000004
SIGPIPE: [libjvm.so+0x7c3410], sa_mask[0]=0x7ffbfeff, sa_flags=0x10000004
SIGXFSZ: [libjvm.so+0x7c3410], sa_mask[0]=0x7ffbfeff, sa_flags=0x10000004
SIGILL: [libjvm.so+0x7c3410], sa_mask[0]=0x7ffbfeff, sa_flags=0x10000004
SIGUSR1: SIG_DFL, sa_mask[0]=0x00000000, sa_flags=0x00000000
SIGUSR2: [libjvm.so+0x7c32b0], sa_mask[0]=0x00000004, sa_flags=0x10000004
SIGHUP: [libjvm.so+0x7c3490], sa_mask[0]=0x7ffbfeff, sa_flags=0x10000004
SIGINT: [libjvm.so+0x7c3490], sa_mask[0]=0x7ffbfeff, sa_flags=0x10000004
SIGTERM: [libjvm.so+0x7c3490], sa_mask[0]=0x7ffbfeff, sa_flags=0x10000004
SIGQUIT: [libjvm.so+0x7c3490], sa_mask[0]=0x7ffbfeff, sa_flags=0x10000004
SIGTRAP: SIG_DFL, sa_mask[0]=0x00000000, sa_flags=0x00000000


---------------  S Y S T E M  ---------------

OS:Ubuntu 14.04 (trusty)
uname:Linux 3.13.0-32-generic #57-Ubuntu SMP Tue Jul 15 03:51:08 UTC 2014 x86_64
libc:glibc 2.19 NPTL 2.19 
rlimit: STACK 8192k, CORE 0k, NPROC 46765, NOFILE 4096, AS infinity
load average:0.76 0.65 0.74

/proc/meminfo:
MemTotal:        6007556 kB
MemFree:          121564 kB
Buffers:           18408 kB
Cached:           797460 kB
SwapCached:        12228 kB
Active:          4003292 kB
Inactive:        1336972 kB
Active(anon):    3789700 kB
Inactive(anon):  1127792 kB
Active(file):     213592 kB
Inactive(file):   209180 kB
Unevictable:          48 kB
Mlocked:              48 kB
SwapTotal:       9764860 kB
SwapFree:        9543364 kB
Dirty:             10388 kB
Writeback:             0 kB
AnonPages:       4514076 kB
Mapped:           285816 kB
Shmem:            392784 kB
Slab:             401876 kB
SReclaimable:     357880 kB
SUnreclaim:        43996 kB
KernelStack:        6328 kB
PageTables:        57224 kB
NFS_Unstable:          0 kB
Bounce:                0 kB
WritebackTmp:          0 kB
CommitLimit:    12768636 kB
Committed_AS:   10886412 kB
VmallocTotal:   34359738367 kB
VmallocUsed:      356840 kB
VmallocChunk:   34359372764 kB
HardwareCorrupted:     0 kB
AnonHugePages:   2764800 kB
HugePages_Total:       0
HugePages_Free:        0
HugePages_Rsvd:        0
HugePages_Surp:        0
Hugepagesize:       2048 kB
DirectMap4k:       60752 kB
DirectMap2M:     6125568 kB


CPU:total 2 (2 cores per cpu, 1 threads per core) family 6 model 58 stepping 9, cmov, cx8, fxsr, mmx, sse, sse2, sse3, ssse3, sse4.1, sse4.2, popcnt, erms, tsc, tscinvbit, tscinv

/proc/cpuinfo:
processor	: 0
vendor_id	: GenuineIntel
cpu family	: 6
model		: 58
model name	: Intel(R) Pentium(R) CPU G2030 @ 3.00GHz
stepping	: 9
microcode	: 0xc
cpu MHz		: 3000.000
cache size	: 3072 KB
physical id	: 0
siblings	: 2
core id		: 0
cpu cores	: 2
apicid		: 0
initial apicid	: 0
fpu		: yes
fpu_exception	: yes
cpuid level	: 13
wp		: yes
flags		: fpu vme de pse tsc msr pae mce cx8 apic sep mtrr pge mca cmov pat pse36 clflush dts acpi mmx fxsr sse sse2 ss ht tm pbe syscall nx rdtscp lm constant_tsc arch_perfmon pebs bts rep_good nopl xtopology nonstop_tsc aperfmperf eagerfpu pni pclmulqdq dtes64 monitor ds_cpl vmx est tm2 ssse3 cx16 xtpr pdcm pcid sse4_1 sse4_2 popcnt tsc_deadline_timer xsave lahf_lm arat epb xsaveopt pln pts dtherm tpr_shadow vnmi flexpriority ept vpid fsgsbase smep erms
bogomips	: 5986.18
clflush size	: 64
cache_alignment	: 64
address sizes	: 36 bits physical, 48 bits virtual
power management:

processor	: 1
vendor_id	: GenuineIntel
cpu family	: 6
model		: 58
model name	: Intel(R) Pentium(R) CPU G2030 @ 3.00GHz
stepping	: 9
microcode	: 0xc
cpu MHz		: 3000.000
cache size	: 3072 KB
physical id	: 0
siblings	: 2
core id		: 1
cpu cores	: 2
apicid		: 2
initial apicid	: 2
fpu		: yes
fpu_exception	: yes
cpuid level	: 13
wp		: yes
flags		: fpu vme de pse tsc msr pae mce cx8 apic sep mtrr pge mca cmov pat pse36 clflush dts acpi mmx fxsr sse sse2 ss ht tm pbe syscall nx rdtscp lm constant_tsc arch_perfmon pebs bts rep_good nopl xtopology nonstop_tsc aperfmperf eagerfpu pni pclmulqdq dtes64 monitor ds_cpl vmx est tm2 ssse3 cx16 xtpr pdcm pcid sse4_1 sse4_2 popcnt tsc_deadline_timer xsave lahf_lm arat epb xsaveopt pln pts dtherm tpr_shadow vnmi flexpriority ept vpid fsgsbase smep erms
bogomips	: 5986.18
clflush size	: 64
cache_alignment	: 64
address sizes	: 36 bits physical, 48 bits virtual
power management:



Memory: 4k page, physical 6007556k(121564k free), swap 9764860k(9543364k free)

vm_info: OpenJDK 64-Bit Server VM (24.65-b04) for linux-amd64 JRE (1.7.0_65-b32), built on Oct 22 2014 04:37:44 by "buildd" with gcc 4.8.2

time: Tue Jan 27 14:58:14 2015
elapsed time: 1054 seconds

