#
# A fatal error has been detected by the Java Runtime Environment:
#
#  SIGSEGV (0xb) at pc=0x00007f5ae66bf2f9, pid=15808, tid=140028166223616
#
# JRE version: OpenJDK Runtime Environment (7.0_65-b32) (build 1.7.0_65-b32)
# Java VM: OpenJDK 64-Bit Server VM (24.65-b04 mixed mode linux-amd64 compressed oops)
# Derivative: IcedTea 2.5.3
# Distribution: Ubuntu 14.04 LTS, package 7u71-2.5.3-0ubuntu0.14.04.1
# Problematic frame:
# V  [libjvm.so+0x43a2f9]  Compile::final_graph_reshaping_walk(Node_Stack&, Node*, Final_Reshape_Counts&)+0x139
#
# Failed to write core dump. Core dumps have been disabled. To enable core dumping, try "ulimit -c unlimited" before starting Java again
#
# If you would like to submit a bug report, please include
# instructions on how to reproduce the bug and visit:
#   http://icedtea.classpath.org/bugzilla
#

---------------  T H R E A D  ---------------

Current thread (0x00007f5ae00a6800):  JavaThread "C2 CompilerThread0" daemon [_thread_in_native, id=15817, stack(0x00007f5ad90b3000,0x00007f5ad91b4000)]

siginfo:si_signo=SIGSEGV: si_errno=0, si_code=128 (), si_addr=0x0000000000000000

Registers:
RAX=0x00007f5ae6a23390, RBX=0x00007f5ad91af300, RCX=0x00007f5a97fff000, RDX=0x0000000000000000
RSP=0x00007f5ad91af210, RBP=0x00007f5ad91af2c0, RSI=0x0000000000000000, RDI=0x00007f5a781ff020
R8 =0x894800000030b855, R9 =0x0000000048d05780, R10=0x0000000048d05770, R11=0x0000000000000001
R12=0x00000000e64cdf80, R13=0x0000000000000001, R14=0x00007f5ad91af2e0, R15=0x00007f5ae700c490
RIP=0x00007f5ae66bf2f9, EFLAGS=0x0000000000010286, CSGSFS=0x0000000000000033, ERR=0x0000000000000000
  TRAPNO=0x000000000000000d

Top of Stack: (sp=0x00007f5ad91af210)
0x00007f5ad91af210:   00007f5ad91af240 0000000800000000
0x00007f5ad91af220:   00007f5ad91af260 00007f5ad91af318
0x00007f5ad91af230:   00007f5ae700c490 00007f5ad91b1f60
0x00007f5ad91af240:   00007f5ae00a7340 0000000000000100
0x00007f5ad91af250:   00007f5ab4989160 00000000000000d1
0x00007f5ad91af260:   00007f5ae7032450 00007f5ae00a7340
0x00007f5ad91af270:   00007f5a00000400 00007f5ab4987d20
0x00007f5ad91af280:   0000000000000000 00007f5ab49aef30
0x00007f5ad91af290:   00007f5ab49aef50 00007f5ad91b1f60
0x00007f5ad91af2a0:   0000000000000001 0000000000000000
0x00007f5ad91af2b0:   0000000000028f50 00007f5ac0668ee0
0x00007f5ad91af2c0:   00007f5ad91af390 00007f5ae66c0341
0x00007f5ad91af2d0:   00007f5ab49aef80 00007f5ab49aef80
0x00007f5ad91af2e0:   00007f5ac063ffc0 00007f5ac0668ee0
0x00007f5ad91af2f0:   00007f5ac063ff90 00007f5ae00a7340
0x00007f5ad91af300:   00000000000000cf 000000d000000000
0x00007f5ad91af310:   00007f5a00000002 00007f5ae7032450
0x00007f5ad91af320:   00007f5ae00a7340 00007f5a08000000
0x00007f5ad91af330:   00007f5a77fff020 00007f5ae00a7340
0x00007f5ad91af340:   00007f5a00000400 00007f5ab4989960
0x00007f5ad91af350:   0000000000000396 00007f5ad91af4b0
0x00007f5ad91af360:   0000000000004fce 00007f5ae00a7340
0x00007f5ad91af370:   00007f5ad91b1f60 00007f5ae70443f0
0x00007f5ad91af380:   00007f5ad91afeb0 00007f5ac06e3f30
0x00007f5ad91af390:   00007f5ad91b1340 00007f5ae66c3772
0x00007f5ad91af3a0:   00007f5ad91af8a8 ffffffffd91af5a0
0x00007f5ad91af3b0:   0000000000000004 ffffffffffffffff
0x00007f5ad91af3c0:   00007f5ad91b1f68 00007f5ae00a7340
0x00007f5ad91af3d0:   00007f5ae7069af0 00007f5a00000027
0x00007f5ad91af3e0:   00007f5ad91af4b0 0000000000028310
0x00007f5ad91af3f0:   00007f5ad91af410 00007f5ac06ebf18
0x00007f5ad91af400:   00007f5ac06eb920 00007f5ad91af460 

Instructions: (pc=0x00007f5ae66bf2f9)
0x00007f5ae66bf2d9:   ff ff ff 0f 1f 40 00 45 39 ec 76 7f 49 8b 47 08
0x00007f5ae66bf2e9:   44 89 ea 41 83 c5 01 4c 8b 04 d0 4d 85 c0 74 e7
0x00007f5ae66bf2f9:   41 8b 70 28 89 f2 c1 ea 05 3b 53 28 0f 83 b5 00
0x00007f5ae66bf309:   00 00 83 e6 1f b8 01 00 00 00 89 f1 48 d3 e0 48 

Register to memory mapping:

RAX=0x00007f5ae6a23390: <offset 0x79e390> in /usr/lib/jvm/java-7-openjdk-amd64/jre/lib/amd64/server/libjvm.so at 0x00007f5ae6285000
RBX=0x00007f5ad91af300 is pointing into the stack for thread: 0x00007f5ae00a6800
RCX=0x00007f5a97fff000 is an unknown value
RDX=0x0000000000000000 is an unknown value
RSP=0x00007f5ad91af210 is pointing into the stack for thread: 0x00007f5ae00a6800
RBP=0x00007f5ad91af2c0 is pointing into the stack for thread: 0x00007f5ae00a6800
RSI=0x0000000000000000 is an unknown value
RDI=0x00007f5a781ff020 is an unknown value
R8 =0x894800000030b855 is an unknown value
R9 =0x0000000048d05780 is an unknown value
R10=0x0000000048d05770 is an unknown value
R11=0x0000000000000001 is an unknown value
R12=0x00000000e64cdf80 is an unallocated location in the heap
R13=0x0000000000000001 is an unknown value
R14=0x00007f5ad91af2e0 is pointing into the stack for thread: 0x00007f5ae00a6800
R15=0x00007f5ae700c490: <offset 0xd87490> in /usr/lib/jvm/java-7-openjdk-amd64/jre/lib/amd64/server/libjvm.so at 0x00007f5ae6285000


Stack: [0x00007f5ad90b3000,0x00007f5ad91b4000],  sp=0x00007f5ad91af210,  free space=1008k
Native frames: (J=compiled Java code, j=interpreted, Vv=VM code, C=native code)
V  [libjvm.so+0x43a2f9]  Compile::final_graph_reshaping_walk(Node_Stack&, Node*, Final_Reshape_Counts&)+0x139
V  [libjvm.so+0x43b341]  Compile::final_graph_reshaping()+0x201
V  [libjvm.so+0x43e772]  Compile::Optimize()+0xf62
V  [libjvm.so+0x43fde6]  Compile::Compile(ciEnv*, C2Compiler*, ciMethod*, int, bool, bool)+0x1046
V  [libjvm.so+0x3adffa]  C2Compiler::compile_method(ciEnv*, ciMethod*, int)+0xca
V  [libjvm.so+0x445c97]  CompileBroker::invoke_compiler_on_method(CompileTask*)+0x327
V  [libjvm.so+0x446ddd]  CompileBroker::compiler_thread_loop()+0x3dd
V  [libjvm.so+0x8ffba0]  JavaThread::thread_main_inner()+0xf0
V  [libjvm.so+0x8ffe11]  JavaThread::run()+0x221
V  [libjvm.so+0x7c4ac2]  java_start(Thread*)+0xf2


Current CompileTask:
C2: 634171 1239   !         org.codehaus.groovy.antlr.parser.GroovyLexer::nextToken (2631 bytes)


---------------  P R O C E S S  ---------------

Java Threads: ( => current thread )
  0x00007f5aa426b000 JavaThread "Stdin handler" [_thread_blocked, id=16149, stack(0x00007f5ab2a41000,0x00007f5ab2b42000)]
  0x00007f5aa000d800 JavaThread "Daemon worker Thread 3" [_thread_in_native, id=16146, stack(0x00007f5ab2d4b000,0x00007f5ab2e4c000)]
  0x00007f5aa0005800 JavaThread "Cancel handler" [_thread_blocked, id=16145, stack(0x00007f5ab2b49000,0x00007f5ab2c4a000)]
  0x00007f5aa000b000 JavaThread "Handler for socket connection from /127.0.0.1:56742 to /127.0.0.1:40849" [_thread_in_native, id=16144, stack(0x00007f5ab2c4a000,0x00007f5ab2d4b000)]
  0x00007f5aa8029800 JavaThread "Daemon Thread 3" [_thread_blocked, id=16143, stack(0x00007f5ab2e4c000,0x00007f5ab2f4d000)]
  0x0000000001dd2800 JavaThread "File lock request listener" [_thread_in_native, id=15835, stack(0x00007f5ab289c000,0x00007f5ab299d000)]
  0x00007f5ae098f800 JavaThread "Incoming local TCP Connector on port 56742" [_thread_in_native, id=15821, stack(0x00007f5ab2f4d000,0x00007f5ab304e000)]
  0x00007f5ae00ac000 JavaThread "Service Thread" daemon [_thread_blocked, id=15819, stack(0x00007f5ad8eb1000,0x00007f5ad8fb2000)]
  0x00007f5ae00a9800 JavaThread "C2 CompilerThread1" daemon [_thread_blocked, id=15818, stack(0x00007f5ad8fb2000,0x00007f5ad90b3000)]
=>0x00007f5ae00a6800 JavaThread "C2 CompilerThread0" daemon [_thread_in_native, id=15817, stack(0x00007f5ad90b3000,0x00007f5ad91b4000)]
  0x00007f5ae00a4800 JavaThread "Signal Dispatcher" daemon [_thread_blocked, id=15816, stack(0x00007f5ad91b4000,0x00007f5ad92b5000)]
  0x00007f5ae0078000 JavaThread "Finalizer" daemon [_thread_blocked, id=15815, stack(0x00007f5ad9997000,0x00007f5ad9a98000)]
  0x00007f5ae0076000 JavaThread "Reference Handler" daemon [_thread_blocked, id=15814, stack(0x00007f5ad9a98000,0x00007f5ad9b99000)]
  0x00007f5ae000a800 JavaThread "main" [_thread_blocked, id=15810, stack(0x00007f5ae7d92000,0x00007f5ae7e93000)]

Other Threads:
  0x00007f5ae0071800 VMThread [stack: 0x00007f5ad9b99000,0x00007f5ad9c9a000] [id=15813]
  0x00007f5ae00b6800 WatcherThread [stack: 0x00007f5ad8db0000,0x00007f5ad8eb1000] [id=15820]

VM state:not at safepoint (normal execution)

VM Mutex/Monitor currently owned by a thread: None

Heap
 PSYoungGen      total 324096K, used 53084K [0x00000000eaa80000, 0x0000000100000000, 0x0000000100000000)
  eden space 297472K, 17% used [0x00000000eaa80000,0x00000000ede573e8,0x00000000fcd00000)
  from space 26624K, 0% used [0x00000000fe600000,0x00000000fe600000,0x0000000100000000)
  to   space 25600K, 0% used [0x00000000fcd00000,0x00000000fcd00000,0x00000000fe600000)
 ParOldGen       total 62464K, used 46848K [0x00000000c0000000, 0x00000000c3d00000, 0x00000000eaa80000)
  object space 62464K, 75% used [0x00000000c0000000,0x00000000c2dc0320,0x00000000c3d00000)
 PSPermGen       total 94720K, used 48408K [0x00000000b0000000, 0x00000000b5c80000, 0x00000000c0000000)
  object space 94720K, 51% used [0x00000000b0000000,0x00000000b2f46178,0x00000000b5c80000)

Card table byte_map: [0x00007f5ae4758000,0x00007f5ae49d9000] byte_map_base: 0x00007f5ae41d8000

Polling page: 0x00007f5ae7eb3000

Code Cache  [0x00007f5add000000, 0x00007f5add500000, 0x00007f5ae0000000)
 total_blobs=1759 nmethods=1152 adapters=560 free_code_cache=44119Kb largest_free_block=45113984

Compilation events (10 events):
Event: 619.881 Thread 0x00007f5ae00a9800 nmethod 1240 0x00007f5add4a3190 code [0x00007f5add4a32e0, 0x00007f5add4a33c8]
Event: 619.881 Thread 0x00007f5ae00a9800 1241             groovyjarjarantlr.ANTLRStringBuffer::setLength (33 bytes)
Event: 619.882 Thread 0x00007f5ae00a9800 nmethod 1241 0x00007f5add4a2f10 code [0x00007f5add4a3060, 0x00007f5add4a3108]
Event: 619.882 Thread 0x00007f5ae00a9800 1242             groovyjarjarantlr.Parser::match (37 bytes)
Event: 619.886 Thread 0x00007f5ae00a9800 nmethod 1242 0x00007f5add4eea50 code [0x00007f5add4eec00, 0x00007f5add4ef010]
Event: 619.926 Thread 0x00007f5ae00a9800 1243             org.codehaus.groovy.control.ResolveVisitor$ConstructedClassWithPackage::hasPackageName (32 bytes)
Event: 619.929 Thread 0x00007f5ae00a9800 nmethod 1243 0x00007f5add4ee5d0 code [0x00007f5add4ee720, 0x00007f5add4ee8e8]
Event: 620.077 Thread 0x00007f5ae00a9800 1244             org.codehaus.groovy.ast.CompileUnit::getClass (34 bytes)
Event: 620.098 Thread 0x00007f5ae00a9800 nmethod 1244 0x00007f5add4f3690 code [0x00007f5add4f3860, 0x00007f5add4f40b0]
Event: 621.594 Thread 0x00007f5ae00a9800 1245             org.codehaus.groovy.ast.ClassNode$MapOfLists::<init> (5 bytes)

GC Heap History (10 events):
Event: 22.407 GC heap before
{Heap before GC invocations=12 (full 0):
 PSYoungGen      total 167424K, used 28460K [0x00000000eaa80000, 0x00000000fc400000, 0x0000000100000000)
  eden space 152576K, 8% used [0x00000000eaa80000,0x00000000eb7d0660,0x00000000f3f80000)
  from space 14848K, 99% used [0x00000000f3f80000,0x00000000f4dfad88,0x00000000f4e00000)
  to   space 22016K, 0% used [0x00000000fae80000,0x00000000fae80000,0x00000000fc400000)
 ParOldGen       total 62464K, used 34737K [0x00000000c0000000, 0x00000000c3d00000, 0x00000000eaa80000)
  object space 62464K, 55% used [0x00000000c0000000,0x00000000c21ec580,0x00000000c3d00000)
 PSPermGen       total 38912K, used 38858K [0x00000000b0000000, 0x00000000b2600000, 0x00000000c0000000)
  object space 38912K, 99% used [0x00000000b0000000,0x00000000b25f2a78,0x00000000b2600000)
Event: 22.444 GC heap after
Heap after GC invocations=12 (full 0):
 PSYoungGen      total 266240K, used 576K [0x00000000eaa80000, 0x00000000fc400000, 0x0000000100000000)
  eden space 244224K, 0% used [0x00000000eaa80000,0x00000000eaa80000,0x00000000f9900000)
  from space 22016K, 2% used [0x00000000fae80000,0x00000000faf10000,0x00000000fc400000)
  to   space 22016K, 0% used [0x00000000f9900000,0x00000000f9900000,0x00000000fae80000)
 ParOldGen       total 62464K, used 49076K [0x00000000c0000000, 0x00000000c3d00000, 0x00000000eaa80000)
  object space 62464K, 78% used [0x00000000c0000000,0x00000000c2fed388,0x00000000c3d00000)
 PSPermGen       total 38912K, used 38858K [0x00000000b0000000, 0x00000000b2600000, 0x00000000c0000000)
  object space 38912K, 99% used [0x00000000b0000000,0x00000000b25f2a78,0x00000000b2600000)
}
Event: 22.444 GC heap before
{Heap before GC invocations=13 (full 1):
 PSYoungGen      total 266240K, used 576K [0x00000000eaa80000, 0x00000000fc400000, 0x0000000100000000)
  eden space 244224K, 0% used [0x00000000eaa80000,0x00000000eaa80000,0x00000000f9900000)
  from space 22016K, 2% used [0x00000000fae80000,0x00000000faf10000,0x00000000fc400000)
  to   space 22016K, 0% used [0x00000000f9900000,0x00000000f9900000,0x00000000fae80000)
 ParOldGen       total 62464K, used 49076K [0x00000000c0000000, 0x00000000c3d00000, 0x00000000eaa80000)
  object space 62464K, 78% used [0x00000000c0000000,0x00000000c2fed388,0x00000000c3d00000)
 PSPermGen       total 38912K, used 38858K [0x00000000b0000000, 0x00000000b2600000, 0x00000000c0000000)
  object space 38912K, 99% used [0x00000000b0000000,0x00000000b25f2a78,0x00000000b2600000)
Event: 22.774 GC heap after
Heap after GC invocations=13 (full 1):
 PSYoungGen      total 266240K, used 0K [0x00000000eaa80000, 0x00000000fc400000, 0x0000000100000000)
  eden space 244224K, 0% used [0x00000000eaa80000,0x00000000eaa80000,0x00000000f9900000)
  from space 22016K, 0% used [0x00000000fae80000,0x00000000fae80000,0x00000000fc400000)
  to   space 22016K, 0% used [0x00000000f9900000,0x00000000f9900000,0x00000000fae80000)
 ParOldGen       total 62464K, used 33610K [0x00000000c0000000, 0x00000000c3d00000, 0x00000000eaa80000)
  object space 62464K, 53% used [0x00000000c0000000,0x00000000c20d2ab8,0x00000000c3d00000)
 PSPermGen       total 77824K, used 38804K [0x00000000b0000000, 0x00000000b4c00000, 0x00000000c0000000)
  object space 77824K, 49% used [0x00000000b0000000,0x00000000b25e5368,0x00000000b4c00000)
}
Event: 348.997 GC heap before
{Heap before GC invocations=14 (full 1):
 PSYoungGen      total 266240K, used 244224K [0x00000000eaa80000, 0x00000000fc400000, 0x0000000100000000)
  eden space 244224K, 100% used [0x00000000eaa80000,0x00000000f9900000,0x00000000f9900000)
  from space 22016K, 0% used [0x00000000fae80000,0x00000000fae80000,0x00000000fc400000)
  to   space 22016K, 0% used [0x00000000f9900000,0x00000000f9900000,0x00000000fae80000)
 ParOldGen       total 62464K, used 33610K [0x00000000c0000000, 0x00000000c3d00000, 0x00000000eaa80000)
  object space 62464K, 53% used [0x00000000c0000000,0x00000000c20d2ab8,0x00000000c3d00000)
 PSPermGen       total 77824K, used 45545K [0x00000000b0000000, 0x00000000b4c00000, 0x00000000c0000000)
  object space 77824K, 58% used [0x00000000b0000000,0x00000000b2c7a6c0,0x00000000b4c00000)
Event: 349.048 GC heap after
Heap after GC invocations=14 (full 1):
 PSYoungGen      total 266240K, used 21998K [0x00000000eaa80000, 0x0000000100000000, 0x0000000100000000)
  eden space 244224K, 0% used [0x00000000eaa80000,0x00000000eaa80000,0x00000000f9900000)
  from space 22016K, 99% used [0x00000000f9900000,0x00000000fae7bbe0,0x00000000fae80000)
  to   space 26624K, 0% used [0x00000000fe600000,0x00000000fe600000,0x0000000100000000)
 ParOldGen       total 62464K, used 35001K [0x00000000c0000000, 0x00000000c3d00000, 0x00000000eaa80000)
  object space 62464K, 56% used [0x00000000c0000000,0x00000000c222e698,0x00000000c3d00000)
 PSPermGen       total 77824K, used 45545K [0x00000000b0000000, 0x00000000b4c00000, 0x00000000c0000000)
  object space 77824K, 58% used [0x00000000b0000000,0x00000000b2c7a6c0,0x00000000b4c00000)
}
Event: 352.947 GC heap before
{Heap before GC invocations=15 (full 1):
 PSYoungGen      total 266240K, used 102346K [0x00000000eaa80000, 0x0000000100000000, 0x0000000100000000)
  eden space 244224K, 32% used [0x00000000eaa80000,0x00000000ef8f6ef8,0x00000000f9900000)
  from space 22016K, 99% used [0x00000000f9900000,0x00000000fae7bbe0,0x00000000fae80000)
  to   space 26624K, 0% used [0x00000000fe600000,0x00000000fe600000,0x0000000100000000)
 ParOldGen       total 62464K, used 35001K [0x00000000c0000000, 0x00000000c3d00000, 0x00000000eaa80000)
  object space 62464K, 56% used [0x00000000c0000000,0x00000000c222e698,0x00000000c3d00000)
 PSPermGen       total 77824K, used 48358K [0x00000000b0000000, 0x00000000b4c00000, 0x00000000c0000000)
  object space 77824K, 62% used [0x00000000b0000000,0x00000000b2f39aa0,0x00000000b4c00000)
Event: 352.973 GC heap after
Heap after GC invocations=15 (full 1):
 PSYoungGen      total 324096K, used 4601K [0x00000000eaa80000, 0x0000000100000000, 0x0000000100000000)
  eden space 297472K, 0% used [0x00000000eaa80000,0x00000000eaa80000,0x00000000fcd00000)
  from space 26624K, 17% used [0x00000000fe600000,0x00000000fea7e4f0,0x0000000100000000)
  to   space 25600K, 0% used [0x00000000fcd00000,0x00000000fcd00000,0x00000000fe600000)
 ParOldGen       total 62464K, used 48421K [0x00000000c0000000, 0x00000000c3d00000, 0x00000000eaa80000)
  object space 62464K, 77% used [0x00000000c0000000,0x00000000c2f49758,0x00000000c3d00000)
 PSPermGen       total 77824K, used 48358K [0x00000000b0000000, 0x00000000b4c00000, 0x00000000c0000000)
  object space 77824K, 62% used [0x00000000b0000000,0x00000000b2f39aa0,0x00000000b4c00000)
}
Event: 352.973 GC heap before
{Heap before GC invocations=16 (full 2):
 PSYoungGen      total 324096K, used 4601K [0x00000000eaa80000, 0x0000000100000000, 0x0000000100000000)
  eden space 297472K, 0% used [0x00000000eaa80000,0x00000000eaa80000,0x00000000fcd00000)
  from space 26624K, 17% used [0x00000000fe600000,0x00000000fea7e4f0,0x0000000100000000)
  to   space 25600K, 0% used [0x00000000fcd00000,0x00000000fcd00000,0x00000000fe600000)
 ParOldGen       total 62464K, used 48421K [0x00000000c0000000, 0x00000000c3d00000, 0x00000000eaa80000)
  object space 62464K, 77% used [0x00000000c0000000,0x00000000c2f49758,0x00000000c3d00000)
 PSPermGen       total 77824K, used 48358K [0x00000000b0000000, 0x00000000b4c00000, 0x00000000c0000000)
  object space 77824K, 62% used [0x00000000b0000000,0x00000000b2f39aa0,0x00000000b4c00000)
Event: 353.322 GC heap after
Heap after GC invocations=16 (full 2):
 PSYoungGen      total 324096K, used 0K [0x00000000eaa80000, 0x0000000100000000, 0x0000000100000000)
  eden space 297472K, 0% used [0x00000000eaa80000,0x00000000eaa80000,0x00000000fcd00000)
  from space 26624K, 0% used [0x00000000fe600000,0x00000000fe600000,0x0000000100000000)
  to   space 25600K, 0% used [0x00000000fcd00000,0x00000000fcd00000,0x00000000fe600000)
 ParOldGen       total 62464K, used 46848K [0x00000000c0000000, 0x00000000c3d00000, 0x00000000eaa80000)
  object space 62464K, 75% used [0x00000000c0000000,0x00000000c2dc0320,0x00000000c3d00000)
 PSPermGen       total 94720K, used 48317K [0x00000000b0000000, 0x00000000b5c80000, 0x00000000c0000000)
  object space 94720K, 51% used [0x00000000b0000000,0x00000000b2f2f508,0x00000000b5c80000)
}

Deoptimization events (10 events):
Event: 352.561 Thread 0x00007f5aa000e000 Uncommon trap: reason=bimorphic action=maybe_recompile pc=0x00007f5add3c7488 method=java.io.DataOutputStream.writeBytes(Ljava/lang/String;)V @ 22
Event: 352.561 Thread 0x00007f5aa000e000 Uncommon trap: reason=bimorphic action=maybe_recompile pc=0x00007f5add3c7488 method=java.io.DataOutputStream.writeBytes(Ljava/lang/String;)V @ 22
Event: 352.561 Thread 0x00007f5aa000e000 Uncommon trap: reason=bimorphic action=maybe_recompile pc=0x00007f5add3c7488 method=java.io.DataOutputStream.writeBytes(Ljava/lang/String;)V @ 22
Event: 352.561 Thread 0x00007f5aa000e000 Uncommon trap: reason=bimorphic action=maybe_recompile pc=0x00007f5add3c7488 method=java.io.DataOutputStream.writeBytes(Ljava/lang/String;)V @ 22
Event: 352.669 Thread 0x00007f5aa000e000 Uncommon trap: reason=class_check action=maybe_recompile pc=0x00007f5add315304 method=java.util.AbstractList$Itr.hasNext()Z @ 8
Event: 352.669 Thread 0x00007f5aa000e000 Uncommon trap: reason=class_check action=maybe_recompile pc=0x00007f5add361c78 method=java.util.AbstractList$Itr.next()Ljava/lang/Object; @ 14
Event: 352.704 Thread 0x00007f5aa000e000 Uncommon trap: reason=class_check action=maybe_recompile pc=0x00007f5add315304 method=java.util.AbstractList$Itr.hasNext()Z @ 8
Event: 352.704 Thread 0x00007f5aa000e000 Uncommon trap: reason=class_check action=maybe_recompile pc=0x00007f5add361c78 method=java.util.AbstractList$Itr.next()Ljava/lang/Object; @ 14
Event: 352.843 Thread 0x00007f5aa000e000 Uncommon trap: reason=null_check action=make_not_entrant pc=0x00007f5add490b3c method=org.gradle.api.internal.AbstractClassGenerator.generateUnderLock(Ljava/lang/Class;)Ljava/lang/Class; @ 789
Event: 352.944 Thread 0x00007f5aa000e000 Uncommon trap: reason=predicate action=maybe_recompile pc=0x00007f5add4e8ff0 method=java.util.Arrays.fill([Ljava/lang/Object;Ljava/lang/Object;)V @ 10

Internal exceptions (10 events):
Event: 621.606 Thread 0x00007f5aa000d800 Threw 0x00000000edb85d98 at /build/buildd/openjdk-7-7u71-2.5.3/build/openjdk/hotspot/src/share/vm/prims/jvm.cpp:1284
Event: 621.606 Thread 0x00007f5aa000d800 Threw 0x00000000edb9aca0 at /build/buildd/openjdk-7-7u71-2.5.3/build/openjdk/hotspot/src/share/vm/prims/jvm.cpp:1284
Event: 621.606 Thread 0x00007f5aa000d800 Threw 0x00000000edb9c730 at /build/buildd/openjdk-7-7u71-2.5.3/build/openjdk/hotspot/src/share/vm/prims/jvm.cpp:1284
Event: 621.606 Thread 0x00007f5aa000d800 Threw 0x00000000edb9e220 at /build/buildd/openjdk-7-7u71-2.5.3/build/openjdk/hotspot/src/share/vm/prims/jvm.cpp:1284
Event: 621.606 Thread 0x00007f5aa000d800 Threw 0x00000000edb9fd10 at /build/buildd/openjdk-7-7u71-2.5.3/build/openjdk/hotspot/src/share/vm/prims/jvm.cpp:1284
Event: 621.606 Thread 0x00007f5aa000d800 Threw 0x00000000edba1818 at /build/buildd/openjdk-7-7u71-2.5.3/build/openjdk/hotspot/src/share/vm/prims/jvm.cpp:1284
Event: 621.606 Thread 0x00007f5aa000d800 Threw 0x00000000edba3320 at /build/buildd/openjdk-7-7u71-2.5.3/build/openjdk/hotspot/src/share/vm/prims/jvm.cpp:1284
Event: 621.606 Thread 0x00007f5aa000d800 Threw 0x00000000edba3d50 at /build/buildd/openjdk-7-7u71-2.5.3/build/openjdk/hotspot/src/share/vm/prims/jvm.cpp:1284
Event: 621.606 Thread 0x00007f5aa000d800 Threw 0x00000000edba4860 at /build/buildd/openjdk-7-7u71-2.5.3/build/openjdk/hotspot/src/share/vm/prims/jvm.cpp:1284
Event: 621.606 Thread 0x00007f5aa000d800 Threw 0x00000000edba5370 at /build/buildd/openjdk-7-7u71-2.5.3/build/openjdk/hotspot/src/share/vm/prims/jvm.cpp:1284

Events (10 events):
Event: 619.688 Executing VM operation: BulkRevokeBias done
Event: 619.701 Thread 0x00007f5ae00a9800 flushing nmethod 0x00007f5add4a2cd0
Event: 619.816 Executing VM operation: RevokeBias
Event: 619.816 Executing VM operation: RevokeBias done
Event: 619.929 Thread 0x00007f5ae00a9800 flushing nmethod 0x00007f5add20ba50
Event: 619.929 Thread 0x00007f5ae00a9800 flushing nmethod 0x00007f5add20de50
Event: 620.098 Thread 0x00007f5ae00a9800 flushing nmethod 0x00007f5add214d50
Event: 620.101 Thread 0x00007f5ae00a9800 flushing nmethod 0x00007f5add220ed0
Event: 620.102 loading class 0x0000000001a10660
Event: 620.102 loading class 0x0000000001a10660 done


Dynamic libraries:
00400000-00401000 r-xp 00000000 08:01 13246226                           /usr/lib/jvm/java-7-openjdk-amd64/jre/bin/java
00600000-00601000 r--p 00000000 08:01 13246226                           /usr/lib/jvm/java-7-openjdk-amd64/jre/bin/java
00601000-00602000 rw-p 00001000 08:01 13246226                           /usr/lib/jvm/java-7-openjdk-amd64/jre/bin/java
01904000-023bd000 rw-p 00000000 00:00 0                                  [heap]
b0000000-b5c80000 rw-p 00000000 00:00 0 
b5c80000-c0000000 rw-p 00000000 00:00 0 
c0000000-c3d00000 rw-p 00000000 00:00 0 
c3d00000-eaa80000 rw-p 00000000 00:00 0 
eaa80000-100000000 rw-p 00000000 00:00 0 
7f5a77fff000-7f5a98000000 rw-p 00000000 00:00 0 
7f5a98000000-7f5a98021000 rw-p 00000000 00:00 0 
7f5a98021000-7f5a9c000000 ---p 00000000 00:00 0 
7f5aa0000000-7f5aa0021000 rw-p 00000000 00:00 0 
7f5aa0021000-7f5aa4000000 ---p 00000000 00:00 0 
7f5aa4000000-7f5aa450c000 rw-p 00000000 00:00 0 
7f5aa450c000-7f5aa8000000 ---p 00000000 00:00 0 
7f5aa8000000-7f5aa802e000 rw-p 00000000 00:00 0 
7f5aa802e000-7f5aac000000 ---p 00000000 00:00 0 
7f5aac000000-7f5aac021000 rw-p 00000000 00:00 0 
7f5aac021000-7f5ab0000000 ---p 00000000 00:00 0 
7f5ab2298000-7f5ab2299000 rw-p 00000000 00:00 0 
7f5ab2299000-7f5ab229c000 ---p 00000000 00:00 0 
7f5ab229c000-7f5ab239a000 rw-p 00000000 00:00 0 
7f5ab239a000-7f5ab239d000 ---p 00000000 00:00 0 
7f5ab239d000-7f5ab249b000 rw-p 00000000 00:00 0 
7f5ab249b000-7f5ab249e000 ---p 00000000 00:00 0 
7f5ab249e000-7f5ab259c000 rw-p 00000000 00:00 0 
7f5ab259c000-7f5ab259f000 ---p 00000000 00:00 0 
7f5ab259f000-7f5ab269d000 rw-p 00000000 00:00 0 
7f5ab269d000-7f5ab26a0000 ---p 00000000 00:00 0 
7f5ab26a0000-7f5ab279e000 rw-p 00000000 00:00 0 
7f5ab279e000-7f5ab27a0000 r--s 0000d000 08:01 5245444                    /home/pcs20/Desktop/Android/android-studio/gradle/m2repository/commons-codec/commons-codec/1.4/commons-codec-1.4.jar
7f5ab27a0000-7f5ab27a2000 r--s 0000d000 08:01 5245204                    /home/pcs20/Desktop/Android/android-studio/gradle/m2repository/commons-logging/commons-logging/1.1.1/commons-logging-1.1.1.jar
7f5ab27a2000-7f5ab27a7000 r--s 00028000 08:01 5245238                    /home/pcs20/Desktop/Android/android-studio/gradle/m2repository/org/apache/httpcomponents/httpcore/4.1/httpcore-4.1.jar
7f5ab27a7000-7f5ab27a9000 r--s 00004000 08:01 5245303                    /home/pcs20/Desktop/Android/android-studio/gradle/m2repository/org/ow2/asm/asm-tree/4.0/asm-tree-4.0.jar
7f5ab27a9000-7f5ab27b2000 r--s 000a7000 08:01 5245357                    /home/pcs20/Desktop/Android/android-studio/gradle/m2repository/com/android/tools/external/lombok/lombok-ast/0.2.2/lombok-ast-0.2.2.jar
7f5ab27b2000-7f5ab27b4000 r--s 0000a000 08:01 5245300                    /home/pcs20/Desktop/Android/android-studio/gradle/m2repository/org/ow2/asm/asm/4.0/asm-4.0.jar
7f5ab27b4000-7f5ab27b5000 r--s 0000a000 08:01 5245440                    /home/pcs20/Desktop/Android/android-studio/gradle/m2repository/net/sf/kxml/kxml2/2.3.0/kxml2-2.3.0.jar
7f5ab27b5000-7f5ab27e0000 r--s 001f9000 08:01 5245328                    /home/pcs20/Desktop/Android/android-studio/gradle/m2repository/com/google/guava/guava/17.0/guava-17.0.jar
7f5ab27e0000-7f5ab27e7000 r--s 00053000 08:01 5245255                    /home/pcs20/Desktop/Android/android-studio/gradle/m2repository/org/apache/commons/commons-compress/1.8.1/commons-compress-1.8.1.jar
7f5ab27e7000-7f5ab27ea000 r--s 00011000 08:01 5245362                    /home/pcs20/Desktop/Android/android-studio/gradle/m2repository/com/android/tools/layoutlib/layoutlib-api/24.0.0/layoutlib-api-24.0.0.jar
7f5ab27ea000-7f5ab27ec000 r--s 00005000 08:01 5245231                    /home/pcs20/Desktop/Android/android-studio/gradle/m2repository/org/apache/httpcomponents/httpmime/4.1/httpmime-4.1.jar
7f5ab27ec000-7f5ab27f4000 r--s 0004e000 08:01 5245247                    /home/pcs20/Desktop/Android/android-studio/gradle/m2repository/org/apache/httpcomponents/httpclient/4.1.1/httpclient-4.1.1.jar
7f5ab27f4000-7f5ab27f5000 r--s 00005000 08:01 5245373                    /home/pcs20/Desktop/Android/android-studio/gradle/m2repository/com/android/tools/dvlib/24.0.0/dvlib-24.0.0.jar
7f5ab27f5000-7f5ab27f6000 r--s 00004000 08:01 5245292                    /home/pcs20/Desktop/Android/android-studio/gradle/m2repository/org/ow2/asm/asm-analysis/4.0/asm-analysis-4.0.jar
7f5ab27f6000-7f5ab27f9000 r--s 00029000 08:01 5245349                    /home/pcs20/Desktop/Android/android-studio/gradle/m2repository/com/android/tools/lint/lint-api/24.0.0/lint-api-24.0.0.jar
7f5ab27f9000-7f5ab2809000 r--s 000d3000 08:01 5245422                    /home/pcs20/Desktop/Android/android-studio/gradle/m2repository/net/sf/proguard/proguard-base/5.1/proguard-base-5.1.jar
7f5ab2809000-7f5ab2817000 r--s 00081000 08:01 5245273                    /home/pcs20/Desktop/Android/android-studio/gradle/m2repository/org/bouncycastle/bcpkix-jdk15on/1.48/bcpkix-jdk15on-1.48.jar
7f5ab2817000-7f5ab2819000 r--s 00003000 08:01 5245393                    /home/pcs20/Desktop/Android/android-studio/gradle/m2repository/com/android/tools/build/builder-model/1.0.0/builder-model-1.0.0.jar
7f5ab2819000-7f5ab281c000 r--s 00029000 08:01 5245410                    /home/pcs20/Desktop/Android/android-studio/gradle/m2repository/com/android/tools/build/manifest-merger/24.0.0/manifest-merger-24.0.0.jar
7f5ab281c000-7f5ab2821000 r--s 00042000 08:01 5245383                    /home/pcs20/Desktop/Android/android-studio/gradle/m2repository/com/android/tools/ddms/ddmlib/24.0.0/ddmlib-24.0.0.jar
7f5ab2821000-7f5ab2822000 r--s 00000000 08:01 5245400                    /home/pcs20/Desktop/Android/android-studio/gradle/m2repository/com/android/tools/build/builder-test-api/1.0.0/builder-test-api-1.0.0.jar
7f5ab2822000-7f5ab2824000 r--s 00002000 08:01 5245318                    /home/pcs20/Desktop/Android/android-studio/gradle/m2repository/com/squareup/javawriter/2.5.0/javawriter-2.5.0.jar
7f5ab2824000-7f5ab2826000 r--s 00014000 08:01 5245376                    /home/pcs20/Desktop/Android/android-studio/gradle/m2repository/com/android/tools/common/24.0.0/common-24.0.0.jar
7f5ab2826000-7f5ab2830000 r--s 000a8000 08:01 5245413                    /home/pcs20/Desktop/Android/android-studio/gradle/m2repository/com/android/tools/sdklib/24.0.0/sdklib-24.0.0.jar
7f5ab2830000-7f5ab2863000 r--s 00203000 08:01 5245279                    /home/pcs20/Desktop/Android/android-studio/gradle/m2repository/org/bouncycastle/bcprov-jdk15on/1.48/bcprov-jdk15on-1.48.jar
7f5ab2863000-7f5ab2868000 r--s 00047000 08:01 5245366                    /home/pcs20/Desktop/Android/android-studio/gradle/m2repository/com/android/tools/sdk-common/24.0.0/sdk-common-24.0.0.jar
7f5ab2868000-7f5ab286d000 r--s 0008c000 08:01 5245344                    /home/pcs20/Desktop/Android/android-studio/gradle/m2repository/com/android/tools/lint/lint-checks/24.0.0/lint-checks-24.0.0.jar
7f5ab286d000-7f5ab287c000 r--s 001a9000 08:01 5245217                    /home/pcs20/Desktop/Android/android-studio/gradle/m2repository/org/eclipse/jdt/core/compiler/ecj/4.2.2/ecj-4.2.2.jar
7f5ab287c000-7f5ab287d000 r--s 00002000 08:01 5245427                    /home/pcs20/Desktop/Android/android-studio/gradle/m2repository/net/sf/proguard/proguard-gradle/5.1/proguard-gradle-5.1.jar
7f5ab287d000-7f5ab2881000 r--s 00031000 08:01 5245390                    /home/pcs20/Desktop/Android/android-studio/gradle/m2repository/com/android/tools/build/builder/1.0.0/builder-1.0.0.jar
7f5ab2881000-7f5ab2883000 r--s 00018000 08:01 5245339                    /home/pcs20/Desktop/Android/android-studio/gradle/m2repository/com/android/tools/lint/lint/24.0.0/lint-24.0.0.jar
7f5ab2883000-7f5ab2893000 r--s 00138000 08:01 5245405                    /home/pcs20/Desktop/Android/android-studio/gradle/m2repository/com/android/tools/build/gradle/1.0.0/gradle-1.0.0.jar
7f5ab2893000-7f5ab289c000 r--s 000b9000 08:01 13246115                   /usr/lib/jvm/java-7-openjdk-amd64/jre/lib/resources.jar
7f5ab289c000-7f5ab289f000 ---p 00000000 00:00 0 
7f5ab289f000-7f5ab299d000 rw-p 00000000 00:00 0                          [stack:15835]
7f5ab299d000-7f5ab29a0000 ---p 00000000 00:00 0 
7f5ab29a0000-7f5ab29d6000 rw-p 00000000 00:00 0 
7f5ab29d6000-7f5ab29d7000 r--p 00000000 00:00 0 
7f5ab29d7000-7f5ab2a41000 r--s 0069e000 08:01 13246376                   /usr/lib/jvm/java-7-openjdk-amd64/lib/tools.jar
7f5ab2a41000-7f5ab2a44000 ---p 00000000 00:00 0 
7f5ab2a44000-7f5ab2b42000 rw-p 00000000 00:00 0                          [stack:16149]
7f5ab2b42000-7f5ab2b49000 r--s 00000000 08:01 13507037                   /usr/lib/x86_64-linux-gnu/gconv/gconv-modules.cache
7f5ab2b49000-7f5ab2b4c000 ---p 00000000 00:00 0 
7f5ab2b4c000-7f5ab2c4a000 rw-p 00000000 00:00 0                          [stack:16145]
7f5ab2c4a000-7f5ab2c4d000 ---p 00000000 00:00 0 
7f5ab2c4d000-7f5ab2d4b000 rw-p 00000000 00:00 0                          [stack:16144]
7f5ab2d4b000-7f5ab2d4e000 ---p 00000000 00:00 0 
7f5ab2d4e000-7f5ab2e4c000 rw-p 00000000 00:00 0                          [stack:16146]
7f5ab2e4c000-7f5ab2e4f000 ---p 00000000 00:00 0 
7f5ab2e4f000-7f5ab2f4d000 rw-p 00000000 00:00 0                          [stack:16143]
7f5ab2f4d000-7f5ab2f50000 ---p 00000000 00:00 0 
7f5ab2f50000-7f5ab304e000 rw-p 00000000 00:00 0                          [stack:15821]
7f5ab304e000-7f5ab3052000 r-xp 00000000 08:01 1574841                    /tmp/native-platform1183581523379367587dir/libnative-platform.so
7f5ab3052000-7f5ab3251000 ---p 00004000 08:01 1574841                    /tmp/native-platform1183581523379367587dir/libnative-platform.so
7f5ab3251000-7f5ab3252000 rw-p 00003000 08:01 1574841                    /tmp/native-platform1183581523379367587dir/libnative-platform.so
7f5ab3252000-7f5ab3257000 r--s 0004c000 08:01 13246172                   /usr/lib/jvm/java-7-openjdk-amd64/jre/lib/jsse.jar
7f5ab3257000-7f5ab3258000 r--s 00001000 08:01 9703663                    /home/pcs20/.gradle/wrapper/dists/gradle-2.2.1-all/c64ydeuardnfqctvr1gm30w53/gradle-2.2.1/lib/plugins/gradle-plugin-development-2.2.1.jar
7f5ab3258000-7f5ab325a000 r--s 00002000 08:01 9703662                    /home/pcs20/.gradle/wrapper/dists/gradle-2.2.1-all/c64ydeuardnfqctvr1gm30w53/gradle-2.2.1/lib/plugins/gradle-cunit-2.2.1.jar
7f5ab325a000-7f5ab325f000 r--s 00036000 08:01 9703661                    /home/pcs20/.gradle/wrapper/dists/gradle-2.2.1-all/c64ydeuardnfqctvr1gm30w53/gradle-2.2.1/lib/plugins/gradle-ide-native-2.2.1.jar
7f5ab325f000-7f5ab3264000 r--s 00013000 08:01 9703660                    /home/pcs20/.gradle/wrapper/dists/gradle-2.2.1-all/c64ydeuardnfqctvr1gm30w53/gradle-2.2.1/lib/plugins/gradle-language-native-2.2.1.jar
7f5ab3264000-7f5ab326f000 r--s 0004d000 08:01 9703659                    /home/pcs20/.gradle/wrapper/dists/gradle-2.2.1-all/c64ydeuardnfqctvr1gm30w53/gradle-2.2.1/lib/plugins/gradle-platform-native-2.2.1.jar
7f5ab326f000-7f5ab3271000 r--s 00008000 08:01 9703658                    /home/pcs20/.gradle/wrapper/dists/gradle-2.2.1-all/c64ydeuardnfqctvr1gm30w53/gradle-2.2.1/lib/plugins/gradle-language-groovy-2.2.1.jar
7f5ab3271000-7f5ab3276000 r--s 00022000 08:01 9703657                    /home/pcs20/.gradle/wrapper/dists/gradle-2.2.1-all/c64ydeuardnfqctvr1gm30w53/gradle-2.2.1/lib/plugins/gradle-language-java-2.2.1.jar
7f5ab3276000-7f5ab3279000 r--s 00007000 08:01 9703656                    /home/pcs20/.gradle/wrapper/dists/gradle-2.2.1-all/c64ydeuardnfqctvr1gm30w53/gradle-2.2.1/lib/plugins/gradle-language-jvm-2.2.1.jar
7f5ab3279000-7f5ab327c000 r--s 00009000 08:01 9703655                    /home/pcs20/.gradle/wrapper/dists/gradle-2.2.1-all/c64ydeuardnfqctvr1gm30w53/gradle-2.2.1/lib/plugins/gradle-platform-jvm-2.2.1.jar
7f5ab327c000-7f5ab3281000 r--s 00018000 08:01 9703654                    /home/pcs20/.gradle/wrapper/dists/gradle-2.2.1-all/c64ydeuardnfqctvr1gm30w53/gradle-2.2.1/lib/plugins/gradle-platform-base-2.2.1.jar
7f5ab3281000-7f5ab3286000 r--s 00026000 08:01 9703653                    /home/pcs20/.gradle/wrapper/dists/gradle-2.2.1-all/c64ydeuardnfqctvr1gm30w53/gradle-2.2.1/lib/plugins/gradle-build-init-2.2.1.jar
7f5ab3286000-7f5ab3289000 r--s 0001d000 08:01 9703652                    /home/pcs20/.gradle/wrapper/dists/gradle-2.2.1-all/c64ydeuardnfqctvr1gm30w53/gradle-2.2.1/lib/plugins/gradle-jacoco-2.2.1.jar
7f5ab3289000-7f5ab328c000 r--s 0000d000 08:01 9703651                    /home/pcs20/.gradle/wrapper/dists/gradle-2.2.1-all/c64ydeuardnfqctvr1gm30w53/gradle-2.2.1/lib/plugins/gradle-ivy-2.2.1.jar
7f5ab328c000-7f5ab328e000 r--s 00002000 08:01 9703650                    /home/pcs20/.gradle/wrapper/dists/gradle-2.2.1-all/c64ydeuardnfqctvr1gm30w53/gradle-2.2.1/lib/plugins/gradle-publish-2.2.1.jar
7f5ab328e000-7f5ab3290000 r--s 00005000 08:01 9703688                    /home/pcs20/.gradle/wrapper/dists/gradle-2.2.1-all/c64ydeuardnfqctvr1gm30w53/gradle-2.2.1/lib/plugins/jatl-0.2.2.jar
7f5ab3290000-7f5ab3292000 r--s 0000f000 08:01 9703649                    /home/pcs20/.gradle/wrapper/dists/gradle-2.2.1-all/c64ydeuardnfqctvr1gm30w53/gradle-2.2.1/lib/plugins/gradle-reporting-2.2.1.jar
7f5ab3292000-7f5ab3297000 r--s 00034000 08:01 9703648                    /home/pcs20/.gradle/wrapper/dists/gradle-2.2.1-all/c64ydeuardnfqctvr1gm30w53/gradle-2.2.1/lib/plugins/gradle-diagnostics-2.2.1.jar
7f5ab3297000-7f5ab329e000 r--s 00090000 08:01 9703647                    /home/pcs20/.gradle/wrapper/dists/gradle-2.2.1-all/c64ydeuardnfqctvr1gm30w53/gradle-2.2.1/lib/plugins/gradle-build-comparison-2.2.1.jar
7f5ab329e000-7f5ab32a5000 r--s 00035000 08:01 9703687                    /home/pcs20/.gradle/wrapper/dists/gradle-2.2.1-all/c64ydeuardnfqctvr1gm30w53/gradle-2.2.1/lib/plugins/simple-4.1.21.jar
7f5ab32a5000-7f5ab32b1000 r--s 00100000 08:01 9703685                    /home/pcs20/.gradle/wrapper/dists/gradle-2.2.1-all/c64ydeuardnfqctvr1gm30w53/gradle-2.2.1/lib/plugins/rhino-1.7R3.jar
7f5ab32b1000-7f5ab32b6000 r--s 0001f000 08:01 9703646                    /home/pcs20/.gradle/wrapper/dists/gradle-2.2.1-all/c64ydeuardnfqctvr1gm30w53/gradle-2.2.1/lib/plugins/gradle-javascript-2.2.1.jar
7f5ab32b6000-7f5ab32b8000 r--s 0000e000 08:01 9703645                    /home/pcs20/.gradle/wrapper/dists/gradle-2.2.1-all/c64ydeuardnfqctvr1gm30w53/gradle-2.2.1/lib/plugins/gradle-ear-2.2.1.jar
7f5ab32b8000-7f5ab32bc000 r--s 00025000 08:01 9703684                    /home/pcs20/.gradle/wrapper/dists/gradle-2.2.1-all/c64ydeuardnfqctvr1gm30w53/gradle-2.2.1/lib/plugins/bcpg-jdk15-1.46.jar
7f5ab32bc000-7f5ab32bf000 r--s 0001d000 08:01 9703644                    /home/pcs20/.gradle/wrapper/dists/gradle-2.2.1-all/c64ydeuardnfqctvr1gm30w53/gradle-2.2.1/lib/plugins/gradle-signing-2.2.1.jar
7f5ab32bf000-7f5ab32c0000 r--s 00002000 08:01 9703683                    /home/pcs20/.gradle/wrapper/dists/gradle-2.2.1-all/c64ydeuardnfqctvr1gm30w53/gradle-2.2.1/lib/plugins/sonar-batch-bootstrapper-2.9.jar
7f5ab32c0000-7f5ab32c3000 r--s 00018000 08:01 9703643                    /home/pcs20/.gradle/wrapper/dists/gradle-2.2.1-all/c64ydeuardnfqctvr1gm30w53/gradle-2.2.1/lib/plugins/gradle-sonar-2.2.1.jar
7f5ab32c3000-7f5ab32c6000 r--s 00017000 08:01 9703642                    /home/pcs20/.gradle/wrapper/dists/gradle-2.2.1-all/c64ydeuardnfqctvr1gm30w53/gradle-2.2.1/lib/plugins/gradle-scala-2.2.1.jar
7f5ab32c6000-7f5ab32c8000 r--s 0000e000 08:01 9703641                    /home/pcs20/.gradle/wrapper/dists/gradle-2.2.1-all/c64ydeuardnfqctvr1gm30w53/gradle-2.2.1/lib/plugins/gradle-announce-2.2.1.jar
7f5ab32c8000-7f5ab32d6000 r--s 000bc000 08:01 9703640                    /home/pcs20/.gradle/wrapper/dists/gradle-2.2.1-all/c64ydeuardnfqctvr1gm30w53/gradle-2.2.1/lib/plugins/gradle-ide-2.2.1.jar
7f5ab32d6000-7f5ab32d8000 r--s 00000000 08:01 9703682                    /home/pcs20/.gradle/wrapper/dists/gradle-2.2.1-all/c64ydeuardnfqctvr1gm30w53/gradle-2.2.1/lib/plugins/plexus-component-annotations-1.5.2.jar
7f5ab32d8000-7f5ab32db000 r--s 0000c000 08:01 9703681                    /home/pcs20/.gradle/wrapper/dists/gradle-2.2.1-all/c64ydeuardnfqctvr1gm30w53/gradle-2.2.1/lib/plugins/pmaven-groovy-0.8-20100325.jar
7f5ab32db000-7f5ab32dc000 r--s 00004000 08:01 9703680                    /home/pcs20/.gradle/wrapper/dists/gradle-2.2.1-all/c64ydeuardnfqctvr1gm30w53/gradle-2.2.1/lib/plugins/pmaven-common-0.8-20100325.jar
7f5ab32dc000-7f5ab32e0000 r--s 0001e000 08:01 9703639                    /home/pcs20/.gradle/wrapper/dists/gradle-2.2.1-all/c64ydeuardnfqctvr1gm30w53/gradle-2.2.1/lib/plugins/gradle-maven-2.2.1.jar
7f5ab32e0000-7f5ab32f8000 r--s 0013b000 08:01 9703678                    /home/pcs20/.gradle/wrapper/dists/gradle-2.2.1-all/c64ydeuardnfqctvr1gm30w53/gradle-2.2.1/lib/plugins/bndlib-2.1.0.jar
7f5ab32f8000-7f5ab32fa000 r--s 00004000 08:01 9703638                    /home/pcs20/.gradle/wrapper/dists/gradle-2.2.1-all/c64ydeuardnfqctvr1gm30w53/gradle-2.2.1/lib/plugins/gradle-osgi-2.2.1.jar
7f5ab32fa000-7f5ab32ff000 r--s 00068000 08:01 9703677                    /home/pcs20/.gradle/wrapper/dists/gradle-2.2.1-all/c64ydeuardnfqctvr1gm30w53/gradle-2.2.1/lib/plugins/antlr-2.7.7.jar
7f5ab32ff000-7f5ab3300000 r--s 00002000 08:01 9703676                    /home/pcs20/.gradle/wrapper/dists/gradle-2.2.1-all/c64ydeuardnfqctvr1gm30w53/gradle-2.2.1/lib/plugins/ant-antlr-1.9.3.jar
7f5ab3300000-7f5ab3302000 r--s 00004000 08:01 9703637                    /home/pcs20/.gradle/wrapper/dists/gradle-2.2.1-all/c64ydeuardnfqctvr1gm30w53/gradle-2.2.1/lib/plugins/gradle-antlr-2.2.1.jar
7f5ab3302000-7f5ab3305000 r--s 0001e000 08:01 9703699                    /home/pcs20/.gradle/wrapper/dists/gradle-2.2.1-all/c64ydeuardnfqctvr1gm30w53/gradle-2.2.1/lib/plugins/jsp-api-2.1-6.1.14.jar
7f5ab3305000-7f5ab3328000 r--s 00344000 08:01 9703698                    /home/pcs20/.gradle/wrapper/dists/gradle-2.2.1-all/c64ydeuardnfqctvr1gm30w53/gradle-2.2.1/lib/plugins/core-3.1.1.jar
7f5ab3328000-7f5ab3329000 r--s 00006000 08:01 9703697                    /home/pcs20/.gradle/wrapper/dists/gradle-2.2.1-all/c64ydeuardnfqctvr1gm30w53/gradle-2.2.1/lib/plugins/jetty-naming-6.1.25.jar
7f5ab3329000-7f5ab332a000 r--s 00002000 08:01 9703675                    /home/pcs20/.gradle/wrapper/dists/gradle-2.2.1-all/c64ydeuardnfqctvr1gm30w53/gradle-2.2.1/lib/plugins/geronimo-annotation_1.0_spec-1.0.jar
7f5ab332a000-7f5ab332c000 r--s 00002000 08:01 9703674                    /home/pcs20/.gradle/wrapper/dists/gradle-2.2.1-all/c64ydeuardnfqctvr1gm30w53/gradle-2.2.1/lib/plugins/jetty-annotations-6.1.25.jar
7f5ab332c000-7f5ab333d000 r--s 000ea000 08:01 9703673                    /home/pcs20/.gradle/wrapper/dists/gradle-2.2.1-all/c64ydeuardnfqctvr1gm30w53/gradle-2.2.1/lib/plugins/jsp-2.1-6.1.14.jar
7f5ab333d000-7f5ab333f000 r--s 0000d000 08:01 9703672                    /home/pcs20/.gradle/wrapper/dists/gradle-2.2.1-all/c64ydeuardnfqctvr1gm30w53/gradle-2.2.1/lib/plugins/jetty-plus-6.1.25.jar
7f5ab333f000-7f5ab3341000 r--s 0001f000 08:01 9703671                    /home/pcs20/.gradle/wrapper/dists/gradle-2.2.1-all/c64ydeuardnfqctvr1gm30w53/gradle-2.2.1/lib/plugins/servlet-api-2.5-20081211.jar
7f5ab3341000-7f5ab3345000 r--s 00028000 08:01 9703670                    /home/pcs20/.gradle/wrapper/dists/gradle-2.2.1-all/c64ydeuardnfqctvr1gm30w53/gradle-2.2.1/lib/plugins/jetty-util-6.1.25.jar
7f5ab3345000-7f5ab334c000 r--s 0007d000 08:01 9703669                    /home/pcs20/.gradle/wrapper/dists/gradle-2.2.1-all/c64ydeuardnfqctvr1gm30w53/gradle-2.2.1/lib/plugins/jetty-6.1.25.jar
7f5ab334c000-7f5ab334e000 r--s 00009000 08:01 9703636                    /home/pcs20/.gradle/wrapper/dists/gradle-2.2.1-all/c64ydeuardnfqctvr1gm30w53/gradle-2.2.1/lib/plugins/gradle-jetty-2.2.1.jar
7f5ab334e000-7f5ab3353000 r--s 00041000 08:01 9703635                    /home/pcs20/.gradle/wrapper/dists/gradle-2.2.1-all/c64ydeuardnfqctvr1gm30w53/gradle-2.2.1/lib/plugins/gradle-code-quality-2.2.1.jar
7f5ab3353000-7f5ab3355000 r--s 00009000 08:01 9703707                    /home/pcs20/.gradle/wrapper/dists/gradle-2.2.1-all/c64ydeuardnfqctvr1gm30w53/gradle-2.2.1/lib/plugins/hamcrest-core-1.3.jar
7f5ab3355000-7f5ab335b000 r--s 00033000 08:01 9703696                    /home/pcs20/.gradle/wrapper/dists/gradle-2.2.1-all/c64ydeuardnfqctvr1gm30w53/gradle-2.2.1/lib/plugins/snakeyaml-1.6.jar
7f5ab335b000-7f5ab335d000 r--s 00006000 08:01 9703695                    /home/pcs20/.gradle/wrapper/dists/gradle-2.2.1-all/c64ydeuardnfqctvr1gm30w53/gradle-2.2.1/lib/plugins/jcommander-1.12.jar
7f5ab335d000-7f5ab3366000 r--s 00089000 08:01 9703667                    /home/pcs20/.gradle/wrapper/dists/gradle-2.2.1-all/c64ydeuardnfqctvr1gm30w53/gradle-2.2.1/lib/plugins/testng-6.3.1.jar
7f5ab3366000-7f5ab3376000 r-xp 00000000 08:01 13246147                   /usr/lib/jvm/java-7-openjdk-amd64/jre/lib/amd64/libnio.so
7f5ab3376000-7f5ab3576000 ---p 00010000 08:01 13246147                   /usr/lib/jvm/java-7-openjdk-amd64/jre/lib/amd64/libnio.so
7f5ab3576000-7f5ab3577000 r--p 00010000 08:01 13246147                   /usr/lib/jvm/java-7-openjdk-amd64/jre/lib/amd64/libnio.so
7f5ab3577000-7f5ab3578000 rw-p 00011000 08:01 13246147                   /usr/lib/jvm/java-7-openjdk-amd64/jre/lib/amd64/libnio.so
7f5ab3578000-7f5ab35b5000 r-xp 00000000 08:01 6819835                    /lib/x86_64-linux-gnu/libpcre.so.3.13.1
7f5ab35b5000-7f5ab37b4000 ---p 0003d000 08:01 6819835                    /lib/x86_64-linux-gnu/libpcre.so.3.13.1
7f5ab37b4000-7f5ab37b5000 r--p 0003c000 08:01 6819835                    /lib/x86_64-linux-gnu/libpcre.so.3.13.1
7f5ab37b5000-7f5ab37b6000 rw-p 0003d000 08:01 6819835                    /lib/x86_64-linux-gnu/libpcre.so.3.13.1
7f5ab37b6000-7f5ab37bd000 r-xp 00000000 08:01 13115304                   /usr/lib/x86_64-linux-gnu/libffi.so.6.0.1
7f5ab37bd000-7f5ab39bc000 ---p 00007000 08:01 13115304                   /usr/lib/x86_64-linux-gnu/libffi.so.6.0.1
7f5ab39bc000-7f5ab39bd000 r--p 00006000 08:01 13115304                   /usr/lib/x86_64-linux-gnu/libffi.so.6.0.1
7f5ab39bd000-7f5ab39be000 rw-p 00007000 08:01 13115304                   /usr/lib/x86_64-linux-gnu/libffi.so.6.0.1
7f5ab39be000-7f5ab39d5000 r-xp 00000000 08:01 6820737                    /lib/x86_64-linux-gnu/libresolv-2.19.so
7f5ab39d5000-7f5ab3bd5000 ---p 00017000 08:01 6820737                    /lib/x86_64-linux-gnu/libresolv-2.19.so
7f5ab3bd5000-7f5ab3bd6000 r--p 00017000 08:01 6820737                    /lib/x86_64-linux-gnu/libresolv-2.19.so
7f5ab3bd6000-7f5ab3bd7000 rw-p 00018000 08:01 6820737                    /lib/x86_64-linux-gnu/libresolv-2.19.so
7f5ab3bd7000-7f5ab3bd9000 rw-p 00000000 00:00 0 
7f5ab3bd9000-7f5ab3bf9000 r-xp 00000000 08:01 6819862                    /lib/x86_64-linux-gnu/libselinux.so.1
7f5ab3bf9000-7f5ab3df8000 ---p 00020000 08:01 6819862                    /lib/x86_64-linux-gnu/libselinux.so.1
7f5ab3df8000-7f5ab3df9000 r--p 0001f000 08:01 6819862                    /lib/x86_64-linux-gnu/libselinux.so.1
7f5ab3df9000-7f5ab3dfa000 rw-p 00020000 08:01 6819862                    /lib/x86_64-linux-gnu/libselinux.so.1
7f5ab3dfa000-7f5ab3dfc000 rw-p 00000000 00:00 0 
7f5ab3dfc000-7f5ab3dff000 r-xp 00000000 08:01 13107564                   /usr/lib/x86_64-linux-gnu/libgmodule-2.0.so.0.4002.0
7f5ab3dff000-7f5ab3ffe000 ---p 00003000 08:01 13107564                   /usr/lib/x86_64-linux-gnu/libgmodule-2.0.so.0.4002.0
7f5ab3ffe000-7f5ab3fff000 r--p 00002000 08:01 13107564                   /usr/lib/x86_64-linux-gnu/libgmodule-2.0.so.0.4002.0
7f5ab3fff000-7f5ab4000000 rw-p 00003000 08:01 13107564                   /usr/lib/x86_64-linux-gnu/libgmodule-2.0.so.0.4002.0
7f5ab4000000-7f5ab58e9000 rw-p 00000000 00:00 0 
7f5ab58e9000-7f5ab8000000 ---p 00000000 00:00 0 
7f5ab8000000-7f5ab8021000 rw-p 00000000 00:00 0 
7f5ab8021000-7f5abc000000 ---p 00000000 00:00 0 
7f5abc000000-7f5abc021000 rw-p 00000000 00:00 0 
7f5abc021000-7f5ac0000000 ---p 00000000 00:00 0 
7f5ac0000000-7f5ac1709000 rw-p 00000000 00:00 0 
7f5ac1709000-7f5ac4000000 ---p 00000000 00:00 0 
7f5ac4000000-7f5ac4021000 rw-p 00000000 00:00 0 
7f5ac4021000-7f5ac8000000 ---p 00000000 00:00 0 
7f5ac8000000-7f5ac8021000 rw-p 00000000 00:00 0 
7f5ac8021000-7f5acc000000 ---p 00000000 00:00 0 
7f5acc000000-7f5acc040000 rw-p 00000000 00:00 0 
7f5acc040000-7f5ad0000000 ---p 00000000 00:00 0 
7f5ad0000000-7f5ad00a1000 rw-p 00000000 00:00 0 
7f5ad00a1000-7f5ad4000000 ---p 00000000 00:00 0 
7f5ad4000000-7f5ad404b000 rw-p 00000000 00:00 0 
7f5ad404b000-7f5ad8000000 ---p 00000000 00:00 0 
7f5ad8000000-7f5ad8005000 r--s 00040000 08:01 9703694                    /home/pcs20/.gradle/wrapper/dists/gradle-2.2.1-all/c64ydeuardnfqctvr1gm30w53/gradle-2.2.1/lib/plugins/bsh-2.0b4.jar
7f5ad8005000-7f5ad8007000 r--s 00009000 08:01 9703668                    /home/pcs20/.gradle/wrapper/dists/gradle-2.2.1-all/c64ydeuardnfqctvr1gm30w53/gradle-2.2.1/lib/plugins/commons-cli-1.2.jar
7f5ad8007000-7f5ad800d000 r--s 00036000 08:01 9703666                    /home/pcs20/.gradle/wrapper/dists/gradle-2.2.1-all/c64ydeuardnfqctvr1gm30w53/gradle-2.2.1/lib/plugins/junit-4.11.jar
7f5ad800d000-7f5ad8019000 r--s 00075000 08:01 9703634                    /home/pcs20/.gradle/wrapper/dists/gradle-2.2.1-all/c64ydeuardnfqctvr1gm30w53/gradle-2.2.1/lib/plugins/gradle-plugins-2.2.1.jar
7f5ad8019000-7f5ad801c000 r--s 00011000 08:01 9703664                    /home/pcs20/.gradle/wrapper/dists/gradle-2.2.1-all/c64ydeuardnfqctvr1gm30w53/gradle-2.2.1/lib/plugins/gradle-plugin-use-2.2.1.jar
7f5ad801c000-7f5ad8034000 r--s 00115000 08:01 9703705                    /home/pcs20/.gradle/wrapper/dists/gradle-2.2.1-all/c64ydeuardnfqctvr1gm30w53/gradle-2.2.1/lib/plugins/xercesImpl-2.9.1.jar
7f5ad8034000-7f5ad803c000 r--s 00028000 08:01 9703706                    /home/pcs20/.gradle/wrapper/dists/gradle-2.2.1-all/c64ydeuardnfqctvr1gm30w53/gradle-2.2.1/lib/plugins/xml-apis-1.3.04.jar
7f5ad803c000-7f5ad8042000 r--s 0005b000 08:01 9703704                    /home/pcs20/.gradle/wrapper/dists/gradle-2.2.1-all/c64ydeuardnfqctvr1gm30w53/gradle-2.2.1/lib/plugins/jcifs-1.3.17.jar
7f5ad8042000-7f5ad8048000 r--s 00031000 08:01 9703703                    /home/pcs20/.gradle/wrapper/dists/gradle-2.2.1-all/c64ydeuardnfqctvr1gm30w53/gradle-2.2.1/lib/plugins/httpcore-4.2.2.jar
7f5ad8048000-7f5ad804e000 r--s 00033000 08:01 9703702                    /home/pcs20/.gradle/wrapper/dists/gradle-2.2.1-all/c64ydeuardnfqctvr1gm30w53/gradle-2.2.1/lib/plugins/commons-codec-1.6.jar
7f5ad804e000-7f5ad8051000 r--s 0001c000 08:01 9703701                    /home/pcs20/.gradle/wrapper/dists/gradle-2.2.1-all/c64ydeuardnfqctvr1gm30w53/gradle-2.2.1/lib/plugins/nekohtml-1.9.14.jar
7f5ad8051000-7f5ad805a000 r--s 00060000 08:01 9703700                    /home/pcs20/.gradle/wrapper/dists/gradle-2.2.1-all/c64ydeuardnfqctvr1gm30w53/gradle-2.2.1/lib/plugins/httpclient-4.2.2.jar
7f5ad805a000-7f5ad805c000 r--s 00007000 08:01 9703689                    /home/pcs20/.gradle/wrapper/dists/gradle-2.2.1-all/c64ydeuardnfqctvr1gm30w53/gradle-2.2.1/lib/plugins/gradle-resources-http-2.2.1.jar
7f5ad805c000-7f5ad8084000 r--s 00194000 08:01 9703693                    /home/pcs20/.gradle/wrapper/dists/gradle-2.2.1-all/c64ydeuardnfqctvr1gm30w53/gradle-2.2.1/lib/plugins/bcprov-jdk15-1.46.jar
7f5ad8084000-7f5ad8088000 r--s 0001d000 08:01 9703692                    /home/pcs20/.gradle/wrapper/dists/gradle-2.2.1-all/c64ydeuardnfqctvr1gm30w53/gradle-2.2.1/lib/plugins/xbean-reflect-3.4.jar
7f5ad8088000-7f5ad808d000 r--s 0002a000 08:01 9703686                    /home/pcs20/.gradle/wrapper/dists/gradle-2.2.1-all/c64ydeuardnfqctvr1gm30w53/gradle-2.2.1/lib/plugins/gson-2.2.4.jar
7f5ad808d000-7f5ad8091000 r--s 0003d000 08:01 9703691                    /home/pcs20/.gradle/wrapper/dists/gradle-2.2.1-all/c64ydeuardnfqctvr1gm30w53/gradle-2.2.1/lib/plugins/jsch-0.1.51.jar
7f5ad8091000-7f5ad80aa000 r--s 00129000 08:01 9703679                    /home/pcs20/.gradle/wrapper/dists/gradle-2.2.1-all/c64ydeuardnfqctvr1gm30w53/gradle-2.2.1/lib/plugins/maven-ant-tasks-2.1.3.jar
7f5ad80aa000-7f5ad80b9000 r--s 000d9000 08:01 9703690                    /home/pcs20/.gradle/wrapper/dists/gradle-2.2.1-all/c64ydeuardnfqctvr1gm30w53/gradle-2.2.1/lib/plugins/ivy-2.2.0.jar
7f5ad80b9000-7f5ad80bd000 r--s 0001e000 08:01 9703633                    /home/pcs20/.gradle/wrapper/dists/gradle-2.2.1-all/c64ydeuardnfqctvr1gm30w53/gradle-2.2.1/lib/plugins/jarjar-aether-impl-1.13.1.jar
7f5ad80bd000-7f5ad80c0000 r--s 00027000 08:01 9703632                    /home/pcs20/.gradle/wrapper/dists/gradle-2.2.1-all/c64ydeuardnfqctvr1gm30w53/gradle-2.2.1/lib/plugins/jarjar-maven-model-3.0.4.jar
7f5ad80c0000-7f5ad80c3000 r--s 0000b000 08:01 9703631                    /home/pcs20/.gradle/wrapper/dists/gradle-2.2.1-all/c64ydeuardnfqctvr1gm30w53/gradle-2.2.1/lib/plugins/jarjar-maven-artifact-3.0.4.jar
7f5ad80c3000-7f5ad80c7000 r--s 0001e000 08:01 9703630                    /home/pcs20/.gradle/wrapper/dists/gradle-2.2.1-all/c64ydeuardnfqctvr1gm30w53/gradle-2.2.1/lib/plugins/jarjar-aether-util-1.13.1.jar
7f5ad80c7000-7f5ad80c9000 r--s 00007000 08:01 9703629                    /home/pcs20/.gradle/wrapper/dists/gradle-2.2.1-all/c64ydeuardnfqctvr1gm30w53/gradle-2.2.1/lib/plugins/jarjar-wagon-http-shared4-2.4.jar
7f5ad80c9000-7f5ad80d6000 r--s 00083000 08:01 9703628                    /home/pcs20/.gradle/wrapper/dists/gradle-2.2.1-all/c64ydeuardnfqctvr1gm30w53/gradle-2.2.1/lib/plugins/jarjar-maven-core-3.0.4.jar
7f5ad80d6000-7f5ad80d8000 r--s 00003000 08:01 9703627                    /home/pcs20/.gradle/wrapper/dists/gradle-2.2.1-all/c64ydeuardnfqctvr1gm30w53/gradle-2.2.1/lib/plugins/jarjar-aether-spi-1.13.1.jar
7f5ad80d8000-7f5ad80da000 r--s 00009000 08:01 9703626                    /home/pcs20/.gradle/wrapper/dists/gradle-2.2.1-all/c64ydeuardnfqctvr1gm30w53/gradle-2.2.1/lib/plugins/jarjar-maven-settings-builder-3.0.4.jar
7f5ad80da000-7f5ad80de000 r--s 00014000 08:01 9703625                    /home/pcs20/.gradle/wrapper/dists/gradle-2.2.1-all/c64ydeuardnfqctvr1gm30w53/gradle-2.2.1/lib/plugins/jarjar-aether-api-1.13.1.jar
7f5ad80de000-7f5ad80df000 r--s 00002000 08:01 9703624                    /home/pcs20/.gradle/wrapper/dists/gradle-2.2.1-all/c64ydeuardnfqctvr1gm30w53/gradle-2.2.1/lib/plugins/jarjar-wagon-http-2.4.jar
7f5ad80df000-7f5ad80e6000 r--s 00042000 08:01 9703623                    /home/pcs20/.gradle/wrapper/dists/gradle-2.2.1-all/c64ydeuardnfqctvr1gm30w53/gradle-2.2.1/lib/plugins/jarjar-maven-compat-3.0.4.jar
7f5ad80e6000-7f5ad80e8000 r--s 00006000 08:01 9703622                    /home/pcs20/.gradle/wrapper/dists/gradle-2.2.1-all/c64ydeuardnfqctvr1gm30w53/gradle-2.2.1/lib/plugins/jarjar-aether-connector-wagon-1.13.1.jar
7f5ad80e8000-7f5ad80ea000 r--s 00000000 08:01 9703621                    /home/pcs20/.gradle/wrapper/dists/gradle-2.2.1-all/c64ydeuardnfqctvr1gm30w53/gradle-2.2.1/lib/plugins/jarjar-plexus-component-annotations-1.5.5.jar
7f5ad80ea000-7f5ad80ec000 r--s 00006000 08:01 9703620                    /home/pcs20/.gradle/wrapper/dists/gradle-2.2.1-all/c64ydeuardnfqctvr1gm30w53/gradle-2.2.1/lib/plugins/jarjar-plexus-sec-dispatcher-1.3.jar
7f5ad80ec000-7f5ad80f1000 r--s 00022000 08:01 9703619                    /home/pcs20/.gradle/wrapper/dists/gradle-2.2.1-all/c64ydeuardnfqctvr1gm30w53/gradle-2.2.1/lib/plugins/jarjar-maven-model-builder-3.0.4.jar
7f5ad80f1000-7f5ad80f3000 r--s 0000b000 08:01 9703618                    /home/pcs20/.gradle/wrapper/dists/gradle-2.2.1-all/c64ydeuardnfqctvr1gm30w53/gradle-2.2.1/lib/plugins/jarjar-maven-plugin-api-3.0.4.jar
7f5ad80f3000-7f5ad80f6000 r--s 0000a000 08:01 9703617                    /home/pcs20/.gradle/wrapper/dists/gradle-2.2.1-all/c64ydeuardnfqctvr1gm30w53/gradle-2.2.1/lib/plugins/jarjar-plexus-classworlds-2.4.jar
7f5ad80f6000-7f5ad80fa000 r--s 00035000 08:01 9703616                    /home/pcs20/.gradle/wrapper/dists/gradle-2.2.1-all/c64ydeuardnfqctvr1gm30w53/gradle-2.2.1/lib/plugins/jarjar-plexus-utils-2.0.6.jar
7f5ad80fa000-7f5ad80fc000 r--s 0000e000 08:01 9703615                    /home/pcs20/.gradle/wrapper/dists/gradle-2.2.1-all/c64ydeuardnfqctvr1gm30w53/gradle-2.2.1/lib/plugins/jarjar-plexus-interpolation-1.14.jar
7f5ad80fc000-7f5ad80fe000 r--s 00002000 08:01 9703614                    /home/pcs20/.gradle/wrapper/dists/gradle-2.2.1-all/c64ydeuardnfqctvr1gm30w53/gradle-2.2.1/lib/plugins/jarjar-plexus-cipher-1.7.jar
7f5ad80fe000-7f5ad8100000 r--s 0000c000 08:01 9703613                    /home/pcs20/.gradle/wrapper/dists/gradle-2.2.1-all/c64ydeuardnfqctvr1gm30w53/gradle-2.2.1/lib/plugins/jarjar-wagon-provider-api-2.4.jar
7f5ad8100000-7f5ad8108000 r--s 00031000 08:01 9703611                    /home/pcs20/.gradle/wrapper/dists/gradle-2.2.1-all/c64ydeuardnfqctvr1gm30w53/gradle-2.2.1/lib/plugins/jarjar-plexus-container-default-1.5.5.jar
7f5ad8108000-7f5ad8139000 rw-p 00000000 00:00 0 
7f5ad8139000-7f5ad823f000 r-xp 00000000 08:01 6819696                    /lib/x86_64-linux-gnu/libglib-2.0.so.0.4002.0
7f5ad823f000-7f5ad843e000 ---p 00106000 08:01 6819696                    /lib/x86_64-linux-gnu/libglib-2.0.so.0.4002.0
7f5ad843e000-7f5ad843f000 r--p 00105000 08:01 6819696                    /lib/x86_64-linux-gnu/libglib-2.0.so.0.4002.0
7f5ad843f000-7f5ad8440000 rw-p 00106000 08:01 6819696                    /lib/x86_64-linux-gnu/libglib-2.0.so.0.4002.0
7f5ad8440000-7f5ad8441000 rw-p 00000000 00:00 0 
7f5ad8441000-7f5ad8490000 r-xp 00000000 08:01 13107582                   /usr/lib/x86_64-linux-gnu/libgobject-2.0.so.0.4002.0
7f5ad8490000-7f5ad8690000 ---p 0004f000 08:01 13107582                   /usr/lib/x86_64-linux-gnu/libgobject-2.0.so.0.4002.0
7f5ad8690000-7f5ad8691000 r--p 0004f000 08:01 13107582                   /usr/lib/x86_64-linux-gnu/libgobject-2.0.so.0.4002.0
7f5ad8691000-7f5ad8692000 rw-p 00050000 08:01 13107582                   /usr/lib/x86_64-linux-gnu/libgobject-2.0.so.0.4002.0
7f5ad8692000-7f5ad87fe000 r-xp 00000000 08:01 13107586                   /usr/lib/x86_64-linux-gnu/libgio-2.0.so.0.4002.0
7f5ad87fe000-7f5ad89fd000 ---p 0016c000 08:01 13107586                   /usr/lib/x86_64-linux-gnu/libgio-2.0.so.0.4002.0
7f5ad89fd000-7f5ad8a01000 r--p 0016b000 08:01 13107586                   /usr/lib/x86_64-linux-gnu/libgio-2.0.so.0.4002.0
7f5ad8a01000-7f5ad8a03000 rw-p 0016f000 08:01 13107586                   /usr/lib/x86_64-linux-gnu/libgio-2.0.so.0.4002.0
7f5ad8a03000-7f5ad8a05000 rw-p 00000000 00:00 0 
7f5ad8a05000-7f5ad8a07000 r--s 0000d000 08:01 9703612                    /home/pcs20/.gradle/wrapper/dists/gradle-2.2.1-all/c64ydeuardnfqctvr1gm30w53/gradle-2.2.1/lib/plugins/jarjar-maven-aether-provider-3.0.4.jar
7f5ad8a07000-7f5ad8a08000 r--s 00007000 08:01 9703610                    /home/pcs20/.gradle/wrapper/dists/gradle-2.2.1-all/c64ydeuardnfqctvr1gm30w53/gradle-2.2.1/lib/plugins/jarjar-maven-repository-metadata-3.0.4.jar
7f5ad8a08000-7f5ad8a09000 r--s 0000b000 08:01 9703609                    /home/pcs20/.gradle/wrapper/dists/gradle-2.2.1-all/c64ydeuardnfqctvr1gm30w53/gradle-2.2.1/lib/plugins/jarjar-maven-settings-3.0.4.jar
7f5ad8a09000-7f5ad8a21000 r--s 000b5000 08:01 9703665                    /home/pcs20/.gradle/wrapper/dists/gradle-2.2.1-all/c64ydeuardnfqctvr1gm30w53/gradle-2.2.1/lib/plugins/gradle-dependency-management-2.2.1.jar
7f5ad8a21000-7f5ad8a38000 r-xp 00000000 08:01 13246132                   /usr/lib/jvm/java-7-openjdk-amd64/jre/lib/amd64/libnet.so
7f5ad8a38000-7f5ad8c37000 ---p 00017000 08:01 13246132                   /usr/lib/jvm/java-7-openjdk-amd64/jre/lib/amd64/libnet.so
7f5ad8c37000-7f5ad8c38000 r--p 00016000 08:01 13246132                   /usr/lib/jvm/java-7-openjdk-amd64/jre/lib/amd64/libnet.so
7f5ad8c38000-7f5ad8c39000 rw-p 00017000 08:01 13246132                   /usr/lib/jvm/java-7-openjdk-amd64/jre/lib/amd64/libnet.so
7f5ad8c39000-7f5ad8c3a000 r--s 00005000 08:01 9703337                    /home/pcs20/.gradle/wrapper/dists/gradle-2.2.1-all/c64ydeuardnfqctvr1gm30w53/gradle-2.2.1/lib/gradle-wrapper-2.2.1.jar
7f5ad8c3a000-7f5ad8c43000 r--s 0002c000 08:01 9703342                    /home/pcs20/.gradle/wrapper/dists/gradle-2.2.1-all/c64ydeuardnfqctvr1gm30w53/gradle-2.2.1/lib/gradle-tooling-api-2.2.1.jar
7f5ad8c43000-7f5ad8c45000 r--s 00002000 08:01 9703589                    /home/pcs20/.gradle/wrapper/dists/gradle-2.2.1-all/c64ydeuardnfqctvr1gm30w53/gradle-2.2.1/lib/gradle-open-api-2.2.1.jar
7f5ad8c45000-7f5ad8c4b000 r--s 00032000 08:01 9703591                    /home/pcs20/.gradle/wrapper/dists/gradle-2.2.1-all/c64ydeuardnfqctvr1gm30w53/gradle-2.2.1/lib/jaxen-1.1.jar
7f5ad8c4b000-7f5ad8c50000 r--s 00048000 08:01 9703590                    /home/pcs20/.gradle/wrapper/dists/gradle-2.2.1-all/c64ydeuardnfqctvr1gm30w53/gradle-2.2.1/lib/dom4j-1.6.1.jar
7f5ad8c50000-7f5ad8c5b000 r--s 00059000 08:01 9703341                    /home/pcs20/.gradle/wrapper/dists/gradle-2.2.1-all/c64ydeuardnfqctvr1gm30w53/gradle-2.2.1/lib/gradle-ui-2.2.1.jar
7f5ad8c5b000-7f5ad8c5d000 r--s 00006000 08:01 9703585                    /home/pcs20/.gradle/wrapper/dists/gradle-2.2.1-all/c64ydeuardnfqctvr1gm30w53/gradle-2.2.1/lib/gradle-resources-2.2.1.jar
7f5ad8c5d000-7f5ad8c5f000 r--s 00007000 08:01 9703607                    /home/pcs20/.gradle/wrapper/dists/gradle-2.2.1-all/c64ydeuardnfqctvr1gm30w53/gradle-2.2.1/lib/objenesis-1.2.jar
7f5ad8c5f000-7f5ad8c61000 r--s 00000000 08:01 9703606                    /home/pcs20/.gradle/wrapper/dists/gradle-2.2.1-all/c64ydeuardnfqctvr1gm30w53/gradle-2.2.1/lib/minlog-1.2.jar
7f5ad8c61000-7f5ad8c63000 r--s 0000f000 08:01 9703605                    /home/pcs20/.gradle/wrapper/dists/gradle-2.2.1-all/c64ydeuardnfqctvr1gm30w53/gradle-2.2.1/lib/reflectasm-1.07-shaded.jar
7f5ad8c63000-7f5ad8c67000 r--s 00026000 08:01 9703596                    /home/pcs20/.gradle/wrapper/dists/gradle-2.2.1-all/c64ydeuardnfqctvr1gm30w53/gradle-2.2.1/lib/kryo-2.20.jar
7f5ad8c67000-7f5ad8c70000 r--s 00039000 08:01 9703484                    /home/pcs20/.gradle/wrapper/dists/gradle-2.2.1-all/c64ydeuardnfqctvr1gm30w53/gradle-2.2.1/lib/gradle-messaging-2.2.1.jar
7f5ad8c70000-7f5ad8c71000 r--s 00003000 08:01 9703604                    /home/pcs20/.gradle/wrapper/dists/gradle-2.2.1-all/c64ydeuardnfqctvr1gm30w53/gradle-2.2.1/lib/native-platform-freebsd-amd64-0.10.jar
7f5ad8c71000-7f5ad8c72000 r--s 00003000 08:01 9703603                    /home/pcs20/.gradle/wrapper/dists/gradle-2.2.1-all/c64ydeuardnfqctvr1gm30w53/gradle-2.2.1/lib/native-platform-freebsd-i386-0.10.jar
7f5ad8c72000-7f5ad8c73000 r--s 00005000 08:01 9703602                    /home/pcs20/.gradle/wrapper/dists/gradle-2.2.1-all/c64ydeuardnfqctvr1gm30w53/gradle-2.2.1/lib/native-platform-windows-i386-0.10.jar
7f5ad8c73000-7f5ad8c74000 r--s 00005000 08:01 9703601                    /home/pcs20/.gradle/wrapper/dists/gradle-2.2.1-all/c64ydeuardnfqctvr1gm30w53/gradle-2.2.1/lib/native-platform-windows-amd64-0.10.jar
7f5ad8c74000-7f5ad8c75000 r--s 00003000 08:01 9703600                    /home/pcs20/.gradle/wrapper/dists/gradle-2.2.1-all/c64ydeuardnfqctvr1gm30w53/gradle-2.2.1/lib/native-platform-linux-i386-0.10.jar
7f5ad8c75000-7f5ad8c76000 r--s 00003000 08:01 9703599                    /home/pcs20/.gradle/wrapper/dists/gradle-2.2.1-all/c64ydeuardnfqctvr1gm30w53/gradle-2.2.1/lib/native-platform-linux-amd64-0.10.jar
7f5ad8c76000-7f5ad8c77000 r--s 00002000 08:01 9703598                    /home/pcs20/.gradle/wrapper/dists/gradle-2.2.1-all/c64ydeuardnfqctvr1gm30w53/gradle-2.2.1/lib/native-platform-osx-amd64-0.10.jar
7f5ad8c77000-7f5ad8c78000 r--s 00002000 08:01 9703597                    /home/pcs20/.gradle/wrapper/dists/gradle-2.2.1-all/c64ydeuardnfqctvr1gm30w53/gradle-2.2.1/lib/native-platform-osx-i386-0.10.jar
7f5ad8c78000-7f5ad8c7a000 r--s 00008000 08:01 9703594                    /home/pcs20/.gradle/wrapper/dists/gradle-2.2.1-all/c64ydeuardnfqctvr1gm30w53/gradle-2.2.1/lib/jansi-1.2.1.jar
7f5ad8c7a000-7f5ad8c7d000 r--s 0000d000 08:01 9703593                    /home/pcs20/.gradle/wrapper/dists/gradle-2.2.1-all/c64ydeuardnfqctvr1gm30w53/gradle-2.2.1/lib/native-platform-0.10.jar
7f5ad8c7d000-7f5ad8c81000 r--s 000e4000 08:01 9703592                    /home/pcs20/.gradle/wrapper/dists/gradle-2.2.1-all/c64ydeuardnfqctvr1gm30w53/gradle-2.2.1/lib/jna-3.2.7.jar
7f5ad8c81000-7f5ad8c83000 r--s 00008000 08:01 9703343                    /home/pcs20/.gradle/wrapper/dists/gradle-2.2.1-all/c64ydeuardnfqctvr1gm30w53/gradle-2.2.1/lib/gradle-native-2.2.1.jar
7f5ad8c83000-7f5ad8c85000 r--s 00005000 08:01 9703340                    /home/pcs20/.gradle/wrapper/dists/gradle-2.2.1-all/c64ydeuardnfqctvr1gm30w53/gradle-2.2.1/lib/gradle-cli-2.2.1.jar
7f5ad8c85000-7f5ad8c87000 r--s 00003000 08:01 9703483                    /home/pcs20/.gradle/wrapper/dists/gradle-2.2.1-all/c64ydeuardnfqctvr1gm30w53/gradle-2.2.1/lib/gradle-base-services-groovy-2.2.1.jar
7f5ad8c87000-7f5ad8c89000 r--s 0000a000 08:01 9703348                    /home/pcs20/.gradle/wrapper/dists/gradle-2.2.1-all/c64ydeuardnfqctvr1gm30w53/gradle-2.2.1/lib/gradle-model-groovy-2.2.1.jar
7f5ad8c89000-7f5ad8c8d000 r--s 0001b000 08:01 9703347                    /home/pcs20/.gradle/wrapper/dists/gradle-2.2.1-all/c64ydeuardnfqctvr1gm30w53/gradle-2.2.1/lib/gradle-model-core-2.2.1.jar
7f5ad8c8d000-7f5ad8c8e000 r--s 00000000 08:01 9703586                    /home/pcs20/.gradle/wrapper/dists/gradle-2.2.1-all/c64ydeuardnfqctvr1gm30w53/gradle-2.2.1/lib/gradle-docs-2.2.1.jar
7f5ad8c8e000-7f5ad8c90000 r--s 00003000 08:01 9703588                    /home/pcs20/.gradle/wrapper/dists/gradle-2.2.1-all/c64ydeuardnfqctvr1gm30w53/gradle-2.2.1/lib/jcl-over-slf4j-1.7.7.jar
7f5ad8c90000-7f5ad8c91000 r--s 00005000 08:01 9703587                    /home/pcs20/.gradle/wrapper/dists/gradle-2.2.1-all/c64ydeuardnfqctvr1gm30w53/gradle-2.2.1/lib/log4j-over-slf4j-1.7.7.jar
7f5ad8c91000-7f5ad8c92000 r--s 00000000 08:01 9703482                    /home/pcs20/.gradle/wrapper/dists/gradle-2.2.1-all/c64ydeuardnfqctvr1gm30w53/gradle-2.2.1/lib/javax.inject-1.jar
7f5ad8c92000-7f5ad8c95000 r--s 0001b000 08:01 9703481                    /home/pcs20/.gradle/wrapper/dists/gradle-2.2.1-all/c64ydeuardnfqctvr1gm30w53/gradle-2.2.1/lib/jarjar-1.3.jar
7f5ad8c95000-7f5ad8c97000 r--s 00000000 08:01 9703357                    /home/pcs20/.gradle/wrapper/dists/gradle-2.2.1-all/c64ydeuardnfqctvr1gm30w53/gradle-2.2.1/lib/jul-to-slf4j-1.7.7.jar
7f5ad8c97000-7f5ad8c98000 r--s 00000000 08:01 9703356                    /home/pcs20/.gradle/wrapper/dists/gradle-2.2.1-all/c64ydeuardnfqctvr1gm30w53/gradle-2.2.1/lib/jcip-annotations-1.0.jar
7f5ad8c98000-7f5ad8c9e000 r--s 0003b000 08:01 9703355                    /home/pcs20/.gradle/wrapper/dists/gradle-2.2.1-all/c64ydeuardnfqctvr1gm30w53/gradle-2.2.1/lib/logback-classic-1.0.13.jar
7f5ad8c9e000-7f5ad8ca8000 r--s 0005d000 08:01 9703354                    /home/pcs20/.gradle/wrapper/dists/gradle-2.2.1-all/c64ydeuardnfqctvr1gm30w53/gradle-2.2.1/lib/logback-core-1.0.13.jar
7f5ad8ca8000-7f5ad8cad000 r--s 00041000 08:01 9703353                    /home/pcs20/.gradle/wrapper/dists/gradle-2.2.1-all/c64ydeuardnfqctvr1gm30w53/gradle-2.2.1/lib/commons-lang-2.6.jar
7f5ad8cad000-7f5ad8cb0000 r--s 00018000 08:01 9703352                    /home/pcs20/.gradle/wrapper/dists/gradle-2.2.1-all/c64ydeuardnfqctvr1gm30w53/gradle-2.2.1/lib/commons-io-1.4.jar
7f5ad8cb0000-7f5ad8cbe000 r--s 0007f000 08:01 9703351                    /home/pcs20/.gradle/wrapper/dists/gradle-2.2.1-all/c64ydeuardnfqctvr1gm30w53/gradle-2.2.1/lib/commons-collections-3.2.1.jar
7f5ad8cbe000-7f5ad8cc3000 r--s 00036000 08:01 9703349                    /home/pcs20/.gradle/wrapper/dists/gradle-2.2.1-all/c64ydeuardnfqctvr1gm30w53/gradle-2.2.1/lib/asm-all-5.0.3.jar
7f5ad8cc3000-7f5ad8d2e000 r--s 00685000 08:01 9703346                    /home/pcs20/.gradle/wrapper/dists/gradle-2.2.1-all/c64ydeuardnfqctvr1gm30w53/gradle-2.2.1/lib/groovy-all-2.3.6.jar
7f5ad8d2e000-7f5ad8d56000 r--s 001cf000 08:01 9703345                    /home/pcs20/.gradle/wrapper/dists/gradle-2.2.1-all/c64ydeuardnfqctvr1gm30w53/gradle-2.2.1/lib/guava-jdk5-17.0.jar
7f5ad8d56000-7f5ad8d58000 r--s 00006000 08:01 9703344                    /home/pcs20/.gradle/wrapper/dists/gradle-2.2.1-all/c64ydeuardnfqctvr1gm30w53/gradle-2.2.1/lib/slf4j-api-1.7.7.jar
7f5ad8d58000-7f5ad8d77000 r--s 001cc000 08:01 9703350                    /home/pcs20/.gradle/wrapper/dists/gradle-2.2.1-all/c64ydeuardnfqctvr1gm30w53/gradle-2.2.1/lib/ant-1.9.3.jar
7f5ad8d77000-7f5ad8da8000 r--s 00191000 08:01 9703339                    /home/pcs20/.gradle/wrapper/dists/gradle-2.2.1-all/c64ydeuardnfqctvr1gm30w53/gradle-2.2.1/lib/gradle-core-2.2.1.jar
7f5ad8da8000-7f5ad8db0000 r--s 0003c000 08:01 9703336                    /home/pcs20/.gradle/wrapper/dists/gradle-2.2.1-all/c64ydeuardnfqctvr1gm30w53/gradle-2.2.1/lib/gradle-launcher-2.2.1.jar
7f5ad8db0000-7f5ad8db1000 ---p 00000000 00:00 0 
7f5ad8db1000-7f5ad8eb1000 rw-p 00000000 00:00 0                          [stack:15820]
7f5ad8eb1000-7f5ad8eb4000 ---p 00000000 00:00 0 
7f5ad8eb4000-7f5ad8fb2000 rw-p 00000000 00:00 0                          [stack:15819]
7f5ad8fb2000-7f5ad8fb5000 ---p 00000000 00:00 0 
7f5ad8fb5000-7f5ad90b3000 rw-p 00000000 00:00 0                          [stack:15818]
7f5ad90b3000-7f5ad90b6000 ---p 00000000 00:00 0 
7f5ad90b6000-7f5ad91b4000 rw-p 00000000 00:00 0                          [stack:15817]
7f5ad91b4000-7f5ad91b7000 ---p 00000000 00:00 0 
7f5ad91b7000-7f5ad92b5000 rw-p 00000000 00:00 0                          [stack:15816]
7f5ad92b5000-7f5ad9997000 r--p 00000000 08:01 13114023                   /usr/lib/locale/locale-archive
7f5ad9997000-7f5ad999a000 ---p 00000000 00:00 0 
7f5ad999a000-7f5ad9a98000 rw-p 00000000 00:00 0                          [stack:15815]
7f5ad9a98000-7f5ad9a9b000 ---p 00000000 00:00 0 
7f5ad9a9b000-7f5ad9b99000 rw-p 00000000 00:00 0                          [stack:15814]
7f5ad9b99000-7f5ad9b9a000 ---p 00000000 00:00 0 
7f5ad9b9a000-7f5ada64f000 rw-p 00000000 00:00 0                          [stack:15813]
7f5ada64f000-7f5ada800000 r--s 01d25000 08:01 13246195                   /usr/lib/jvm/java-7-openjdk-amd64/jre/lib/rt.jar
7f5ada800000-7f5add000000 rw-p 00000000 00:00 0 
7f5add000000-7f5add500000 rwxp 00000000 00:00 0 
7f5add500000-7f5ae09ce000 rw-p 00000000 00:00 0 
7f5ae09ce000-7f5ae4000000 ---p 00000000 00:00 0 
7f5ae4000000-7f5ae4001000 r--s 00004000 08:01 9703595                    /home/pcs20/.gradle/wrapper/dists/gradle-2.2.1-all/c64ydeuardnfqctvr1gm30w53/gradle-2.2.1/lib/ant-launcher-1.9.3.jar
7f5ae4001000-7f5ae4007000 r--s 00026000 08:01 9703338                    /home/pcs20/.gradle/wrapper/dists/gradle-2.2.1-all/c64ydeuardnfqctvr1gm30w53/gradle-2.2.1/lib/gradle-base-services-2.2.1.jar
7f5ae4007000-7f5ae4380000 rw-p 00000000 00:00 0 
7f5ae4380000-7f5ae4381000 ---p 00000000 00:00 0 
7f5ae4381000-7f5ae4481000 rw-p 00000000 00:00 0                          [stack:15812]
7f5ae4481000-7f5ae4482000 ---p 00000000 00:00 0 
7f5ae4482000-7f5ae45b1000 rw-p 00000000 00:00 0                          [stack:15811]
7f5ae45b1000-7f5ae4602000 rw-p 00000000 00:00 0 
7f5ae4602000-7f5ae4621000 rw-p 00000000 00:00 0 
7f5ae4621000-7f5ae4758000 rw-p 00000000 00:00 0 
7f5ae4758000-7f5ae4787000 rw-p 00000000 00:00 0 
7f5ae4787000-7f5ae47d8000 rw-p 00000000 00:00 0 
7f5ae47d8000-7f5ae47f7000 rw-p 00000000 00:00 0 
7f5ae47f7000-7f5ae492d000 rw-p 00000000 00:00 0 
7f5ae492d000-7f5ae49d8000 rw-p 00000000 00:00 0 
7f5ae49d8000-7f5ae49d9000 rw-p 00000000 00:00 0 
7f5ae49d9000-7f5ae49e1000 r-xp 00000000 08:01 13246124                   /usr/lib/jvm/java-7-openjdk-amd64/jre/lib/amd64/libzip.so
7f5ae49e1000-7f5ae4be0000 ---p 00008000 08:01 13246124                   /usr/lib/jvm/java-7-openjdk-amd64/jre/lib/amd64/libzip.so
7f5ae4be0000-7f5ae4be1000 r--p 00007000 08:01 13246124                   /usr/lib/jvm/java-7-openjdk-amd64/jre/lib/amd64/libzip.so
7f5ae4be1000-7f5ae4be2000 rw-p 00008000 08:01 13246124                   /usr/lib/jvm/java-7-openjdk-amd64/jre/lib/amd64/libzip.so
7f5ae4be2000-7f5ae4bed000 r-xp 00000000 08:01 6820751                    /lib/x86_64-linux-gnu/libnss_files-2.19.so
7f5ae4bed000-7f5ae4dec000 ---p 0000b000 08:01 6820751                    /lib/x86_64-linux-gnu/libnss_files-2.19.so
7f5ae4dec000-7f5ae4ded000 r--p 0000a000 08:01 6820751                    /lib/x86_64-linux-gnu/libnss_files-2.19.so
7f5ae4ded000-7f5ae4dee000 rw-p 0000b000 08:01 6820751                    /lib/x86_64-linux-gnu/libnss_files-2.19.so
7f5ae4dee000-7f5ae4df9000 r-xp 00000000 08:01 6820769                    /lib/x86_64-linux-gnu/libnss_nis-2.19.so
7f5ae4df9000-7f5ae4ff8000 ---p 0000b000 08:01 6820769                    /lib/x86_64-linux-gnu/libnss_nis-2.19.so
7f5ae4ff8000-7f5ae4ff9000 r--p 0000a000 08:01 6820769                    /lib/x86_64-linux-gnu/libnss_nis-2.19.so
7f5ae4ff9000-7f5ae4ffa000 rw-p 0000b000 08:01 6820769                    /lib/x86_64-linux-gnu/libnss_nis-2.19.so
7f5ae4ffa000-7f5ae5011000 r-xp 00000000 08:01 6820738                    /lib/x86_64-linux-gnu/libnsl-2.19.so
7f5ae5011000-7f5ae5210000 ---p 00017000 08:01 6820738                    /lib/x86_64-linux-gnu/libnsl-2.19.so
7f5ae5210000-7f5ae5211000 r--p 00016000 08:01 6820738                    /lib/x86_64-linux-gnu/libnsl-2.19.so
7f5ae5211000-7f5ae5212000 rw-p 00017000 08:01 6820738                    /lib/x86_64-linux-gnu/libnsl-2.19.so
7f5ae5212000-7f5ae5214000 rw-p 00000000 00:00 0 
7f5ae5214000-7f5ae521d000 r-xp 00000000 08:01 6820735                    /lib/x86_64-linux-gnu/libnss_compat-2.19.so
7f5ae521d000-7f5ae541c000 ---p 00009000 08:01 6820735                    /lib/x86_64-linux-gnu/libnss_compat-2.19.so
7f5ae541c000-7f5ae541d000 r--p 00008000 08:01 6820735                    /lib/x86_64-linux-gnu/libnss_compat-2.19.so
7f5ae541d000-7f5ae541e000 rw-p 00009000 08:01 6820735                    /lib/x86_64-linux-gnu/libnss_compat-2.19.so
7f5ae541e000-7f5ae5449000 r-xp 00000000 08:01 13246131                   /usr/lib/jvm/java-7-openjdk-amd64/jre/lib/amd64/libjava.so
7f5ae5449000-7f5ae5648000 ---p 0002b000 08:01 13246131                   /usr/lib/jvm/java-7-openjdk-amd64/jre/lib/amd64/libjava.so
7f5ae5648000-7f5ae5649000 r--p 0002a000 08:01 13246131                   /usr/lib/jvm/java-7-openjdk-amd64/jre/lib/amd64/libjava.so
7f5ae5649000-7f5ae564b000 rw-p 0002b000 08:01 13246131                   /usr/lib/jvm/java-7-openjdk-amd64/jre/lib/amd64/libjava.so
7f5ae564b000-7f5ae565b000 r-xp 00000000 08:01 13246146                   /usr/lib/jvm/java-7-openjdk-amd64/jre/lib/amd64/libverify.so
7f5ae565b000-7f5ae585a000 ---p 00010000 08:01 13246146                   /usr/lib/jvm/java-7-openjdk-amd64/jre/lib/amd64/libverify.so
7f5ae585a000-7f5ae585c000 r--p 0000f000 08:01 13246146                   /usr/lib/jvm/java-7-openjdk-amd64/jre/lib/amd64/libverify.so
7f5ae585c000-7f5ae585d000 rw-p 00011000 08:01 13246146                   /usr/lib/jvm/java-7-openjdk-amd64/jre/lib/amd64/libverify.so
7f5ae585d000-7f5ae5864000 r-xp 00000000 08:01 6820740                    /lib/x86_64-linux-gnu/librt-2.19.so
7f5ae5864000-7f5ae5a63000 ---p 00007000 08:01 6820740                    /lib/x86_64-linux-gnu/librt-2.19.so
7f5ae5a63000-7f5ae5a64000 r--p 00006000 08:01 6820740                    /lib/x86_64-linux-gnu/librt-2.19.so
7f5ae5a64000-7f5ae5a65000 rw-p 00007000 08:01 6820740                    /lib/x86_64-linux-gnu/librt-2.19.so
7f5ae5a65000-7f5ae5a7b000 r-xp 00000000 08:01 6820732                    /lib/x86_64-linux-gnu/libgcc_s.so.1
7f5ae5a7b000-7f5ae5c7a000 ---p 00016000 08:01 6820732                    /lib/x86_64-linux-gnu/libgcc_s.so.1
7f5ae5c7a000-7f5ae5c7b000 rw-p 00015000 08:01 6820732                    /lib/x86_64-linux-gnu/libgcc_s.so.1
7f5ae5c7b000-7f5ae5d80000 r-xp 00000000 08:01 6820747                    /lib/x86_64-linux-gnu/libm-2.19.so
7f5ae5d80000-7f5ae5f7f000 ---p 00105000 08:01 6820747                    /lib/x86_64-linux-gnu/libm-2.19.so
7f5ae5f7f000-7f5ae5f80000 r--p 00104000 08:01 6820747                    /lib/x86_64-linux-gnu/libm-2.19.so
7f5ae5f80000-7f5ae5f81000 rw-p 00105000 08:01 6820747                    /lib/x86_64-linux-gnu/libm-2.19.so
7f5ae5f81000-7f5ae6067000 r-xp 00000000 08:01 13115932                   /usr/lib/x86_64-linux-gnu/libstdc++.so.6.0.19
7f5ae6067000-7f5ae6266000 ---p 000e6000 08:01 13115932                   /usr/lib/x86_64-linux-gnu/libstdc++.so.6.0.19
7f5ae6266000-7f5ae626e000 r--p 000e5000 08:01 13115932                   /usr/lib/x86_64-linux-gnu/libstdc++.so.6.0.19
7f5ae626e000-7f5ae6270000 rw-p 000ed000 08:01 13115932                   /usr/lib/x86_64-linux-gnu/libstdc++.so.6.0.19
7f5ae6270000-7f5ae6285000 rw-p 00000000 00:00 0 
7f5ae6285000-7f5ae6d9b000 r-xp 00000000 08:01 13246153                   /usr/lib/jvm/java-7-openjdk-amd64/jre/lib/amd64/server/libjvm.so
7f5ae6d9b000-7f5ae6f9a000 ---p 00b16000 08:01 13246153                   /usr/lib/jvm/java-7-openjdk-amd64/jre/lib/amd64/server/libjvm.so
7f5ae6f9a000-7f5ae7034000 r--p 00b15000 08:01 13246153                   /usr/lib/jvm/java-7-openjdk-amd64/jre/lib/amd64/server/libjvm.so
7f5ae7034000-7f5ae7057000 rw-p 00baf000 08:01 13246153                   /usr/lib/jvm/java-7-openjdk-amd64/jre/lib/amd64/server/libjvm.so
7f5ae7057000-7f5ae7085000 rw-p 00000000 00:00 0 
7f5ae7085000-7f5ae709d000 r-xp 00000000 08:01 6819895                    /lib/x86_64-linux-gnu/libz.so.1.2.8
7f5ae709d000-7f5ae729c000 ---p 00018000 08:01 6819895                    /lib/x86_64-linux-gnu/libz.so.1.2.8
7f5ae729c000-7f5ae729d000 r--p 00017000 08:01 6819895                    /lib/x86_64-linux-gnu/libz.so.1.2.8
7f5ae729d000-7f5ae729e000 rw-p 00018000 08:01 6819895                    /lib/x86_64-linux-gnu/libz.so.1.2.8
7f5ae729e000-7f5ae72b7000 r-xp 00000000 08:01 6820774                    /lib/x86_64-linux-gnu/libpthread-2.19.so
7f5ae72b7000-7f5ae74b6000 ---p 00019000 08:01 6820774                    /lib/x86_64-linux-gnu/libpthread-2.19.so
7f5ae74b6000-7f5ae74b7000 r--p 00018000 08:01 6820774                    /lib/x86_64-linux-gnu/libpthread-2.19.so
7f5ae74b7000-7f5ae74b8000 rw-p 00019000 08:01 6820774                    /lib/x86_64-linux-gnu/libpthread-2.19.so
7f5ae74b8000-7f5ae74bc000 rw-p 00000000 00:00 0 
7f5ae74bc000-7f5ae74bf000 r-xp 00000000 08:01 6820773                    /lib/x86_64-linux-gnu/libdl-2.19.so
7f5ae74bf000-7f5ae76be000 ---p 00003000 08:01 6820773                    /lib/x86_64-linux-gnu/libdl-2.19.so
7f5ae76be000-7f5ae76bf000 r--p 00002000 08:01 6820773                    /lib/x86_64-linux-gnu/libdl-2.19.so
7f5ae76bf000-7f5ae76c0000 rw-p 00003000 08:01 6820773                    /lib/x86_64-linux-gnu/libdl-2.19.so
7f5ae76c0000-7f5ae787b000 r-xp 00000000 08:01 6820744                    /lib/x86_64-linux-gnu/libc-2.19.so
7f5ae787b000-7f5ae7a7b000 ---p 001bb000 08:01 6820744                    /lib/x86_64-linux-gnu/libc-2.19.so
7f5ae7a7b000-7f5ae7a7f000 r--p 001bb000 08:01 6820744                    /lib/x86_64-linux-gnu/libc-2.19.so
7f5ae7a7f000-7f5ae7a81000 rw-p 001bf000 08:01 6820744                    /lib/x86_64-linux-gnu/libc-2.19.so
7f5ae7a81000-7f5ae7a86000 rw-p 00000000 00:00 0 
7f5ae7a86000-7f5ae7a93000 r-xp 00000000 08:01 13246129                   /usr/lib/jvm/java-7-openjdk-amd64/jre/lib/amd64/jli/libjli.so
7f5ae7a93000-7f5ae7c92000 ---p 0000d000 08:01 13246129                   /usr/lib/jvm/java-7-openjdk-amd64/jre/lib/amd64/jli/libjli.so
7f5ae7c92000-7f5ae7c93000 r--p 0000c000 08:01 13246129                   /usr/lib/jvm/java-7-openjdk-amd64/jre/lib/amd64/jli/libjli.so
7f5ae7c93000-7f5ae7c94000 rw-p 0000d000 08:01 13246129                   /usr/lib/jvm/java-7-openjdk-amd64/jre/lib/amd64/jli/libjli.so
7f5ae7c94000-7f5ae7cb7000 r-xp 00000000 08:01 6820745                    /lib/x86_64-linux-gnu/ld-2.19.so
7f5ae7cb7000-7f5ae7cb9000 r--s 00012000 08:01 13246190                   /usr/lib/jvm/java-7-openjdk-amd64/jre/lib/ext/zipfs.jar
7f5ae7cb9000-7f5ae7ce6000 rw-p 00000000 00:00 0 
7f5ae7ce6000-7f5ae7d92000 rw-p 00000000 00:00 0 
7f5ae7d92000-7f5ae7d95000 ---p 00000000 00:00 0 
7f5ae7d95000-7f5ae7e98000 rw-p 00000000 00:00 0                          [stack:15810]
7f5ae7e98000-7f5ae7e99000 r--s 00002000 08:01 13246194                   /usr/lib/jvm/java-7-openjdk-amd64/jre/lib/ext/dnsns.jar
7f5ae7e99000-7f5ae7e9d000 r--s 0003c000 08:01 13246191                   /usr/lib/jvm/java-7-openjdk-amd64/jre/lib/ext/sunpkcs11.jar
7f5ae7e9d000-7f5ae7e9f000 r--s 00006000 08:01 13500519                   /usr/share/java/java-atk-wrapper.jar
7f5ae7e9f000-7f5ae7ea3000 r--s 00034000 08:01 13246193                   /usr/lib/jvm/java-7-openjdk-amd64/jre/lib/ext/sunjce_provider.jar
7f5ae7ea3000-7f5ae7ea7000 r--s 00085000 08:01 13246192                   /usr/lib/jvm/java-7-openjdk-amd64/jre/lib/ext/localedata.jar
7f5ae7ea7000-7f5ae7eaa000 r--s 0000f000 08:01 13246189                   /usr/lib/jvm/java-7-openjdk-amd64/jre/lib/ext/icedtea-sound.jar
7f5ae7eaa000-7f5ae7eb2000 rw-s 00000000 08:01 1574838                    /tmp/hsperfdata_pcs20/15808
7f5ae7eb2000-7f5ae7eb3000 rw-p 00000000 00:00 0 
7f5ae7eb3000-7f5ae7eb4000 r--p 00000000 00:00 0 
7f5ae7eb4000-7f5ae7eb6000 rw-p 00000000 00:00 0 
7f5ae7eb6000-7f5ae7eb7000 r--p 00022000 08:01 6820745                    /lib/x86_64-linux-gnu/ld-2.19.so
7f5ae7eb7000-7f5ae7eb8000 rw-p 00023000 08:01 6820745                    /lib/x86_64-linux-gnu/ld-2.19.so
7f5ae7eb8000-7f5ae7eb9000 rw-p 00000000 00:00 0 
7fff2fd98000-7fff2fdb9000 rw-p 00000000 00:00 0                          [stack]
7fff2fdfe000-7fff2fe00000 r-xp 00000000 00:00 0                          [vdso]
ffffffffff600000-ffffffffff601000 r-xp 00000000 00:00 0                  [vsyscall]

VM Arguments:
jvm_args: -XX:MaxPermSize=256m -XX:+HeapDumpOnOutOfMemoryError -Xmx1024m -Dfile.encoding=UTF-8 -Duser.country=IN -Duser.language=en -Duser.variant 
java_command: org.gradle.launcher.daemon.bootstrap.GradleDaemon 2.2.1 /home/pcs20/.gradle/daemon 10800000 c6877e89-c971-47e5-af40-5596e15c68a2 -XX:MaxPermSize=256m -XX:+HeapDumpOnOutOfMemoryError -Xmx1024m -Dfile.encoding=UTF-8 -Duser.country=IN -Duser.language=en -Duser.variant
Launcher Type: SUN_STANDARD

Environment Variables:
CLASSPATH=/home/pcs20/Desktop/Android/android-studio/bin/../lib/bootstrap.jar:/home/pcs20/Desktop/Android/android-studio/bin/../lib/extensions.jar:/home/pcs20/Desktop/Android/android-studio/bin/../lib/util.jar:/home/pcs20/Desktop/Android/android-studio/bin/../lib/jdom.jar:/home/pcs20/Desktop/Android/android-studio/bin/../lib/log4j.jar:/home/pcs20/Desktop/Android/android-studio/bin/../lib/trove4j.jar:/home/pcs20/Desktop/Android/android-studio/bin/../lib/jna.jar:/usr/lib/jvm/java-7-openjdk-amd64/lib/tools.jar
PATH=/usr/local/sbin:/usr/local/bin:/usr/sbin:/usr/bin:/sbin:/bin:/usr/games:/usr/local/games:/usr/lib/jvm/java-6-openjdk-amd64
LD_LIBRARY_PATH=/home/pcs20/Desktop/Android/android-studio/bin:
SHELL=/bin/bash
DISPLAY=:0

Signal Handlers:
SIGSEGV: [libjvm.so+0x9495e0], sa_mask[0]=0x7ffbfeff, sa_flags=0x10000004
SIGBUS: [libjvm.so+0x9495e0], sa_mask[0]=0x7ffbfeff, sa_flags=0x10000004
SIGFPE: [libjvm.so+0x7c3410], sa_mask[0]=0x7ffbfeff, sa_flags=0x10000004
SIGPIPE: [libjvm.so+0x7c3410], sa_mask[0]=0x7ffbfeff, sa_flags=0x10000004
SIGXFSZ: [libjvm.so+0x7c3410], sa_mask[0]=0x7ffbfeff, sa_flags=0x10000004
SIGILL: [libjvm.so+0x7c3410], sa_mask[0]=0x7ffbfeff, sa_flags=0x10000004
SIGUSR1: SIG_DFL, sa_mask[0]=0x00000000, sa_flags=0x00000000
SIGUSR2: [libjvm.so+0x7c32b0], sa_mask[0]=0x00000004, sa_flags=0x10000004
SIGHUP: [libjvm.so+0x7c3490], sa_mask[0]=0x7ffbfeff, sa_flags=0x10000004
SIGINT: [libjvm.so+0x7c3490], sa_mask[0]=0x7ffbfeff, sa_flags=0x10000004
SIGTERM: [libjvm.so+0x7c3490], sa_mask[0]=0x7ffbfeff, sa_flags=0x10000004
SIGQUIT: [libjvm.so+0x7c3490], sa_mask[0]=0x7ffbfeff, sa_flags=0x10000004
SIGTRAP: SIG_DFL, sa_mask[0]=0x00000000, sa_flags=0x00000000


---------------  S Y S T E M  ---------------

OS:Ubuntu 14.04 (trusty)
uname:Linux 3.13.0-32-generic #57-Ubuntu SMP Tue Jul 15 03:51:08 UTC 2014 x86_64
libc:glibc 2.19 NPTL 2.19 
rlimit: STACK 8192k, CORE 0k, NPROC 46765, NOFILE 4096, AS infinity
load average:5.26 1.89 1.43

/proc/meminfo:
MemTotal:        6007556 kB
MemFree:          184256 kB
Buffers:             996 kB
Cached:           463108 kB
SwapCached:       106612 kB
Active:          4324628 kB
Inactive:        1091808 kB
Active(anon):    4308732 kB
Inactive(anon):  1024648 kB
Active(file):      15896 kB
Inactive(file):    67160 kB
Unevictable:          48 kB
Mlocked:              48 kB
SwapTotal:       9764860 kB
SwapFree:        8625024 kB
Dirty:               628 kB
Writeback:             0 kB
AnonPages:       4859384 kB
Mapped:           135764 kB
Shmem:            380968 kB
Slab:             256424 kB
SReclaimable:     210592 kB
SUnreclaim:        45832 kB
KernelStack:        6456 kB
PageTables:        61100 kB
NFS_Unstable:          0 kB
Bounce:                0 kB
WritebackTmp:          0 kB
CommitLimit:    12768636 kB
Committed_AS:   14239904 kB
VmallocTotal:   34359738367 kB
VmallocUsed:      356840 kB
VmallocChunk:   34359372764 kB
HardwareCorrupted:     0 kB
AnonHugePages:   1916928 kB
HugePages_Total:       0
HugePages_Free:        0
HugePages_Rsvd:        0
HugePages_Surp:        0
Hugepagesize:       2048 kB
DirectMap4k:       60752 kB
DirectMap2M:     6125568 kB


CPU:total 2 (2 cores per cpu, 1 threads per core) family 6 model 58 stepping 9, cmov, cx8, fxsr, mmx, sse, sse2, sse3, ssse3, sse4.1, sse4.2, popcnt, erms, tsc, tscinvbit, tscinv

/proc/cpuinfo:
processor	: 0
vendor_id	: GenuineIntel
cpu family	: 6
model		: 58
model name	: Intel(R) Pentium(R) CPU G2030 @ 3.00GHz
stepping	: 9
microcode	: 0xc
cpu MHz		: 3000.000
cache size	: 3072 KB
physical id	: 0
siblings	: 2
core id		: 0
cpu cores	: 2
apicid		: 0
initial apicid	: 0
fpu		: yes
fpu_exception	: yes
cpuid level	: 13
wp		: yes
flags		: fpu vme de pse tsc msr pae mce cx8 apic sep mtrr pge mca cmov pat pse36 clflush dts acpi mmx fxsr sse sse2 ss ht tm pbe syscall nx rdtscp lm constant_tsc arch_perfmon pebs bts rep_good nopl xtopology nonstop_tsc aperfmperf eagerfpu pni pclmulqdq dtes64 monitor ds_cpl vmx est tm2 ssse3 cx16 xtpr pdcm pcid sse4_1 sse4_2 popcnt tsc_deadline_timer xsave lahf_lm arat epb xsaveopt pln pts dtherm tpr_shadow vnmi flexpriority ept vpid fsgsbase smep erms
bogomips	: 5986.18
clflush size	: 64
cache_alignment	: 64
address sizes	: 36 bits physical, 48 bits virtual
power management:

processor	: 1
vendor_id	: GenuineIntel
cpu family	: 6
model		: 58
model name	: Intel(R) Pentium(R) CPU G2030 @ 3.00GHz
stepping	: 9
microcode	: 0xc
cpu MHz		: 3000.000
cache size	: 3072 KB
physical id	: 0
siblings	: 2
core id		: 1
cpu cores	: 2
apicid		: 2
initial apicid	: 2
fpu		: yes
fpu_exception	: yes
cpuid level	: 13
wp		: yes
flags		: fpu vme de pse tsc msr pae mce cx8 apic sep mtrr pge mca cmov pat pse36 clflush dts acpi mmx fxsr sse sse2 ss ht tm pbe syscall nx rdtscp lm constant_tsc arch_perfmon pebs bts rep_good nopl xtopology nonstop_tsc aperfmperf eagerfpu pni pclmulqdq dtes64 monitor ds_cpl vmx est tm2 ssse3 cx16 xtpr pdcm pcid sse4_1 sse4_2 popcnt tsc_deadline_timer xsave lahf_lm arat epb xsaveopt pln pts dtherm tpr_shadow vnmi flexpriority ept vpid fsgsbase smep erms
bogomips	: 5986.18
clflush size	: 64
cache_alignment	: 64
address sizes	: 36 bits physical, 48 bits virtual
power management:



Memory: 4k page, physical 6007556k(184256k free), swap 9764860k(8625024k free)

vm_info: OpenJDK 64-Bit Server VM (24.65-b04) for linux-amd64 JRE (1.7.0_65-b32), built on Oct 22 2014 04:37:44 by "buildd" with gcc 4.8.2

time: Tue Jan 27 15:29:14 2015
elapsed time: 634 seconds

