#
# A fatal error has been detected by the Java Runtime Environment:
#
#  SIGSEGV (0xb) at pc=0x0000000000000000, pid=14924, tid=140422224647936
#
# JRE version: OpenJDK Runtime Environment (7.0_65-b32) (build 1.7.0_65-b32)
# Java VM: OpenJDK 64-Bit Server VM (24.65-b04 mixed mode linux-amd64 compressed oops)
# Derivative: IcedTea 2.5.3
# Distribution: Ubuntu 14.04 LTS, package 7u71-2.5.3-0ubuntu0.14.04.1
# Problematic frame:
# C  0x0000000000000000
#
# Failed to write core dump. Core dumps have been disabled. To enable core dumping, try "ulimit -c unlimited" before starting Java again
#
# If you would like to submit a bug report, please include
# instructions on how to reproduce the bug and visit:
#   http://icedtea.classpath.org/bugzilla
#

---------------  T H R E A D  ---------------

Current thread (0x00007fb6ac0a9800):  JavaThread "C2 CompilerThread1" daemon [_thread_in_native, id=14934, stack(0x00007fb698c19000,0x00007fb698d1a000)]

siginfo:si_signo=SIGSEGV: si_errno=0, si_code=1 (SEGV_MAPERR), si_addr=0x0000000000000000

Registers:
RAX=0x00007fb6883e2388, RBX=0x00007fb6889539a0, RCX=0x0000000000000000, RDX=0x00007fb688746580
RSP=0x00007fb698d15018, RBP=0x00007fb698d15080, RSI=0x00007fb6889539a0, RDI=0x00007fb6889539a0
R8 =0x00007fb6885f4040, R9 =0x00007fb68522de20, R10=0x0000000000000001, R11=0x0000000000000000
R12=0x00007fb698d15120, R13=0x00007fb698d154b0, R14=0x00007fb698d15100, R15=0x00007fb698d15eb0
RIP=0x0000000000000000, EFLAGS=0x0000000000010246, CSGSFS=0x0000000000000033, ERR=0x0000000000000014
  TRAPNO=0x000000000000000e

Top of Stack: (sp=0x00007fb698d15018)
0x00007fb698d15018:   00007fb6b2731881 00007fb698d15080
0x00007fb698d15028:   00007fb698d168b8 00007fb6700886e8
0x00007fb698d15038:   00007fb698d16878 00007fb698d16898
0x00007fb698d15048:   00007fb68522de20 00007fb698d15080
0x00007fb698d15058:   00007fb6ac01cbb0 00007fb698d15120
0x00007fb698d15068:   00007fb698d154b0 00007fb698d15100
0x00007fb698d15078:   0000000000000001 00007fb698d15390
0x00007fb698d15088:   00007fb6b26383d9 00007fb6840026e0
0x00007fb698d15098:   0100000000000000 0000000100000007
0x00007fb698d150a8:   00007fb698d154d0 00007fb600000000
0x00007fb698d150b8:   000000000011ca90 00007fb688440948
0x00007fb698d150c8:   00007fb6884389b0 00007fb698d150e0
0x00007fb698d150d8:   00007fb688438960 00007fb6b2ccd450
0x00007fb698d150e8:   00007fb6ac01cbb0 00007fb600000200
0x00007fb698d150f8:   00007fb6886e9b40 00007fb688cf1020
0x00007fb698d15108:   00007fb688d0ba40 00007fb688cf1030
0x00007fb698d15118:   00007fb6ac01cbb0 00007fb6ac01cbb0
0x00007fb698d15128:   00007fb600000800 00007fb68871d570
0x00007fb698d15138:   0000000000000000 00007fb6ac01cbb0
0x00007fb698d15148:   0000000000000004 00007fb6886b9060
0x00007fb698d15158:   0000000000000000 00007fb698d151c0
0x00007fb698d15168:   0000000000000100 0000015b98d151d0
0x00007fb698d15178:   0000000000000020 0000000000000004
0x00007fb698d15188:   0000007b0000008e 0000000000000000
0x00007fb698d15198:   00007fb698d151bf 00007fb6840026e0
0x00007fb698d151a8:   0000000000000002 00007fb60000007c
0x00007fb698d151b8:   00007fb6b28290c9 00007fb698d15220
0x00007fb698d151c8:   00007fb6b23fe5b9 0000000000000010
0x00007fb698d151d8:   000000000000585c 00007fb689289898
0x00007fb698d151e8:   00007fb688000020 0000000000020010
0x00007fb698d151f8:   0000000000000000 0000000000000000
0x00007fb698d15208:   0000000000020010 0000000000000000 

Instructions: (pc=0x0000000000000000)
0xffffffffffffffe0:   

Register to memory mapping:

RAX=0x00007fb6883e2388 is an unknown value
RBX=0x00007fb6889539a0 is an unknown value
RCX=0x0000000000000000 is an unknown value
RDX=0x00007fb688746580 is an unknown value
RSP=0x00007fb698d15018 is pointing into the stack for thread: 0x00007fb6ac0a9800
RBP=0x00007fb698d15080 is pointing into the stack for thread: 0x00007fb6ac0a9800
RSI=0x00007fb6889539a0 is an unknown value
RDI=0x00007fb6889539a0 is an unknown value
R8 =0x00007fb6885f4040 is an unknown value
R9 =0x00007fb68522de20 is an unknown value
R10=0x0000000000000001 is an unknown value
R11=0x0000000000000000 is an unknown value
R12=0x00007fb698d15120 is pointing into the stack for thread: 0x00007fb6ac0a9800
R13=0x00007fb698d154b0 is pointing into the stack for thread: 0x00007fb6ac0a9800
R14=0x00007fb698d15100 is pointing into the stack for thread: 0x00007fb6ac0a9800
R15=0x00007fb698d15eb0 is pointing into the stack for thread: 0x00007fb6ac0a9800


Stack: [0x00007fb698c19000,0x00007fb698d1a000],  sp=0x00007fb698d15018,  free space=1008k

Current CompileTask:
C2: 403726 1092             java.lang.Class::privateGetPublicMethods (247 bytes)


---------------  P R O C E S S  ---------------

Java Threads: ( => current thread )
  0x00007fb670011000 JavaThread "Stdin handler" [_thread_blocked, id=15219, stack(0x00007fb6826dc000,0x00007fb6827dd000)]
  0x00007fb66c00f000 JavaThread "Daemon worker Thread 2" [_thread_in_native, id=15216, stack(0x00007fb6828e5000,0x00007fb6829e6000)]
  0x00007fb66c00b000 JavaThread "Cancel handler" [_thread_blocked, id=15215, stack(0x00007fb6829e6000,0x00007fb682ae7000)]
  0x00007fb66c009800 JavaThread "Handler for socket connection from /127.0.0.1:44684 to /127.0.0.1:44189" [_thread_in_native, id=15214, stack(0x00007fb6827e4000,0x00007fb6828e5000)]
  0x00007fb67800a800 JavaThread "Daemon Thread 2" [_thread_blocked, id=15213, stack(0x00007fb682ae7000,0x00007fb682be8000)]
  0x0000000001c73800 JavaThread "File lock request listener" [_thread_in_native, id=14948, stack(0x00007fb682537000,0x00007fb682638000)]
  0x00007fb6ac9ac800 JavaThread "Incoming local TCP Connector on port 44684" [_thread_in_native, id=14938, stack(0x00007fb682be8000,0x00007fb682ce9000)]
  0x00007fb6ac0ac000 JavaThread "Service Thread" daemon [_thread_blocked, id=14935, stack(0x00007fb698b18000,0x00007fb698c19000)]
=>0x00007fb6ac0a9800 JavaThread "C2 CompilerThread1" daemon [_thread_in_native, id=14934, stack(0x00007fb698c19000,0x00007fb698d1a000)]
  0x00007fb6ac0a6800 JavaThread "C2 CompilerThread0" daemon [_thread_in_native, id=14933, stack(0x00007fb698d1a000,0x00007fb698e1b000)]
  0x00007fb6ac0a4800 JavaThread "Signal Dispatcher" daemon [_thread_blocked, id=14932, stack(0x00007fb698e1b000,0x00007fb698f1c000)]
  0x00007fb6ac078000 JavaThread "Finalizer" daemon [_thread_blocked, id=14931, stack(0x00007fb6995fe000,0x00007fb6996ff000)]
  0x00007fb6ac076000 JavaThread "Reference Handler" daemon [_thread_blocked, id=14930, stack(0x00007fb6996ff000,0x00007fb699800000)]
  0x00007fb6ac00a800 JavaThread "main" [_thread_blocked, id=14926, stack(0x00007fb6b3a2d000,0x00007fb6b3b2e000)]

Other Threads:
  0x00007fb6ac071800 VMThread [stack: 0x00007fb6a8020000,0x00007fb6a8121000] [id=14929]
  0x00007fb6ac0b7000 WatcherThread [stack: 0x00007fb698a17000,0x00007fb698b18000] [id=14936]

VM state:not at safepoint (normal execution)

VM Mutex/Monitor currently owned by a thread: None

Heap
 PSYoungGen      total 266240K, used 68295K [0x00000000eaa80000, 0x00000000fc400000, 0x0000000100000000)
  eden space 245248K, 27% used [0x00000000eaa80000,0x00000000eed31c28,0x00000000f9a00000)
  from space 20992K, 0% used [0x00000000faf80000,0x00000000faf80000,0x00000000fc400000)
  to   space 21504K, 0% used [0x00000000f9a00000,0x00000000f9a00000,0x00000000faf00000)
 ParOldGen       total 62464K, used 43350K [0x00000000c0000000, 0x00000000c3d00000, 0x00000000eaa80000)
  object space 62464K, 69% used [0x00000000c0000000,0x00000000c2a558e8,0x00000000c3d00000)
 PSPermGen       total 92160K, used 46123K [0x00000000b0000000, 0x00000000b5a00000, 0x00000000c0000000)
  object space 92160K, 50% used [0x00000000b0000000,0x00000000b2d0adb8,0x00000000b5a00000)

Card table byte_map: [0x00007fb6b03f3000,0x00007fb6b0674000] byte_map_base: 0x00007fb6afe73000

Polling page: 0x00007fb6b3b4e000

Code Cache  [0x00007fb6a9000000, 0x00007fb6a9460000, 0x00007fb6ac000000)
 total_blobs=1638 nmethods=1019 adapters=572 free_code_cache=44735Kb largest_free_block=45744576

Compilation events (10 events):
Event: 403.238 Thread 0x00007fb6ac0a6800 nmethod 1087 0x00007fb6a931b2d0 code [0x00007fb6a931b500, 0x00007fb6a931bc98]
Event: 403.238 Thread 0x00007fb6ac0a6800 1088 %           java.lang.Class::privateGetPublicMethods @ 129 (247 bytes)
Event: 403.259 Thread 0x00007fb6ac0a6800 nmethod 1088% 0x00007fb6a9454a10 code [0x00007fb6a9454c40, 0x00007fb6a9455a10]
Event: 403.259 Thread 0x00007fb6ac0a6800 1089             com.sun.beans.TypeResolver::resolve (37 bytes)
Event: 403.262 Thread 0x00007fb6ac0a9800 nmethod 1085 0x00007fb6a930be50 code [0x00007fb6a930c0e0, 0x00007fb6a930d8a0]
Event: 403.304 Thread 0x00007fb6ac0a9800 1090             java.lang.Number::<init> (5 bytes)
Event: 403.308 Thread 0x00007fb6ac0a9800 nmethod 1090 0x00007fb6a931b0d0 code [0x00007fb6a931b200, 0x00007fb6a931b258]
Event: 403.308 Thread 0x00007fb6ac0a9800 1091             java.util.TimSort::binarySort (223 bytes)
Event: 403.314 Thread 0x00007fb6ac0a9800 nmethod 1091 0x00007fb6a945f1d0 code [0x00007fb6a945f340, 0x00007fb6a945fa58]
Event: 403.314 Thread 0x00007fb6ac0a9800 1092             java.lang.Class::privateGetPublicMethods (247 bytes)

GC Heap History (10 events):
Event: 6.230 GC heap before
{Heap before GC invocations=9 (full 0):
 PSYoungGen      total 107008K, used 100408K [0x00000000eaa80000, 0x00000000f1b80000, 0x0000000100000000)
  eden space 98304K, 100% used [0x00000000eaa80000,0x00000000f0a80000,0x00000000f0a80000)
  from space 8704K, 24% used [0x00000000f1300000,0x00000000f150e168,0x00000000f1b80000)
  to   space 8704K, 0% used [0x00000000f0a80000,0x00000000f0a80000,0x00000000f1300000)
 ParOldGen       total 62464K, used 12478K [0x00000000c0000000, 0x00000000c3d00000, 0x00000000eaa80000)
  object space 62464K, 19% used [0x00000000c0000000,0x00000000c0c2fad0,0x00000000c3d00000)
 PSPermGen       total 28160K, used 27683K [0x00000000b0000000, 0x00000000b1b80000, 0x00000000c0000000)
  object space 28160K, 98% used [0x00000000b0000000,0x00000000b1b08de8,0x00000000b1b80000)
Event: 6.242 GC heap after
Heap after GC invocations=9 (full 0):
 PSYoungGen      total 107008K, used 8699K [0x00000000eaa80000, 0x00000000f5880000, 0x0000000100000000)
  eden space 98304K, 0% used [0x00000000eaa80000,0x00000000eaa80000,0x00000000f0a80000)
  from space 8704K, 99% used [0x00000000f0a80000,0x00000000f12fec38,0x00000000f1300000)
  to   space 10240K, 0% used [0x00000000f4e80000,0x00000000f4e80000,0x00000000f5880000)
 ParOldGen       total 62464K, used 13876K [0x00000000c0000000, 0x00000000c3d00000, 0x00000000eaa80000)
  object space 62464K, 22% used [0x00000000c0000000,0x00000000c0d8d190,0x00000000c3d00000)
 PSPermGen       total 28160K, used 27683K [0x00000000b0000000, 0x00000000b1b80000, 0x00000000c0000000)
  object space 28160K, 98% used [0x00000000b0000000,0x00000000b1b08de8,0x00000000b1b80000)
}
Event: 8.267 GC heap before
{Heap before GC invocations=10 (full 0):
 PSYoungGen      total 107008K, used 107003K [0x00000000eaa80000, 0x00000000f5880000, 0x0000000100000000)
  eden space 98304K, 100% used [0x00000000eaa80000,0x00000000f0a80000,0x00000000f0a80000)
  from space 8704K, 99% used [0x00000000f0a80000,0x00000000f12fec38,0x00000000f1300000)
  to   space 10240K, 0% used [0x00000000f4e80000,0x00000000f4e80000,0x00000000f5880000)
 ParOldGen       total 62464K, used 13876K [0x00000000c0000000, 0x00000000c3d00000, 0x00000000eaa80000)
  object space 62464K, 22% used [0x00000000c0000000,0x00000000c0d8d190,0x00000000c3d00000)
 PSPermGen       total 33280K, used 33102K [0x00000000b0000000, 0x00000000b2080000, 0x00000000c0000000)
  object space 33280K, 99% used [0x00000000b0000000,0x00000000b2053aa0,0x00000000b2080000)
Event: 8.306 GC heap after
Heap after GC invocations=10 (full 0):
 PSYoungGen      total 163328K, used 10240K [0x00000000eaa80000, 0x00000000f6180000, 0x0000000100000000)
  eden space 153088K, 0% used [0x00000000eaa80000,0x00000000eaa80000,0x00000000f4000000)
  from space 10240K, 100% used [0x00000000f4e80000,0x00000000f5880000,0x00000000f5880000)
  to   space 14848K, 0% used [0x00000000f4000000,0x00000000f4000000,0x00000000f4e80000)
 ParOldGen       total 62464K, used 22094K [0x00000000c0000000, 0x00000000c3d00000, 0x00000000eaa80000)
  object space 62464K, 35% used [0x00000000c0000000,0x00000000c1593970,0x00000000c3d00000)
 PSPermGen       total 33280K, used 33102K [0x00000000b0000000, 0x00000000b2080000, 0x00000000c0000000)
  object space 33280K, 99% used [0x00000000b0000000,0x00000000b2053aa0,0x00000000b2080000)
}
Event: 12.202 GC heap before
{Heap before GC invocations=11 (full 0):
 PSYoungGen      total 163328K, used 163328K [0x00000000eaa80000, 0x00000000f6180000, 0x0000000100000000)
  eden space 153088K, 100% used [0x00000000eaa80000,0x00000000f4000000,0x00000000f4000000)
  from space 10240K, 100% used [0x00000000f4e80000,0x00000000f5880000,0x00000000f5880000)
  to   space 14848K, 0% used [0x00000000f4000000,0x00000000f4000000,0x00000000f4e80000)
 ParOldGen       total 62464K, used 22094K [0x00000000c0000000, 0x00000000c3d00000, 0x00000000eaa80000)
  object space 62464K, 35% used [0x00000000c0000000,0x00000000c1593970,0x00000000c3d00000)
 PSPermGen       total 39424K, used 39175K [0x00000000b0000000, 0x00000000b2680000, 0x00000000c0000000)
  object space 39424K, 99% used [0x00000000b0000000,0x00000000b2641e48,0x00000000b2680000)
Event: 12.261 GC heap after
Heap after GC invocations=11 (full 0):
 PSYoungGen      total 167936K, used 14835K [0x00000000eaa80000, 0x00000000fc500000, 0x0000000100000000)
  eden space 153088K, 0% used [0x00000000eaa80000,0x00000000eaa80000,0x00000000f4000000)
  from space 14848K, 99% used [0x00000000f4000000,0x00000000f4e7ce08,0x00000000f4e80000)
  to   space 22016K, 0% used [0x00000000faf80000,0x00000000faf80000,0x00000000fc500000)
 ParOldGen       total 62464K, used 34944K [0x00000000c0000000, 0x00000000c3d00000, 0x00000000eaa80000)
  object space 62464K, 55% used [0x00000000c0000000,0x00000000c22200e0,0x00000000c3d00000)
 PSPermGen       total 39424K, used 39175K [0x00000000b0000000, 0x00000000b2680000, 0x00000000c0000000)
  object space 39424K, 99% used [0x00000000b0000000,0x00000000b2641e48,0x00000000b2680000)
}
Event: 18.429 GC heap before
{Heap before GC invocations=12 (full 0):
 PSYoungGen      total 167936K, used 121754K [0x00000000eaa80000, 0x00000000fc500000, 0x0000000100000000)
  eden space 153088K, 69% used [0x00000000eaa80000,0x00000000f12e9c88,0x00000000f4000000)
  from space 14848K, 99% used [0x00000000f4000000,0x00000000f4e7ce08,0x00000000f4e80000)
  to   space 22016K, 0% used [0x00000000faf80000,0x00000000faf80000,0x00000000fc500000)
 ParOldGen       total 62464K, used 34944K [0x00000000c0000000, 0x00000000c3d00000, 0x00000000eaa80000)
  object space 62464K, 55% used [0x00000000c0000000,0x00000000c22200e0,0x00000000c3d00000)
 PSPermGen       total 46080K, used 45978K [0x00000000b0000000, 0x00000000b2d00000, 0x00000000c0000000)
  object space 46080K, 99% used [0x00000000b0000000,0x00000000b2ce6bf0,0x00000000b2d00000)
Event: 18.469 GC heap after
Heap after GC invocations=12 (full 0):
 PSYoungGen      total 266240K, used 10497K [0x00000000eaa80000, 0x00000000fc400000, 0x0000000100000000)
  eden space 245248K, 0% used [0x00000000eaa80000,0x00000000eaa80000,0x00000000f9a00000)
  from space 20992K, 50% used [0x00000000faf80000,0x00000000fb9c07d8,0x00000000fc400000)
  to   space 21504K, 0% used [0x00000000f9a00000,0x00000000f9a00000,0x00000000faf00000)
 ParOldGen       total 62464K, used 49247K [0x00000000c0000000, 0x00000000c3d00000, 0x00000000eaa80000)
  object space 62464K, 78% used [0x00000000c0000000,0x00000000c3017ec8,0x00000000c3d00000)
 PSPermGen       total 46080K, used 45978K [0x00000000b0000000, 0x00000000b2d00000, 0x00000000c0000000)
  object space 46080K, 99% used [0x00000000b0000000,0x00000000b2ce6bf0,0x00000000b2d00000)
}
Event: 18.470 GC heap before
{Heap before GC invocations=13 (full 1):
 PSYoungGen      total 266240K, used 10497K [0x00000000eaa80000, 0x00000000fc400000, 0x0000000100000000)
  eden space 245248K, 0% used [0x00000000eaa80000,0x00000000eaa80000,0x00000000f9a00000)
  from space 20992K, 50% used [0x00000000faf80000,0x00000000fb9c07d8,0x00000000fc400000)
  to   space 21504K, 0% used [0x00000000f9a00000,0x00000000f9a00000,0x00000000faf00000)
 ParOldGen       total 62464K, used 49247K [0x00000000c0000000, 0x00000000c3d00000, 0x00000000eaa80000)
  object space 62464K, 78% used [0x00000000c0000000,0x00000000c3017ec8,0x00000000c3d00000)
 PSPermGen       total 46080K, used 45978K [0x00000000b0000000, 0x00000000b2d00000, 0x00000000c0000000)
  object space 46080K, 99% used [0x00000000b0000000,0x00000000b2ce6bf0,0x00000000b2d00000)
Event: 18.934 GC heap after
Heap after GC invocations=13 (full 1):
 PSYoungGen      total 266240K, used 0K [0x00000000eaa80000, 0x00000000fc400000, 0x0000000100000000)
  eden space 245248K, 0% used [0x00000000eaa80000,0x00000000eaa80000,0x00000000f9a00000)
  from space 20992K, 0% used [0x00000000faf80000,0x00000000faf80000,0x00000000fc400000)
  to   space 21504K, 0% used [0x00000000f9a00000,0x00000000f9a00000,0x00000000faf00000)
 ParOldGen       total 62464K, used 43350K [0x00000000c0000000, 0x00000000c3d00000, 0x00000000eaa80000)
  object space 62464K, 69% used [0x00000000c0000000,0x00000000c2a558e8,0x00000000c3d00000)
 PSPermGen       total 92160K, used 45921K [0x00000000b0000000, 0x00000000b5a00000, 0x00000000c0000000)
  object space 92160K, 49% used [0x00000000b0000000,0x00000000b2cd8408,0x00000000b5a00000)
}

Deoptimization events (10 events):
Event: 403.080 Thread 0x00007fb66c00f000 Uncommon trap: reason=class_check action=maybe_recompile pc=0x00007fb6a9338114 method=org.codehaus.groovy.util.AbstractConcurrentMap.segmentFor(I)Lorg/codehaus/groovy/util/AbstractConcurrentMap$Segment; @ 5
Event: 403.215 Thread 0x00007fb66c00f000 Uncommon trap: reason=array_check action=maybe_recompile pc=0x00007fb6a92317f0 method=java.util.TimSort.binarySort([Ljava/lang/Object;IIILjava/util/Comparator;)V @ 193
Event: 403.215 Thread 0x00007fb66c00f000 Uncommon trap: reason=array_check action=maybe_recompile pc=0x00007fb6a92317f0 method=java.util.TimSort.binarySort([Ljava/lang/Object;IIILjava/util/Comparator;)V @ 193
Event: 403.307 Thread 0x00007fb66c00f000 Uncommon trap: reason=array_check action=maybe_recompile pc=0x00007fb6a92317f0 method=java.util.TimSort.binarySort([Ljava/lang/Object;IIILjava/util/Comparator;)V @ 193
Event: 403.327 Thread 0x00007fb66c00f000 Uncommon trap: reason=class_check action=maybe_recompile pc=0x00007fb6a92024f4 method=org.gradle.api.internal.DefaultNamedDomainObjectCollection.findByNameWithoutRules(Ljava/lang/String;)Ljava/lang/Object; @ 4
Event: 403.327 Thread 0x00007fb66c00f000 Uncommon trap: reason=class_check action=maybe_recompile pc=0x00007fb6a92024f4 method=org.gradle.api.internal.DefaultNamedDomainObjectCollection.findByNameWithoutRules(Ljava/lang/String;)Ljava/lang/Object; @ 4
Event: 403.327 Thread 0x00007fb66c00f000 Uncommon trap: reason=class_check action=maybe_recompile pc=0x00007fb6a92024f4 method=org.gradle.api.internal.DefaultNamedDomainObjectCollection.findByNameWithoutRules(Ljava/lang/String;)Ljava/lang/Object; @ 4
Event: 403.327 Thread 0x00007fb66c00f000 Uncommon trap: reason=class_check action=maybe_recompile pc=0x00007fb6a92024f4 method=org.gradle.api.internal.DefaultNamedDomainObjectCollection.findByNameWithoutRules(Ljava/lang/String;)Ljava/lang/Object; @ 4
Event: 403.368 Thread 0x00007fb66c00f000 Uncommon trap: reason=array_check action=maybe_recompile pc=0x00007fb6a945f8e8 method=java.util.TimSort.binarySort([Ljava/lang/Object;IIILjava/util/Comparator;)V @ 183
Event: 403.368 Thread 0x00007fb66c00f000 Uncommon trap: reason=array_check action=maybe_recompile pc=0x00007fb6a945f8e8 method=java.util.TimSort.binarySort([Ljava/lang/Object;IIILjava/util/Comparator;)V @ 183

Internal exceptions (10 events):
Event: 403.369 Thread 0x00007fb66c00f000 Threw 0x00000000ee52b628 at /build/buildd/openjdk-7-7u71-2.5.3/build/openjdk/hotspot/src/share/vm/classfile/systemDictionary.cpp:185
Event: 403.375 Thread 0x00007fb66c00f000 Threw 0x00000000ee5482d0 at /build/buildd/openjdk-7-7u71-2.5.3/build/openjdk/hotspot/src/share/vm/prims/jvm.cpp:1284
Event: 403.375 Thread 0x00007fb66c00f000 Threw 0x00000000ee548f48 at /build/buildd/openjdk-7-7u71-2.5.3/build/openjdk/hotspot/src/share/vm/prims/jvm.cpp:1284
Event: 403.375 Thread 0x00007fb66c00f000 Threw 0x00000000ee5503a0 at /build/buildd/openjdk-7-7u71-2.5.3/build/openjdk/hotspot/src/share/vm/prims/jvm.cpp:1284
Event: 403.376 Thread 0x00007fb66c00f000 Threw 0x00000000ee5579c0 at /build/buildd/openjdk-7-7u71-2.5.3/build/openjdk/hotspot/src/share/vm/prims/jvm.cpp:1284
Event: 403.376 Thread 0x00007fb66c00f000 Threw 0x00000000ee5586c8 at /build/buildd/openjdk-7-7u71-2.5.3/build/openjdk/hotspot/src/share/vm/prims/jvm.cpp:1284
Event: 403.376 Thread 0x00007fb66c00f000 Threw 0x00000000ee5606f8 at /build/buildd/openjdk-7-7u71-2.5.3/build/openjdk/hotspot/src/share/vm/prims/jvm.cpp:1284
Event: 403.377 Thread 0x00007fb66c00f000 Threw 0x00000000ee567e48 at /build/buildd/openjdk-7-7u71-2.5.3/build/openjdk/hotspot/src/share/vm/prims/jvm.cpp:1284
Event: 403.377 Thread 0x00007fb66c00f000 Threw 0x00000000ee568b50 at /build/buildd/openjdk-7-7u71-2.5.3/build/openjdk/hotspot/src/share/vm/prims/jvm.cpp:1284
Event: 403.377 Thread 0x00007fb66c00f000 Threw 0x00000000ee570b80 at /build/buildd/openjdk-7-7u71-2.5.3/build/openjdk/hotspot/src/share/vm/prims/jvm.cpp:1284

Events (10 events):
Event: 403.410 Executing VM operation: RevokeBias
Event: 403.410 Executing VM operation: RevokeBias done
Event: 403.410 Executing VM operation: RevokeBias
Event: 403.410 Executing VM operation: RevokeBias done
Event: 403.410 Executing VM operation: RevokeBias
Event: 403.410 Executing VM operation: RevokeBias done
Event: 403.411 Executing VM operation: RevokeBias
Event: 403.411 Executing VM operation: RevokeBias done
Event: 403.411 Executing VM operation: RevokeBias
Event: 403.411 Executing VM operation: RevokeBias done


Dynamic libraries:
00400000-00401000 r-xp 00000000 08:01 13246226                           /usr/lib/jvm/java-7-openjdk-amd64/jre/bin/java
00600000-00601000 r--p 00000000 08:01 13246226                           /usr/lib/jvm/java-7-openjdk-amd64/jre/bin/java
00601000-00602000 rw-p 00001000 08:01 13246226                           /usr/lib/jvm/java-7-openjdk-amd64/jre/bin/java
01709000-02446000 rw-p 00000000 00:00 0                                  [heap]
b0000000-b5a00000 rw-p 00000000 00:00 0 
b5a00000-c0000000 rw-p 00000000 00:00 0 
c0000000-c3d00000 rw-p 00000000 00:00 0 
c3d00000-eaa80000 rw-p 00000000 00:00 0 
eaa80000-fc400000 rw-p 00000000 00:00 0 
fc400000-fc500000 ---p 00000000 00:00 0 
fc500000-100000000 rw-p 00000000 00:00 0 
7fb664000000-7fb664021000 rw-p 00000000 00:00 0 
7fb664021000-7fb668000000 ---p 00000000 00:00 0 
7fb66c000000-7fb66c021000 rw-p 00000000 00:00 0 
7fb66c021000-7fb670000000 ---p 00000000 00:00 0 
7fb670000000-7fb6700b9000 rw-p 00000000 00:00 0 
7fb6700b9000-7fb674000000 ---p 00000000 00:00 0 
7fb674000000-7fb674021000 rw-p 00000000 00:00 0 
7fb674021000-7fb678000000 ---p 00000000 00:00 0 
7fb678000000-7fb67802e000 rw-p 00000000 00:00 0 
7fb67802e000-7fb67c000000 ---p 00000000 00:00 0 
7fb67c000000-7fb67c021000 rw-p 00000000 00:00 0 
7fb67c021000-7fb680000000 ---p 00000000 00:00 0 
7fb682035000-7fb682038000 ---p 00000000 00:00 0 
7fb682038000-7fb682136000 rw-p 00000000 00:00 0 
7fb682136000-7fb682139000 ---p 00000000 00:00 0 
7fb682139000-7fb682237000 rw-p 00000000 00:00 0 
7fb682237000-7fb68223a000 ---p 00000000 00:00 0 
7fb68223a000-7fb682338000 rw-p 00000000 00:00 0 
7fb682338000-7fb68233b000 ---p 00000000 00:00 0 
7fb68233b000-7fb682439000 rw-p 00000000 00:00 0 
7fb682439000-7fb68243b000 r--s 0000d000 08:01 5245444                    /home/pcs20/Desktop/Android/android-studio/gradle/m2repository/commons-codec/commons-codec/1.4/commons-codec-1.4.jar
7fb68243b000-7fb68243d000 r--s 0000d000 08:01 5245204                    /home/pcs20/Desktop/Android/android-studio/gradle/m2repository/commons-logging/commons-logging/1.1.1/commons-logging-1.1.1.jar
7fb68243d000-7fb682442000 r--s 00028000 08:01 5245238                    /home/pcs20/Desktop/Android/android-studio/gradle/m2repository/org/apache/httpcomponents/httpcore/4.1/httpcore-4.1.jar
7fb682442000-7fb682444000 r--s 00004000 08:01 5245303                    /home/pcs20/Desktop/Android/android-studio/gradle/m2repository/org/ow2/asm/asm-tree/4.0/asm-tree-4.0.jar
7fb682444000-7fb68244d000 r--s 000a7000 08:01 5245357                    /home/pcs20/Desktop/Android/android-studio/gradle/m2repository/com/android/tools/external/lombok/lombok-ast/0.2.2/lombok-ast-0.2.2.jar
7fb68244d000-7fb68244f000 r--s 0000a000 08:01 5245300                    /home/pcs20/Desktop/Android/android-studio/gradle/m2repository/org/ow2/asm/asm/4.0/asm-4.0.jar
7fb68244f000-7fb682450000 r--s 0000a000 08:01 5245440                    /home/pcs20/Desktop/Android/android-studio/gradle/m2repository/net/sf/kxml/kxml2/2.3.0/kxml2-2.3.0.jar
7fb682450000-7fb68247b000 r--s 001f9000 08:01 5245328                    /home/pcs20/Desktop/Android/android-studio/gradle/m2repository/com/google/guava/guava/17.0/guava-17.0.jar
7fb68247b000-7fb682482000 r--s 00053000 08:01 5245255                    /home/pcs20/Desktop/Android/android-studio/gradle/m2repository/org/apache/commons/commons-compress/1.8.1/commons-compress-1.8.1.jar
7fb682482000-7fb682485000 r--s 00011000 08:01 5245362                    /home/pcs20/Desktop/Android/android-studio/gradle/m2repository/com/android/tools/layoutlib/layoutlib-api/24.0.0/layoutlib-api-24.0.0.jar
7fb682485000-7fb682487000 r--s 00005000 08:01 5245231                    /home/pcs20/Desktop/Android/android-studio/gradle/m2repository/org/apache/httpcomponents/httpmime/4.1/httpmime-4.1.jar
7fb682487000-7fb68248f000 r--s 0004e000 08:01 5245247                    /home/pcs20/Desktop/Android/android-studio/gradle/m2repository/org/apache/httpcomponents/httpclient/4.1.1/httpclient-4.1.1.jar
7fb68248f000-7fb682490000 r--s 00005000 08:01 5245373                    /home/pcs20/Desktop/Android/android-studio/gradle/m2repository/com/android/tools/dvlib/24.0.0/dvlib-24.0.0.jar
7fb682490000-7fb682491000 r--s 00004000 08:01 5245292                    /home/pcs20/Desktop/Android/android-studio/gradle/m2repository/org/ow2/asm/asm-analysis/4.0/asm-analysis-4.0.jar
7fb682491000-7fb682494000 r--s 00029000 08:01 5245349                    /home/pcs20/Desktop/Android/android-studio/gradle/m2repository/com/android/tools/lint/lint-api/24.0.0/lint-api-24.0.0.jar
7fb682494000-7fb6824a4000 r--s 000d3000 08:01 5245422                    /home/pcs20/Desktop/Android/android-studio/gradle/m2repository/net/sf/proguard/proguard-base/5.1/proguard-base-5.1.jar
7fb6824a4000-7fb6824b2000 r--s 00081000 08:01 5245273                    /home/pcs20/Desktop/Android/android-studio/gradle/m2repository/org/bouncycastle/bcpkix-jdk15on/1.48/bcpkix-jdk15on-1.48.jar
7fb6824b2000-7fb6824b4000 r--s 00003000 08:01 5245393                    /home/pcs20/Desktop/Android/android-studio/gradle/m2repository/com/android/tools/build/builder-model/1.0.0/builder-model-1.0.0.jar
7fb6824b4000-7fb6824b7000 r--s 00029000 08:01 5245410                    /home/pcs20/Desktop/Android/android-studio/gradle/m2repository/com/android/tools/build/manifest-merger/24.0.0/manifest-merger-24.0.0.jar
7fb6824b7000-7fb6824bc000 r--s 00042000 08:01 5245383                    /home/pcs20/Desktop/Android/android-studio/gradle/m2repository/com/android/tools/ddms/ddmlib/24.0.0/ddmlib-24.0.0.jar
7fb6824bc000-7fb6824bd000 r--s 00000000 08:01 5245400                    /home/pcs20/Desktop/Android/android-studio/gradle/m2repository/com/android/tools/build/builder-test-api/1.0.0/builder-test-api-1.0.0.jar
7fb6824bd000-7fb6824bf000 r--s 00002000 08:01 5245318                    /home/pcs20/Desktop/Android/android-studio/gradle/m2repository/com/squareup/javawriter/2.5.0/javawriter-2.5.0.jar
7fb6824bf000-7fb6824c1000 r--s 00014000 08:01 5245376                    /home/pcs20/Desktop/Android/android-studio/gradle/m2repository/com/android/tools/common/24.0.0/common-24.0.0.jar
7fb6824c1000-7fb6824cb000 r--s 000a8000 08:01 5245413                    /home/pcs20/Desktop/Android/android-studio/gradle/m2repository/com/android/tools/sdklib/24.0.0/sdklib-24.0.0.jar
7fb6824cb000-7fb6824fe000 r--s 00203000 08:01 5245279                    /home/pcs20/Desktop/Android/android-studio/gradle/m2repository/org/bouncycastle/bcprov-jdk15on/1.48/bcprov-jdk15on-1.48.jar
7fb6824fe000-7fb682503000 r--s 00047000 08:01 5245366                    /home/pcs20/Desktop/Android/android-studio/gradle/m2repository/com/android/tools/sdk-common/24.0.0/sdk-common-24.0.0.jar
7fb682503000-7fb682508000 r--s 0008c000 08:01 5245344                    /home/pcs20/Desktop/Android/android-studio/gradle/m2repository/com/android/tools/lint/lint-checks/24.0.0/lint-checks-24.0.0.jar
7fb682508000-7fb682517000 r--s 001a9000 08:01 5245217                    /home/pcs20/Desktop/Android/android-studio/gradle/m2repository/org/eclipse/jdt/core/compiler/ecj/4.2.2/ecj-4.2.2.jar
7fb682517000-7fb682518000 r--s 00002000 08:01 5245427                    /home/pcs20/Desktop/Android/android-studio/gradle/m2repository/net/sf/proguard/proguard-gradle/5.1/proguard-gradle-5.1.jar
7fb682518000-7fb68251c000 r--s 00031000 08:01 5245390                    /home/pcs20/Desktop/Android/android-studio/gradle/m2repository/com/android/tools/build/builder/1.0.0/builder-1.0.0.jar
7fb68251c000-7fb68251e000 r--s 00018000 08:01 5245339                    /home/pcs20/Desktop/Android/android-studio/gradle/m2repository/com/android/tools/lint/lint/24.0.0/lint-24.0.0.jar
7fb68251e000-7fb68252e000 r--s 00138000 08:01 5245405                    /home/pcs20/Desktop/Android/android-studio/gradle/m2repository/com/android/tools/build/gradle/1.0.0/gradle-1.0.0.jar
7fb68252e000-7fb682537000 r--s 000b9000 08:01 13246115                   /usr/lib/jvm/java-7-openjdk-amd64/jre/lib/resources.jar
7fb682537000-7fb68253a000 ---p 00000000 00:00 0 
7fb68253a000-7fb682638000 rw-p 00000000 00:00 0                          [stack:14948]
7fb682638000-7fb68263b000 ---p 00000000 00:00 0 
7fb68263b000-7fb682671000 rw-p 00000000 00:00 0 
7fb682671000-7fb682672000 r--p 00000000 00:00 0 
7fb682672000-7fb6826dc000 r--s 0069e000 08:01 13246376                   /usr/lib/jvm/java-7-openjdk-amd64/lib/tools.jar
7fb6826dc000-7fb6826df000 ---p 00000000 00:00 0 
7fb6826df000-7fb6827dd000 rw-p 00000000 00:00 0                          [stack:15219]
7fb6827dd000-7fb6827e4000 r--s 00000000 08:01 13507037                   /usr/lib/x86_64-linux-gnu/gconv/gconv-modules.cache
7fb6827e4000-7fb6827e7000 ---p 00000000 00:00 0 
7fb6827e7000-7fb6828e5000 rw-p 00000000 00:00 0                          [stack:15214]
7fb6828e5000-7fb6828e8000 ---p 00000000 00:00 0 
7fb6828e8000-7fb6829e6000 rw-p 00000000 00:00 0                          [stack:15216]
7fb6829e6000-7fb6829e9000 ---p 00000000 00:00 0 
7fb6829e9000-7fb682ae7000 rw-p 00000000 00:00 0                          [stack:15215]
7fb682ae7000-7fb682aea000 ---p 00000000 00:00 0 
7fb682aea000-7fb682be8000 rw-p 00000000 00:00 0                          [stack:15213]
7fb682be8000-7fb682beb000 ---p 00000000 00:00 0 
7fb682beb000-7fb682ce9000 rw-p 00000000 00:00 0                          [stack:14938]
7fb682ce9000-7fb682ced000 r-xp 00000000 08:01 1574830                    /tmp/native-platform8451130411498359628dir/libnative-platform.so
7fb682ced000-7fb682eec000 ---p 00004000 08:01 1574830                    /tmp/native-platform8451130411498359628dir/libnative-platform.so
7fb682eec000-7fb682eed000 rw-p 00003000 08:01 1574830                    /tmp/native-platform8451130411498359628dir/libnative-platform.so
7fb682eed000-7fb682ef2000 r--s 0004c000 08:01 13246172                   /usr/lib/jvm/java-7-openjdk-amd64/jre/lib/jsse.jar
7fb682ef2000-7fb682ef3000 r--s 00001000 08:01 9703663                    /home/pcs20/.gradle/wrapper/dists/gradle-2.2.1-all/c64ydeuardnfqctvr1gm30w53/gradle-2.2.1/lib/plugins/gradle-plugin-development-2.2.1.jar
7fb682ef3000-7fb682ef5000 r--s 00002000 08:01 9703662                    /home/pcs20/.gradle/wrapper/dists/gradle-2.2.1-all/c64ydeuardnfqctvr1gm30w53/gradle-2.2.1/lib/plugins/gradle-cunit-2.2.1.jar
7fb682ef5000-7fb682efa000 r--s 00036000 08:01 9703661                    /home/pcs20/.gradle/wrapper/dists/gradle-2.2.1-all/c64ydeuardnfqctvr1gm30w53/gradle-2.2.1/lib/plugins/gradle-ide-native-2.2.1.jar
7fb682efa000-7fb682eff000 r--s 00013000 08:01 9703660                    /home/pcs20/.gradle/wrapper/dists/gradle-2.2.1-all/c64ydeuardnfqctvr1gm30w53/gradle-2.2.1/lib/plugins/gradle-language-native-2.2.1.jar
7fb682eff000-7fb682f0a000 r--s 0004d000 08:01 9703659                    /home/pcs20/.gradle/wrapper/dists/gradle-2.2.1-all/c64ydeuardnfqctvr1gm30w53/gradle-2.2.1/lib/plugins/gradle-platform-native-2.2.1.jar
7fb682f0a000-7fb682f0c000 r--s 00008000 08:01 9703658                    /home/pcs20/.gradle/wrapper/dists/gradle-2.2.1-all/c64ydeuardnfqctvr1gm30w53/gradle-2.2.1/lib/plugins/gradle-language-groovy-2.2.1.jar
7fb682f0c000-7fb682f11000 r--s 00022000 08:01 9703657                    /home/pcs20/.gradle/wrapper/dists/gradle-2.2.1-all/c64ydeuardnfqctvr1gm30w53/gradle-2.2.1/lib/plugins/gradle-language-java-2.2.1.jar
7fb682f11000-7fb682f14000 r--s 00007000 08:01 9703656                    /home/pcs20/.gradle/wrapper/dists/gradle-2.2.1-all/c64ydeuardnfqctvr1gm30w53/gradle-2.2.1/lib/plugins/gradle-language-jvm-2.2.1.jar
7fb682f14000-7fb682f17000 r--s 00009000 08:01 9703655                    /home/pcs20/.gradle/wrapper/dists/gradle-2.2.1-all/c64ydeuardnfqctvr1gm30w53/gradle-2.2.1/lib/plugins/gradle-platform-jvm-2.2.1.jar
7fb682f17000-7fb682f1c000 r--s 00018000 08:01 9703654                    /home/pcs20/.gradle/wrapper/dists/gradle-2.2.1-all/c64ydeuardnfqctvr1gm30w53/gradle-2.2.1/lib/plugins/gradle-platform-base-2.2.1.jar
7fb682f1c000-7fb682f21000 r--s 00026000 08:01 9703653                    /home/pcs20/.gradle/wrapper/dists/gradle-2.2.1-all/c64ydeuardnfqctvr1gm30w53/gradle-2.2.1/lib/plugins/gradle-build-init-2.2.1.jar
7fb682f21000-7fb682f24000 r--s 0001d000 08:01 9703652                    /home/pcs20/.gradle/wrapper/dists/gradle-2.2.1-all/c64ydeuardnfqctvr1gm30w53/gradle-2.2.1/lib/plugins/gradle-jacoco-2.2.1.jar
7fb682f24000-7fb682f27000 r--s 0000d000 08:01 9703651                    /home/pcs20/.gradle/wrapper/dists/gradle-2.2.1-all/c64ydeuardnfqctvr1gm30w53/gradle-2.2.1/lib/plugins/gradle-ivy-2.2.1.jar
7fb682f27000-7fb682f29000 r--s 00002000 08:01 9703650                    /home/pcs20/.gradle/wrapper/dists/gradle-2.2.1-all/c64ydeuardnfqctvr1gm30w53/gradle-2.2.1/lib/plugins/gradle-publish-2.2.1.jar
7fb682f29000-7fb682f2b000 r--s 00005000 08:01 9703688                    /home/pcs20/.gradle/wrapper/dists/gradle-2.2.1-all/c64ydeuardnfqctvr1gm30w53/gradle-2.2.1/lib/plugins/jatl-0.2.2.jar
7fb682f2b000-7fb682f2d000 r--s 0000f000 08:01 9703649                    /home/pcs20/.gradle/wrapper/dists/gradle-2.2.1-all/c64ydeuardnfqctvr1gm30w53/gradle-2.2.1/lib/plugins/gradle-reporting-2.2.1.jar
7fb682f2d000-7fb682f32000 r--s 00034000 08:01 9703648                    /home/pcs20/.gradle/wrapper/dists/gradle-2.2.1-all/c64ydeuardnfqctvr1gm30w53/gradle-2.2.1/lib/plugins/gradle-diagnostics-2.2.1.jar
7fb682f32000-7fb682f39000 r--s 00090000 08:01 9703647                    /home/pcs20/.gradle/wrapper/dists/gradle-2.2.1-all/c64ydeuardnfqctvr1gm30w53/gradle-2.2.1/lib/plugins/gradle-build-comparison-2.2.1.jar
7fb682f39000-7fb682f40000 r--s 00035000 08:01 9703687                    /home/pcs20/.gradle/wrapper/dists/gradle-2.2.1-all/c64ydeuardnfqctvr1gm30w53/gradle-2.2.1/lib/plugins/simple-4.1.21.jar
7fb682f40000-7fb682f4c000 r--s 00100000 08:01 9703685                    /home/pcs20/.gradle/wrapper/dists/gradle-2.2.1-all/c64ydeuardnfqctvr1gm30w53/gradle-2.2.1/lib/plugins/rhino-1.7R3.jar
7fb682f4c000-7fb682f51000 r--s 0001f000 08:01 9703646                    /home/pcs20/.gradle/wrapper/dists/gradle-2.2.1-all/c64ydeuardnfqctvr1gm30w53/gradle-2.2.1/lib/plugins/gradle-javascript-2.2.1.jar
7fb682f51000-7fb682f53000 r--s 0000e000 08:01 9703645                    /home/pcs20/.gradle/wrapper/dists/gradle-2.2.1-all/c64ydeuardnfqctvr1gm30w53/gradle-2.2.1/lib/plugins/gradle-ear-2.2.1.jar
7fb682f53000-7fb682f57000 r--s 00025000 08:01 9703684                    /home/pcs20/.gradle/wrapper/dists/gradle-2.2.1-all/c64ydeuardnfqctvr1gm30w53/gradle-2.2.1/lib/plugins/bcpg-jdk15-1.46.jar
7fb682f57000-7fb682f5a000 r--s 0001d000 08:01 9703644                    /home/pcs20/.gradle/wrapper/dists/gradle-2.2.1-all/c64ydeuardnfqctvr1gm30w53/gradle-2.2.1/lib/plugins/gradle-signing-2.2.1.jar
7fb682f5a000-7fb682f5b000 r--s 00002000 08:01 9703683                    /home/pcs20/.gradle/wrapper/dists/gradle-2.2.1-all/c64ydeuardnfqctvr1gm30w53/gradle-2.2.1/lib/plugins/sonar-batch-bootstrapper-2.9.jar
7fb682f5b000-7fb682f5e000 r--s 00018000 08:01 9703643                    /home/pcs20/.gradle/wrapper/dists/gradle-2.2.1-all/c64ydeuardnfqctvr1gm30w53/gradle-2.2.1/lib/plugins/gradle-sonar-2.2.1.jar
7fb682f5e000-7fb682f61000 r--s 00017000 08:01 9703642                    /home/pcs20/.gradle/wrapper/dists/gradle-2.2.1-all/c64ydeuardnfqctvr1gm30w53/gradle-2.2.1/lib/plugins/gradle-scala-2.2.1.jar
7fb682f61000-7fb682f63000 r--s 0000e000 08:01 9703641                    /home/pcs20/.gradle/wrapper/dists/gradle-2.2.1-all/c64ydeuardnfqctvr1gm30w53/gradle-2.2.1/lib/plugins/gradle-announce-2.2.1.jar
7fb682f63000-7fb682f71000 r--s 000bc000 08:01 9703640                    /home/pcs20/.gradle/wrapper/dists/gradle-2.2.1-all/c64ydeuardnfqctvr1gm30w53/gradle-2.2.1/lib/plugins/gradle-ide-2.2.1.jar
7fb682f71000-7fb682f73000 r--s 00000000 08:01 9703682                    /home/pcs20/.gradle/wrapper/dists/gradle-2.2.1-all/c64ydeuardnfqctvr1gm30w53/gradle-2.2.1/lib/plugins/plexus-component-annotations-1.5.2.jar
7fb682f73000-7fb682f76000 r--s 0000c000 08:01 9703681                    /home/pcs20/.gradle/wrapper/dists/gradle-2.2.1-all/c64ydeuardnfqctvr1gm30w53/gradle-2.2.1/lib/plugins/pmaven-groovy-0.8-20100325.jar
7fb682f76000-7fb682f77000 r--s 00004000 08:01 9703680                    /home/pcs20/.gradle/wrapper/dists/gradle-2.2.1-all/c64ydeuardnfqctvr1gm30w53/gradle-2.2.1/lib/plugins/pmaven-common-0.8-20100325.jar
7fb682f77000-7fb682f7b000 r--s 0001e000 08:01 9703639                    /home/pcs20/.gradle/wrapper/dists/gradle-2.2.1-all/c64ydeuardnfqctvr1gm30w53/gradle-2.2.1/lib/plugins/gradle-maven-2.2.1.jar
7fb682f7b000-7fb682f93000 r--s 0013b000 08:01 9703678                    /home/pcs20/.gradle/wrapper/dists/gradle-2.2.1-all/c64ydeuardnfqctvr1gm30w53/gradle-2.2.1/lib/plugins/bndlib-2.1.0.jar
7fb682f93000-7fb682f95000 r--s 00004000 08:01 9703638                    /home/pcs20/.gradle/wrapper/dists/gradle-2.2.1-all/c64ydeuardnfqctvr1gm30w53/gradle-2.2.1/lib/plugins/gradle-osgi-2.2.1.jar
7fb682f95000-7fb682f9a000 r--s 00068000 08:01 9703677                    /home/pcs20/.gradle/wrapper/dists/gradle-2.2.1-all/c64ydeuardnfqctvr1gm30w53/gradle-2.2.1/lib/plugins/antlr-2.7.7.jar
7fb682f9a000-7fb682f9c000 r--s 00004000 08:01 9703637                    /home/pcs20/.gradle/wrapper/dists/gradle-2.2.1-all/c64ydeuardnfqctvr1gm30w53/gradle-2.2.1/lib/plugins/gradle-antlr-2.2.1.jar
7fb682f9c000-7fb682fa2000 r--s 00036000 08:01 9703666                    /home/pcs20/.gradle/wrapper/dists/gradle-2.2.1-all/c64ydeuardnfqctvr1gm30w53/gradle-2.2.1/lib/plugins/junit-4.11.jar
7fb682fa2000-7fb682fa3000 r--s 00002000 08:01 9703676                    /home/pcs20/.gradle/wrapper/dists/gradle-2.2.1-all/c64ydeuardnfqctvr1gm30w53/gradle-2.2.1/lib/plugins/ant-antlr-1.9.3.jar
7fb682fa3000-7fb682fa6000 r--s 0001e000 08:01 9703699                    /home/pcs20/.gradle/wrapper/dists/gradle-2.2.1-all/c64ydeuardnfqctvr1gm30w53/gradle-2.2.1/lib/plugins/jsp-api-2.1-6.1.14.jar
7fb682fa6000-7fb682fc9000 r--s 00344000 08:01 9703698                    /home/pcs20/.gradle/wrapper/dists/gradle-2.2.1-all/c64ydeuardnfqctvr1gm30w53/gradle-2.2.1/lib/plugins/core-3.1.1.jar
7fb682fc9000-7fb682fca000 r--s 00006000 08:01 9703697                    /home/pcs20/.gradle/wrapper/dists/gradle-2.2.1-all/c64ydeuardnfqctvr1gm30w53/gradle-2.2.1/lib/plugins/jetty-naming-6.1.25.jar
7fb682fca000-7fb682fcb000 r--s 00002000 08:01 9703675                    /home/pcs20/.gradle/wrapper/dists/gradle-2.2.1-all/c64ydeuardnfqctvr1gm30w53/gradle-2.2.1/lib/plugins/geronimo-annotation_1.0_spec-1.0.jar
7fb682fcb000-7fb682fcd000 r--s 00002000 08:01 9703674                    /home/pcs20/.gradle/wrapper/dists/gradle-2.2.1-all/c64ydeuardnfqctvr1gm30w53/gradle-2.2.1/lib/plugins/jetty-annotations-6.1.25.jar
7fb682fcd000-7fb682fde000 r--s 000ea000 08:01 9703673                    /home/pcs20/.gradle/wrapper/dists/gradle-2.2.1-all/c64ydeuardnfqctvr1gm30w53/gradle-2.2.1/lib/plugins/jsp-2.1-6.1.14.jar
7fb682fde000-7fb682fe0000 r--s 0000d000 08:01 9703672                    /home/pcs20/.gradle/wrapper/dists/gradle-2.2.1-all/c64ydeuardnfqctvr1gm30w53/gradle-2.2.1/lib/plugins/jetty-plus-6.1.25.jar
7fb682fe0000-7fb682fe2000 r--s 0001f000 08:01 9703671                    /home/pcs20/.gradle/wrapper/dists/gradle-2.2.1-all/c64ydeuardnfqctvr1gm30w53/gradle-2.2.1/lib/plugins/servlet-api-2.5-20081211.jar
7fb682fe2000-7fb682fe6000 r--s 00028000 08:01 9703670                    /home/pcs20/.gradle/wrapper/dists/gradle-2.2.1-all/c64ydeuardnfqctvr1gm30w53/gradle-2.2.1/lib/plugins/jetty-util-6.1.25.jar
7fb682fe6000-7fb682fed000 r--s 0007d000 08:01 9703669                    /home/pcs20/.gradle/wrapper/dists/gradle-2.2.1-all/c64ydeuardnfqctvr1gm30w53/gradle-2.2.1/lib/plugins/jetty-6.1.25.jar
7fb682fed000-7fb682fef000 r--s 00009000 08:01 9703636                    /home/pcs20/.gradle/wrapper/dists/gradle-2.2.1-all/c64ydeuardnfqctvr1gm30w53/gradle-2.2.1/lib/plugins/gradle-jetty-2.2.1.jar
7fb682fef000-7fb682ff4000 r--s 00041000 08:01 9703635                    /home/pcs20/.gradle/wrapper/dists/gradle-2.2.1-all/c64ydeuardnfqctvr1gm30w53/gradle-2.2.1/lib/plugins/gradle-code-quality-2.2.1.jar
7fb682ff4000-7fb682ff6000 r--s 00009000 08:01 9703707                    /home/pcs20/.gradle/wrapper/dists/gradle-2.2.1-all/c64ydeuardnfqctvr1gm30w53/gradle-2.2.1/lib/plugins/hamcrest-core-1.3.jar
7fb682ff6000-7fb682ffc000 r--s 00033000 08:01 9703696                    /home/pcs20/.gradle/wrapper/dists/gradle-2.2.1-all/c64ydeuardnfqctvr1gm30w53/gradle-2.2.1/lib/plugins/snakeyaml-1.6.jar
7fb682ffc000-7fb683001000 r--s 00040000 08:01 9703694                    /home/pcs20/.gradle/wrapper/dists/gradle-2.2.1-all/c64ydeuardnfqctvr1gm30w53/gradle-2.2.1/lib/plugins/bsh-2.0b4.jar
7fb683001000-7fb68300a000 r--s 00089000 08:01 9703667                    /home/pcs20/.gradle/wrapper/dists/gradle-2.2.1-all/c64ydeuardnfqctvr1gm30w53/gradle-2.2.1/lib/plugins/testng-6.3.1.jar
7fb68300a000-7fb683016000 r--s 00075000 08:01 9703634                    /home/pcs20/.gradle/wrapper/dists/gradle-2.2.1-all/c64ydeuardnfqctvr1gm30w53/gradle-2.2.1/lib/plugins/gradle-plugins-2.2.1.jar
7fb683016000-7fb68302e000 r--s 00115000 08:01 9703705                    /home/pcs20/.gradle/wrapper/dists/gradle-2.2.1-all/c64ydeuardnfqctvr1gm30w53/gradle-2.2.1/lib/plugins/xercesImpl-2.9.1.jar
7fb68302e000-7fb683036000 r--s 00028000 08:01 9703706                    /home/pcs20/.gradle/wrapper/dists/gradle-2.2.1-all/c64ydeuardnfqctvr1gm30w53/gradle-2.2.1/lib/plugins/xml-apis-1.3.04.jar
7fb683036000-7fb68305e000 r--s 00194000 08:01 9703693                    /home/pcs20/.gradle/wrapper/dists/gradle-2.2.1-all/c64ydeuardnfqctvr1gm30w53/gradle-2.2.1/lib/plugins/bcprov-jdk15-1.46.jar
7fb68305e000-7fb68306e000 r-xp 00000000 08:01 13246147                   /usr/lib/jvm/java-7-openjdk-amd64/jre/lib/amd64/libnio.so
7fb68306e000-7fb68326e000 ---p 00010000 08:01 13246147                   /usr/lib/jvm/java-7-openjdk-amd64/jre/lib/amd64/libnio.so
7fb68326e000-7fb68326f000 r--p 00010000 08:01 13246147                   /usr/lib/jvm/java-7-openjdk-amd64/jre/lib/amd64/libnio.so
7fb68326f000-7fb683270000 rw-p 00011000 08:01 13246147                   /usr/lib/jvm/java-7-openjdk-amd64/jre/lib/amd64/libnio.so
7fb683270000-7fb6832ad000 r-xp 00000000 08:01 6819835                    /lib/x86_64-linux-gnu/libpcre.so.3.13.1
7fb6832ad000-7fb6834ac000 ---p 0003d000 08:01 6819835                    /lib/x86_64-linux-gnu/libpcre.so.3.13.1
7fb6834ac000-7fb6834ad000 r--p 0003c000 08:01 6819835                    /lib/x86_64-linux-gnu/libpcre.so.3.13.1
7fb6834ad000-7fb6834ae000 rw-p 0003d000 08:01 6819835                    /lib/x86_64-linux-gnu/libpcre.so.3.13.1
7fb6834ae000-7fb6834b5000 r-xp 00000000 08:01 13115304                   /usr/lib/x86_64-linux-gnu/libffi.so.6.0.1
7fb6834b5000-7fb6836b4000 ---p 00007000 08:01 13115304                   /usr/lib/x86_64-linux-gnu/libffi.so.6.0.1
7fb6836b4000-7fb6836b5000 r--p 00006000 08:01 13115304                   /usr/lib/x86_64-linux-gnu/libffi.so.6.0.1
7fb6836b5000-7fb6836b6000 rw-p 00007000 08:01 13115304                   /usr/lib/x86_64-linux-gnu/libffi.so.6.0.1
7fb6836b6000-7fb6836cd000 r-xp 00000000 08:01 6820737                    /lib/x86_64-linux-gnu/libresolv-2.19.so
7fb6836cd000-7fb6838cd000 ---p 00017000 08:01 6820737                    /lib/x86_64-linux-gnu/libresolv-2.19.so
7fb6838cd000-7fb6838ce000 r--p 00017000 08:01 6820737                    /lib/x86_64-linux-gnu/libresolv-2.19.so
7fb6838ce000-7fb6838cf000 rw-p 00018000 08:01 6820737                    /lib/x86_64-linux-gnu/libresolv-2.19.so
7fb6838cf000-7fb6838d1000 rw-p 00000000 00:00 0 
7fb6838d1000-7fb6838f1000 r-xp 00000000 08:01 6819862                    /lib/x86_64-linux-gnu/libselinux.so.1
7fb6838f1000-7fb683af0000 ---p 00020000 08:01 6819862                    /lib/x86_64-linux-gnu/libselinux.so.1
7fb683af0000-7fb683af1000 r--p 0001f000 08:01 6819862                    /lib/x86_64-linux-gnu/libselinux.so.1
7fb683af1000-7fb683af2000 rw-p 00020000 08:01 6819862                    /lib/x86_64-linux-gnu/libselinux.so.1
7fb683af2000-7fb683af4000 rw-p 00000000 00:00 0 
7fb683af4000-7fb683af7000 r-xp 00000000 08:01 13107564                   /usr/lib/x86_64-linux-gnu/libgmodule-2.0.so.0.4002.0
7fb683af7000-7fb683cf6000 ---p 00003000 08:01 13107564                   /usr/lib/x86_64-linux-gnu/libgmodule-2.0.so.0.4002.0
7fb683cf6000-7fb683cf7000 r--p 00002000 08:01 13107564                   /usr/lib/x86_64-linux-gnu/libgmodule-2.0.so.0.4002.0
7fb683cf7000-7fb683cf8000 rw-p 00003000 08:01 13107564                   /usr/lib/x86_64-linux-gnu/libgmodule-2.0.so.0.4002.0
7fb683cf8000-7fb683dfe000 r-xp 00000000 08:01 6819696                    /lib/x86_64-linux-gnu/libglib-2.0.so.0.4002.0
7fb683dfe000-7fb683ffd000 ---p 00106000 08:01 6819696                    /lib/x86_64-linux-gnu/libglib-2.0.so.0.4002.0
7fb683ffd000-7fb683ffe000 r--p 00105000 08:01 6819696                    /lib/x86_64-linux-gnu/libglib-2.0.so.0.4002.0
7fb683ffe000-7fb683fff000 rw-p 00106000 08:01 6819696                    /lib/x86_64-linux-gnu/libglib-2.0.so.0.4002.0
7fb683fff000-7fb684000000 rw-p 00000000 00:00 0 
7fb684000000-7fb68534e000 rw-p 00000000 00:00 0 
7fb68534e000-7fb688000000 ---p 00000000 00:00 0 
7fb688000000-7fb689e64000 rw-p 00000000 00:00 0 
7fb689e64000-7fb68c000000 ---p 00000000 00:00 0 
7fb68c000000-7fb68c021000 rw-p 00000000 00:00 0 
7fb68c021000-7fb690000000 ---p 00000000 00:00 0 
7fb690000000-7fb690021000 rw-p 00000000 00:00 0 
7fb690021000-7fb694000000 ---p 00000000 00:00 0 
7fb694000000-7fb694021000 rw-p 00000000 00:00 0 
7fb694021000-7fb698000000 ---p 00000000 00:00 0 
7fb698000000-7fb698002000 r--s 00006000 08:01 9703695                    /home/pcs20/.gradle/wrapper/dists/gradle-2.2.1-all/c64ydeuardnfqctvr1gm30w53/gradle-2.2.1/lib/plugins/jcommander-1.12.jar
7fb698002000-7fb698004000 r--s 00009000 08:01 9703668                    /home/pcs20/.gradle/wrapper/dists/gradle-2.2.1-all/c64ydeuardnfqctvr1gm30w53/gradle-2.2.1/lib/plugins/commons-cli-1.2.jar
7fb698004000-7fb698007000 r--s 00011000 08:01 9703664                    /home/pcs20/.gradle/wrapper/dists/gradle-2.2.1-all/c64ydeuardnfqctvr1gm30w53/gradle-2.2.1/lib/plugins/gradle-plugin-use-2.2.1.jar
7fb698007000-7fb69800d000 r--s 0005b000 08:01 9703704                    /home/pcs20/.gradle/wrapper/dists/gradle-2.2.1-all/c64ydeuardnfqctvr1gm30w53/gradle-2.2.1/lib/plugins/jcifs-1.3.17.jar
7fb69800d000-7fb698013000 r--s 00031000 08:01 9703703                    /home/pcs20/.gradle/wrapper/dists/gradle-2.2.1-all/c64ydeuardnfqctvr1gm30w53/gradle-2.2.1/lib/plugins/httpcore-4.2.2.jar
7fb698013000-7fb698019000 r--s 00033000 08:01 9703702                    /home/pcs20/.gradle/wrapper/dists/gradle-2.2.1-all/c64ydeuardnfqctvr1gm30w53/gradle-2.2.1/lib/plugins/commons-codec-1.6.jar
7fb698019000-7fb69801c000 r--s 0001c000 08:01 9703701                    /home/pcs20/.gradle/wrapper/dists/gradle-2.2.1-all/c64ydeuardnfqctvr1gm30w53/gradle-2.2.1/lib/plugins/nekohtml-1.9.14.jar
7fb69801c000-7fb698025000 r--s 00060000 08:01 9703700                    /home/pcs20/.gradle/wrapper/dists/gradle-2.2.1-all/c64ydeuardnfqctvr1gm30w53/gradle-2.2.1/lib/plugins/httpclient-4.2.2.jar
7fb698025000-7fb698027000 r--s 00007000 08:01 9703689                    /home/pcs20/.gradle/wrapper/dists/gradle-2.2.1-all/c64ydeuardnfqctvr1gm30w53/gradle-2.2.1/lib/plugins/gradle-resources-http-2.2.1.jar
7fb698027000-7fb69802b000 r--s 0001d000 08:01 9703692                    /home/pcs20/.gradle/wrapper/dists/gradle-2.2.1-all/c64ydeuardnfqctvr1gm30w53/gradle-2.2.1/lib/plugins/xbean-reflect-3.4.jar
7fb69802b000-7fb698030000 r--s 0002a000 08:01 9703686                    /home/pcs20/.gradle/wrapper/dists/gradle-2.2.1-all/c64ydeuardnfqctvr1gm30w53/gradle-2.2.1/lib/plugins/gson-2.2.4.jar
7fb698030000-7fb698034000 r--s 0003d000 08:01 9703691                    /home/pcs20/.gradle/wrapper/dists/gradle-2.2.1-all/c64ydeuardnfqctvr1gm30w53/gradle-2.2.1/lib/plugins/jsch-0.1.51.jar
7fb698034000-7fb69804d000 r--s 00129000 08:01 9703679                    /home/pcs20/.gradle/wrapper/dists/gradle-2.2.1-all/c64ydeuardnfqctvr1gm30w53/gradle-2.2.1/lib/plugins/maven-ant-tasks-2.1.3.jar
7fb69804d000-7fb69805c000 r--s 000d9000 08:01 9703690                    /home/pcs20/.gradle/wrapper/dists/gradle-2.2.1-all/c64ydeuardnfqctvr1gm30w53/gradle-2.2.1/lib/plugins/ivy-2.2.0.jar
7fb69805c000-7fb698060000 r--s 0001e000 08:01 9703633                    /home/pcs20/.gradle/wrapper/dists/gradle-2.2.1-all/c64ydeuardnfqctvr1gm30w53/gradle-2.2.1/lib/plugins/jarjar-aether-impl-1.13.1.jar
7fb698060000-7fb698063000 r--s 00027000 08:01 9703632                    /home/pcs20/.gradle/wrapper/dists/gradle-2.2.1-all/c64ydeuardnfqctvr1gm30w53/gradle-2.2.1/lib/plugins/jarjar-maven-model-3.0.4.jar
7fb698063000-7fb698066000 r--s 0000b000 08:01 9703631                    /home/pcs20/.gradle/wrapper/dists/gradle-2.2.1-all/c64ydeuardnfqctvr1gm30w53/gradle-2.2.1/lib/plugins/jarjar-maven-artifact-3.0.4.jar
7fb698066000-7fb69806a000 r--s 0001e000 08:01 9703630                    /home/pcs20/.gradle/wrapper/dists/gradle-2.2.1-all/c64ydeuardnfqctvr1gm30w53/gradle-2.2.1/lib/plugins/jarjar-aether-util-1.13.1.jar
7fb69806a000-7fb69806c000 r--s 00007000 08:01 9703629                    /home/pcs20/.gradle/wrapper/dists/gradle-2.2.1-all/c64ydeuardnfqctvr1gm30w53/gradle-2.2.1/lib/plugins/jarjar-wagon-http-shared4-2.4.jar
7fb69806c000-7fb698079000 r--s 00083000 08:01 9703628                    /home/pcs20/.gradle/wrapper/dists/gradle-2.2.1-all/c64ydeuardnfqctvr1gm30w53/gradle-2.2.1/lib/plugins/jarjar-maven-core-3.0.4.jar
7fb698079000-7fb69807b000 r--s 00003000 08:01 9703627                    /home/pcs20/.gradle/wrapper/dists/gradle-2.2.1-all/c64ydeuardnfqctvr1gm30w53/gradle-2.2.1/lib/plugins/jarjar-aether-spi-1.13.1.jar
7fb69807b000-7fb69807d000 r--s 00009000 08:01 9703626                    /home/pcs20/.gradle/wrapper/dists/gradle-2.2.1-all/c64ydeuardnfqctvr1gm30w53/gradle-2.2.1/lib/plugins/jarjar-maven-settings-builder-3.0.4.jar
7fb69807d000-7fb698081000 r--s 00014000 08:01 9703625                    /home/pcs20/.gradle/wrapper/dists/gradle-2.2.1-all/c64ydeuardnfqctvr1gm30w53/gradle-2.2.1/lib/plugins/jarjar-aether-api-1.13.1.jar
7fb698081000-7fb698082000 r--s 00002000 08:01 9703624                    /home/pcs20/.gradle/wrapper/dists/gradle-2.2.1-all/c64ydeuardnfqctvr1gm30w53/gradle-2.2.1/lib/plugins/jarjar-wagon-http-2.4.jar
7fb698082000-7fb698089000 r--s 00042000 08:01 9703623                    /home/pcs20/.gradle/wrapper/dists/gradle-2.2.1-all/c64ydeuardnfqctvr1gm30w53/gradle-2.2.1/lib/plugins/jarjar-maven-compat-3.0.4.jar
7fb698089000-7fb69808b000 r--s 00006000 08:01 9703622                    /home/pcs20/.gradle/wrapper/dists/gradle-2.2.1-all/c64ydeuardnfqctvr1gm30w53/gradle-2.2.1/lib/plugins/jarjar-aether-connector-wagon-1.13.1.jar
7fb69808b000-7fb69808d000 r--s 00000000 08:01 9703621                    /home/pcs20/.gradle/wrapper/dists/gradle-2.2.1-all/c64ydeuardnfqctvr1gm30w53/gradle-2.2.1/lib/plugins/jarjar-plexus-component-annotations-1.5.5.jar
7fb69808d000-7fb69808f000 r--s 00006000 08:01 9703620                    /home/pcs20/.gradle/wrapper/dists/gradle-2.2.1-all/c64ydeuardnfqctvr1gm30w53/gradle-2.2.1/lib/plugins/jarjar-plexus-sec-dispatcher-1.3.jar
7fb69808f000-7fb698094000 r--s 00022000 08:01 9703619                    /home/pcs20/.gradle/wrapper/dists/gradle-2.2.1-all/c64ydeuardnfqctvr1gm30w53/gradle-2.2.1/lib/plugins/jarjar-maven-model-builder-3.0.4.jar
7fb698094000-7fb698096000 r--s 0000b000 08:01 9703618                    /home/pcs20/.gradle/wrapper/dists/gradle-2.2.1-all/c64ydeuardnfqctvr1gm30w53/gradle-2.2.1/lib/plugins/jarjar-maven-plugin-api-3.0.4.jar
7fb698096000-7fb698099000 r--s 0000a000 08:01 9703617                    /home/pcs20/.gradle/wrapper/dists/gradle-2.2.1-all/c64ydeuardnfqctvr1gm30w53/gradle-2.2.1/lib/plugins/jarjar-plexus-classworlds-2.4.jar
7fb698099000-7fb69809d000 r--s 00035000 08:01 9703616                    /home/pcs20/.gradle/wrapper/dists/gradle-2.2.1-all/c64ydeuardnfqctvr1gm30w53/gradle-2.2.1/lib/plugins/jarjar-plexus-utils-2.0.6.jar
7fb69809d000-7fb69809f000 r--s 0000e000 08:01 9703615                    /home/pcs20/.gradle/wrapper/dists/gradle-2.2.1-all/c64ydeuardnfqctvr1gm30w53/gradle-2.2.1/lib/plugins/jarjar-plexus-interpolation-1.14.jar
7fb69809f000-7fb6980a1000 r--s 00002000 08:01 9703614                    /home/pcs20/.gradle/wrapper/dists/gradle-2.2.1-all/c64ydeuardnfqctvr1gm30w53/gradle-2.2.1/lib/plugins/jarjar-plexus-cipher-1.7.jar
7fb6980a1000-7fb6980a3000 r--s 0000c000 08:01 9703613                    /home/pcs20/.gradle/wrapper/dists/gradle-2.2.1-all/c64ydeuardnfqctvr1gm30w53/gradle-2.2.1/lib/plugins/jarjar-wagon-provider-api-2.4.jar
7fb6980a3000-7fb6980ab000 r--s 00031000 08:01 9703611                    /home/pcs20/.gradle/wrapper/dists/gradle-2.2.1-all/c64ydeuardnfqctvr1gm30w53/gradle-2.2.1/lib/plugins/jarjar-plexus-container-default-1.5.5.jar
7fb6980ab000-7fb6980dc000 rw-p 00000000 00:00 0 
7fb6980dc000-7fb69812b000 r-xp 00000000 08:01 13107582                   /usr/lib/x86_64-linux-gnu/libgobject-2.0.so.0.4002.0
7fb69812b000-7fb69832b000 ---p 0004f000 08:01 13107582                   /usr/lib/x86_64-linux-gnu/libgobject-2.0.so.0.4002.0
7fb69832b000-7fb69832c000 r--p 0004f000 08:01 13107582                   /usr/lib/x86_64-linux-gnu/libgobject-2.0.so.0.4002.0
7fb69832c000-7fb69832d000 rw-p 00050000 08:01 13107582                   /usr/lib/x86_64-linux-gnu/libgobject-2.0.so.0.4002.0
7fb69832d000-7fb698499000 r-xp 00000000 08:01 13107586                   /usr/lib/x86_64-linux-gnu/libgio-2.0.so.0.4002.0
7fb698499000-7fb698698000 ---p 0016c000 08:01 13107586                   /usr/lib/x86_64-linux-gnu/libgio-2.0.so.0.4002.0
7fb698698000-7fb69869c000 r--p 0016b000 08:01 13107586                   /usr/lib/x86_64-linux-gnu/libgio-2.0.so.0.4002.0
7fb69869c000-7fb69869e000 rw-p 0016f000 08:01 13107586                   /usr/lib/x86_64-linux-gnu/libgio-2.0.so.0.4002.0
7fb69869e000-7fb6986a0000 rw-p 00000000 00:00 0 
7fb6986a0000-7fb6986a2000 r--s 0000d000 08:01 9703612                    /home/pcs20/.gradle/wrapper/dists/gradle-2.2.1-all/c64ydeuardnfqctvr1gm30w53/gradle-2.2.1/lib/plugins/jarjar-maven-aether-provider-3.0.4.jar
7fb6986a2000-7fb6986a3000 r--s 00007000 08:01 9703610                    /home/pcs20/.gradle/wrapper/dists/gradle-2.2.1-all/c64ydeuardnfqctvr1gm30w53/gradle-2.2.1/lib/plugins/jarjar-maven-repository-metadata-3.0.4.jar
7fb6986a3000-7fb6986a4000 r--s 0000b000 08:01 9703609                    /home/pcs20/.gradle/wrapper/dists/gradle-2.2.1-all/c64ydeuardnfqctvr1gm30w53/gradle-2.2.1/lib/plugins/jarjar-maven-settings-3.0.4.jar
7fb6986a4000-7fb6986bc000 r--s 000b5000 08:01 9703665                    /home/pcs20/.gradle/wrapper/dists/gradle-2.2.1-all/c64ydeuardnfqctvr1gm30w53/gradle-2.2.1/lib/plugins/gradle-dependency-management-2.2.1.jar
7fb6986bc000-7fb6986d3000 r-xp 00000000 08:01 13246132                   /usr/lib/jvm/java-7-openjdk-amd64/jre/lib/amd64/libnet.so
7fb6986d3000-7fb6988d2000 ---p 00017000 08:01 13246132                   /usr/lib/jvm/java-7-openjdk-amd64/jre/lib/amd64/libnet.so
7fb6988d2000-7fb6988d3000 r--p 00016000 08:01 13246132                   /usr/lib/jvm/java-7-openjdk-amd64/jre/lib/amd64/libnet.so
7fb6988d3000-7fb6988d4000 rw-p 00017000 08:01 13246132                   /usr/lib/jvm/java-7-openjdk-amd64/jre/lib/amd64/libnet.so
7fb6988d4000-7fb6988d5000 r--s 00005000 08:01 9703337                    /home/pcs20/.gradle/wrapper/dists/gradle-2.2.1-all/c64ydeuardnfqctvr1gm30w53/gradle-2.2.1/lib/gradle-wrapper-2.2.1.jar
7fb6988d5000-7fb6988de000 r--s 0002c000 08:01 9703342                    /home/pcs20/.gradle/wrapper/dists/gradle-2.2.1-all/c64ydeuardnfqctvr1gm30w53/gradle-2.2.1/lib/gradle-tooling-api-2.2.1.jar
7fb6988de000-7fb6988e0000 r--s 00002000 08:01 9703589                    /home/pcs20/.gradle/wrapper/dists/gradle-2.2.1-all/c64ydeuardnfqctvr1gm30w53/gradle-2.2.1/lib/gradle-open-api-2.2.1.jar
7fb6988e0000-7fb6988e6000 r--s 00032000 08:01 9703591                    /home/pcs20/.gradle/wrapper/dists/gradle-2.2.1-all/c64ydeuardnfqctvr1gm30w53/gradle-2.2.1/lib/jaxen-1.1.jar
7fb6988e6000-7fb6988eb000 r--s 00048000 08:01 9703590                    /home/pcs20/.gradle/wrapper/dists/gradle-2.2.1-all/c64ydeuardnfqctvr1gm30w53/gradle-2.2.1/lib/dom4j-1.6.1.jar
7fb6988eb000-7fb6988f6000 r--s 00059000 08:01 9703341                    /home/pcs20/.gradle/wrapper/dists/gradle-2.2.1-all/c64ydeuardnfqctvr1gm30w53/gradle-2.2.1/lib/gradle-ui-2.2.1.jar
7fb6988f6000-7fb6988f8000 r--s 00006000 08:01 9703585                    /home/pcs20/.gradle/wrapper/dists/gradle-2.2.1-all/c64ydeuardnfqctvr1gm30w53/gradle-2.2.1/lib/gradle-resources-2.2.1.jar
7fb6988f8000-7fb6988fa000 r--s 00007000 08:01 9703607                    /home/pcs20/.gradle/wrapper/dists/gradle-2.2.1-all/c64ydeuardnfqctvr1gm30w53/gradle-2.2.1/lib/objenesis-1.2.jar
7fb6988fa000-7fb6988fc000 r--s 00000000 08:01 9703606                    /home/pcs20/.gradle/wrapper/dists/gradle-2.2.1-all/c64ydeuardnfqctvr1gm30w53/gradle-2.2.1/lib/minlog-1.2.jar
7fb6988fc000-7fb6988fe000 r--s 0000f000 08:01 9703605                    /home/pcs20/.gradle/wrapper/dists/gradle-2.2.1-all/c64ydeuardnfqctvr1gm30w53/gradle-2.2.1/lib/reflectasm-1.07-shaded.jar
7fb6988fe000-7fb698902000 r--s 00026000 08:01 9703596                    /home/pcs20/.gradle/wrapper/dists/gradle-2.2.1-all/c64ydeuardnfqctvr1gm30w53/gradle-2.2.1/lib/kryo-2.20.jar
7fb698902000-7fb69890b000 r--s 00039000 08:01 9703484                    /home/pcs20/.gradle/wrapper/dists/gradle-2.2.1-all/c64ydeuardnfqctvr1gm30w53/gradle-2.2.1/lib/gradle-messaging-2.2.1.jar
7fb69890b000-7fb69890c000 r--s 00003000 08:01 9703604                    /home/pcs20/.gradle/wrapper/dists/gradle-2.2.1-all/c64ydeuardnfqctvr1gm30w53/gradle-2.2.1/lib/native-platform-freebsd-amd64-0.10.jar
7fb69890c000-7fb69890d000 r--s 00003000 08:01 9703603                    /home/pcs20/.gradle/wrapper/dists/gradle-2.2.1-all/c64ydeuardnfqctvr1gm30w53/gradle-2.2.1/lib/native-platform-freebsd-i386-0.10.jar
7fb69890d000-7fb69890e000 r--s 00005000 08:01 9703602                    /home/pcs20/.gradle/wrapper/dists/gradle-2.2.1-all/c64ydeuardnfqctvr1gm30w53/gradle-2.2.1/lib/native-platform-windows-i386-0.10.jar
7fb69890e000-7fb69890f000 r--s 00005000 08:01 9703601                    /home/pcs20/.gradle/wrapper/dists/gradle-2.2.1-all/c64ydeuardnfqctvr1gm30w53/gradle-2.2.1/lib/native-platform-windows-amd64-0.10.jar
7fb69890f000-7fb698910000 r--s 00003000 08:01 9703600                    /home/pcs20/.gradle/wrapper/dists/gradle-2.2.1-all/c64ydeuardnfqctvr1gm30w53/gradle-2.2.1/lib/native-platform-linux-i386-0.10.jar
7fb698910000-7fb698911000 r--s 00003000 08:01 9703599                    /home/pcs20/.gradle/wrapper/dists/gradle-2.2.1-all/c64ydeuardnfqctvr1gm30w53/gradle-2.2.1/lib/native-platform-linux-amd64-0.10.jar
7fb698911000-7fb698912000 r--s 00002000 08:01 9703598                    /home/pcs20/.gradle/wrapper/dists/gradle-2.2.1-all/c64ydeuardnfqctvr1gm30w53/gradle-2.2.1/lib/native-platform-osx-amd64-0.10.jar
7fb698912000-7fb698913000 r--s 00002000 08:01 9703597                    /home/pcs20/.gradle/wrapper/dists/gradle-2.2.1-all/c64ydeuardnfqctvr1gm30w53/gradle-2.2.1/lib/native-platform-osx-i386-0.10.jar
7fb698913000-7fb698915000 r--s 00008000 08:01 9703594                    /home/pcs20/.gradle/wrapper/dists/gradle-2.2.1-all/c64ydeuardnfqctvr1gm30w53/gradle-2.2.1/lib/jansi-1.2.1.jar
7fb698915000-7fb698918000 r--s 0000d000 08:01 9703593                    /home/pcs20/.gradle/wrapper/dists/gradle-2.2.1-all/c64ydeuardnfqctvr1gm30w53/gradle-2.2.1/lib/native-platform-0.10.jar
7fb698918000-7fb69891c000 r--s 000e4000 08:01 9703592                    /home/pcs20/.gradle/wrapper/dists/gradle-2.2.1-all/c64ydeuardnfqctvr1gm30w53/gradle-2.2.1/lib/jna-3.2.7.jar
7fb69891c000-7fb69891e000 r--s 00008000 08:01 9703343                    /home/pcs20/.gradle/wrapper/dists/gradle-2.2.1-all/c64ydeuardnfqctvr1gm30w53/gradle-2.2.1/lib/gradle-native-2.2.1.jar
7fb69891e000-7fb698920000 r--s 00005000 08:01 9703340                    /home/pcs20/.gradle/wrapper/dists/gradle-2.2.1-all/c64ydeuardnfqctvr1gm30w53/gradle-2.2.1/lib/gradle-cli-2.2.1.jar
7fb698920000-7fb698922000 r--s 00003000 08:01 9703483                    /home/pcs20/.gradle/wrapper/dists/gradle-2.2.1-all/c64ydeuardnfqctvr1gm30w53/gradle-2.2.1/lib/gradle-base-services-groovy-2.2.1.jar
7fb698922000-7fb698924000 r--s 0000a000 08:01 9703348                    /home/pcs20/.gradle/wrapper/dists/gradle-2.2.1-all/c64ydeuardnfqctvr1gm30w53/gradle-2.2.1/lib/gradle-model-groovy-2.2.1.jar
7fb698924000-7fb698928000 r--s 0001b000 08:01 9703347                    /home/pcs20/.gradle/wrapper/dists/gradle-2.2.1-all/c64ydeuardnfqctvr1gm30w53/gradle-2.2.1/lib/gradle-model-core-2.2.1.jar
7fb698928000-7fb698929000 r--s 00000000 08:01 9703586                    /home/pcs20/.gradle/wrapper/dists/gradle-2.2.1-all/c64ydeuardnfqctvr1gm30w53/gradle-2.2.1/lib/gradle-docs-2.2.1.jar
7fb698929000-7fb69892b000 r--s 00003000 08:01 9703588                    /home/pcs20/.gradle/wrapper/dists/gradle-2.2.1-all/c64ydeuardnfqctvr1gm30w53/gradle-2.2.1/lib/jcl-over-slf4j-1.7.7.jar
7fb69892b000-7fb69892e000 r--s 0001b000 08:01 9703481                    /home/pcs20/.gradle/wrapper/dists/gradle-2.2.1-all/c64ydeuardnfqctvr1gm30w53/gradle-2.2.1/lib/jarjar-1.3.jar
7fb69892e000-7fb698930000 r--s 00000000 08:01 9703357                    /home/pcs20/.gradle/wrapper/dists/gradle-2.2.1-all/c64ydeuardnfqctvr1gm30w53/gradle-2.2.1/lib/jul-to-slf4j-1.7.7.jar
7fb698930000-7fb698936000 r--s 0003b000 08:01 9703355                    /home/pcs20/.gradle/wrapper/dists/gradle-2.2.1-all/c64ydeuardnfqctvr1gm30w53/gradle-2.2.1/lib/logback-classic-1.0.13.jar
7fb698936000-7fb698940000 r--s 0005d000 08:01 9703354                    /home/pcs20/.gradle/wrapper/dists/gradle-2.2.1-all/c64ydeuardnfqctvr1gm30w53/gradle-2.2.1/lib/logback-core-1.0.13.jar
7fb698940000-7fb698945000 r--s 00041000 08:01 9703353                    /home/pcs20/.gradle/wrapper/dists/gradle-2.2.1-all/c64ydeuardnfqctvr1gm30w53/gradle-2.2.1/lib/commons-lang-2.6.jar
7fb698945000-7fb698953000 r--s 0007f000 08:01 9703351                    /home/pcs20/.gradle/wrapper/dists/gradle-2.2.1-all/c64ydeuardnfqctvr1gm30w53/gradle-2.2.1/lib/commons-collections-3.2.1.jar
7fb698953000-7fb6989be000 r--s 00685000 08:01 9703346                    /home/pcs20/.gradle/wrapper/dists/gradle-2.2.1-all/c64ydeuardnfqctvr1gm30w53/gradle-2.2.1/lib/groovy-all-2.3.6.jar
7fb6989be000-7fb6989e6000 r--s 001cf000 08:01 9703345                    /home/pcs20/.gradle/wrapper/dists/gradle-2.2.1-all/c64ydeuardnfqctvr1gm30w53/gradle-2.2.1/lib/guava-jdk5-17.0.jar
7fb6989e6000-7fb698a17000 r--s 00191000 08:01 9703339                    /home/pcs20/.gradle/wrapper/dists/gradle-2.2.1-all/c64ydeuardnfqctvr1gm30w53/gradle-2.2.1/lib/gradle-core-2.2.1.jar
7fb698a17000-7fb698a18000 ---p 00000000 00:00 0 
7fb698a18000-7fb698b18000 rw-p 00000000 00:00 0                          [stack:14936]
7fb698b18000-7fb698b1b000 ---p 00000000 00:00 0 
7fb698b1b000-7fb698c19000 rw-p 00000000 00:00 0                          [stack:14935]
7fb698c19000-7fb698c1c000 ---p 00000000 00:00 0 
7fb698c1c000-7fb698d1a000 rw-p 00000000 00:00 0                          [stack:14934]
7fb698d1a000-7fb698d1d000 ---p 00000000 00:00 0 
7fb698d1d000-7fb698e1b000 rw-p 00000000 00:00 0                          [stack:14933]
7fb698e1b000-7fb698e1e000 ---p 00000000 00:00 0 
7fb698e1e000-7fb698f1c000 rw-p 00000000 00:00 0                          [stack:14932]
7fb698f1c000-7fb6995fe000 r--p 00000000 08:01 13114023                   /usr/lib/locale/locale-archive
7fb6995fe000-7fb699601000 ---p 00000000 00:00 0 
7fb699601000-7fb6996ff000 rw-p 00000000 00:00 0                          [stack:14931]
7fb6996ff000-7fb699702000 ---p 00000000 00:00 0 
7fb699702000-7fb69c000000 rw-p 00000000 00:00 0                          [stack:14930]
7fb69c000000-7fb69c035000 rw-p 00000000 00:00 0 
7fb69c035000-7fb6a0000000 ---p 00000000 00:00 0 
7fb6a0000000-7fb6a0032000 rw-p 00000000 00:00 0 
7fb6a0032000-7fb6a4000000 ---p 00000000 00:00 0 
7fb6a4000000-7fb6a404a000 rw-p 00000000 00:00 0 
7fb6a404a000-7fb6a8000000 ---p 00000000 00:00 0 
7fb6a8000000-7fb6a8001000 r--s 00005000 08:01 9703587                    /home/pcs20/.gradle/wrapper/dists/gradle-2.2.1-all/c64ydeuardnfqctvr1gm30w53/gradle-2.2.1/lib/log4j-over-slf4j-1.7.7.jar
7fb6a8001000-7fb6a8020000 r--s 001cc000 08:01 9703350                    /home/pcs20/.gradle/wrapper/dists/gradle-2.2.1-all/c64ydeuardnfqctvr1gm30w53/gradle-2.2.1/lib/ant-1.9.3.jar
7fb6a8020000-7fb6a8021000 ---p 00000000 00:00 0 
7fb6a8021000-7fb6a8ad6000 rw-p 00000000 00:00 0                          [stack:14929]
7fb6a8ad6000-7fb6a8c87000 r--s 01d25000 08:01 13246195                   /usr/lib/jvm/java-7-openjdk-amd64/jre/lib/rt.jar
7fb6a8c87000-7fb6a9000000 rw-p 00000000 00:00 0 
7fb6a9000000-7fb6a9460000 rwxp 00000000 00:00 0 
7fb6a9460000-7fb6ac9d2000 rw-p 00000000 00:00 0 
7fb6ac9d2000-7fb6b0000000 ---p 00000000 00:00 0 
7fb6b0000000-7fb6b0001000 r--s 00000000 08:01 9703482                    /home/pcs20/.gradle/wrapper/dists/gradle-2.2.1-all/c64ydeuardnfqctvr1gm30w53/gradle-2.2.1/lib/javax.inject-1.jar
7fb6b0001000-7fb6b0002000 r--s 00000000 08:01 9703356                    /home/pcs20/.gradle/wrapper/dists/gradle-2.2.1-all/c64ydeuardnfqctvr1gm30w53/gradle-2.2.1/lib/jcip-annotations-1.0.jar
7fb6b0002000-7fb6b0005000 r--s 00018000 08:01 9703352                    /home/pcs20/.gradle/wrapper/dists/gradle-2.2.1-all/c64ydeuardnfqctvr1gm30w53/gradle-2.2.1/lib/commons-io-1.4.jar
7fb6b0005000-7fb6b000a000 r--s 00036000 08:01 9703349                    /home/pcs20/.gradle/wrapper/dists/gradle-2.2.1-all/c64ydeuardnfqctvr1gm30w53/gradle-2.2.1/lib/asm-all-5.0.3.jar
7fb6b000a000-7fb6b000c000 r--s 00006000 08:01 9703344                    /home/pcs20/.gradle/wrapper/dists/gradle-2.2.1-all/c64ydeuardnfqctvr1gm30w53/gradle-2.2.1/lib/slf4j-api-1.7.7.jar
7fb6b000c000-7fb6b000d000 r--s 00004000 08:01 9703595                    /home/pcs20/.gradle/wrapper/dists/gradle-2.2.1-all/c64ydeuardnfqctvr1gm30w53/gradle-2.2.1/lib/ant-launcher-1.9.3.jar
7fb6b000d000-7fb6b0013000 r--s 00026000 08:01 9703338                    /home/pcs20/.gradle/wrapper/dists/gradle-2.2.1-all/c64ydeuardnfqctvr1gm30w53/gradle-2.2.1/lib/gradle-base-services-2.2.1.jar
7fb6b0013000-7fb6b001b000 r--s 0003c000 08:01 9703336                    /home/pcs20/.gradle/wrapper/dists/gradle-2.2.1-all/c64ydeuardnfqctvr1gm30w53/gradle-2.2.1/lib/gradle-launcher-2.2.1.jar
7fb6b001b000-7fb6b001c000 ---p 00000000 00:00 0 
7fb6b001c000-7fb6b011c000 rw-p 00000000 00:00 0                          [stack:14928]
7fb6b011c000-7fb6b011d000 ---p 00000000 00:00 0 
7fb6b011d000-7fb6b024a000 rw-p 00000000 00:00 0                          [stack:14927]
7fb6b024a000-7fb6b029d000 rw-p 00000000 00:00 0 
7fb6b029d000-7fb6b02bc000 rw-p 00000000 00:00 0 
7fb6b02bc000-7fb6b03f3000 rw-p 00000000 00:00 0 
7fb6b03f3000-7fb6b0420000 rw-p 00000000 00:00 0 
7fb6b0420000-7fb6b0473000 rw-p 00000000 00:00 0 
7fb6b0473000-7fb6b0492000 rw-p 00000000 00:00 0 
7fb6b0492000-7fb6b05c8000 rw-p 00000000 00:00 0 
7fb6b05c8000-7fb6b0655000 rw-p 00000000 00:00 0 
7fb6b0655000-7fb6b0656000 ---p 00000000 00:00 0 
7fb6b0656000-7fb6b0673000 rw-p 00000000 00:00 0 
7fb6b0673000-7fb6b0674000 rw-p 00000000 00:00 0 
7fb6b0674000-7fb6b067c000 r-xp 00000000 08:01 13246124                   /usr/lib/jvm/java-7-openjdk-amd64/jre/lib/amd64/libzip.so
7fb6b067c000-7fb6b087b000 ---p 00008000 08:01 13246124                   /usr/lib/jvm/java-7-openjdk-amd64/jre/lib/amd64/libzip.so
7fb6b087b000-7fb6b087c000 r--p 00007000 08:01 13246124                   /usr/lib/jvm/java-7-openjdk-amd64/jre/lib/amd64/libzip.so
7fb6b087c000-7fb6b087d000 rw-p 00008000 08:01 13246124                   /usr/lib/jvm/java-7-openjdk-amd64/jre/lib/amd64/libzip.so
7fb6b087d000-7fb6b0888000 r-xp 00000000 08:01 6820751                    /lib/x86_64-linux-gnu/libnss_files-2.19.so
7fb6b0888000-7fb6b0a87000 ---p 0000b000 08:01 6820751                    /lib/x86_64-linux-gnu/libnss_files-2.19.so
7fb6b0a87000-7fb6b0a88000 r--p 0000a000 08:01 6820751                    /lib/x86_64-linux-gnu/libnss_files-2.19.so
7fb6b0a88000-7fb6b0a89000 rw-p 0000b000 08:01 6820751                    /lib/x86_64-linux-gnu/libnss_files-2.19.so
7fb6b0a89000-7fb6b0a94000 r-xp 00000000 08:01 6820769                    /lib/x86_64-linux-gnu/libnss_nis-2.19.so
7fb6b0a94000-7fb6b0c93000 ---p 0000b000 08:01 6820769                    /lib/x86_64-linux-gnu/libnss_nis-2.19.so
7fb6b0c93000-7fb6b0c94000 r--p 0000a000 08:01 6820769                    /lib/x86_64-linux-gnu/libnss_nis-2.19.so
7fb6b0c94000-7fb6b0c95000 rw-p 0000b000 08:01 6820769                    /lib/x86_64-linux-gnu/libnss_nis-2.19.so
7fb6b0c95000-7fb6b0cac000 r-xp 00000000 08:01 6820738                    /lib/x86_64-linux-gnu/libnsl-2.19.so
7fb6b0cac000-7fb6b0eab000 ---p 00017000 08:01 6820738                    /lib/x86_64-linux-gnu/libnsl-2.19.so
7fb6b0eab000-7fb6b0eac000 r--p 00016000 08:01 6820738                    /lib/x86_64-linux-gnu/libnsl-2.19.so
7fb6b0eac000-7fb6b0ead000 rw-p 00017000 08:01 6820738                    /lib/x86_64-linux-gnu/libnsl-2.19.so
7fb6b0ead000-7fb6b0eaf000 rw-p 00000000 00:00 0 
7fb6b0eaf000-7fb6b0eb8000 r-xp 00000000 08:01 6820735                    /lib/x86_64-linux-gnu/libnss_compat-2.19.so
7fb6b0eb8000-7fb6b10b7000 ---p 00009000 08:01 6820735                    /lib/x86_64-linux-gnu/libnss_compat-2.19.so
7fb6b10b7000-7fb6b10b8000 r--p 00008000 08:01 6820735                    /lib/x86_64-linux-gnu/libnss_compat-2.19.so
7fb6b10b8000-7fb6b10b9000 rw-p 00009000 08:01 6820735                    /lib/x86_64-linux-gnu/libnss_compat-2.19.so
7fb6b10b9000-7fb6b10e4000 r-xp 00000000 08:01 13246131                   /usr/lib/jvm/java-7-openjdk-amd64/jre/lib/amd64/libjava.so
7fb6b10e4000-7fb6b12e3000 ---p 0002b000 08:01 13246131                   /usr/lib/jvm/java-7-openjdk-amd64/jre/lib/amd64/libjava.so
7fb6b12e3000-7fb6b12e4000 r--p 0002a000 08:01 13246131                   /usr/lib/jvm/java-7-openjdk-amd64/jre/lib/amd64/libjava.so
7fb6b12e4000-7fb6b12e6000 rw-p 0002b000 08:01 13246131                   /usr/lib/jvm/java-7-openjdk-amd64/jre/lib/amd64/libjava.so
7fb6b12e6000-7fb6b12f6000 r-xp 00000000 08:01 13246146                   /usr/lib/jvm/java-7-openjdk-amd64/jre/lib/amd64/libverify.so
7fb6b12f6000-7fb6b14f5000 ---p 00010000 08:01 13246146                   /usr/lib/jvm/java-7-openjdk-amd64/jre/lib/amd64/libverify.so
7fb6b14f5000-7fb6b14f7000 r--p 0000f000 08:01 13246146                   /usr/lib/jvm/java-7-openjdk-amd64/jre/lib/amd64/libverify.so
7fb6b14f7000-7fb6b14f8000 rw-p 00011000 08:01 13246146                   /usr/lib/jvm/java-7-openjdk-amd64/jre/lib/amd64/libverify.so
7fb6b14f8000-7fb6b14ff000 r-xp 00000000 08:01 6820740                    /lib/x86_64-linux-gnu/librt-2.19.so
7fb6b14ff000-7fb6b16fe000 ---p 00007000 08:01 6820740                    /lib/x86_64-linux-gnu/librt-2.19.so
7fb6b16fe000-7fb6b16ff000 r--p 00006000 08:01 6820740                    /lib/x86_64-linux-gnu/librt-2.19.so
7fb6b16ff000-7fb6b1700000 rw-p 00007000 08:01 6820740                    /lib/x86_64-linux-gnu/librt-2.19.so
7fb6b1700000-7fb6b1716000 r-xp 00000000 08:01 6820732                    /lib/x86_64-linux-gnu/libgcc_s.so.1
7fb6b1716000-7fb6b1915000 ---p 00016000 08:01 6820732                    /lib/x86_64-linux-gnu/libgcc_s.so.1
7fb6b1915000-7fb6b1916000 rw-p 00015000 08:01 6820732                    /lib/x86_64-linux-gnu/libgcc_s.so.1
7fb6b1916000-7fb6b1a1b000 r-xp 00000000 08:01 6820747                    /lib/x86_64-linux-gnu/libm-2.19.so
7fb6b1a1b000-7fb6b1c1a000 ---p 00105000 08:01 6820747                    /lib/x86_64-linux-gnu/libm-2.19.so
7fb6b1c1a000-7fb6b1c1b000 r--p 00104000 08:01 6820747                    /lib/x86_64-linux-gnu/libm-2.19.so
7fb6b1c1b000-7fb6b1c1c000 rw-p 00105000 08:01 6820747                    /lib/x86_64-linux-gnu/libm-2.19.so
7fb6b1c1c000-7fb6b1d02000 r-xp 00000000 08:01 13115932                   /usr/lib/x86_64-linux-gnu/libstdc++.so.6.0.19
7fb6b1d02000-7fb6b1f01000 ---p 000e6000 08:01 13115932                   /usr/lib/x86_64-linux-gnu/libstdc++.so.6.0.19
7fb6b1f01000-7fb6b1f09000 r--p 000e5000 08:01 13115932                   /usr/lib/x86_64-linux-gnu/libstdc++.so.6.0.19
7fb6b1f09000-7fb6b1f0b000 rw-p 000ed000 08:01 13115932                   /usr/lib/x86_64-linux-gnu/libstdc++.so.6.0.19
7fb6b1f0b000-7fb6b1f20000 rw-p 00000000 00:00 0 
7fb6b1f20000-7fb6b2a36000 r-xp 00000000 08:01 13246153                   /usr/lib/jvm/java-7-openjdk-amd64/jre/lib/amd64/server/libjvm.so
7fb6b2a36000-7fb6b2c35000 ---p 00b16000 08:01 13246153                   /usr/lib/jvm/java-7-openjdk-amd64/jre/lib/amd64/server/libjvm.so
7fb6b2c35000-7fb6b2ccf000 r--p 00b15000 08:01 13246153                   /usr/lib/jvm/java-7-openjdk-amd64/jre/lib/amd64/server/libjvm.so
7fb6b2ccf000-7fb6b2cf2000 rw-p 00baf000 08:01 13246153                   /usr/lib/jvm/java-7-openjdk-amd64/jre/lib/amd64/server/libjvm.so
7fb6b2cf2000-7fb6b2d20000 rw-p 00000000 00:00 0 
7fb6b2d20000-7fb6b2d38000 r-xp 00000000 08:01 6819895                    /lib/x86_64-linux-gnu/libz.so.1.2.8
7fb6b2d38000-7fb6b2f37000 ---p 00018000 08:01 6819895                    /lib/x86_64-linux-gnu/libz.so.1.2.8
7fb6b2f37000-7fb6b2f38000 r--p 00017000 08:01 6819895                    /lib/x86_64-linux-gnu/libz.so.1.2.8
7fb6b2f38000-7fb6b2f39000 rw-p 00018000 08:01 6819895                    /lib/x86_64-linux-gnu/libz.so.1.2.8
7fb6b2f39000-7fb6b2f52000 r-xp 00000000 08:01 6820774                    /lib/x86_64-linux-gnu/libpthread-2.19.so
7fb6b2f52000-7fb6b3151000 ---p 00019000 08:01 6820774                    /lib/x86_64-linux-gnu/libpthread-2.19.so
7fb6b3151000-7fb6b3152000 r--p 00018000 08:01 6820774                    /lib/x86_64-linux-gnu/libpthread-2.19.so
7fb6b3152000-7fb6b3153000 rw-p 00019000 08:01 6820774                    /lib/x86_64-linux-gnu/libpthread-2.19.so
7fb6b3153000-7fb6b3157000 rw-p 00000000 00:00 0 
7fb6b3157000-7fb6b315a000 r-xp 00000000 08:01 6820773                    /lib/x86_64-linux-gnu/libdl-2.19.so
7fb6b315a000-7fb6b3359000 ---p 00003000 08:01 6820773                    /lib/x86_64-linux-gnu/libdl-2.19.so
7fb6b3359000-7fb6b335a000 r--p 00002000 08:01 6820773                    /lib/x86_64-linux-gnu/libdl-2.19.so
7fb6b335a000-7fb6b335b000 rw-p 00003000 08:01 6820773                    /lib/x86_64-linux-gnu/libdl-2.19.so
7fb6b335b000-7fb6b3516000 r-xp 00000000 08:01 6820744                    /lib/x86_64-linux-gnu/libc-2.19.so
7fb6b3516000-7fb6b3716000 ---p 001bb000 08:01 6820744                    /lib/x86_64-linux-gnu/libc-2.19.so
7fb6b3716000-7fb6b371a000 r--p 001bb000 08:01 6820744                    /lib/x86_64-linux-gnu/libc-2.19.so
7fb6b371a000-7fb6b371c000 rw-p 001bf000 08:01 6820744                    /lib/x86_64-linux-gnu/libc-2.19.so
7fb6b371c000-7fb6b3721000 rw-p 00000000 00:00 0 
7fb6b3721000-7fb6b372e000 r-xp 00000000 08:01 13246129                   /usr/lib/jvm/java-7-openjdk-amd64/jre/lib/amd64/jli/libjli.so
7fb6b372e000-7fb6b392d000 ---p 0000d000 08:01 13246129                   /usr/lib/jvm/java-7-openjdk-amd64/jre/lib/amd64/jli/libjli.so
7fb6b392d000-7fb6b392e000 r--p 0000c000 08:01 13246129                   /usr/lib/jvm/java-7-openjdk-amd64/jre/lib/amd64/jli/libjli.so
7fb6b392e000-7fb6b392f000 rw-p 0000d000 08:01 13246129                   /usr/lib/jvm/java-7-openjdk-amd64/jre/lib/amd64/jli/libjli.so
7fb6b392f000-7fb6b3952000 r-xp 00000000 08:01 6820745                    /lib/x86_64-linux-gnu/ld-2.19.so
7fb6b3952000-7fb6b3954000 r--s 00012000 08:01 13246190                   /usr/lib/jvm/java-7-openjdk-amd64/jre/lib/ext/zipfs.jar
7fb6b3954000-7fb6b397f000 rw-p 00000000 00:00 0 
7fb6b397f000-7fb6b3a2d000 rw-p 00000000 00:00 0 
7fb6b3a2d000-7fb6b3a30000 ---p 00000000 00:00 0 
7fb6b3a30000-7fb6b3b33000 rw-p 00000000 00:00 0                          [stack:14926]
7fb6b3b33000-7fb6b3b34000 r--s 00002000 08:01 13246194                   /usr/lib/jvm/java-7-openjdk-amd64/jre/lib/ext/dnsns.jar
7fb6b3b34000-7fb6b3b38000 r--s 0003c000 08:01 13246191                   /usr/lib/jvm/java-7-openjdk-amd64/jre/lib/ext/sunpkcs11.jar
7fb6b3b38000-7fb6b3b3a000 r--s 00006000 08:01 13500519                   /usr/share/java/java-atk-wrapper.jar
7fb6b3b3a000-7fb6b3b3e000 r--s 00034000 08:01 13246193                   /usr/lib/jvm/java-7-openjdk-amd64/jre/lib/ext/sunjce_provider.jar
7fb6b3b3e000-7fb6b3b42000 r--s 00085000 08:01 13246192                   /usr/lib/jvm/java-7-openjdk-amd64/jre/lib/ext/localedata.jar
7fb6b3b42000-7fb6b3b45000 r--s 0000f000 08:01 13246189                   /usr/lib/jvm/java-7-openjdk-amd64/jre/lib/ext/icedtea-sound.jar
7fb6b3b45000-7fb6b3b4d000 rw-s 00000000 08:01 1574827                    /tmp/hsperfdata_pcs20/14924
7fb6b3b4d000-7fb6b3b4e000 rw-p 00000000 00:00 0 
7fb6b3b4e000-7fb6b3b4f000 r--p 00000000 00:00 0 
7fb6b3b4f000-7fb6b3b51000 rw-p 00000000 00:00 0 
7fb6b3b51000-7fb6b3b52000 r--p 00022000 08:01 6820745                    /lib/x86_64-linux-gnu/ld-2.19.so
7fb6b3b52000-7fb6b3b53000 rw-p 00023000 08:01 6820745                    /lib/x86_64-linux-gnu/ld-2.19.so
7fb6b3b53000-7fb6b3b54000 rw-p 00000000 00:00 0 
7fffeedc8000-7fffeede9000 rw-p 00000000 00:00 0                          [stack]
7fffeedfe000-7fffeee00000 r-xp 00000000 00:00 0                          [vdso]
ffffffffff600000-ffffffffff601000 r-xp 00000000 00:00 0                  [vsyscall]

VM Arguments:
jvm_args: -XX:MaxPermSize=256m -XX:+HeapDumpOnOutOfMemoryError -Xmx1024m -Dfile.encoding=UTF-8 -Duser.country=IN -Duser.language=en -Duser.variant 
java_command: org.gradle.launcher.daemon.bootstrap.GradleDaemon 2.2.1 /home/pcs20/.gradle/daemon 10800000 ccfdbaca-8737-40f8-94d4-5ba057c10194 -XX:MaxPermSize=256m -XX:+HeapDumpOnOutOfMemoryError -Xmx1024m -Dfile.encoding=UTF-8 -Duser.country=IN -Duser.language=en -Duser.variant
Launcher Type: SUN_STANDARD

Environment Variables:
CLASSPATH=/home/pcs20/Desktop/Android/android-studio/bin/../lib/bootstrap.jar:/home/pcs20/Desktop/Android/android-studio/bin/../lib/extensions.jar:/home/pcs20/Desktop/Android/android-studio/bin/../lib/util.jar:/home/pcs20/Desktop/Android/android-studio/bin/../lib/jdom.jar:/home/pcs20/Desktop/Android/android-studio/bin/../lib/log4j.jar:/home/pcs20/Desktop/Android/android-studio/bin/../lib/trove4j.jar:/home/pcs20/Desktop/Android/android-studio/bin/../lib/jna.jar:/usr/lib/jvm/java-7-openjdk-amd64/lib/tools.jar
PATH=/usr/local/sbin:/usr/local/bin:/usr/sbin:/usr/bin:/sbin:/bin:/usr/games:/usr/local/games:/usr/lib/jvm/java-6-openjdk-amd64
LD_LIBRARY_PATH=/home/pcs20/Desktop/Android/android-studio/bin:
SHELL=/bin/bash
DISPLAY=:0

Signal Handlers:
SIGSEGV: [libjvm.so+0x9495e0], sa_mask[0]=0x7ffbfeff, sa_flags=0x10000004
SIGBUS: [libjvm.so+0x9495e0], sa_mask[0]=0x7ffbfeff, sa_flags=0x10000004
SIGFPE: [libjvm.so+0x7c3410], sa_mask[0]=0x7ffbfeff, sa_flags=0x10000004
SIGPIPE: [libjvm.so+0x7c3410], sa_mask[0]=0x7ffbfeff, sa_flags=0x10000004
SIGXFSZ: [libjvm.so+0x7c3410], sa_mask[0]=0x7ffbfeff, sa_flags=0x10000004
SIGILL: [libjvm.so+0x7c3410], sa_mask[0]=0x7ffbfeff, sa_flags=0x10000004
SIGUSR1: SIG_DFL, sa_mask[0]=0x00000000, sa_flags=0x00000000
SIGUSR2: [libjvm.so+0x7c32b0], sa_mask[0]=0x00000004, sa_flags=0x10000004
SIGHUP: [libjvm.so+0x7c3490], sa_mask[0]=0x7ffbfeff, sa_flags=0x10000004
SIGINT: [libjvm.so+0x7c3490], sa_mask[0]=0x7ffbfeff, sa_flags=0x10000004
SIGTERM: [libjvm.so+0x7c3490], sa_mask[0]=0x7ffbfeff, sa_flags=0x10000004
SIGQUIT: [libjvm.so+0x7c3490], sa_mask[0]=0x7ffbfeff, sa_flags=0x10000004
SIGTRAP: SIG_DFL, sa_mask[0]=0x00000000, sa_flags=0x00000000


---------------  S Y S T E M  ---------------

OS:Ubuntu 14.04 (trusty)
uname:Linux 3.13.0-32-generic #57-Ubuntu SMP Tue Jul 15 03:51:08 UTC 2014 x86_64
libc:glibc 2.19 NPTL 2.19 
rlimit: STACK 8192k, CORE 0k, NPROC 46765, NOFILE 4096, AS infinity
load average:0.70 1.26 1.05

/proc/meminfo:
MemTotal:        6007556 kB
MemFree:         1426672 kB
Buffers:            4616 kB
Cached:           575288 kB
SwapCached:        54704 kB
Active:          2976940 kB
Inactive:        1109940 kB
Active(anon):    2895660 kB
Inactive(anon):   968616 kB
Active(file):      81280 kB
Inactive(file):   141324 kB
Unevictable:          48 kB
Mlocked:              48 kB
SwapTotal:       9764860 kB
SwapFree:        9128408 kB
Dirty:               704 kB
Writeback:             0 kB
AnonPages:       3454816 kB
Mapped:           176528 kB
Shmem:            357156 kB
Slab:             352896 kB
SReclaimable:     308476 kB
SUnreclaim:        44420 kB
KernelStack:        6184 kB
PageTables:        54944 kB
NFS_Unstable:          0 kB
Bounce:                0 kB
WritebackTmp:          0 kB
CommitLimit:    12768636 kB
Committed_AS:   10127904 kB
VmallocTotal:   34359738367 kB
VmallocUsed:      356840 kB
VmallocChunk:   34359372764 kB
HardwareCorrupted:     0 kB
AnonHugePages:   2074624 kB
HugePages_Total:       0
HugePages_Free:        0
HugePages_Rsvd:        0
HugePages_Surp:        0
Hugepagesize:       2048 kB
DirectMap4k:       60752 kB
DirectMap2M:     6125568 kB


CPU:total 2 (2 cores per cpu, 1 threads per core) family 6 model 58 stepping 9, cmov, cx8, fxsr, mmx, sse, sse2, sse3, ssse3, sse4.1, sse4.2, popcnt, erms, tsc, tscinvbit, tscinv

/proc/cpuinfo:
processor	: 0
vendor_id	: GenuineIntel
cpu family	: 6
model		: 58
model name	: Intel(R) Pentium(R) CPU G2030 @ 3.00GHz
stepping	: 9
microcode	: 0xc
cpu MHz		: 3000.000
cache size	: 3072 KB
physical id	: 0
siblings	: 2
core id		: 0
cpu cores	: 2
apicid		: 0
initial apicid	: 0
fpu		: yes
fpu_exception	: yes
cpuid level	: 13
wp		: yes
flags		: fpu vme de pse tsc msr pae mce cx8 apic sep mtrr pge mca cmov pat pse36 clflush dts acpi mmx fxsr sse sse2 ss ht tm pbe syscall nx rdtscp lm constant_tsc arch_perfmon pebs bts rep_good nopl xtopology nonstop_tsc aperfmperf eagerfpu pni pclmulqdq dtes64 monitor ds_cpl vmx est tm2 ssse3 cx16 xtpr pdcm pcid sse4_1 sse4_2 popcnt tsc_deadline_timer xsave lahf_lm arat epb xsaveopt pln pts dtherm tpr_shadow vnmi flexpriority ept vpid fsgsbase smep erms
bogomips	: 5986.18
clflush size	: 64
cache_alignment	: 64
address sizes	: 36 bits physical, 48 bits virtual
power management:

processor	: 1
vendor_id	: GenuineIntel
cpu family	: 6
model		: 58
model name	: Intel(R) Pentium(R) CPU G2030 @ 3.00GHz
stepping	: 9
microcode	: 0xc
cpu MHz		: 3000.000
cache size	: 3072 KB
physical id	: 0
siblings	: 2
core id		: 1
cpu cores	: 2
apicid		: 2
initial apicid	: 2
fpu		: yes
fpu_exception	: yes
cpuid level	: 13
wp		: yes
flags		: fpu vme de pse tsc msr pae mce cx8 apic sep mtrr pge mca cmov pat pse36 clflush dts acpi mmx fxsr sse sse2 ss ht tm pbe syscall nx rdtscp lm constant_tsc arch_perfmon pebs bts rep_good nopl xtopology nonstop_tsc aperfmperf eagerfpu pni pclmulqdq dtes64 monitor ds_cpl vmx est tm2 ssse3 cx16 xtpr pdcm pcid sse4_1 sse4_2 popcnt tsc_deadline_timer xsave lahf_lm arat epb xsaveopt pln pts dtherm tpr_shadow vnmi flexpriority ept vpid fsgsbase smep erms
bogomips	: 5986.18
clflush size	: 64
cache_alignment	: 64
address sizes	: 36 bits physical, 48 bits virtual
power management:



Memory: 4k page, physical 6007556k(1426672k free), swap 9764860k(9128408k free)

vm_info: OpenJDK 64-Bit Server VM (24.65-b04) for linux-amd64 JRE (1.7.0_65-b32), built on Oct 22 2014 04:37:44 by "buildd" with gcc 4.8.2

time: Tue Jan 27 15:05:09 2015
elapsed time: 403 seconds

